------ Weights ------
MinCost_BM: 0.0379165
Random_BM: 0.181683
C: 0.175656
PRS: 0.145444
RS: 0.0301631
TS: 0.080524
PTS: 0.348613
---------------------
Test cost minimization
TimeLimit = 21600
Max iterations = 10000000
HistoryLength = 1
FolderPath: Instances/TTP/
Read TTP files
Instance: I_GAL40_10, Type: NULL, Contributor: Uthus, Riddle, Guesgen
Date: 2025/10/30
NrTeams = 40, NrRounds =  10
Solve heuristic
Solve Vizing
Found initial solution
Cost initial solution = 57152
------ Cumulative Weights ------
Cumulative weight of MinCost_BM = 0.0379165
Cumulative weight of Random_BM = 0.2196
Cumulative weight of C = 0.395256
Cumulative weight of PRS = 0.5407
Cumulative weight of RS = 0.570863
Cumulative weight of TS = 0.651387
Cumulative weight of PTS = 1
-------------------------------
start solve
updated best solution
Lower bounds = 23617, current objective = 54074
Total cost after hill climbing = 54074
start solve
updated best solution
max it_idle hit: 1338019
max it_idle hit: 1338020
max it_idle hit: 1338021
max it_idle hit: 1338022
Final cost = 26224
Travel cost = 26224, Cost violations = 10000 x 0
Save file as Instances/TTP/Results/Heuristic/I_GAL40_10_s1_HL1000.txt
Save XML file as Instances/TTP/Results/Heuristic/I_GAL40_10_s1_HL1000.xml
