------ Weights ------
MinCost_M_MinCost_PR: 0.00253316
Random_M_MinCost_PR: 0.0302067
C: 0.172709
PRS: 0.143004
RS: 0.0296571
Random_M_Random_PR: 0.199952
TS: 0.0791731
PTS: 0.342765
---------------------
Test cost minimization
TimeLimit = 21600
Max iterations = 10000000
HistoryLength = 1
FolderPath: Instances/TTP/
Read TTP files
Instance: I_GAL40_30, Type: NULL, Contributor: Uthus, Riddle, Guesgen
Date: 2025/10/30
NrTeams = 40, NrRounds =  30
Solve heuristic
Solve Vizing
Found initial solution
Cost initial solution = 171475
------ Cumulative Weights ------
Cumulative weight of MinCost_M_MinCost_PR = 0.00253316
Cumulative weight of Random_M_MinCost_PR = 0.0327399
Cumulative weight of C = 0.205449
Cumulative weight of PRS = 0.348453
Cumulative weight of RS = 0.37811
Cumulative weight of Random_M_Random_PR = 0.578062
Cumulative weight of TS = 0.657235
Cumulative weight of PTS = 1
-------------------------------
start solve
updated best solution
Lower bounds = 81661, current objective = 170698
Total cost after hill climbing = 170698
start solve
updated best solution
Time limit hit
Final cost = 96349
Travel cost = 96349, Cost violations = 10000 x 0
Save file as Instances/TTP/Results/Heuristic/I_GAL40_30_s4_HL500.txt
Save XML file as Instances/TTP/Results/Heuristic/I_GAL40_30_s4_HL500.xml
