------ Weights ------
MinCost_M_MinCost_PR: 0.00253316
Random_M_MinCost_PR: 0.0302067
C: 0.172709
PRS: 0.143004
RS: 0.0296571
Random_M_Random_PR: 0.199952
TS: 0.0791731
PTS: 0.342765
---------------------
Test cost minimization
TimeLimit = 21600
Max iterations = 10000000
HistoryLength = 1
FolderPath: Instances/TTP/
Read TTP files
Instance: I_NL16_8, Type: NULL, Contributor: Easton, Nemhauser, and Trick
Date: 2025/10/30
NrTeams = 16, NrRounds =  8
Solve heuristic
Solve Vizing
Found initial solution
Cost initial solution = 133147
------ Cumulative Weights ------
Cumulative weight of MinCost_M_MinCost_PR = 0.00253316
Cumulative weight of Random_M_MinCost_PR = 0.0327399
Cumulative weight of C = 0.205449
Cumulative weight of PRS = 0.348453
Cumulative weight of RS = 0.37811
Cumulative weight of Random_M_Random_PR = 0.578062
Cumulative weight of TS = 0.657235
Cumulative weight of PTS = 1
-------------------------------
start solve
updated best solution
Lower bounds = 57263, current objective = 131265
Total cost after hill climbing = 131265
start solve
updated best solution
max it_idle hit: 951688
Final cost = 61538
Travel cost = 61538, Cost violations = 10000 x 0
Save file as Instances/TTP/Results/Heuristic/I_NL16_8_s5_HL10000.txt
Save XML file as Instances/TTP/Results/Heuristic/I_NL16_8_s5_HL10000.xml
