------ Weights ------
MinCost_M_MinCost_PR: 0.00253316
Random_M_MinCost_PR: 0.0302067
C: 0.172709
PRS: 0.143004
RS: 0.0296571
Random_M_Random_PR: 0.199952
TS: 0.0791731
PTS: 0.342765
---------------------
Test cost minimization
TimeLimit = 21600
Max iterations = 10000000
HistoryLength = 1
FolderPath: Instances/TTP/
Read TTP files
Instance: I_CIRC40_10, Type: NULL, Contributor: Easton, Nemhauser, Trick
Date: 2025/10/30
NrTeams = 40, NrRounds =  10
Solve heuristic
Solve Vizing
Found initial solution
Cost initial solution = 3722
------ Cumulative Weights ------
Cumulative weight of MinCost_M_MinCost_PR = 0.00253316
Cumulative weight of Random_M_MinCost_PR = 0.0327399
Cumulative weight of C = 0.205449
Cumulative weight of PRS = 0.348453
Cumulative weight of RS = 0.37811
Cumulative weight of Random_M_Random_PR = 0.578062
Cumulative weight of TS = 0.657235
Cumulative weight of PTS = 1
-------------------------------
start solve
updated best solution
Lower bounds = 560, current objective = 1280
Total cost after hill climbing = 1280
start solve
updated best solution
max it_idle hit: 2749402
Final cost = 774
Travel cost = 774, Cost violations = 10000 x 0
Save file as Instances/TTP/Results/Heuristic/I_CIRC40_10_s3_HL500.txt
Save XML file as Instances/TTP/Results/Heuristic/I_CIRC40_10_s3_HL500.xml
