------ Weights ------
C: 0.225084
PTS: 0.446711
PRS: 0.186371
RS: 0.0386508
TS: 0.103183
---------------------
Test cost minimization
TimeLimit = 21600
Max iterations = 10000000
HistoryLength = 1
FolderPath: Instances/TTP/
Read TTP files
Instance: I_NFL32_8, Type: NULL, Contributor: Trick
Date: 2025/10/30
NrTeams = 32, NrRounds =  8
Solve heuristic
Solve Vizing
Found initial solution
Cost initial solution = 257024
------ Cumulative Weights ------
Cumulative weight of C = 0.225084
Cumulative weight of PTS = 0.671795
Cumulative weight of PRS = 0.858166
Cumulative weight of RS = 0.896817
Cumulative weight of TS = 1
-------------------------------
start solve
updated best solution
Lower bounds = 70127, current objective = 161181
Total cost after hill climbing = 161181
start solve
updated best solution
max it_idle hit: 228008
Final cost = 123208
Travel cost = 123208, Cost violations = 10000 x 0
Save file as Instances/TTP/Results/Heuristic/I_NFL32_8_s3_HL1000.txt
Save XML file as Instances/TTP/Results/Heuristic/I_NFL32_8_s3_HL1000.xml
