------ Weights ------
C: 0.225084
PTS: 0.446711
PRS: 0.186371
RS: 0.0386508
TS: 0.103183
---------------------
Test cost minimization
TimeLimit = 21600
Max iterations = 10000000
HistoryLength = 1
FolderPath: Instances/TTP/
Read TTP files
Instance: I_BRA24_6, Type: NULL, Contributor: Ribeiro and Urrutia
Date: 2025/10/30
NrTeams = 24, NrRounds =  6
Solve heuristic
Solve Vizing
Found initial solution
Cost initial solution = 133492
------ Cumulative Weights ------
Cumulative weight of C = 0.225084
Cumulative weight of PTS = 0.671795
Cumulative weight of PRS = 0.858166
Cumulative weight of RS = 0.896817
Cumulative weight of TS = 1
-------------------------------
start solve
updated best solution
Lower bounds = 38745, current objective = 88274
Total cost after hill climbing = 88274
start solve
updated best solution
max it_idle hit: 2708564
Final cost = 60883
Travel cost = 60883, Cost violations = 10000 x 0
Save file as Instances/TTP/Results/Heuristic/I_BRA24_6_s1_HL100000.txt
Save XML file as Instances/TTP/Results/Heuristic/I_BRA24_6_s1_HL100000.xml
