------ Weights ------
PTS: 0.576464
PRS: 0.240505
RS: 0.0498774
TS: 0.133154
---------------------
Test cost minimization
TimeLimit = 21600
Max iterations = 10000000
HistoryLength = 1
FolderPath: Instances/TTP/
Read TTP files
Instance: I_BRA24_12, Type: NULL, Contributor: Ribeiro and Urrutia
Date: 2025/10/30
NrTeams = 24, NrRounds =  12
Solve heuristic
Solve Vizing
Found initial solution
Cost initial solution = 256235
------ Cumulative Weights ------
Cumulative weight of PTS = 0.576464
Cumulative weight of PRS = 0.816969
Cumulative weight of RS = 0.866846
Cumulative weight of TS = 1
-------------------------------
start solve
updated best solution
Lower bounds = 98815, current objective = 220353
Total cost after hill climbing = 220353
start solve
updated best solution
max it_idle hit: 452817
Final cost = 146329
Travel cost = 146329, Cost violations = 10000 x 0
Save file as Instances/TTP/Results/Heuristic/I_BRA24_12_s4_HL10000.txt
Save XML file as Instances/TTP/Results/Heuristic/I_BRA24_12_s4_HL10000.xml
