------ Weights ------
C: 0.225084
PTS: 0.446711
PRS: 0.186371
RS: 0.0386508
TS: 0.103183
---------------------
Test cost minimization
TimeLimit = 21600
Max iterations = 10000000
HistoryLength = 1
FolderPath: Instances/TTP/
Read TTP files
Instance: I_GAL40_10, Type: NULL, Contributor: Uthus, Riddle, Guesgen
Date: 2025/10/30
NrTeams = 40, NrRounds =  10
Solve heuristic
Solve Vizing
Found initial solution
Cost initial solution = 58186
------ Cumulative Weights ------
Cumulative weight of C = 0.225084
Cumulative weight of PTS = 0.671795
Cumulative weight of PRS = 0.858166
Cumulative weight of RS = 0.896817
Cumulative weight of TS = 1
-------------------------------
start solve
updated best solution
Lower bounds = 23617, current objective = 54305
Total cost after hill climbing = 54305
start solve
updated best solution
max it_idle hit: 586383
Final cost = 33874
Travel cost = 33874, Cost violations = 10000 x 0
Save file as Instances/TTP/Results/Heuristic/I_GAL40_10_s3_HL1000.txt
Save XML file as Instances/TTP/Results/Heuristic/I_GAL40_10_s3_HL1000.xml
