------ Weights ------
C: 0.225084
PTS: 0.446711
PRS: 0.186371
RS: 0.0386508
TS: 0.103183
---------------------
Test cost minimization
TimeLimit = 21600
Max iterations = 10000000
HistoryLength = 1
FolderPath: Instances/TTP/
Read TTP files
Instance: I_CON40_20, Type: NULL, Contributor: Urrutia, Ribeiro
Date: 2025/10/30
NrTeams = 40, NrRounds =  20
Solve heuristic
Solve Vizing
Found initial solution
Cost initial solution = 711
------ Cumulative Weights ------
Cumulative weight of C = 0.225084
Cumulative weight of PTS = 0.671795
Cumulative weight of PRS = 0.858166
Cumulative weight of RS = 0.896817
Cumulative weight of TS = 1
-------------------------------
start solve
updated best solution
Lower bounds = 555, current objective = 709
Total cost after hill climbing = 709
start solve
updated best solution
max it_idle hit: 828602
Final cost = 570
Travel cost = 570, Cost violations = 10000 x 0
Save file as Instances/TTP/Results/Heuristic/I_CON40_20_s3_HL100.txt
Save XML file as Instances/TTP/Results/Heuristic/I_CON40_20_s3_HL100.xml
