------ Weights ------
PTS: 0.576464
PRS: 0.240505
RS: 0.0498774
TS: 0.133154
---------------------
Test cost minimization
TimeLimit = 21600
Max iterations = 10000000
HistoryLength = 1
FolderPath: Instances/TTP/
Read TTP files
Instance: I_NFL32_24, Type: NULL, Contributor: Trick
Date: 2025/10/30
NrTeams = 32, NrRounds =  24
Solve heuristic
Solve Vizing
Found initial solution
Cost initial solution = 720134
------ Cumulative Weights ------
Cumulative weight of PTS = 0.576464
Cumulative weight of PRS = 0.816969
Cumulative weight of RS = 0.866846
Cumulative weight of TS = 1
-------------------------------
start solve
updated best solution
Lower bounds = 297068, current objective = 679309
Total cost after hill climbing = 679309
start solve
updated best solution
max it_idle hit: 1810940
Final cost = 444390
Travel cost = 444390, Cost violations = 10000 x 0
Save file as Instances/TTP/Results/Heuristic/I_NFL32_24_s1_HL1000.txt
Save XML file as Instances/TTP/Results/Heuristic/I_NFL32_24_s1_HL1000.xml
