------ Weights ------
MinCost_M_MinCost_PR: 0.00209131
Random_M_MinCost_PR: 0.0249379
MinCost_BM: 0.0307777
Random_BM: 0.147477
C: 0.142584
iPTS_MinCost_PR: 0.195774
iPTS_Random_PR: 0.0833761
PRS: 0.11806
RS: 0.0244841
Random_M_Random_PR: 0.165075
TS: 0.0653632
---------------------
Test cost minimization
TimeLimit = 21600
Max iterations = 10000000
HistoryLength = 1
FolderPath: Instances/TTP/
Read TTP files
Instance: I_BRA24_12, Type: NULL, Contributor: Ribeiro and Urrutia
Date: 2025/10/30
NrTeams = 24, NrRounds =  12
Solve heuristic
Solve Vizing
Found initial solution
Cost initial solution = 254686
------ Cumulative Weights ------
Cumulative weight of MinCost_M_MinCost_PR = 0.00209131
Cumulative weight of Random_M_MinCost_PR = 0.0270292
Cumulative weight of MinCost_BM = 0.0578069
Cumulative weight of Random_BM = 0.205284
Cumulative weight of C = 0.347867
Cumulative weight of iPTS_MinCost_PR = 0.543641
Cumulative weight of iPTS_Random_PR = 0.627017
Cumulative weight of PRS = 0.745078
Cumulative weight of RS = 0.769562
Cumulative weight of Random_M_Random_PR = 0.934637
Cumulative weight of TS = 1
-------------------------------
start solve
updated best solution
Lower bounds = 98815, current objective = 227282
Total cost after hill climbing = 227282
start solve
updated best solution
max it_idle hit: 2814444
max it_idle hit: 2814445
Final cost = 108912
Travel cost = 108912, Cost violations = 10000 x 0
Save file as Instances/TTP/Results/Heuristic/I_BRA24_12_s2_HL10000.txt
Save XML file as Instances/TTP/Results/Heuristic/I_BRA24_12_s2_HL10000.xml
