------ Weights ------
MinCost_M_MinCost_PR: 0.00253316
Random_M_MinCost_PR: 0.0302067
C: 0.172709
PRS: 0.143004
RS: 0.0296571
Random_M_Random_PR: 0.199952
TS: 0.0791731
PTS: 0.342765
---------------------
Test cost minimization
TimeLimit = 21600
Max iterations = 10000000
HistoryLength = 1
FolderPath: Instances/TTP/
Read TTP files
Instance: I_BRA24_6, Type: NULL, Contributor: Ribeiro and Urrutia
Date: 2025/10/30
NrTeams = 24, NrRounds =  6
Solve heuristic
Solve Vizing
Found initial solution
Cost initial solution = 138673
------ Cumulative Weights ------
Cumulative weight of MinCost_M_MinCost_PR = 0.00253316
Cumulative weight of Random_M_MinCost_PR = 0.0327399
Cumulative weight of C = 0.205449
Cumulative weight of PRS = 0.348453
Cumulative weight of RS = 0.37811
Cumulative weight of Random_M_Random_PR = 0.578062
Cumulative weight of TS = 0.657235
Cumulative weight of PTS = 1
-------------------------------
start solve
updated best solution
Lower bounds = 38745, current objective = 88240
Total cost after hill climbing = 88240
start solve
updated best solution
max it_idle hit: 3760576
Final cost = 40982
Travel cost = 40982, Cost violations = 10000 x 0
Save file as Instances/TTP/Results/Heuristic/I_BRA24_6_s3_HL100000.txt
Save XML file as Instances/TTP/Results/Heuristic/I_BRA24_6_s3_HL100000.xml
