------ Weights ------
MinCost_M_MinCost_PR: 0.00253316
Random_M_MinCost_PR: 0.0302067
C: 0.172709
PRS: 0.143004
RS: 0.0296571
Random_M_Random_PR: 0.199952
TS: 0.0791731
PTS: 0.342765
---------------------
Test cost minimization
TimeLimit = 21600
Max iterations = 10000000
HistoryLength = 1
FolderPath: Instances/TTP/
Read TTP files
Instance: I_NFL32_24, Type: NULL, Contributor: Trick
Date: 2025/10/30
NrTeams = 32, NrRounds =  24
Solve heuristic
Solve Vizing
Found initial solution
Cost initial solution = 722983
------ Cumulative Weights ------
Cumulative weight of MinCost_M_MinCost_PR = 0.00253316
Cumulative weight of Random_M_MinCost_PR = 0.0327399
Cumulative weight of C = 0.205449
Cumulative weight of PRS = 0.348453
Cumulative weight of RS = 0.37811
Cumulative weight of Random_M_Random_PR = 0.578062
Cumulative weight of TS = 0.657235
Cumulative weight of PTS = 1
-------------------------------
start solve
updated best solution
Lower bounds = 297068, current objective = 683924
Total cost after hill climbing = 683924
start solve
updated best solution
max it_idle hit: 1379829
Final cost = 357474
Travel cost = 357474, Cost violations = 10000 x 0
Save file as Instances/TTP/Results/Heuristic/I_NFL32_24_s4_HL1000.txt
Save XML file as Instances/TTP/Results/Heuristic/I_NFL32_24_s4_HL1000.xml
