------ Weights ------
MinCost_M_MinCost_PR: 0.00253316
Random_M_MinCost_PR: 0.0302067
C: 0.172709
PRS: 0.143004
RS: 0.0296571
Random_M_Random_PR: 0.199952
TS: 0.0791731
PTS: 0.342765
---------------------
Test cost minimization
TimeLimit = 21600
Max iterations = 10000000
HistoryLength = 1
FolderPath: Instances/TTP/
Read TTP files
Instance: I_NL16_12, Type: NULL, Contributor: Easton, Nemhauser, and Trick
Date: 2025/10/30
NrTeams = 16, NrRounds =  12
Solve heuristic
Solve Vizing
Found initial solution
Cost initial solution = 209420
------ Cumulative Weights ------
Cumulative weight of MinCost_M_MinCost_PR = 0.00253316
Cumulative weight of Random_M_MinCost_PR = 0.0327399
Cumulative weight of C = 0.205449
Cumulative weight of PRS = 0.348453
Cumulative weight of RS = 0.37811
Cumulative weight of Random_M_Random_PR = 0.578062
Cumulative weight of TS = 0.657235
Cumulative weight of PTS = 1
-------------------------------
start solve
updated best solution
Lower bounds = 92580, current objective = 206313
Total cost after hill climbing = 206313
start solve
updated best solution
max it_idle hit: 1062531
Final cost = 108218
Travel cost = 108218, Cost violations = 10000 x 0
Save file as Instances/TTP/Results/Heuristic/I_NL16_12_s1_HL10000.txt
Save XML file as Instances/TTP/Results/Heuristic/I_NL16_12_s1_HL10000.xml
