------ Weights ------
MinCost_BM: 0.0379165
Random_BM: 0.181683
C: 0.175656
PRS: 0.145444
RS: 0.0301631
TS: 0.080524
PTS: 0.348613
---------------------
Test cost minimization
TimeLimit = 21600
Max iterations = 10000000
HistoryLength = 1
FolderPath: Instances/TTP/
Read TTP files
Instance: I_CIRC40_10, Type: NULL, Contributor: Easton, Nemhauser, Trick
Date: 2025/10/30
NrTeams = 40, NrRounds =  10
Solve heuristic
Solve Vizing
Found initial solution
Cost initial solution = 3722
------ Cumulative Weights ------
Cumulative weight of MinCost_BM = 0.0379165
Cumulative weight of Random_BM = 0.2196
Cumulative weight of C = 0.395256
Cumulative weight of PRS = 0.5407
Cumulative weight of RS = 0.570863
Cumulative weight of TS = 0.651387
Cumulative weight of PTS = 1
-------------------------------
start solve
updated best solution
Lower bounds = 560, current objective = 1286
Total cost after hill climbing = 1286
start solve
updated best solution
max it_idle hit: 306623
max it_idle hit: 306624
Final cost = 752
Travel cost = 752, Cost violations = 10000 x 0
Save file as Instances/TTP/Results/Heuristic/I_CIRC40_10_s3_HL500.txt
Save XML file as Instances/TTP/Results/Heuristic/I_CIRC40_10_s3_HL500.xml
