------ Weights ------
C: 0.226452
iPTS_MinCost_PR: 0.310929
iPTS_Random_PR: 0.132418
PRS: 0.187504
RS: 0.0388858
TS: 0.10381
---------------------
Test cost minimization
TimeLimit = 21600
Max iterations = 10000000
HistoryLength = 1
FolderPath: Instances/TTP/
Read TTP files
Instance: I_NL16_12, Type: NULL, Contributor: Easton, Nemhauser, and Trick
Date: 2025/10/30
NrTeams = 16, NrRounds =  12
Solve heuristic
Solve Vizing
Found initial solution
Cost initial solution = 220273
------ Cumulative Weights ------
Cumulative weight of C = 0.226452
Cumulative weight of iPTS_MinCost_PR = 0.537382
Cumulative weight of iPTS_Random_PR = 0.6698
Cumulative weight of PRS = 0.857304
Cumulative weight of RS = 0.89619
Cumulative weight of TS = 1
-------------------------------
start solve
updated best solution
Lower bounds = 92580, current objective = 210951
Total cost after hill climbing = 210951
start solve
updated best solution
max it_idle hit: 713626
Final cost = 107784
Travel cost = 107784, Cost violations = 10000 x 0
Save file as Instances/TTP/Results/Heuristic/I_NL16_12_s2_HL10000.txt
Save XML file as Instances/TTP/Results/Heuristic/I_NL16_12_s2_HL10000.xml
