------ Weights ------
C: 0.226452
iPTS_MinCost_PR: 0.310929
iPTS_Random_PR: 0.132418
PRS: 0.187504
RS: 0.0388858
TS: 0.10381
---------------------
Test cost minimization
TimeLimit = 21600
Max iterations = 10000000
HistoryLength = 1
FolderPath: Instances/TTP/
Read TTP files
Instance: I_BRA24_18, Type: NULL, Contributor: Ribeiro and Urrutia
Date: 2025/10/30
NrTeams = 24, NrRounds =  18
Solve heuristic
Solve Vizing
Found initial solution
Cost initial solution = 397547
------ Cumulative Weights ------
Cumulative weight of C = 0.226452
Cumulative weight of iPTS_MinCost_PR = 0.537382
Cumulative weight of iPTS_Random_PR = 0.6698
Cumulative weight of PRS = 0.857304
Cumulative weight of RS = 0.89619
Cumulative weight of TS = 1
-------------------------------
start solve
updated best solution
Lower bounds = 167657, current objective = 380146
Total cost after hill climbing = 380146
start solve
updated best solution
max it_idle hit: 3288228
Final cost = 190375
Travel cost = 190375, Cost violations = 10000 x 0
Save file as Instances/TTP/Results/Heuristic/I_BRA24_18_s3_HL10000.txt
Save XML file as Instances/TTP/Results/Heuristic/I_BRA24_18_s3_HL10000.xml
