------ Weights ------
Random_M_MinCost_PR: 0.0769231
MinCost_M_Random_PR: 0.0769231
MinCost_M_MinCost_PR: 0.0769231
iPTS_Random_PR: 0.0769231
iPTS_MinCost_PR: 0.0769231
Random_BM: 0.0769231
MinCost_BM: 0.0769231
C: 0.0769231
PRS: 0.0769231
RS: 0.0769231
PTS: 0.0769231
Random_M_Random_PR: 0.0769231
TS: 0.0769231
---------------------
Test cost minimization
TimeLimit = 7200
Max iterations = 10000000
HistoryLength = 1
FolderPath: Instances/TTP/
Read TTP files
Instance: I_CON40_20, Type: NULL, Contributor: Urrutia, Ribeiro
Date: 2025/10/30
NrTeams = 40, NrRounds =  20
Solve heuristic
Solve Vizing
Found initial solution
Cost initial solution = 719
------ Cumulative Weights ------
Cumulative weight of TS = 0.0769231
Cumulative weight of Random_M_Random_PR = 0.153846
Cumulative weight of PTS = 0.230769
Cumulative weight of RS = 0.307692
Cumulative weight of PRS = 0.384615
Cumulative weight of C = 0.461538
Cumulative weight of MinCost_BM = 0.538462
Cumulative weight of Random_BM = 0.615385
Cumulative weight of iPTS_MinCost_PR = 0.692308
Cumulative weight of iPTS_Random_PR = 0.769231
Cumulative weight of MinCost_M_MinCost_PR = 0.846154
Cumulative weight of MinCost_M_Random_PR = 0.923077
Cumulative weight of Random_M_MinCost_PR = 1
-------------------------------
start solve
updated best solution
max it_idle hit: 2711104
Final cost = 561
Travel cost = 561, Cost violations = 10000 x 0
Save file as Instances/TTP/Results/Heuristic/I_CON40_20_s1_HL100.txt
Total time = 4320
Save XML file as Instances/TTP/Results/Heuristic/I_CON40_20_s1_HL100.xml
