------ Weights ------
Random_M_MinCost_PR: 0.0769231
MinCost_M_Random_PR: 0.0769231
MinCost_M_MinCost_PR: 0.0769231
iPTS_Random_PR: 0.0769231
iPTS_MinCost_PR: 0.0769231
Random_BM: 0.0769231
MinCost_BM: 0.0769231
C: 0.0769231
PRS: 0.0769231
RS: 0.0769231
PTS: 0.0769231
Random_M_Random_PR: 0.0769231
TS: 0.0769231
---------------------
Test cost minimization
TimeLimit = 7200
Max iterations = 10000000
HistoryLength = 1
FolderPath: Instances/TTP/
Read TTP files
Instance: I_BRA24_18, Type: NULL, Contributor: Ribeiro and Urrutia
Date: 2025/10/30
NrTeams = 24, NrRounds =  18
Solve heuristic
Solve Vizing
Found initial solution
Cost initial solution = 407003
------ Cumulative Weights ------
Cumulative weight of TS = 0.0769231
Cumulative weight of Random_M_Random_PR = 0.153846
Cumulative weight of PTS = 0.230769
Cumulative weight of RS = 0.307692
Cumulative weight of PRS = 0.384615
Cumulative weight of C = 0.461538
Cumulative weight of MinCost_BM = 0.538462
Cumulative weight of Random_BM = 0.615385
Cumulative weight of iPTS_MinCost_PR = 0.692308
Cumulative weight of iPTS_Random_PR = 0.769231
Cumulative weight of MinCost_M_MinCost_PR = 0.846154
Cumulative weight of MinCost_M_Random_PR = 0.923077
Cumulative weight of Random_M_MinCost_PR = 1
-------------------------------
start solve
updated best solution
Time limit hit
Final cost = 193192
Travel cost = 193192, Cost violations = 10000 x 0
Save file as Instances/TTP/Results/Heuristic/I_BRA24_18_s1_HL10000.txt
Total time = 7201
Save XML file as Instances/TTP/Results/Heuristic/I_BRA24_18_s1_HL10000.xml
