------ Weights ------
PTS: 0.576464
PRS: 0.240505
RS: 0.0498774
TS: 0.133154
---------------------
Test cost minimization
TimeLimit = 21600
Max iterations = 10000000
HistoryLength = 1
FolderPath: Instances/TTP/
Read TTP files
Instance: I_NL16_8, Type: NULL, Contributor: Easton, Nemhauser, and Trick
Date: 2025/10/30
NrTeams = 16, NrRounds =  8
Solve heuristic
Solve Vizing
Found initial solution
Cost initial solution = 150750
------ Cumulative Weights ------
Cumulative weight of PTS = 0.576464
Cumulative weight of PRS = 0.816969
Cumulative weight of RS = 0.866846
Cumulative weight of TS = 1
-------------------------------
start solve
updated best solution
Lower bounds = 57263, current objective = 130144
Total cost after hill climbing = 130144
start solve
updated best solution
max it_idle hit: 462347
Final cost = 74536
Travel cost = 74536, Cost violations = 10000 x 0
Save file as Instances/TTP/Results/Heuristic/I_NL16_8_s4_HL10000.txt
Save XML file as Instances/TTP/Results/Heuristic/I_NL16_8_s4_HL10000.xml
