------ Weights ------
C: 0.225084
PTS: 0.446711
PRS: 0.186371
RS: 0.0386508
TS: 0.103183
---------------------
Test cost minimization
TimeLimit = 21600
Max iterations = 10000000
HistoryLength = 1
FolderPath: Instances/TTP/
Read TTP files
Instance: I_CIRC40_30, Type: NULL, Contributor: Easton, Nemhauser, Trick
Date: 2025/10/30
NrTeams = 40, NrRounds =  30
Solve heuristic
Solve Vizing
Found initial solution
Cost initial solution = 10874
------ Cumulative Weights ------
Cumulative weight of C = 0.225084
Cumulative weight of PTS = 0.671795
Cumulative weight of PRS = 0.858166
Cumulative weight of RS = 0.896817
Cumulative weight of TS = 1
-------------------------------
start solve
updated best solution
Lower bounds = 3600, current objective = 8288
Total cost after hill climbing = 8288
start solve
updated best solution
max it_idle hit: 405686
Final cost = 5986
Travel cost = 5986, Cost violations = 10000 x 0
Save file as Instances/TTP/Results/Heuristic/I_CIRC40_30_s5_HL500.txt
Save XML file as Instances/TTP/Results/Heuristic/I_CIRC40_30_s5_HL500.xml
