------ Weights ------
PTS: 0.576464
PRS: 0.240505
RS: 0.0498774
TS: 0.133154
---------------------
Test cost minimization
TimeLimit = 21600
Max iterations = 10000000
HistoryLength = 1
FolderPath: Instances/TTP/
Read TTP files
Instance: I_LINE40_30, Type: NULL, Contributor: Hoshino, Kawarabayashi
Date: 2025/10/30
NrTeams = 40, NrRounds =  30
Solve heuristic
Solve Vizing
Found initial solution
Cost initial solution = 14506
------ Cumulative Weights ------
Cumulative weight of PTS = 0.576464
Cumulative weight of PRS = 0.816969
Cumulative weight of RS = 0.866846
Cumulative weight of TS = 1
-------------------------------
start solve
updated best solution
Lower bounds = 5118, current objective = 11776
Total cost after hill climbing = 11776
start solve
updated best solution
max it_idle hit: 4227807
Final cost = 8214
Travel cost = 8214, Cost violations = 10000 x 0
Save file as Instances/TTP/Results/Heuristic/I_LINE40_30_s1_HL500.txt
Save XML file as Instances/TTP/Results/Heuristic/I_LINE40_30_s1_HL500.xml
