------ Weights ------
C: 0.225084
PTS: 0.446711
PRS: 0.186371
RS: 0.0386508
TS: 0.103183
---------------------
Test cost minimization
TimeLimit = 21600
Max iterations = 10000000
HistoryLength = 1
FolderPath: Instances/TTP/
Read TTP files
Instance: I_INCR40_20, Type: NULL, Contributor: Hoshino, Kawarabayashi
Date: 2025/10/30
NrTeams = 40, NrRounds =  20
Solve heuristic
Solve Vizing
Found initial solution
Cost initial solution = 196760
------ Cumulative Weights ------
Cumulative weight of C = 0.225084
Cumulative weight of PTS = 0.671795
Cumulative weight of PRS = 0.858166
Cumulative weight of RS = 0.896817
Cumulative weight of TS = 1
-------------------------------
start solve
updated best solution
max it_idle hit: 4127035
Total cost after hill climbing = 107776
start solve
updated best solution
max it_idle hit: 849058
Final cost = 103656
Travel cost = 103656, Cost violations = 10000 x 0
Save file as Instances/TTP/Results/Heuristic/I_INCR40_20_s5_HL500.txt
Save XML file as Instances/TTP/Results/Heuristic/I_INCR40_20_s5_HL500.xml
