------ Weights ------
PTS: 0.576464
PRS: 0.240505
RS: 0.0498774
TS: 0.133154
---------------------
Test cost minimization
TimeLimit = 21600
Max iterations = 10000000
HistoryLength = 1
FolderPath: Instances/TTP/
Read TTP files
Instance: I_NL16_4, Type: NULL, Contributor: Easton, Nemhauser, and Trick
Date: 2025/10/30
NrTeams = 16, NrRounds =  4
Solve heuristic
Solve Vizing
Found initial solution
Cost initial solution = 71050
------ Cumulative Weights ------
Cumulative weight of PTS = 0.576464
Cumulative weight of PRS = 0.816969
Cumulative weight of RS = 0.866846
Cumulative weight of TS = 1
-------------------------------
start solve
updated best solution
Lower bounds = 23625, current objective = 52329
Total cost after hill climbing = 52329
start solve
updated best solution
max it_idle hit: 9603209
Final cost = 34120
Travel cost = 34120, Cost violations = 10000 x 0
Save file as Instances/TTP/Results/Heuristic/I_NL16_4_s2_HL1000.txt
Save XML file as Instances/TTP/Results/Heuristic/I_NL16_4_s2_HL1000.xml
