------ Weights ------
C: 0.225084
PTS: 0.446711
PRS: 0.186371
RS: 0.0386508
TS: 0.103183
---------------------
Test cost minimization
TimeLimit = 21600
Max iterations = 10000000
HistoryLength = 1
FolderPath: Instances/TTP/
Read TTP files
Instance: I_LINE40_30, Type: NULL, Contributor: Hoshino, Kawarabayashi
Date: 2025/10/30
NrTeams = 40, NrRounds =  30
Solve heuristic
Solve Vizing
Found initial solution
Cost initial solution = 14596
------ Cumulative Weights ------
Cumulative weight of C = 0.225084
Cumulative weight of PTS = 0.671795
Cumulative weight of PRS = 0.858166
Cumulative weight of RS = 0.896817
Cumulative weight of TS = 1
-------------------------------
start solve
updated best solution
Lower bounds = 5118, current objective = 11722
Total cost after hill climbing = 11722
start solve
updated best solution
max it_idle hit: 270303
Final cost = 7870
Travel cost = 7870, Cost violations = 10000 x 0
Save file as Instances/TTP/Results/Heuristic/I_LINE40_30_s4_HL500.txt
Save XML file as Instances/TTP/Results/Heuristic/I_LINE40_30_s4_HL500.xml
