------ Weights ------
MinCost_M_MinCost_PR: 0.00209131
Random_M_MinCost_PR: 0.0249379
MinCost_BM: 0.0307777
Random_BM: 0.147477
C: 0.142584
iPTS_MinCost_PR: 0.195774
iPTS_Random_PR: 0.0833761
PRS: 0.11806
RS: 0.0244841
Random_M_Random_PR: 0.165075
TS: 0.0653632
---------------------
Test cost minimization
TimeLimit = 21600
Max iterations = 10000000
HistoryLength = 1
FolderPath: Instances/TTP/
Read TTP files
Instance: I_NFL32_16, Type: NULL, Contributor: Trick
Date: 2025/10/30
NrTeams = 32, NrRounds =  16
Solve heuristic
Solve Vizing
Found initial solution
Cost initial solution = 484196
------ Cumulative Weights ------
Cumulative weight of MinCost_M_MinCost_PR = 0.00209131
Cumulative weight of Random_M_MinCost_PR = 0.0270292
Cumulative weight of MinCost_BM = 0.0578069
Cumulative weight of Random_BM = 0.205284
Cumulative weight of C = 0.347867
Cumulative weight of iPTS_MinCost_PR = 0.543641
Cumulative weight of iPTS_Random_PR = 0.627017
Cumulative weight of PRS = 0.745078
Cumulative weight of RS = 0.769562
Cumulative weight of Random_M_Random_PR = 0.934637
Cumulative weight of TS = 1
-------------------------------
start solve
updated best solution
Lower bounds = 173493, current objective = 394839
Lower bounds = 173493, current objective = 396153
Total cost after hill climbing = 394839
start solve
updated best solution
max it_idle hit: 470063
Final cost = 205431
Travel cost = 205431, Cost violations = 10000 x 0
Save file as Instances/TTP/Results/Heuristic/I_NFL32_16_s1_HL1000.txt
Save XML file as Instances/TTP/Results/Heuristic/I_NFL32_16_s1_HL1000.xml
