inst=NFL32
r=16
Compute TTP bound for NFL32_16 with TimeLimit 21660
Save file as Instances/TTP/Bound_NFL32_16.txt
Read TTP files
Instance: NFL32, Type: A, Contributor: Trick
Date: 9/12/2005
NrTeams = 32, NrRounds =  16
Set parameter TokenServer to value "licgurobi.ugent.be"
Set parameter Threads to value 8
Set parameter TimeLimit to value 21660
Gurobi Optimizer version 12.0.0 build v12.0.0rc1 (linux64 - "Red Hat Enterprise Linux 9.6 (Plow)")

CPU model: AMD EPYC 7552 48-Core Processor, instruction set [SSE2|AVX|AVX2]
Thread count: 96 physical cores, 96 logical processors, using up to 8 threads

Non-default parameters:
TimeLimit  21660
Threads  8

Optimize a model with 1616 rows, 448416 columns and 1329408 nonzeros
Model fingerprint: 0x649ac803
Variable types: 0 continuous, 448416 integer (448416 binary)
Coefficient statistics:
  Matrix range     [1e+00, 1e+00]
  Objective range  [3e+01, 1e+04]
  Bounds range     [1e+00, 1e+00]
  RHS range        [1e+00, 8e+00]
Found heuristic solution: objective 534084.00000
Presolve removed 66 rows and 288644 columns
Presolve time: 1.34s
Presolved: 1550 rows, 159772 columns, 463506 nonzeros
Variable types: 0 continuous, 159772 integer (159772 binary)
Deterministic concurrent LP optimizer: primal and dual simplex
Showing primal log only...

Concurrent spin time: 1.54s (can be avoided by choosing Method=3)

Solved with dual simplex

Root relaxation: objective 1.687967e+05, 1937 iterations, 2.82 seconds (2.35 work units)

    Nodes    |    Current Node    |     Objective Bounds      |     Work
 Expl Unexpl |  Obj  Depth IntInf | Incumbent    BestBd   Gap | It/Node Time

     0     0 168796.737    0  607 534084.000 168796.737  68.4%     -    4s
H    0     0                    210274.00000 168796.737  19.7%     -    4s
H    0     0                    209492.00000 168796.737  19.4%     -    4s
H    0     0                    207967.00000 168796.737  18.8%     -    4s
H    0     0                    205741.00000 168796.737  18.0%     -    4s
H    0     0                    205640.00000 168796.737  17.9%     -    5s
H    0     0                    205539.00000 168796.737  17.9%     -    5s
H    0     0                    204585.00000 168796.737  17.5%     -    5s
H    0     0                    204071.00000 168796.737  17.3%     -    5s
H    0     0                    203291.00000 168796.737  17.0%     -    6s
H    0     0                    203264.00000 168796.737  17.0%     -    6s
H    0     0                    203057.00000 168796.737  16.9%     -    6s
H    0     0                    202313.00000 168796.737  16.6%     -    6s
H    0     0                    202079.00000 168796.737  16.5%     -    6s
H    0     0                    200503.00000 168796.737  15.8%     -    7s
H    0     0                    200336.00000 168796.737  15.7%     -    7s
H    0     0                    200185.00000 168796.737  15.7%     -    7s
H    0     0                    199300.00000 168796.737  15.3%     -    7s
H    0     0                    194469.00000 168796.737  13.2%     -    7s
H    0     0                    194441.00000 168796.737  13.2%     -    8s
H    0     0                    192942.00000 168796.737  12.5%     -    8s
H    0     0                    192456.00000 168796.737  12.3%     -    9s
H    0     0                    192196.00000 168796.737  12.2%     -   10s
H    0     0                    191938.00000 168796.737  12.1%     -   10s
H    0     0                    191924.00000 168796.737  12.1%     -   10s
H    0     0                    191678.00000 168796.737  11.9%     -   10s
H    0     0                    190979.00000 168796.737  11.6%     -   10s
H    0     0                    190344.00000 168796.737  11.3%     -   12s
H    0     0                    185818.00000 168854.167  9.13%     -   12s
     0     0 168892.319    0  685 185818.000 168892.319  9.11%     -   14s
H    0     0                    183511.00000 168892.319  7.97%     -   16s
H    0     0                    182819.00000 168892.319  7.62%     -   17s
H    0     0                    182736.00000 168892.319  7.58%     -   20s
H    0     0                    182665.00000 168892.319  7.54%     -   22s
H    0     0                    182490.00000 168892.319  7.45%     -   23s
H    0     0                    182077.00000 168892.319  7.24%     -   24s
H    0     0                    179355.00000 168952.029  5.80%     -   28s
     0     0 168962.841    0  750 179355.000 168962.841  5.79%     -   29s
     0     0 168969.046    0  735 179355.000 168969.046  5.79%     -   30s
     0     0 168969.056    0  736 179355.000 168969.056  5.79%     -   30s
     0     0 168997.386    0  793 179355.000 168997.386  5.77%     -   32s
     0     0 169006.655    0  769 179355.000 169006.655  5.77%     -   33s
     0     0 169006.722    0  771 179355.000 169006.722  5.77%     -   33s
     0     0 169008.693    0  778 179355.000 169008.693  5.77%     -   33s
     0     0 169008.997    0  778 179355.000 169008.997  5.77%     -   34s
     0     2 169027.000    0  778 179355.000 169027.000  5.76%     -   40s
    67    78 169188.177    7  703 179355.000 169083.380  5.73%   124   45s
H   77    86                    179300.00000 169083.380  5.70%   130   46s
H   84    86                    179128.00000 169083.380  5.61%   128   46s
   142   151 169295.486   12  628 179128.000 169083.380  5.61%   133   50s
H  151   159                    178773.00000 169083.380  5.42%   132   51s
H  153   159                    178411.00000 169083.380  5.23%   132   51s
   185   194 169404.009   15  639 178411.000 169083.380  5.23%   135   55s
H  186   194                    178260.00000 169083.380  5.15%   134   55s
   232   239 169527.867   18  619 178260.000 169083.380  5.15%   141   60s
H  247   247                    178184.00000 169083.380  5.11%   140   61s
H  263   270                    178014.00000 169083.380  5.02%   140   64s
H  264   270                    177825.00000 169083.380  4.92%   140   64s
   271   292 169716.642   21  623 177825.000 169083.380  4.92%   139   65s
H  369   376                    177757.00000 169083.380  4.88%   129   70s
H  372   376                    177484.00000 169083.380  4.73%   129   70s
   425   459 169862.826   30  614 177484.000 169083.380  4.73%   128   75s
   531   563 170026.485   38  585 177484.000 169083.380  4.73%   119   80s
H  533   563                    177311.00000 169083.380  4.64%   118   80s
H  563   563                    177023.00000 169083.380  4.49%   116   80s
   649   698 170202.316   43  595 177023.000 169083.380  4.49%   111   85s
H  756   763                    176837.00000 169083.380  4.38%   106   88s
H  760   763                    176769.00000 169083.380  4.35%   106   88s
   764   815 170256.855   55  590 176769.000 169083.380  4.35%   106   90s
   875   933 170426.570   65  568 176769.000 169083.380  4.35%   101   96s
H  957   964                    176750.00000 169083.380  4.34%  97.9   98s
   967  1030 170489.345   73  601 176750.000 169083.380  4.34%  97.5  100s
H 1041  1038                    176683.00000 169083.380  4.30%  95.2  103s
  1043  1046 170559.954   84  573 176683.000 169083.380  4.30%  95.3  106s
H 1045  1046                    176682.00000 169083.380  4.30%  95.2  106s
H 1047  1046                    176608.00000 169083.380  4.26%  95.1  106s
  1140  1213 170654.686   98  583 176608.000 169083.380  4.26%  91.7  111s
  1307  1407 171200.768  119  497 176608.000 169083.380  4.26%  88.8  115s
  1521  1615 171311.595  146  502 176608.000 169083.380  4.26%  83.8  121s
H 1739  1716                    176568.00000 169083.380  4.24%  81.0  127s
H 1743  1716                    176536.00000 169083.380  4.22%  81.0  127s
  1747  1801 171650.782  172  501 176536.000 169083.380  4.22%  81.0  130s
  1952  1920 172131.588  198  526 176536.000 169083.380  4.22%  79.2  136s
H 1955  1920                    176535.00000 169083.380  4.22%  79.1  136s
  2088  2149 172273.771  213  482 176535.000 169083.380  4.22%  77.5  143s
  2196  2232 172283.626  214  469 176535.000 169083.380  4.22%  76.5  146s
  2287  2248 172370.451  215  470 176535.000 169083.380  4.22%  75.5  152s
H 2288  2244                    176349.00000 169083.380  4.12%  75.5  152s
  2295  2424 172308.717  216  486 176349.000 169083.380  4.12%  75.4  157s
  2478  2608 172689.382  227  462 176349.000 169083.380  4.12%  73.8  161s
  2674  2777 172857.851  247  462 176349.000 169085.487  4.12%  71.9  166s
  2848  2939 173047.737  261  436 176349.000 169085.487  4.12%  70.7  170s
  3022  3059 173294.293  286  423 176349.000 169085.487  4.12%  69.9  175s
  3289  3282 173862.488  320  323 176349.000 169092.201  4.12%  69.7  183s
  3383  3384 175125.131  333  385 176349.000 169092.201  4.12%  69.9  188s
  3485  3517 175532.542  357  376 176349.000 169092.201  4.12%  70.4  193s
  3618  3628 175908.763  407  294 176349.000 169092.201  4.12%  70.5  197s
  3735  3756 169399.400    8  615 176349.000 169092.201  4.12%  70.8  201s
  3867  3918 169972.321   10  650 176349.000 169092.201  4.12%  70.8  206s
  4029  4020 170109.422   14  675 176349.000 169092.201  4.12%  70.7  210s
  4241  4118 173203.716  273  778 176349.000 169110.513  4.10%  71.8  225s
  4243  4119 169341.417   13  607 176349.000 169110.513  4.10%  71.8  248s
H 4243  3913                    176277.00000 169110.513  4.07%  71.8  260s
H 4243  3717                    176220.00000 169110.513  4.03%  71.8  264s
  4244  3718 169679.693   24  702 176220.000 169110.513  4.03%  71.8  266s
  4245  3719 173832.905  198  766 176220.000 169110.513  4.03%  71.7  271s
  4247  3720 169291.963   10  767 176220.000 169110.513  4.03%  71.7  278s
  4248  3721 175404.138  344  790 176220.000 169197.614  3.99%  71.7  285s
  4252  3723 174817.814  261  819 176220.000 169286.673  3.93%  71.6  291s
  4253  3724 172783.214  102  784 176220.000 169395.737  3.87%  71.6  296s
  4254  3725 171643.047   60  801 176220.000 169396.083  3.87%  71.6  300s
  4255  3725 172341.708  175  808 176220.000 169449.274  3.84%  71.6  306s
  4256  3726 175119.170  279  804 176220.000 169450.485  3.84%  71.6  310s
  4258  3727 175375.115  253  764 176220.000 169646.024  3.73%  71.5  318s
  4259  3728 175485.024  243  790 176220.000 169648.597  3.73%  71.5  320s
  4264  3733 175737.067  387  778 176220.000 169684.888  3.71%  72.4  325s
  4266  3734 172187.359   98  607 176220.000 169684.888  3.71%  72.4  349s
H 4266  3547                    176180.00000 169684.888  3.69%  72.4  355s
  4267  3548 174645.032  157  720 176180.000 169685.477  3.69%  72.4  367s
  4268  3549 172716.412  195  744 176180.000 169748.408  3.65%  72.3  373s
  4271  3551 175749.350  336  780 176180.000 169748.408  3.65%  72.3  377s
  4272  3551 174186.269  370  791 176180.000 169896.424  3.57%  72.3  382s
  4275  3553 169950.712    7  783 176180.000 169950.712  3.54%  72.2  385s
  4279  3556 171380.287  152  838 176180.000 170068.739  3.47%  72.1  391s
  4282  3558 170687.266   30  845 176180.000 170116.082  3.44%  72.1  396s
  4284  3559 175627.130  368  824 176180.000 170171.620  3.41%  72.1  401s
  4285  3560 174352.449  171  829 176180.000 170199.054  3.39%  72.0  405s
  4288  3562 175900.092  367  826 176180.000 170206.765  3.39%  72.0  410s
  4290  3563 170207.658   12  835 176180.000 170207.658  3.39%  72.0  416s
  4295  3568 173532.099  213  607 176180.000 170207.658  3.39%  73.0  441s
  4296  3569 170209.065    8  722 176180.000 170209.065  3.39%  73.0  456s
  4297  3570 170257.121    9  752 176180.000 170257.121  3.36%  73.0  464s
  4298  3570 170257.121   46  793 176180.000 170257.121  3.36%  73.0  465s
  4302  3573 174532.033  247  847 176180.000 170305.260  3.33%  72.9  474s
  4305  3575 170336.760   23  872 176180.000 170336.760  3.32%  72.9  477s
  4306  3576 172705.824  211  832 176180.000 170477.755  3.24%  72.8  480s
  4312  3580 170698.692   19  849 176180.000 170698.692  3.11%  72.7  487s
  4314  3581 170785.262   23  808 176180.000 170785.262  3.06%  72.7  492s
  4315  3582 170795.190   65  842 176180.000 170795.190  3.06%  72.7  495s
  4318  3584 175500.118  558  859 176180.000 170805.621  3.05%  72.6  500s
  4320  3585 175704.502  355  873 176180.000 170807.242  3.05%  72.6  505s
  4326  3590 170994.816   52  607 176180.000 170808.020  3.05%  73.9  531s
H 4326  3410                    176114.00000 170808.148  3.01%  73.9  544s
  4327  3411 171309.975   69  765 176114.000 170808.148  3.01%  73.8  545s
  4328  3412 172590.345  106  802 176114.000 170808.148  3.01%  73.8  551s
  4333  3415 171817.944   85  874 176114.000 170808.148  3.01%  73.7  557s
  4334  3416 170843.881   15  848 176114.000 170843.881  2.99%  73.7  565s
  4337  3418 173540.521  214  845 176114.000 170881.616  2.97%  73.7  571s
  4338  3418 176114.000  425  870 176114.000 170891.298  2.97%  73.7  576s
  4339  3419 174887.366  445  850 176114.000 170897.473  2.96%  73.6  580s
  4342  3421 171459.038   79  849 176114.000 170900.909  2.96%  73.6  586s
  4343  3422 170900.909   13  849 176114.000 170900.909  2.96%  73.6  601s
  4346  3429 170973.762   62  849 176114.000 170936.767  2.94%  74.7  605s
  4386  3464 171067.099   67  826 176114.000 170994.876  2.91%  75.6  611s
  4421  3485 171147.577   69  794 176114.000 170994.876  2.91%  76.7  615s
  4452  3506 171202.426   72  732 176114.000 170994.876  2.91%  77.6  620s
  4483  3525 171215.826   75  750 176114.000 170994.876  2.91%  78.5  625s
H 4515  3369                    176054.00000 170994.876  2.87%  79.7  629s
  4518  3379 171303.153   78  755 176054.000 170994.876  2.87%  79.8  631s
  4544  3399 171328.005   80  768 176054.000 170994.876  2.87%  81.1  635s
  4588  3428 171345.474   83  720 176054.000 170994.876  2.87%  82.3  641s
  4619  3454 171352.972   85  698 176054.000 170994.876  2.87%  83.3  645s
  4653  3466 171401.388   88  739 176054.000 170994.876  2.87%  84.1  650s
  4677  3482 171509.649   89  615 176054.000 170994.876  2.87%  84.9  656s
  4693  3493 171422.800   90  691 176054.000 170994.876  2.87%  85.2  660s
  4717  3529 171426.798   92  681 176054.000 170994.876  2.87%  85.6  665s
  4753  3533 171539.873   94  637 176054.000 170994.876  2.87%  86.2  670s
  4769  3544 171542.665   95  690 176054.000 170994.876  2.87%  86.6  675s
  4785  3554 171539.246   96  678 176054.000 170994.876  2.87%  86.9  680s
  4805  3577 171620.504   97  650 176054.000 170994.876  2.87%  87.4  687s
  4822  3611 171549.718   98  663 176054.000 170994.876  2.87%  87.7  691s
  4911  3677 171785.530   99  671 176054.000 170994.876  2.87%  88.8  697s
  4958  3721 171982.318  101  706 176054.000 170994.876  2.87%  89.8  701s
  5075  3804 171779.851  105  663 176054.000 170994.876  2.87%  91.1  709s
  5139  3846 171841.886  108  669 176054.000 170994.876  2.87%  92.0  713s
  5205  3889 171883.719  110  647 176054.000 170994.876  2.87%  92.8  717s
  5272  3946 171994.541  113  656 176054.000 170994.876  2.87%  93.8  721s
  5352  3982 172175.872  116  642 176054.000 170994.876  2.87%  94.6  725s
  5488  4093 172165.435  121  637 176054.000 170994.876  2.87%  96.8  734s
  5571  4142 172453.606  124  576 176054.000 170994.876  2.87%  97.7  738s
  5675  4181 172516.876  128  577 176054.000 170994.876  2.87%  98.5  743s
  5752  4240 172554.955  131  609 176054.000 170999.233  2.87%   100  748s
  5839  4312 172640.349  134  604 176054.000 170999.233  2.87%   101  754s
  5942  4365 173163.817  139  566 176054.000 170999.233  2.87%   101  759s
  6063  4440 173082.793  144  573 176054.000 170999.233  2.87%   102  765s
  6181  4512 173767.074  155  538 176054.000 170999.233  2.87%   103  773s
  6308  4611 174008.180  164  517 176054.000 170999.233  2.87%   104  780s
  6468  4702 174225.793  171  538 176054.000 170999.233  2.87%   104  787s
  6631  4806 174501.571  181  474 176054.000 170999.233  2.87%   105  795s
  6828  4914 174738.665  192  431 176054.000 170999.233  2.87%   105  803s
  7057  4952 175907.912  206  463 176054.000 170999.233  2.87%   106  810s
  7259  4954 171236.359   69  792 176054.000 170999.233  2.87%   106  831s
  7353  5012 171372.204   73  761 176054.000 170999.233  2.87%   107  838s
  7445  5095 171519.177   80  730 176054.000 170999.233  2.87%   108  854s
  7558  5190 171719.555   87  717 176054.000 170999.233  2.87%   108  862s
  7691  5308 172019.360   90  709 176054.000 170999.233  2.87%   109  871s
  7860  5350 172024.920   95  701 176054.000 170999.233  2.87%   110  879s
  7967  5369 172266.710   99  638 176054.000 170999.233  2.87%   111  887s
  8041  5490 172534.228  106  628 176054.000 170999.233  2.87%   111  895s
  8208  5658 172658.593  124  645 176054.000 170999.233  2.87%   111  905s
  8453  5764 173005.292  136  649 176054.000 170999.233  2.87%   111  915s
  8642  5973 173086.811  141  637 176054.000 170999.233  2.87%   112  924s
  8915  6161 173588.349  150  623 176054.000 170999.233  2.87%   112  935s
  9230  6081 173858.538  160  561 176054.000 171042.551  2.85%   111  946s
H 9263  5897                    176009.00000 171042.551  2.82%   112  946s
  9267  6056 173911.684  163  546 176009.000 171042.551  2.82%   111  958s
  9488  6151 174387.593  181  544 176009.000 171042.551  2.82%   112  970s
  9665  6359 175224.337  212  565 176009.000 171068.378  2.81%   112  983s
  9962  6553 171931.436   76  773 176009.000 171068.378  2.81%   112  997s
 10294  6817 172422.874   88  651 176009.000 171068.378  2.81%   111 1012s
 10700  6857 173054.257   98  617 176009.000 171068.378  2.81%   110 1026s
 10933  6920 174346.511  120  671 176009.000 171092.839  2.79%   111 1042s
 11095  7076 171283.853   67  791 176009.000 171092.839  2.79%   111 1056s
 11344  7118 172099.468   82  706 176009.000 171092.839  2.79%   112 1070s
 11490  7292 172449.298   92  691 176009.000 171092.839  2.79%   113 1086s
 11752  7386 174578.788  129  610 176009.000 171105.982  2.79%   114 1100s
 11951  7525 171936.265   79  749 176009.000 171105.982  2.79%   114 1116s
 12206  7680 173087.441   99  733 176009.000 171105.982  2.79%   115 1131s
 12455  7862 175315.042  151  627 176009.000 171105.982  2.79%   116 1152s
 12773  7892 172326.461   78  765 176009.000 171166.538  2.75%   116 1169s
 12909  8111 173396.744   94  707 176009.000 171166.538  2.75%   117 1187s
 13197  8427 174967.437  124  665 176009.000 171166.538  2.75%   117 1208s
 13676  8760 172578.502   89  707 176009.000 171173.925  2.75%   118 1229s
 14228  9099 171718.973   69  736 176009.000 171199.842  2.73%   118 1247s
 14643  9683 171623.273   68  754 176009.000 171199.842  2.73%   119 1279s
 15263  9996 174042.483  118  712 176009.000 171199.842  2.73%   119 1296s
 15651 10322 172154.773   73  757 176009.000 171199.842  2.73%   119 1313s
 16001 10693 173526.194  111  648 176009.000 171218.896  2.72%   119 1332s
 16449 11048 171969.753   71  749 176009.000 171237.999  2.71%   118 1352s
 16877 11408 173888.163  102  676 176009.000 171237.999  2.71%   119 1373s
 17296 11835 172941.830   77  807 176009.000 171239.061  2.71%   119 1396s
 17763 12183 174727.496  117  643 176009.000 171259.999  2.70%   119 1423s
 18159 12662 173946.629   91  654 176009.000 171270.099  2.69%   120 1450s
 18732 13312 173256.495   89  734 176009.000 171277.135  2.69%   120 1485s
 19496 13884 172190.198   71  806 176009.000 171277.135  2.69%   120 1516s
 20169 14378 174391.052  138  516 176009.000 171277.135  2.69%   120 1551s
 20759 14731 172275.852   76  779 176009.000 171287.583  2.68%   120 1580s
 21187 15170 175330.094   93  616 176009.000 171287.583  2.68%   121 1610s
 21749 15559 173184.297   84  708 176009.000 171303.877  2.67%   122 1637s
 22212 15627 174520.866   88  618 176009.000 171303.877  2.67%   123 1676s
 22315 16223 172188.718   71  737 176009.000 171303.877  2.67%   123 1709s
 23029 16727 174875.582  147  642 176009.000 171324.706  2.66%   124 1746s
 23638 17260 174997.722   92  673 176009.000 171348.211  2.65%   124 1781s
 24322 17615 172408.531   72  769 176009.000 171349.528  2.65%   125 1818s
 24729 18153 172974.454   86  619 176009.000 171349.528  2.65%   126 1860s
 25374 18775 174060.065  111  591 176009.000 171355.318  2.64%   126 1901s
 26066 19570 173150.412   75  800 176009.000 171369.098  2.64%   127 1951s
 27019 20279 173631.220   85  729 176009.000 171375.901  2.63%   127 1993s
 27779 21152 172783.677   74  752 176009.000 171376.388  2.63%   128 2043s
 28825 21731 173894.625  108  663 176009.000 171376.388  2.63%   128 2085s
 29582 21732 174738.600  129  778 176009.000 171389.886  2.62%   128 2483s
 29584 21733 172377.323   74  607 176009.000 171389.886  2.62%   128 2507s
 29585 21734 175359.242  166  714 176009.000 171389.886  2.62%   128 2526s
 29586 21735 172329.467   76  763 176009.000 171389.886  2.62%   128 2544s
 29587 21735 173328.921   81  754 176009.000 171389.886  2.62%   128 2546s
 29591 21738 173844.777  110  814 176009.000 171460.506  2.58%   128 2550s
 29596 21741 172817.204   75  868 176009.000 171559.775  2.53%   128 2582s
 29601 21745 175422.780  152  861 176009.000 171605.611  2.50%   128 2607s
 29602 21745 171832.653   75  875 176009.000 171668.368  2.47%   128 2629s
 29603 21746 171908.272   71  899 176009.000 171675.140  2.46%   128 2643s
 29604 21747 174883.284  212  906 176009.000 171677.891  2.46%   128 2661s
 29605 21747 174098.237  126  903 176009.000 171678.178  2.46%   128 2676s
 29606 21748 173479.215  114  904 176009.000 171678.242  2.46%   128 2718s
 29607 21749 175863.800  157  909 176009.000 171693.826  2.45%   128 2735s
 29609 21750 175519.072  126  909 176009.000 171698.310  2.45%   128 2749s
 29610 21751 172311.417   85  909 176009.000 171698.310  2.45%   128 2761s
 29611 21751 172613.799   88  909 176009.000 171698.310  2.45%   128 2794s
 29612 21755 171702.612   76  886 176009.000 171702.612  2.45%   128 2824s
 29614 21758 171776.330   77  869 176009.000 171702.614  2.45%   128 2825s
 29634 21788 171930.259   80  870 176009.000 171707.317  2.44%   128 2832s
 29654 21789 171976.028   82  888 176009.000 171707.317  2.44%   129 2836s
 29662 21794 171960.731   82  866 176009.000 171707.317  2.44%   129 2843s
 29670 21800 172017.022   83  872 176009.000 171707.317  2.44%   129 2846s
 29678 21805 172066.612   83  868 176009.000 171707.317  2.44%   129 2850s
 29686 21810 172038.523   84  855 176009.000 171707.317  2.44%   129 2856s
 29694 21816 172198.247   84  879 176009.000 171707.317  2.44%   129 2860s
 29710 21826 172087.116   85  862 176009.000 171707.317  2.44%   129 2869s
 29718 21832 172109.094   86  832 176009.000 171707.317  2.44%   129 2873s
 29726 21837 172194.579   86  838 176009.000 171707.317  2.44%   129 2876s
 29734 21842 172240.720   87  846 176009.000 171707.317  2.44%   129 2880s
 29750 21856 172289.295   88  829 176009.000 171707.317  2.44%   129 2887s
 29761 21866 172263.759   88  830 176009.000 171707.317  2.44%   129 2890s
 29789 21891 172334.710   89  823 176009.000 171707.317  2.44%   129 2897s
 29828 21905 172499.322   92  836 176009.000 171707.317  2.44%   129 2903s
 29836 21910 172633.832   93  796 176009.000 171707.317  2.44%   129 2906s
 29852 21921 172724.662   94  791 176009.000 171707.317  2.44%   130 2913s
 29860 21926 172808.739   94  790 176009.000 171707.317  2.44%   130 2916s
 29868 21939 172816.955   95  762 176009.000 171707.317  2.44%   130 2920s
 29909 21967 172869.096   97  776 176009.000 171707.317  2.44%   130 2930s
 29958 22017 172989.418  100  722 176009.000 171707.317  2.44%   130 2938s
 29991 22045 173183.600  102  719 176009.000 171707.317  2.44%   130 2942s
 30032 22072 173426.119  104  666 176009.000 171707.317  2.44%   130 2947s
 30077 22102 173606.650  107  639 176009.000 171707.317  2.44%   130 2952s
 30122 22137 173695.032  110  661 176009.000 171707.317  2.44%   131 2957s
 30172 22167 173774.359  114  622 176009.000 171707.317  2.44%   131 2962s
 30227 22186 174073.951  117  664 176009.000 171707.317  2.44%   131 2967s
 30264 22228 174029.332  120  583 176009.000 171707.317  2.44%   131 2973s
 30320 22261 174150.853  124  607 176009.000 171707.317  2.44%   131 2978s
 30374 22298 174185.221  128  610 176009.000 171707.317  2.44%   131 2984s
 30431 22344 174229.286  131  640 176009.000 171707.317  2.44%   131 2991s
 30504 22397 174351.060  136  585 176009.000 171707.317  2.44%   131 2999s
 30586 22427 174450.355  141  643 176009.000 171707.317  2.44%   131 3007s
 30677 22464 174817.252  146  634 176009.000 171707.317  2.44%   132 3014s
 30765 22513 174512.715  151  587 176009.000 171707.317  2.44%   132 3021s
 30870 22541 174588.163  156  603 176009.000 171707.317  2.44%   132 3028s
 30964 22572 175179.046  161  614 176009.000 171733.038  2.43%   132 3035s
 31029 22634 175310.034  166  600 176009.000 171733.038  2.43%   132 3043s
 31126 22609 174889.498  174  593 176009.000 171733.038  2.43%   132 3052s
 31136 22659     cutoff  174      176009.000 171733.038  2.43%   132 3060s
 31213 22681 175185.998  179  592 176009.000 171733.038  2.43%   132 3069s
 31284 22718 175531.857  184  637 176009.000 171733.038  2.43%   132 3078s
 31421 22726 172096.740   83  821 176009.000 171759.898  2.41%   132 3085s
 31487 22763 172484.750   87  848 176009.000 171759.898  2.41%   132 3092s
 31546 22826 172642.841   92  816 176009.000 171759.898  2.41%   133 3100s
 31630 22892 172815.126   94  803 176009.000 171759.898  2.41%   133 3109s
 31729 22974 172914.492   99  761 176009.000 171759.898  2.41%   133 3120s
 31864 22996 173561.532  105  757 176009.000 171759.898  2.41%   133 3131s
 31974 23044 173816.076  108  740 176009.000 171800.958  2.39%   133 3141s
 32062 23107 174062.177  109  739 176009.000 171800.958  2.39%   133 3152s
 32162 23186 174281.574  115  761 176009.000 171800.958  2.39%   133 3165s
 32322 23233 174706.350  128  655 176009.000 171827.906  2.38%   133 3177s
 32449 23305 175156.286  133  584 176009.000 171827.906  2.38%   134 3190s
 32589 23377 172353.643   80  833 176009.000 171827.906  2.38%   134 3204s
 32718 23491 173072.138   92  728 176009.000 171827.906  2.38%   134 3219s
 32898 23537 173856.800  104  792 176009.000 171827.906  2.38%   134 3236s
 33063 23619 174278.491  111  751 176009.000 171858.785  2.36%   134 3250s
 33217 23716     cutoff  134      176009.000 171876.948  2.35%   134 3265s
 33395 23830 173114.483   92  767 176009.000 171876.948  2.35%   134 3282s
 33599 23912 173756.129  106  578 176009.000 171876.948  2.35%   134 3298s
 33878 23968 175579.844  140  516 176009.000 171891.711  2.34%   134 3314s
 34042 24119 172917.465   95  761 176009.000 171891.711  2.34%   135 3332s
 34256 24320 173531.031  116  725 176009.000 171891.711  2.34%   135 3352s
 34588 24416 174825.507  144  687 176009.000 171891.711  2.34%   134 3371s
 34836 24576 172732.045   82  822 176009.000 171891.711  2.34%   135 3390s
 35081 24709 174228.673   99  784 176009.000 171925.045  2.32%   135 3411s
 35377 24706 172315.694   82  749 176009.000 171925.045  2.32%   135 3461s
 35509 24879 172349.059   83  769 176009.000 171925.045  2.32%   135 3483s
 35770 25115 173833.837  104  687 176009.000 171959.756  2.30%   135 3509s
 36242 25336 172346.388   80  842 176009.000 171959.756  2.30%   135 3535s
 36659 25463 174246.721  116  690 176009.000 171959.756  2.30%   135 3559s
 37037 25666 174742.608  103  750 176009.000 171985.076  2.29%   136 3585s
 37409 25853 173029.641   90  787 176009.000 172022.795  2.26%   136 3615s
 37784 26078 173970.841   96  730 176009.000 172022.795  2.26%   137 3643s
 38271 26309 172755.943   90  711 176009.000 172022.795  2.26%   137 3671s
 38734 26538 175842.666  165  495 176009.000 172022.795  2.26%   138 3701s
 39163 26912 174979.691  111  730 176009.000 172022.795  2.26%   138 3731s
 39780 27137 174297.018  113  721 176009.000 172077.536  2.23%   138 3762s
 40355 27562 174221.094  108  667 176009.000 172096.758  2.22%   139 3800s
 41058 27787 172839.316   88  834 176009.000 172113.229  2.21%   139 3830s
 41611 28004 172826.535   91  809 176009.000 172125.945  2.21%   139 3859s
 42096 28353 173969.307   92  828 176009.000 172125.945  2.21%   140 3893s
 42757 28695 173199.541   89  857 176009.000 172160.265  2.19%   141 3927s
 43437 29062 173889.249  104  741 176009.000 172170.405  2.18%   141 3964s
 44106 29642 174594.933  105  685 176009.000 172184.555  2.17%   141 4022s
 45083 29785 173170.330   86  852 176009.000 172187.873  2.17%   142 4057s
 45606 30101 174173.592   99  801 176009.000 172198.782  2.16%   142 4090s
 46236 30358 175621.197  135  583 176009.000 172220.756  2.15%   142 4129s
 46828 30690 174262.970  104  576 176009.000 172220.756  2.15%   143 4169s
 47488 31150 174682.560  141  407 176009.000 172220.756  2.15%   143 4210s
 48273 31467 175390.557  195  384 176009.000 172220.756  2.15%   144 4250s
 49105 32020 174290.626  109  483 176009.000 172241.079  2.14%   144 4296s
 50124 32499 175264.261  245  288 176009.000 172241.079  2.14%   144 4330s
 51141 32680 175096.572  134  505 176009.000 172249.468  2.14%   143 4366s
 51772 33009 173661.952   92  749 176009.000 172256.408  2.13%   144 4401s
 52487 33387 174902.344  111  787 176009.000 172275.315  2.12%   144 4464s
 53214 33667     cutoff  126      176009.000 172278.808  2.12%   144 4503s
 53851 34069 173479.566   96  796 176009.000 172288.395  2.11%   144 4541s
 54583 34453 174749.480  116  702 176009.000 172299.666  2.11%   144 4580s
 55293 34914 174427.963  111  707 176009.000 172306.201  2.10%   145 4619s
 56133 35282 174635.461  116  726 176009.000 172306.830  2.10%   145 4660s
 56878 35806 174011.470  108  654 176009.000 172306.830  2.10%   145 4708s
 57820 36133 173635.970   95  733 176009.000 172329.713  2.09%   145 4744s
 58610 36397 175049.423  107  669 176009.000 172341.972  2.08%   145 4797s
 59251 36942 175910.052  110  769 176009.000 172353.052  2.08%   145 4856s
 60286 37340 173990.792  101  747 176009.000 172362.974  2.07%   146 4906s
 61238 37855 173241.450   85  842 176009.000 172393.649  2.05%   147 4955s
 62303 38430 172852.715   86  792 176009.000 172411.111  2.04%   147 5004s
 63399 38764 175536.297  139  652 176009.000 172421.070  2.04%   146 5060s
 64222 39165 173809.336   94  802 176009.000 172430.551  2.03%   146 5103s
 64980 39708 173842.690  101  638 176009.000 172430.551  2.03%   146 5152s
 66040 40198 174248.027   92  779 176009.000 172441.084  2.03%   147 5198s
 67093 40554 173262.119   90  765 176009.000 172454.314  2.02%   147 5241s
 67971 40962 175077.650  238  605 176009.000 172454.314  2.02%   147 5280s
 68854 41552 175635.031  432  399 176009.000 172472.829  2.01%   147 5326s
 69925 41791 174050.446   94  739 176009.000 172475.825  2.01%   146 5363s
 70641 41950 175684.635  138  708 176009.000 172494.345  2.00%   147 5420s
 71102 42472 175666.992  136  650 176009.000 172494.345  2.00%   147 5461s
 71884 42821 175562.570  108  767 176009.000 172506.331  1.99%   147 5502s
 72629 43253 174780.762  132  576 176009.000 172511.683  1.99%   147 5544s
 73431 43548 175765.086  135  669 176009.000 172516.121  1.98%   147 5597s
 74124 44306 173770.211   94  759 176009.000 172527.404  1.98%   147 5653s
 75339 44842 173411.432   93  752 176009.000 172545.029  1.97%   147 5697s
 76409 45096 173645.123   88  858 176009.000 172548.308  1.97%   146 5734s
 77115 45842 173889.495  103  655 176009.000 172548.308  1.97%   147 5778s
 78208 46149 175813.385  214  407 176009.000 172557.067  1.96%   147 5814s
 79055 46434 173644.161   96  824 176009.000 172571.024  1.95%   147 5853s
 79711 46458 173754.780   97  780 176009.000 172577.907  1.95%   146 5888s
 79981 47167 174424.062  102  777 176009.000 172577.907  1.95%   146 5928s
 80938 47835 173657.769   93  743 176009.000 172585.040  1.95%   146 5968s
 82035 47966 174435.724  109  673 176009.000 172590.475  1.94%   146 6018s
 82599 48444 173864.242   94  680 176009.000 172590.789  1.94%   146 6056s
 83485 48895 175093.360  140  333 176009.000 172594.263  1.94%   146 6093s
 84334 49406 175911.684  235  196 176009.000 172608.220  1.93%   146 6134s
 85380 49691 174405.603  100  747 176009.000 172612.904  1.93%   146 6173s
 86156 50044 174679.453  117  632 176009.000 172616.453  1.93%   146 6209s
 86990 50261 173849.160   87  726 176009.000 172629.169  1.92%   146 6244s
 87657 50549 174199.540  106  690 176009.000 172642.214  1.91%   147 6282s
 88338 51016 175234.349  108  632 176009.000 172642.214  1.91%   147 6338s
 89110 51792 173871.789   96  627 176009.000 172642.214  1.91%   147 6384s
 90352 51779 174016.312   90  733 176009.000 172656.624  1.90%   147 6455s
 90926 52147 173716.213   86  799 176009.000 172666.542  1.90%   147 6500s
 91651 52608 174229.717   93  688 176009.000 172674.331  1.89%   148 6542s
 92479 53092 174955.579  134  706 176009.000 172682.244  1.89%   148 6587s
 93445 53493 173806.892   96  743 176009.000 172687.678  1.89%   148 6632s
 94280 53818 173640.641   89  738 176009.000 172692.230  1.88%   148 6674s
 95008 54281 175170.982  116  729 176009.000 172693.128  1.88%   148 6726s
 95768 54815     cutoff  186      176009.000 172701.214  1.88%   148 6767s
 96484 55471 173690.377   97  745 176009.000 172707.642  1.88%   148 6811s
 97271 56225 174017.276   92  634 176009.000 172711.296  1.87%   148 6858s
 98231 56965     cutoff  159      176009.000 172711.350  1.87%   148 6901s
 99163 57808 175791.571  144  672 176009.000 172719.644  1.87%   148 6943s
 100153 58549 174532.447  101  735 176009.000 172723.798  1.87%   148 6981s
 101075 59264 174612.286  107  629 176009.000 172731.284  1.86%   148 7024s
 101978 60034 173906.056   93  759 176009.000 172736.098  1.86%   148 7066s
 102855 60864 175037.813  119  663 176009.000 172739.804  1.86%   148 7118s
 103815 61603 173996.151  105  715 176009.000 172749.123  1.85%   148 7154s
 104692 62048 174546.425  107  716 176009.000 172752.164  1.85%   148 7220s
 105275 63100 173872.099   94  796 176009.000 172754.078  1.85%   148 7264s
 106480 63606 174546.287  124  493 176009.000 172754.216  1.85%   147 7299s
 107135 64192 174161.743   93  699 176009.000 172764.935  1.84%   147 7337s
 107822 65013 174168.889  102  785 176009.000 172764.935  1.84%   148 7377s
 108752 65859     cutoff  174      176009.000 172769.006  1.84%   148 7413s
 109773 66538 173708.297   90  803 176009.000 172772.353  1.84%   147 7446s
 110627 67003 174154.778  105  758 176009.000 172778.388  1.84%   147 7482s
 111242 67722 174353.416  108  766 176009.000 172784.108  1.83%   147 7517s
 112029 68185 174627.223  100  540 176009.000 172784.496  1.83%   147 7556s
 112632 68719 174384.423   92  774 176009.000 172787.916  1.83%   147 7593s
 113366 69361 173585.564   90  739 176009.000 172798.538  1.82%   148 7626s
 114133 70163 174446.136  103  711 176009.000 172806.616  1.82%   148 7668s
 115083 70707 174341.684  101  690 176009.000 172808.491  1.82%   147 7703s
 115813 71182 174365.061   93  829 176009.000 172813.238  1.82%   147 7738s
 116429 71913 174668.131  105  593 176009.000 172815.507  1.81%   148 7781s
 117365 72615 173623.054   93  715 176009.000 172815.626  1.81%   148 7841s
 118198 73739 173408.892   86  826 176009.000 172822.095  1.81%   148 7884s
 119468 74442 175582.439  116  705 176009.000 172824.883  1.81%   148 7917s
 120314 74892 173523.460   89  755 176009.000 172825.031  1.81%   147 7958s
 120941 75411 175254.003  103  782 176009.000 172828.537  1.81%   147 7991s
 121588 75930 175264.947  114  434 176009.000 172837.715  1.80%   148 8031s
 122330 76601 175439.891  123  457 176009.000 172837.791  1.80%   148 8067s
 123184 77349 174454.512  101  700 176009.000 172843.549  1.80%   148 8103s
 124039 78057 174462.376  105  624 176009.000 172843.549  1.80%   148 8144s
 124838 78824 175307.987  152  284 176009.000 172843.549  1.80%   148 8181s
 125770 79352 174462.595   94  693 176009.000 172848.847  1.80%   148 8216s
 126415 79947 174770.111   97  754 176009.000 172851.938  1.79%   148 8251s
 127182 80602 174154.023   99  646 176009.000 172856.486  1.79%   148 8292s
 127946 81269 174855.578  108  677 176009.000 172860.469  1.79%   148 8326s
 128775 81721 173972.083   88  727 176009.000 172863.709  1.79%   148 8360s
 129492 82224 173813.295   93  789 176009.000 172872.234  1.78%   148 8394s
 130141 82784 174599.965   98  736 176009.000 172873.045  1.78%   148 8435s
 130901 83478 174849.122  107  730 176009.000 172880.749  1.78%   148 8474s
 131697 84093 174928.888  147  489 176009.000 172886.001  1.77%   148 8513s
 132406 85133 175027.653  100  724 176009.000 172886.001  1.77%   148 8566s
 133685 85693 174343.866  102  770 176009.000 172889.943  1.77%   148 8593s
 134355 86049 infeasible  110      176009.000 172895.076  1.77%   148 8639s
 134776 86854 174727.461  110  740 176009.000 172895.796  1.77%   148 8676s
 135738 87522 173861.288   91  794 176009.000 172900.591  1.77%   147 8712s
 136512 88177 175064.229  109  721 176009.000 172906.616  1.76%   147 8747s
 137294 88727 175037.166  110  695 176009.000 172907.009  1.76%   147 8780s
 137939 89495 175080.761  114  703 176009.000 172907.009  1.76%   147 8818s
 138898 90008 173766.255   86  685 176009.000 172913.878  1.76%   147 8849s
 139579 90435 175374.902  105  693 176009.000 172917.238  1.76%   147 8880s
 140166 91211 174349.247  102  622 176009.000 172920.165  1.75%   147 8920s
 141085 91764 174553.330  111  727 176009.000 172925.178  1.75%   147 8958s
 141738 92372 175295.449   95  731 176009.000 172927.118  1.75%   147 8995s
 142549 93130 173970.917   95  612 176009.000 172930.066  1.75%   147 9034s
 143416 93934 175806.597  254  410 176009.000 172930.744  1.75%   147 9077s
 144357 94620 174484.583   99  729 176009.000 172933.244  1.75%   147 9113s
 145204 95255 174552.821  106  659 176009.000 172933.244  1.75%   147 9148s
 146020 95907 173780.618   87  801 176009.000 172944.520  1.74%   147 9185s
 146812 96584 174840.240  117  551 176009.000 172945.386  1.74%   147 9219s
 147599 97341 174963.061  115  652 176009.000 172946.026  1.74%   147 9273s
 148521 97934 174167.111  100  719 176009.000 172949.735  1.74%   147 9326s
 149303 98686 174803.508  106  757 176009.000 172951.704  1.74%   147 9369s
 150279 99517 173896.965  100  754 176009.000 172955.045  1.74%   147 9407s
 151239 100163 173977.479   95  754 176009.000 172957.250  1.73%   147 9443s
 152045 100863 174054.219  101  788 176009.000 172959.094  1.73%   147 9481s
 152927 101593 175019.055  112  677 176009.000 172961.440  1.73%   147 9520s
 153792 102146 174943.282  108  599 176009.000 172964.955  1.73%   147 9556s
H153927 101093                    175949.00000 172964.955  1.70%   147 9556s
H154475 100693                    175933.00000 172964.955  1.69%   147 9593s
H154653 99712                    175911.00000 172964.955  1.67%   147 9593s
H154753 99549                    175895.00000 172964.955  1.67%   147 9656s
 155531 100376 174994.672  163  416 175895.000 172968.504  1.66%   147 9699s
 156566 101061 175674.992  148  478 175895.000 172972.158  1.66%   147 9739s
 157431 101801 174016.443   89  766 175895.000 172977.460  1.66%   147 9776s
 158287 102552 174748.950  124  562 175895.000 172978.892  1.66%   147 9814s
 159205 103208 174653.459   97  789 175895.000 172981.153  1.66%   147 9853s
 160056 103938 174437.154   94  793 175895.000 172983.606  1.66%   147 9892s
 160954 104252 173834.735   94  728 175895.000 172987.189  1.65%   147 9929s
 161347 104856 173447.924   86  806 175895.000 172988.894  1.65%   147 9969s
 162140 105378 174441.714  106  602 175895.000 172988.894  1.65%   147 10023s
 162871 106205 175672.972  159  217 175895.000 172992.691  1.65%   147 10073s
 163938 107109 175465.581  226  427 175895.000 172994.504  1.65%   147 10113s
 165034 107569 174991.316  104  758 175895.000 172995.799  1.65%   147 10148s
 165615 108380 174437.878  105  506 175895.000 172998.557  1.65%   147 10190s
 166584 109024 175754.310  142  521 175895.000 173001.147  1.65%   147 10226s
 167413 109516 174901.030  104  731 175895.000 173003.893  1.64%   147 10262s
 168077 109873 174637.383  108  533 175895.000 173009.646  1.64%   147 10300s
H168270 107894                    175858.00000 173009.646  1.62%   147 10301s
 168477 108392 175696.278  185  332 175858.000 173009.723  1.62%   147 10362s
 169107 109099 174008.976   99  783 175858.000 173015.995  1.62%   147 10404s
 170041 109877 173553.884   87  697 175858.000 173019.126  1.61%   147 10444s
 171017 110533 175813.309  281  422 175858.000 173019.126  1.61%   147 10485s
 171832 111405 173988.990   87  761 175858.000 173019.126  1.61%   148 10526s
 172927 112069 173827.986   99  780 175858.000 173029.234  1.61%   148 10565s
 173789 112783     cutoff  119      175858.000 173031.497  1.61%   148 10604s
 174697 113357 174895.998  142  582 175858.000 173034.878  1.61%   148 10639s
 175440 113931 174056.148   95  740 175858.000 173037.498  1.60%   148 10677s
 176143 114628 174701.648   92  615 175858.000 173038.812  1.60%   148 10715s
 177037 115484 174345.027   89  796 175858.000 173043.270  1.60%   148 10764s
 178038 116170 174262.563   93  653 175858.000 173044.619  1.60%   148 10798s
 178837 116802 175039.947  115  695 175858.000 173044.619  1.60%   148 10830s
 179644 117419 174780.151   95  728 175858.000 173047.249  1.60%   148 10863s
 180404 118006 173591.062   87  660 175858.000 173048.772  1.60%   148 10894s
 181172 118692 174969.322  107  652 175858.000 173051.361  1.60%   148 10933s
 182042 119227 174846.058   99  755 175858.000 173054.523  1.59%   148 10966s
 182724 119923 174800.791  117  682 175858.000 173056.386  1.59%   148 10999s
 183569 120662 173949.623   90  780 175858.000 173059.025  1.59%   148 11034s
 184457 121203 173984.251   93  790 175858.000 173061.966  1.59%   148 11067s
 185168 121909 174318.956  101  773 175858.000 173063.665  1.59%   148 11103s
 186118 122580 175151.068  103  649 175858.000 173065.261  1.59%   148 11135s
 186904 123553 174755.583   96  776 175858.000 173067.040  1.59%   148 11169s
 188008 124309 174637.612   93  783 175858.000 173068.883  1.59%   147 11203s
 188882 124867 173651.670   90  621 175858.000 173071.377  1.58%   147 11235s
 189624 125405 174992.463  114  605 175858.000 173072.564  1.58%   147 11267s
 190314 125904 175436.964  193  442 175858.000 173072.564  1.58%   147 11299s
 191048 126416 174046.791   93  738 175858.000 173075.286  1.58%   147 11334s
 191747 127281 175555.264  154  404 175858.000 173075.455  1.58%   147 11386s
 192842 127728 173702.816   88  791 175858.000 173077.756  1.58%   148 11417s
 193408 128391 174787.565  114  441 175858.000 173079.433  1.58%   148 11456s
 194191 128979 173912.678   86  796 175858.000 173083.053  1.58%   148 11522s
 194993 129924 175297.392  126  596 175858.000 173084.860  1.58%   148 11562s
 196097 130567 174746.798   95  647 175858.000 173086.601  1.58%   148 11597s
 196947 131320 175509.893  133  630 175858.000 173088.569  1.57%   148 11633s
 197878 131813 174676.772   95  711 175858.000 173092.576  1.57%   148 11666s
 198518 132523 174415.077  103  555 175858.000 173094.892  1.57%   148 11704s
 199423 133169 175101.659  110  700 175858.000 173096.532  1.57%   148 11736s
 200218 133745 174215.033   90  781 175858.000 173097.846  1.57%   148 11772s
 200929 134723 174015.336   97  722 175858.000 173098.239  1.57%   148 11810s
 202065 135295 174362.573   95  782 175858.000 173098.239  1.57%   148 11847s
 202764 135838 174082.501   99  738 175858.000 173101.992  1.57%   148 11880s
 203415 136429 174130.125   93  803 175858.000 173101.992  1.57%   148 11914s
 204113 136901 175388.909  126  661 175858.000 173105.881  1.56%   148 11947s
 204749 137281 174609.247  105  751 175858.000 173107.911  1.56%   148 11988s
 205259 138342 174894.028   96  735 175858.000 173107.911  1.56%   148 12026s
 206470 139044 175311.708  106  739 175858.000 173110.505  1.56%   148 12074s
 207388 139512 174099.408   95  722 175858.000 173116.273  1.56%   148 12111s
 208071 140235 175119.526   97  719 175858.000 173118.678  1.56%   148 12153s
 209103 140804 175409.791  113  686 175858.000 173119.282  1.56%   148 12190s
 210062 141351 174399.969   90  758 175858.000 173121.993  1.56%   148 12227s
 210759 142029 174800.715  118  576 175858.000 173122.153  1.56%   148 12263s
 211699 142672 174217.458  106  629 175858.000 173125.680  1.55%   149 12299s
 212521 143350 175637.616  108  718 175858.000 173127.104  1.55%   149 12334s
 213358 143994 174852.234   96  804 175858.000 173129.609  1.55%   149 12368s
 214202 144542 173583.142   86  784 175858.000 173132.627  1.55%   149 12406s
 214851 145166 173875.579   90  756 175858.000 173133.173  1.55%   149 12443s
 215625 146040 174363.206  101  508 175858.000 173134.786  1.55%   149 12482s
 216661 146670 175722.916  211  379 175858.000 173136.372  1.55%   149 12515s
 217457 147393 175247.201   97  726 175858.000 173137.849  1.55%   149 12551s
 218339 147759     cutoff  106      175858.000 173140.275  1.55%   149 12583s
 218857 148443 173614.523   85  838 175858.000 173141.501  1.54%   149 12619s
 219705 149055 174748.588   94  771 175858.000 173143.241  1.54%   149 12654s
 220510 149534 173959.352   92  782 175858.000 173146.406  1.54%   149 12687s
 221165 150203 174087.288   90  745 175858.000 173148.909  1.54%   149 12735s
 222082 150919 175246.169  121  626 175858.000 173152.601  1.54%   149 12771s
 223013 151386 174077.847   96  735 175858.000 173154.883  1.54%   149 12805s
 223545 152248 175075.828  174  462 175858.000 173156.439  1.54%   149 12849s
 224657 152661 175162.055  179  421 175858.000 173157.057  1.54%   149 12886s
 225134 153108 174772.368   99  807 175858.000 173157.489  1.54%   149 12927s
 225767 153608     cutoff  104      175858.000 173159.416  1.53%   149 12969s
 226603 154234 175394.290  111  594 175858.000 173161.488  1.53%   149 13020s
 227439 154949 173896.928   88  811 175858.000 173163.895  1.53%   150 13062s
 228348 155434 174082.244   94  546 175858.000 173164.865  1.53%   150 13100s
 228990 155867 174709.872  100  681 175858.000 173166.588  1.53%   150 13139s
 229584 156505 175057.404  110  766 175858.000 173167.864  1.53%   150 13182s
 230455 157112 174511.181   96  818 175858.000 173170.459  1.53%   150 13224s
 231261 157919 174779.016  114  714 175858.000 173172.874  1.53%   150 13266s
 232246 158650 174313.858   94  770 175858.000 173173.739  1.53%   150 13309s
 233218 159276 174885.081  167  439 175858.000 173175.591  1.53%   150 13352s
 234001 160056 175799.602  361  415 175858.000 173177.545  1.52%   150 13395s
 234964 160721 173961.671   93  794 175858.000 173179.948  1.52%   150 13434s
 235833 161564 174508.346  101  734 175858.000 173180.308  1.52%   150 13484s
 236847 162289 173941.055   94  835 175858.000 173183.957  1.52%   150 13523s
 237746 162621 173969.343   88  821 175858.000 173185.852  1.52%   150 13571s
 238182 163302 175089.942  104  696 175858.000 173186.607  1.52%   150 13612s
 239044 163769 174420.436   89  797 175858.000 173188.157  1.52%   150 13649s
 239637 164394 174735.307   99  728 175858.000 173190.670  1.52%   150 13691s
 240478 164998 173620.227   86  840 175858.000 173193.149  1.52%   150 13731s
 241300 165660 175777.510  125  654 175858.000 173195.857  1.51%   150 13771s
 242242 166223 174215.709   91  799 175858.000 173198.285  1.51%   150 13811s
 242956 166741 174150.756   93  700 175858.000 173198.285  1.51%   150 13851s
 243659 167379 175541.094  129  382 175858.000 173199.973  1.51%   151 13891s
 244527 167972 174652.128  100  693 175858.000 173203.090  1.51%   151 13935s
 245296 168758 174120.268   89  784 175858.000 173204.835  1.51%   151 13976s
 246228 169403 174513.320  111  532 175858.000 173205.452  1.51%   151 14015s
 247070 169821 174320.719   89  748 175858.000 173208.947  1.51%   151 14074s
 247684 170173 175111.651  102  721 175858.000 173208.947  1.51%   151 14116s
 248091 170334 175798.169  123  494 175858.000 173208.947  1.51%   151 14152s
H248100 169670                    175848.00000 173208.947  1.50%   151 14152s
 248334 170132 173924.953   89  698 175848.000 173210.769  1.50%   151 14194s
H248576 167342                    175810.00000 173210.769  1.48%   151 14194s
H248770 157510                    175719.00000 173213.164  1.43%   151 14194s
 248912 158099 175019.375  119  401 175719.000 173213.164  1.43%   151 14237s
 249764 158980 175267.100  127  530 175719.000 173216.891  1.42%   151 14282s
 250852 159724 174912.092   95  733 175719.000 173218.116  1.42%   151 14337s
 251786 160210 174583.492   97  770 175719.000 173219.640  1.42%   152 14388s
 252388 160856 174649.784   99  781 175719.000 173220.873  1.42%   152 14433s
 253223 161567 175686.770  117  661 175719.000 173222.999  1.42%   152 14478s
 254175 162369 174679.120   93  758 175719.000 173225.873  1.42%   152 14527s
 255264 162935 174487.692   97  728 175719.000 173225.923  1.42%   152 14570s
 256030 163484 174655.649  101  800 175719.000 173230.659  1.42%   152 14612s
 256793 164140 174888.017  106  769 175719.000 173233.524  1.41%   152 14656s
 257677 164743 174297.191   88  763 175719.000 173236.240  1.41%   152 14698s
 258462 165228 174542.617   95  781 175719.000 173237.987  1.41%   152 14741s
 259160 165789 174645.892  107  701 175719.000 173240.284  1.41%   152 14783s
 259855 166530 175099.288  106  692 175719.000 173240.622  1.41%   153 14831s
 260837 167192 175443.477  113  625 175719.000 173242.947  1.41%   153 14874s
 261748 167723 175238.364   96  759 175719.000 173245.477  1.41%   153 14917s
 262504 168022 174285.835   91  845 175719.000 173248.742  1.41%   153 14958s
 262919 168736 175333.089  108  718 175719.000 173248.744  1.41%   153 15002s
 263816 169559 174433.552   90  770 175719.000 173251.236  1.40%   153 15047s
 264838 170203 174815.888  145  462 175719.000 173253.899  1.40%   153 15087s
 265664 170847 175099.854  107  735 175719.000 173257.815  1.40%   153 15143s
 266546 171668 174615.784   89  709 175719.000 173259.259  1.40%   153 15186s
 267533 172273     cutoff  102      175719.000 173260.279  1.40%   153 15225s
 268347 172791 174336.536   91  792 175719.000 173262.962  1.40%   153 15264s
 269021 173342 174683.852   93  735 175719.000 173262.962  1.40%   153 15302s
 269829 173810 174521.587  108  559 175719.000 173265.250  1.40%   154 15344s
 270573 174471 174655.306   93  801 175719.000 173267.155  1.40%   154 15383s
 271490 175069 174065.321   93  655 175719.000 173269.201  1.39%   154 15423s
 272306 175676 174518.087   93  783 175719.000 173270.780  1.39%   154 15464s
 273112 176469 175083.627  108  644 175719.000 173272.894  1.39%   154 15507s
 274103 177075 175210.530  104  705 175719.000 173275.310  1.39%   154 15565s
 274879 177664 175616.079  156  407 175719.000 173276.033  1.39%   154 15606s
 275715 178392 174533.496  113  418 175719.000 173277.635  1.39%   154 15646s
 276665 179321 174495.111  107  516 175719.000 173279.012  1.39%   154 15687s
 277735 180126 174057.820   91  727 175719.000 173280.706  1.39%   154 15726s
 278719 180870 174865.277   91  785 175719.000 173282.841  1.39%   154 15764s
 279666 181559 174579.669   98  825 175719.000 173284.230  1.39%   154 15805s
 280576 182217 174501.887   90  755 175719.000 173286.458  1.38%   154 15856s
 281413 182776 175328.737  115  789 175719.000 173286.967  1.38%   154 15900s
 282294 183170 175326.189   89  761 175719.000 173290.628  1.38%   154 15943s
 282885 183921 175158.674  135  520 175719.000 173291.428  1.38%   154 16001s
 283845 184585 174119.620   93  730 175719.000 173292.682  1.38%   154 16048s
 284918 184810 174674.644   99  837 175719.000 173294.439  1.38%   155 16086s
 285225 185524 174146.501   99  770 175719.000 173295.508  1.38%   155 16130s
 286133 186219 174737.195   97  681 175719.000 173297.304  1.38%   155 16173s
 287107 186793 174660.438   94  715 175719.000 173299.934  1.38%   155 16215s
 288017 187379 174139.254   89  709 175719.000 173302.784  1.38%   155 16256s
 288828 187908 174096.577   90  757 175719.000 173303.964  1.37%   155 16299s
 289653 188498 174523.373   98  823 175719.000 173306.424  1.37%   155 16340s
 290504 189048 174334.970   93  725 175719.000 173308.711  1.37%   155 16380s
 291261 189758 175090.028  108  740 175719.000 173309.622  1.37%   155 16422s
 292133 190460 174345.058   91  817 175719.000 173311.683  1.37%   155 16464s
 293078 191082 174780.599  111  617 175719.000 173312.431  1.37%   155 16508s
 293891 191451 175476.758   98  725 175719.000 173313.744  1.37%   155 16576s
 294423 191945 174563.737  107  730 175719.000 173315.706  1.37%   155 16618s
 295139 192416 175125.517   93  818 175719.000 173317.912  1.37%   156 16672s
 295921 192925 174015.649   89  848 175719.000 173319.325  1.37%   156 16720s
 296725 193471 175010.540  107  690 175719.000 173321.015  1.36%   156 16767s
 297497 194282 174692.262  110  482 175719.000 173322.791  1.36%   156 16820s
 298558 194834 174628.813  102  737 175719.000 173323.824  1.36%   156 16864s
 299297 195496 174314.071   89  695 175719.000 173326.235  1.36%   156 16922s
 300151 196230 174987.842  110  710 175719.000 173327.359  1.36%   156 16970s
 301145 196967 174614.232   90  786 175719.000 173328.947  1.36%   157 17017s
 302110 197716 174387.383   91  799 175719.000 173330.795  1.36%   157 17062s
 303027 198382 174746.755  108  539 175719.000 173331.915  1.36%   157 17108s
 303834 199124 175705.902  201  406 175719.000 173332.777  1.36%   157 17153s
 304761 199829 174378.385   93  785 175719.000 173333.753  1.36%   157 17199s
 305706 200367 174746.817   95  762 175719.000 173337.282  1.36%   157 17245s
 306521 201107 174162.126  112  571 175719.000 173339.255  1.35%   157 17288s
 307468 201620 174336.477   93  783 175719.000 173341.485  1.35%   157 17333s
 308214 202127 174270.150   91  801 175719.000 173342.603  1.35%   157 17375s
 308921 202845 174201.932   90  828 175719.000 173344.108  1.35%   157 17421s
 309826 203417 174241.990   92  755 175719.000 173344.886  1.35%   157 17476s
 310693 204032 174999.280  108  715 175719.000 173346.668  1.35%   157 17517s
 311457 204758 174502.305  103  661 175719.000 173348.048  1.35%   157 17561s
 312441 205364     cutoff  113      175719.000 173349.581  1.35%   157 17610s
 313235 206012 174096.728   92  819 175719.000 173352.309  1.35%   157 17652s
 314073 206547 173884.594   89  830 175719.000 173353.935  1.35%   157 17699s
 314859 207378 174289.318   96  786 175719.000 173355.803  1.34%   157 17742s
 315968 207815 174031.925   95  685 175719.000 173357.004  1.34%   157 17786s
 316586 208418 174329.455   98  815 175719.000 173358.289  1.34%   157 17827s
 317364 209135 174711.534   89  718 175719.000 173359.612  1.34%   158 17872s
H317640 187695                    175576.00000 173359.612  1.26%   158 17872s
H318323 180692                    175531.00000 173360.450  1.24%   158 17913s
 318997 181131 174076.165   92  592 175531.000 173361.042  1.24%   158 17953s
 319630 181585 174194.865   94  806 175531.000 173362.925  1.24%   158 17996s
 320387 182044 174177.822   88  826 175531.000 173364.867  1.23%   158 18049s
 321099 182560 174765.918  102  795 175531.000 173366.764  1.23%   158 18090s
 321767 182946 175156.385  113  749 175531.000 173367.383  1.23%   158 18132s
 322429 183078 173863.773   90  637 175531.000 173369.058  1.23%   158 18168s
 322634 183577 174110.895   95  607 175531.000 173369.302  1.23%   158 18209s
 323343 184203 174958.648  105  714 175531.000 173370.941  1.23%   158 18252s
 324200 184791 174344.504   98  651 175531.000 173373.806  1.23%   158 18298s
 325091 184799 174729.249   95  766 175531.000 173376.083  1.23%   159 18340s
 325099 185929 174641.375   95  737 175531.000 173376.083  1.23%   159 18446s
 326651 186583     cutoff  103      175531.000 173378.820  1.23%   159 18497s
 327750 187298 174228.010   98  782 175531.000 173381.496  1.22%   159 18544s
 328785 187988 175276.679  102  738 175531.000 173384.204  1.22%   159 18585s
 329731 188741 174199.532   95  770 175531.000 173385.197  1.22%   159 18626s
 330743 189342     cutoff  116      175531.000 173387.200  1.22%   159 18667s
 331621 189957 173997.734   91  752 175531.000 173388.650  1.22%   159 18707s
 332485 190489 174688.985  115  524 175531.000 173390.549  1.22%   159 18746s
 333340 191113 174368.200   93  779 175531.000 173392.027  1.22%   159 18786s
 334178 191663 174677.193   94  769 175531.000 173393.624  1.22%   159 18846s
 334996 192209 174225.893   94  681 175531.000 173395.895  1.22%   159 18884s
 335778 192881 174717.250  105  597 175531.000 173397.732  1.22%   159 18926s
 336707 193438 174636.120   97  570 175531.000 173399.269  1.21%   160 18964s
 337533 194044 174308.585  100  662 175531.000 173400.221  1.21%   160 19003s
 338360 194495 174482.025   94  771 175531.000 173401.492  1.21%   160 19039s
 338989 195087 174267.839   90  675 175531.000 173401.885  1.21%   160 19078s
 339808 195805 175289.283  138  317 175531.000 173403.019  1.21%   160 19132s
 340806 196280 174792.623  109  738 175531.000 173405.363  1.21%   160 19170s
 341576 196930 174708.815   94  755 175531.000 173406.273  1.21%   160 19210s
 342478 197511 174223.702   94  625 175531.000 173408.474  1.21%   160 19259s
 343247 198040 174130.141   99  814 175531.000 173410.670  1.21%   160 19301s
 344149 198680 174706.484  100  645 175531.000 173412.091  1.21%   160 19341s
 345167 199129 174662.812   97  747 175531.000 173413.991  1.21%   160 19383s
 345891 199707 174881.255   98  776 175531.000 173415.494  1.21%   160 19422s
 346706 200388 174276.858   95  605 175531.000 173416.935  1.20%   160 19460s
 347625 200826 174921.454  103  708 175531.000 173417.985  1.20%   160 19496s
 348330 201548 174421.444   98  601 175531.000 173420.062  1.20%   161 19537s
 349243 202175 175150.818   90  830 175531.000 173421.083  1.20%   161 19574s
 350096 202850 174970.840   97  598 175531.000 173422.836  1.20%   161 19614s
 351073 203492 174247.513   92  774 175531.000 173425.757  1.20%   161 19651s
 351935 204060 175000.257  106  766 175531.000 173427.808  1.20%   161 19688s
 352787 204438 174668.432   92  759 175531.000 173428.493  1.20%   161 19738s
 353387 205127 174652.536  104  618 175531.000 173429.368  1.20%   161 19775s
 354339 205726 174030.810   95  721 175531.000 173431.206  1.20%   161 19829s
 355289 206310 174153.319   87  791 175531.000 173432.011  1.20%   161 19868s
 356091 206952 175090.015  113  635 175531.000 173433.515  1.19%   161 19905s
 356921 207431 175502.312  125  560 175531.000 173434.152  1.19%   161 19942s
 357657 207990 175049.554  104  791 175531.000 173434.997  1.19%   161 19985s
 358530 208512 174577.047   99  802 175531.000 173436.857  1.19%   161 20023s
 359261 209140 174367.063   93  774 175531.000 173438.085  1.19%   161 20063s
 360184 209668 174630.987   97  773 175531.000 173440.836  1.19%   161 20106s
 361085 210257 174216.167   96  732 175531.000 173442.351  1.19%   161 20146s
 361912 210576 175048.550  112  677 175531.000 173443.196  1.19%   162 20184s
 362456 211210 174494.972  106  514 175531.000 173444.209  1.19%   162 20226s
 363265 211873 174574.025   95  806 175531.000 173445.868  1.19%   162 20267s
 364192 212535 175500.692  141  534 175531.000 173447.261  1.19%   162 20308s
 365107 213071 174148.979   95  721 175531.000 173449.091  1.19%   162 20349s
 365938 213588 173904.147   91  698 175531.000 173450.816  1.19%   162 20390s
 366657 213943 175113.285  146  507 175531.000 173451.582  1.18%   162 20429s
 367273 214500 174668.421   98  662 175531.000 173453.240  1.18%   162 20468s
 368064 215042 175336.867   95  747 175531.000 173454.528  1.18%   162 20507s
 368763 215628 173974.561   97  641 175531.000 173455.319  1.18%   162 20559s
 369647 216351 174166.497   94  792 175531.000 173458.005  1.18%   162 20612s
 370584 217078 175322.772  139  497 175531.000 173459.141  1.18%   162 20652s
 371542 217620 infeasible  139      175531.000 173460.078  1.18%   162 20688s
 372293 218256 174774.546  132  462 175531.000 173461.768  1.18%   162 20726s
 373166 218806 174401.010   99  747 175531.000 173463.479  1.18%   162 20765s
 373933 219284     cutoff  106      175531.000 173464.774  1.18%   162 20803s
 374651 219831 174283.251   94  847 175531.000 173466.230  1.18%   163 20854s
 375336 220525 174496.834   94  758 175531.000 173467.023  1.18%   163 20894s
 376275 221144 175316.835  167  425 175531.000 173467.705  1.18%   163 20935s
 377147 221773 174605.604   93  735 175531.000 173469.113  1.17%   163 20977s
 377945 222366 174055.945   91  646 175531.000 173469.911  1.17%   163 21015s
 378783 222922 174397.644   95  766 175531.000 173470.245  1.17%   163 21053s
 379561 223389 174851.998   94  746 175531.000 173472.513  1.17%   163 21091s
 380259 223842 174333.649   95  810 175531.000 173472.679  1.17%   163 21131s
 381256 224209 173906.794   89  811 175531.000 173474.325  1.17%   163 21198s
 381920 224766 174490.775  100  671 175531.000 173475.346  1.17%   163 21242s
 382749 225251 174800.968  124  614 175531.000 173477.074  1.17%   163 21286s
 383588 225748 175375.921   98  834 175531.000 173478.800  1.17%   163 21330s
 384474 226398 174474.564   92  789 175531.000 173480.861  1.17%   163 21381s
 385388 226885 174479.438   98  735 175531.000 173482.560  1.17%   163 21419s
 386109 227357 175473.431  112  730 175531.000 173483.903  1.17%   164 21458s
 386793 228010 174670.700  119  521 175531.000 173484.563  1.17%   164 21499s
 387644 228697 174755.803  104  745 175531.000 173486.189  1.16%   164 21543s
 388566 229240 174127.801   93  779 175531.000 173488.186  1.16%   164 21584s
 389377 229949 174343.899   91  815 175531.000 173489.930  1.16%   164 21626s
 390396 230582 174505.514  109  650 175531.000 173491.737  1.16%   164 21660s

Cutting planes:
  Gomory: 1
  Cover: 55
  Clique: 3
  MIR: 13
  StrongCG: 2
  Flow cover: 22
  Inf proof: 16
  Zero half: 47
  Mod-K: 51

Explored 391213 nodes (64059885 simplex iterations) in 21660.16 seconds (42215.06 work units)
Thread count was 8 (of 96 available processors)

Solution count 10: 175531 175576 175719 ... 175949

Time limit reached
Best objective 1.755310000000e+05, best bound 1.734930000000e+05, gap 1.1610%

User-callback calls 4144723, time in user-callback 0.56 sec
LB for instance NFL32 with 16 = 173493, UB = 175531, gap = 0.0116105
