inst=INCR40
r=30
Compute TTP bound for INCR40_30 with TimeLimit 21660
Save file as Instances/TTP/Bound_INCR40_30.txt
Read TTP files
Instance: INCR40, Type: A, Contributor: Hoshino, Kawarabayashi
Date: 0/4/2012
NrTeams = 40, NrRounds =  30
Set parameter TokenServer to value "licgurobi.ugent.be"
Set parameter Threads to value 8
Set parameter TimeLimit to value 21660
Gurobi Optimizer version 12.0.0 build v12.0.0rc1 (linux64 - "Red Hat Enterprise Linux 9.6 (Plow)")

CPU model: AMD EPYC 7552 48-Core Processor, instruction set [SSE2|AVX|AVX2]
Thread count: 96 physical cores, 96 logical processors, using up to 8 threads

Non-default parameters:
TimeLimit  21660
Threads  8

Optimize a model with 2500 rows, 1129480 columns and 3357280 nonzeros
Model fingerprint: 0xd810267a
Variable types: 0 continuous, 1129480 integer (1129480 binary)
Coefficient statistics:
  Matrix range     [1e+00, 1e+00]
  Objective range  [2e+00, 3e+03]
  Bounds range     [1e+00, 1e+00]
  RHS range        [1e+00, 2e+01]
Presolve removed 80 rows and 731160 columns
Presolve time: 4.29s
Presolved: 2420 rows, 398320 columns, 1163760 nonzeros
Variable types: 0 continuous, 398320 integer (398320 binary)
Deterministic concurrent LP optimizer: primal simplex, dual simplex, and barrier
Showing barrier log only...

Root barrier log...

Ordering time: 0.12s

Barrier statistics:
 AA' NZ     : 3.900e+04
 Factor NZ  : 3.531e+05 (roughly 160 MB of memory)
 Factor Ops : 1.104e+08 (less than 1 second per iteration)
 Threads    : 6

                  Objective                Residual
Iter       Primal          Dual         Primal    Dual     Compl     Time
   0   7.74447641e+08 -5.77704615e+08  1.49e+03 1.69e+02  3.65e+03     6s
   1   1.77766229e+07 -2.60683989e+08  3.59e+01 1.82e-12  3.77e+02     7s
   2   6.99524229e+05 -1.15021413e+07  1.02e+00 1.14e-12  1.57e+01     7s
   3   1.71479649e+05 -1.09927096e+06  3.12e-03 9.09e-13  1.59e+00     7s
   4   1.59564411e+05 -4.55759108e+05  9.45e-04 6.82e-13  7.71e-01     7s
   5   1.53330384e+05 -2.86868237e+05  6.08e-04 5.68e-13  5.52e-01     7s
   6   1.44288473e+05 -1.88368672e+05  2.94e-04 4.55e-13  4.17e-01     7s
   7   1.39647342e+05 -7.86156022e+04  2.11e-04 4.55e-13  2.74e-01     7s
   8   1.31172502e+05 -1.67658986e+04  1.16e-04 4.55e-13  1.85e-01     8s
   9   1.27891181e+05  1.69334894e+03  9.57e-05 4.55e-13  1.58e-01     8s
  10   1.21674124e+05  3.94467654e+04  6.77e-05 4.55e-13  1.03e-01     8s
  11   1.10661577e+05  5.48831276e+04  2.28e-05 4.55e-13  6.99e-02     8s
  12   1.04164998e+05  8.13568908e+04  2.09e-06 4.55e-13  2.86e-02     8s
  13   1.03423042e+05  9.17760448e+04  7.20e-07 4.55e-13  1.46e-02     8s
  14   1.02779498e+05  9.71371849e+04  2.44e-07 6.82e-13  7.08e-03     8s
  15   1.02444650e+05  9.93668164e+04  8.66e-08 4.55e-13  3.86e-03     8s
  16   1.02345236e+05  1.00621576e+05  4.46e-08 4.55e-13  2.16e-03     9s
  17   1.02291664e+05  1.01126434e+05  1.89e-08 4.55e-13  1.46e-03     9s
  18   1.02266889e+05  1.01726704e+05  9.08e-09 4.55e-13  6.77e-04     9s
  19   1.02243296e+05  1.01941204e+05  4.03e-09 4.55e-13  3.79e-04     9s
  20   1.02236550e+05  1.02115820e+05  2.68e-09 6.82e-13  1.51e-04     9s
  21   1.02228326e+05  1.02167781e+05  8.68e-10 4.55e-13  7.59e-05     9s
  22   1.02227939e+05  1.02192098e+05  8.05e-10 4.55e-13  4.49e-05     9s
  23   1.02227280e+05  1.02202363e+05  6.99e-10 4.55e-13  3.12e-05     9s
  24   1.02224319e+05  1.02217671e+05  1.92e-10 6.82e-13  8.34e-06     9s
  25   1.02223635e+05  1.02220642e+05  9.97e-11 6.82e-13  3.75e-06    10s
  26   1.02223065e+05  1.02222231e+05  5.50e-10 6.82e-13  1.05e-06    10s
  27   1.02222943e+05  1.02222856e+05  2.00e-10 6.82e-13  1.08e-07    10s
  28   1.02222933e+05  1.02222933e+05  3.30e-10 6.82e-13  1.28e-10    10s

Barrier solved model in 28 iterations and 9.88 seconds (10.87 work units)
Optimal objective 1.02222933e+05


Root crossover log...

     725 DPushes remaining with DInf 2.8633960e-05                10s
       0 DPushes remaining with DInf 0.0000000e+00                10s

     380 PPushes remaining with PInf 0.0000000e+00                10s
     370 PPushes remaining with PInf 0.0000000e+00                10s
       0 PPushes remaining with PInf 0.0000000e+00                10s

  Push phase complete: Pinf 0.0000000e+00, Dinf 3.1608494e-11     10s


Root simplex log...

Iteration    Objective       Primal Inf.    Dual Inf.      Time
    1105    1.0222293e+05   0.000000e+00   0.000000e+00     10s
Concurrent spin time: 0.38s

Solved with barrier

Root relaxation: objective 1.022229e+05, 1105 iterations, 5.05 seconds (2.80 work units)

    Nodes    |    Current Node    |     Objective Bounds      |     Work
 Expl Unexpl |  Obj  Depth IntInf | Incumbent    BestBd   Gap | It/Node Time

     0     0 102222.933    0  841          - 102222.933      -     -   11s
H    0     0                    359200.00000 102222.933  71.5%     -   12s
H    0     0                    359012.00000 102222.933  71.5%     -   12s
H    0     0                    114484.00000 102222.933  10.7%     -   15s
H    0     0                    107952.00000 102222.933  5.31%     -   16s
H    0     0                    107528.00000 102222.933  4.93%     -   18s
H    0     0                    106886.00000 102222.933  4.36%     -   25s
H    0     0                    106702.00000 102222.933  4.20%     -   25s
H    0     0                    104902.00000 102222.933  2.55%     -   28s
H    0     0                    104862.00000 102222.933  2.52%     -   30s
H    0     0                    104490.00000 102222.933  2.17%     -   32s
H    0     0                    103656.00000 102222.933  1.38%     -   33s
     0     0 102228.297    0  976 103656.000 102228.297  1.38%     -   46s
H    0     0                    103232.00000 102228.297  0.97%     -   53s
H    0     0                    103216.00000 102228.297  0.96%     -   59s
H    0     0                    103136.00000 102228.297  0.88%     -   66s
H    0     0                    103110.00000 102228.297  0.86%     -   66s
H    0     0                    103038.00000 102228.297  0.79%     -   68s
H    0     0                    102996.00000 102228.297  0.75%     -   76s
     0     0 102229.680    0  987 102996.000 102229.680  0.74%     -   95s
     0     0 102229.783    0 1018 102996.000 102229.783  0.74%     -   97s
     0     0 102229.917    0 1051 102996.000 102229.917  0.74%     -  109s
     0     0 102230.022    0 1020 102996.000 102230.022  0.74%     -  111s
     0     0 102230.022    0 1032 102996.000 102230.022  0.74%     -  111s
     0     0 102230.022    0  990 102996.000 102230.022  0.74%     -  113s
H    0     0                    102908.00000 102230.022  0.66%     -  134s
     0     0 102230.022    0  787 102908.000 102230.022  0.66%     -  143s
H    0     0                    102900.00000 102230.022  0.65%     -  147s
     0     0 102230.022    0  982 102900.000 102230.022  0.65%     -  154s
H    0     0                    102896.00000 102230.022  0.65%     -  160s
     0     0 102230.022    0 1058 102896.000 102230.022  0.65%     -  167s
     0     0 102230.198    0 1056 102896.000 102230.198  0.65%     -  174s
     0     0 102230.198    0 1054 102896.000 102230.198  0.65%     -  176s
     0     0 102230.473    0 1045 102896.000 102230.473  0.65%     -  179s
     0     0 102230.473    0 1060 102896.000 102230.473  0.65%     -  181s
     0     0 102230.473    0 1070 102896.000 102230.473  0.65%     -  181s
     0     0 102230.473    0 1007 102896.000 102230.473  0.65%     -  184s
H    0     0                    102894.00000 102230.473  0.64%     -  199s
     0     2 102232.000    0 1007 102894.000 102232.000  0.64%     -  203s
     1     4 102232.000    1 1012 102894.000 102232.000  0.64%   501  205s
     7    15 102232.000    3 1022 102894.000 102232.000  0.64%   114  213s
    14    17 102236.096    4 1107 102894.000 102232.882  0.64%   174  223s
    16    25 102236.096    5 1097 102894.000 102232.882  0.64%   156  227s
    24    52 102236.096    6 1096 102894.000 102233.240  0.64%   208  236s
H   26    52                    102890.00000 102233.240  0.64%   193  236s
H   33    52                    102880.00000 102233.240  0.63%   160  236s
H   36    52                    102852.00000 102233.240  0.60%   148  236s
    51   154 102236.096    9 1073 102852.000 102233.240  0.60%   120  250s
H  153   162                    102850.00000 102233.240  0.60%   109  270s
H  159   162                    102848.00000 102233.240  0.60%   105  270s
H  160   162                    102842.00000 102233.240  0.59%   105  270s
H  161   244                    102840.00000 102233.240  0.59%   104  297s
H  191   244                    102796.00000 102233.240  0.55%   119  297s
   243   366 102239.228   14 1059 102796.000 102233.240  0.55%   180  342s
H  365   477                    102762.00000 102233.240  0.51%   266  424s
H  398   477                    102706.00000 102233.240  0.46%   248  424s
H  476   776                    102658.00000 102233.240  0.41%   244  561s
H  553   776                    102644.00000 102233.240  0.40%   240  561s
   776   777 102241.828   54  990 102644.000 102233.240  0.40%   223  592s
   778   778 102236.591   26  796 102644.000 102233.240  0.40%   223  633s
   779   779 102236.125   13 1011 102644.000 102235.029  0.40%   222  653s
   780   780 102239.543   35 1068 102644.000 102236.000  0.40%   222  671s
   782   781 102236.193    8 1099 102644.000 102236.096  0.40%   221  684s
   783   782 102242.016   65 1064 102644.000 102236.343  0.40%   221  686s
   784   782 102236.360   13 1056 102644.000 102236.360  0.40%   221  701s
   786   784 102246.187   16 1070 102644.000 102236.505  0.40%   220  711s
   787   784 102236.505   12 1067 102644.000 102236.505  0.40%   220  720s
H  787   744                    102622.00000 102236.505  0.38%   220  752s
   788   745 102240.203   32 1067 102622.000 102236.505  0.38%   220  776s
   789   749 102236.505   15 1078 102622.000 102236.505  0.38%   229  780s
   803   764 102240.254   18 1091 102622.000 102236.505  0.38%   228  788s
   811   776 102242.540   19 1151 102622.000 102236.505  0.38%   237  794s
   826   779 102243.741   21 1069 102622.000 102236.505  0.38%   249  805s
   834   785 102243.920   21 1066 102622.000 102236.505  0.38%   251  818s
   842   790 102243.741   22 1060 102622.000 102236.505  0.38%   255  831s
   850   795 102243.752   22 1008 102622.000 102236.505  0.38%   256  852s
   858   822 102243.752   23 1009 102622.000 102236.505  0.38%   255  883s
H  859   784                    102606.00000 102236.505  0.36%   255  883s
   887   937 102243.752   23 1016 102606.000 102236.505  0.36%   258  944s
H 1049   855                    102594.00000 102236.505  0.35%   354  980s
  1057   962 102258.064   36 1013 102594.000 102236.505  0.35%   363 1022s
  1167  1055 102267.355   41 1013 102594.000 102236.505  0.35%   417 1064s
  1296  1149 102277.164   55  688 102594.000 102236.505  0.35%   448 1102s
  1433  1219 102281.111   67  502 102594.000 102236.505  0.35%   467 1133s
  1549  1319 102281.757   79  638 102594.000 102236.505  0.35%   483 1167s
  1688  1407 102285.497   89  601 102594.000 102236.505  0.35%   489 1197s
  1822  1479 102293.982  104  540 102594.000 102236.505  0.35%   493 1235s
  1939  1567 102299.384  111  494 102594.000 102236.505  0.35%   499 1262s
  2066  1660 102312.011  123  455 102594.000 102236.505  0.35%   500 1290s
  2201  1769 102328.396  136  441 102594.000 102236.505  0.35%   498 1316s
  2356  1850 102330.725  147  384 102594.000 102236.505  0.35%   495 1340s
  2489  1928 102386.500  160  347 102594.000 102236.505  0.35%   493 1363s
  2611  1949 102351.256  170  327 102594.000 102236.505  0.35%   492 1381s
H 2673  1964                    102590.00000 102236.505  0.34%   491 1401s
  2742  2156 102362.007  176  533 102590.000 102236.505  0.34%   486 1425s
  2952  2210 102377.778  194  322 102590.000 102236.505  0.34%   479 1444s
  3008  2217 102387.529  197  384 102590.000 102236.505  0.34%   478 1461s
  3016  2224 102380.000  198  307 102590.000 102236.505  0.34%   477 1481s
  3024  2265 102486.444  198  387 102590.000 102236.505  0.34%   477 1503s
H 3025  2265                    102588.00000 102236.505  0.34%   477 1503s
H 3067  2255                    102540.00000 102236.505  0.30%   475 1522s
  3075  2544 102391.177  199  304 102540.000 102236.505  0.30%   474 1549s
  3376  2544 102374.095  166  990 102540.000 102236.517  0.30%   459 1579s
H 3377  2417                    102534.00000 102236.517  0.29%   459 1610s
H 3378  2296                    102530.00000 102236.517  0.29%   459 1622s
  3379  2297 102282.763   52  994 102530.000 102236.517  0.29%   459 1627s
H 3379  2182                    102504.00000 102236.517  0.26%   459 1644s
  3381  2183 102401.355   92 1073 102504.000 102236.517  0.26%   458 1652s
  3382  2184 102279.947   69 1099 102504.000 102236.575  0.26%   458 1661s
  3383  2185 102258.596   29 1121 102504.000 102236.629  0.26%   458 1669s
  3384  2185 102297.477   78 1100 102504.000 102236.629  0.26%   458 1674s
  3385  2186 102355.067   67 1100 102504.000 102236.629  0.26%   458 1710s
H 3387  2079                    102490.00000 102236.629  0.25%   461 1729s
  3388  2079 102399.884  164  760 102490.000 102236.629  0.25%   461 1737s
  3389  2080 102438.000  234 1003 102490.000 102236.629  0.25%   461 1753s
  3390  2081 102342.468  100 1105 102490.000 102236.629  0.25%   461 1762s
  3392  2082 102352.150  108 1130 102490.000 102236.629  0.25%   461 1769s
  3393  2083 102388.568  130 1095 102490.000 102237.327  0.25%   461 1772s
  3394  2083 102294.064  107 1084 102490.000 102237.327  0.25%   460 1780s
  3396  2085 102299.900   45 1004 102490.000 102237.419  0.25%   460 1786s
  3397  2085 102367.230  166 1009 102490.000 102237.419  0.25%   460 1791s
  3398  2086 102288.724   98  981 102490.000 102237.419  0.25%   460 1796s
  3399  2087 102276.380   44  981 102490.000 102240.000  0.24%   460 1827s
  3402  2094 102240.000   39 1046 102490.000 102240.000  0.24%   503 1831s
  3414  2106 102240.000   41 1074 102490.000 102240.000  0.24%   504 1835s
  3445  2133 102240.000   44 1007 102490.000 102240.000  0.24%   506 1844s
  3460  2158 102240.000   45 1057 102490.000 102240.000  0.24%   508 1849s
  3490  2156 102241.233   47 1041 102490.000 102240.000  0.24%   509 1852s
  3498  2170 102241.933   47 1082 102490.000 102240.000  0.24%   510 1858s
  3514  2172 102241.510   48 1052 102490.000 102240.000  0.24%   512 1869s
H 3516  2067                    102486.00000 102240.000  0.24%   512 1869s
  3522  2125 102243.821   48 1079 102486.000 102240.000  0.24%   511 1878s
  3582  2171 102241.926   52 1022 102486.000 102240.000  0.24%   513 1890s
  3648  2237 102242.816   55 1023 102486.000 102240.000  0.24%   518 1909s
H 3736  2116                    102460.00000 102240.000  0.21%   527 1932s
  3744  2233 102247.311   61  961 102460.000 102240.000  0.21%   527 1960s
  3865  2337 102255.930   68  725 102460.000 102240.000  0.21%   539 1986s
  4026  2446 102259.473   75  809 102460.000 102240.000  0.21%   553 2010s
  4208  2525 102268.536   83  720 102460.000 102240.000  0.21%   558 2034s
  4348  2700 102289.181   89  665 102460.000 102240.000  0.21%   565 2058s
  4572  2882 102301.140  100  638 102460.000 102240.000  0.21%   562 2077s
  4835  3068 102304.890  111  536 102460.000 102240.000  0.21%   555 2094s
H 5125  2877                    102450.00000 102240.000  0.20%   544 2107s
H 5126  2785                    102448.00000 102240.000  0.20%   544 2107s
  5140  3021 102333.114  128  396 102448.000 102240.000  0.20%   543 2121s
  5402  2933 102261.265   62  990 102448.000 102240.000  0.20%   532 2138s
  5404  2934 102281.108   61  748 102448.000 102240.000  0.20%   532 2155s
  5405  2935 102344.444  166  955 102448.000 102240.000  0.20%   532 2166s
  5406  2936 102253.323   62  993 102448.000 102240.000  0.20%   531 2174s
  5407  2936 102298.430   79  987 102448.000 102240.000  0.20%   531 2175s
  5408  2937 102402.891  160 1000 102448.000 102240.000  0.20%   531 2182s
  5410  2938 102331.376  136  965 102448.000 102240.000  0.20%   531 2188s
  5412  2940 102296.861   81 1024 102448.000 102240.000  0.20%   531 2192s
  5414  2941 102295.370   99 1020 102448.000 102240.000  0.20%   531 2195s
H 5415  2794                    102446.00000 102240.000  0.20%   531 2225s
  5416  2794 102313.500  150 1019 102446.000 102240.000  0.20%   530 2234s
  5417  2798 102240.000   51 1025 102446.000 102240.000  0.20%   533 2236s
  5423  2808 102240.000   53 1045 102446.000 102240.000  0.20%   533 2242s
  5439  2829 102240.000   55 1065 102446.000 102240.000  0.20%   534 2247s
  5469  2848 102240.000   57 1038 102446.000 102240.000  0.20%   534 2251s
  5486  2869 102240.000   59 1029 102446.000 102240.000  0.20%   534 2255s
  5531  2898 102246.235   62 1034 102446.000 102240.000  0.20%   537 2264s
  5557  2924 102243.913   62 1028 102446.000 102240.000  0.20%   539 2271s
  5592  2955 102245.825   63 1075 102446.000 102240.000  0.20%   541 2278s
  5634  2983 102243.998   63 1004 102446.000 102240.000  0.20%   542 2287s
  5676  3015 102245.265   64  983 102446.000 102240.000  0.20%   545 2296s
  5722  3007 102245.052   64  958 102446.000 102240.000  0.20%   548 2307s
  5730  3017 102247.557   65 1047 102446.000 102240.000  0.20%   549 2318s
  5742  3052 102247.361   65  923 102446.000 102240.000  0.20%   550 2331s
  5781  3147 102247.746   66 1023 102446.000 102240.000  0.20%   551 2347s
  5889  3214 102268.632   68  883 102446.000 102240.000  0.20%   556 2362s
  6007  3252 102265.337   74  859 102446.000 102240.000  0.20%   564 2375s
  6087  3352 102266.922   76  852 102446.000 102240.000  0.20%   566 2388s
  6215  3457 102281.361   82  836 102446.000 102240.000  0.20%   564 2400s
  6368  3569 102289.357   89  809 102446.000 102240.000  0.20%   563 2411s
  6583  3643 102299.908   95  623 102446.000 102240.000  0.20%   556 2419s
  6751  3709 102304.461  102  535 102446.000 102240.000  0.20%   552 2427s
  6927  3752 102310.964  109  488 102446.000 102240.000  0.20%   546 2435s
  7054  3803 102320.717  117  379 102446.000 102240.000  0.20%   546 2451s
  7160  3898 102324.278  124  309 102446.000 102240.000  0.20%   545 2460s
  7336  4001 102330.883  140  471 102446.000 102240.000  0.20%   543 2469s
  7520  4104 102334.515  151  398 102446.000 102240.000  0.20%   539 2477s
  7714  4190 102339.333  165  252 102446.000 102240.000  0.20%   533 2485s
  7909  4244 102341.333  195  114 102446.000 102240.000  0.20%   526 2493s
  8028  4213 102401.407  213  679 102446.000 102240.000  0.20%   524 2503s
  8036  4218 102356.526  214  480 102446.000 102240.000  0.20%   523 2512s
  8044  4231 102384.636  214  658 102446.000 102240.000  0.20%   523 2521s
  8060  4297 102357.354  215  317 102446.000 102240.000  0.20%   523 2530s
  8131  4396 102378.935  227  406 102446.000 102240.000  0.20%   521 2539s
  8282  4463 102438.000  260  207 102446.000 102240.000  0.20%   517 2548s
  8411  4565 102263.356   59 1012 102446.000 102240.000  0.20%   515 2558s
  8556  4695 102277.181   62  978 102446.000 102240.000  0.20%   513 2567s
  8734  4942 102275.350   70  874 102446.000 102240.000  0.20%   509 2578s
  9041  5100 102295.169   78  968 102446.000 102240.000  0.20%   498 2589s
  9301  5359 102313.850   82  921 102446.000 102240.000  0.20%   493 2600s
  9693  5543 102304.463   82  846 102446.000 102240.000  0.20%   482 2612s
 10029  5805 102324.169   87  937 102446.000 102240.000  0.20%   474 2623s
 10416  5951 102338.022   89  912 102446.000 102240.000  0.20%   464 2635s
 10713  6097 102369.704   90  908 102446.000 102240.000  0.20%   459 2646s
 10972  6209 102348.655   95  775 102446.000 102240.000  0.20%   457 2659s
 11215  6293 102370.481   99  845 102446.000 102240.000  0.20%   455 2673s
 11390  6516 102382.615  110  841 102446.000 102240.000  0.20%   456 2687s
 11685  6753 102415.150  136  582 102446.000 102240.000  0.20%   454 2702s
 12057  6774 102431.194  188  274 102446.000 102240.000  0.20%   451 2717s
 12267  6805 102260.528   59 1023 102446.000 102240.000  0.20%   453 2730s
 12402  6881 102280.148   62  899 102446.000 102240.000  0.20%   456 2747s
 12540  7022 102329.392   67  919 102446.000 102240.000  0.20%   460 2763s
 12727  7112 102386.868   72  838 102446.000 102240.000  0.20%   462 2780s
 12935  7203 102250.912   64 1037 102446.000 102240.000  0.20%   466 2797s
 13136  7253 102257.656   73  960 102446.000 102240.278  0.20%   468 2814s
 13260  7329 102336.689   82  943 102446.000 102240.296  0.20%   470 2833s
 13387  7475 102341.548   83  980 102446.000 102240.296  0.20%   476 2853s
 13618  7625 102381.409   96  841 102446.000 102240.471  0.20%   480 2873s
 13897  7970 102410.561  117  597 102446.000 102240.585  0.20%   482 2893s
 14387  8465 102263.896   69 1008 102446.000 102240.593  0.20%   480 2917s
 14968  8466 102414.722  162  990 102446.000 102240.593  0.20%   472 2933s
 14970  8467 102384.680  118  748 102446.000 102240.593  0.20%   472 2949s
 14971  8468 102418.889  422  972 102446.000 102240.593  0.20%   472 2958s
 14972  8469 102345.760   81 1049 102446.000 102240.593  0.20%   472 2966s
 14973  8469 102438.333  200 1023 102446.000 102240.593  0.20%   472 2971s
 14974  8470 102391.351  112 1023 102446.000 102251.348  0.19%   472 2982s
 14977  8472 102420.673  177 1061 102446.000 102251.566  0.19%   472 2985s
 14979  8473 102402.535  151 1032 102446.000 102251.566  0.19%   472 2992s
H14979  8049                    102430.00000 102264.000  0.16%   472 3033s
 14980  8050 102381.768  143 1032 102430.000 102264.000  0.16%   472 3035s
 14983  8053 102303.132   75  756 102430.000 102264.000  0.16%   473 3050s
 14984  8054 102362.667  211 1014 102430.000 102264.000  0.16%   473 3059s
 14985  8055 102338.972  135 1020 102430.000 102264.000  0.16%   472 3068s
 14987  8056 102298.939   83 1048 102430.000 102264.000  0.16%   472 3074s
 14988  8057 102322.122   92 1068 102430.000 102264.000  0.16%   472 3075s
H14988  7654                    102428.00000 102264.000  0.16%   472 3079s
 14990  7655 102267.183   62 1071 102428.000 102264.000  0.16%   472 3080s
 14994  7658 102411.235  149 1015 102428.000 102264.000  0.16%   472 3085s
 14995  7658 102362.667  219 1033 102428.000 102264.000  0.16%   472 3101s
 14997  7660 102374.590  111  978 102428.000 102264.000  0.16%   472 3108s
 14998  7660 102288.499   75  969 102428.000 102264.000  0.16%   472 3110s
 14999  7661 102359.618   86  969 102428.000 102264.000  0.16%   472 3140s
 15006  7675 102264.000   80  986 102428.000 102264.000  0.16%   473 3147s
 15022  7699 102264.000   82  986 102428.000 102264.000  0.16%   474 3154s
 15044  7700 102267.269   84  963 102428.000 102264.000  0.16%   474 3157s
 15052  7706 102273.957   84  938 102428.000 102264.000  0.16%   475 3160s
 15071  7718 102300.143   85  993 102428.000 102264.000  0.16%   475 3165s
 15089  7732 102276.611   86  930 102428.000 102264.000  0.16%   476 3171s
 15109  7745 102270.697   87  940 102428.000 102264.000  0.16%   477 3179s
 15119  7752 102271.779   88  986 102428.000 102264.000  0.16%   477 3183s
 15129  7760 102276.217   88  916 102428.000 102264.000  0.16%   478 3187s
 15140  7765 102275.294   89  986 102428.000 102264.000  0.16%   478 3190s
 15160  7781 102281.326   90  964 102428.000 102264.000  0.16%   479 3199s
 15172  7790 102277.453   90 1002 102428.000 102264.000  0.16%   479 3205s
 15185  7800 102280.073   91  965 102428.000 102264.000  0.16%   480 3210s
 15199  7809 102298.041   91  914 102428.000 102264.000  0.16%   480 3216s
H15213  7442                    102422.00000 102264.000  0.15%   480 3222s
 15234  7471 102318.570   92  995 102422.000 102264.000  0.15%   480 3228s
 15270  7467 102280.714   94  979 102422.000 102264.000  0.15%   481 3235s
 15278  7472 102293.811   94 1085 102422.000 102264.000  0.15%   481 3241s
 15286  7477 102281.128   95  976 102422.000 102264.000  0.15%   481 3246s
 15294  7483 102311.414   95  974 102422.000 102264.000  0.15%   482 3253s
 15302  7488 102283.109   96  931 102422.000 102264.000  0.15%   482 3258s
 15310  7492 102288.494   96  848 102422.000 102264.000  0.15%   482 3265s
 15319  7497 102290.494   97  830 102422.000 102264.000  0.15%   482 3274s
 15327  7504 102315.893   97  835 102422.000 102264.000  0.15%   483 3280s
 15336  7514 102291.052   98  849 102422.000 102264.000  0.15%   483 3289s
 15351  7526 102303.511   98  842 102422.000 102264.000  0.15%   483 3295s
 15374  7543 102291.666   99  883 102422.000 102264.000  0.15%   483 3303s
 15403  7549 102308.102   99  803 102422.000 102264.000  0.15%   483 3309s
 15431  7564 102293.666  100  896 102422.000 102264.000  0.15%   484 3316s
 15455  7587 102333.303  100  933 102422.000 102264.000  0.15%   485 3322s
 15486  7612 102297.646  101  771 102422.000 102264.000  0.15%   485 3330s
 15521  7638 102295.222  101  783 102422.000 102264.000  0.15%   486 3338s
 15559  7668 102300.944  104  827 102422.000 102264.000  0.15%   487 3346s
 15603  7709 102317.812  106  835 102422.000 102264.000  0.15%   488 3353s
 15664  7742 102310.084  109  797 102422.000 102264.000  0.15%   489 3362s
 15733  7759 102392.335  112  962 102422.000 102264.000  0.15%   490 3370s
 15773  7762 102324.444  115  889 102422.000 102264.000  0.15%   491 3378s
 15789  7773 102333.647  117  868 102422.000 102264.000  0.15%   492 3386s
 15805  7788 102332.621  120  810 102422.000 102264.000  0.15%   493 3394s
 15826  7798 102363.375  124  892 102422.000 102264.000  0.15%   493 3403s
 15843  7844 102337.530  127  629 102422.000 102264.000  0.15%   494 3412s
 15898  7907 102340.391  133  648 102422.000 102264.000  0.15%   494 3422s
 15984  7978 102344.778  142  552 102422.000 102264.000  0.15%   496 3432s
 16087  8047 102359.249  148  407 102422.000 102264.000  0.15%   497 3443s
 16206  8135 102354.036  156  429 102422.000 102264.000  0.15%   498 3453s
 16353  8211 102355.972  165  333 102422.000 102264.000  0.15%   498 3462s
 16508  8326 102362.722  175  382 102422.000 102264.000  0.15%   499 3472s
 16700  8428 102367.652  187  379 102422.000 102264.000  0.15%   497 3482s
 16919  8500 102374.778  202  258 102422.000 102264.000  0.15%   495 3491s
 17086  8555 102379.667  213  187 102422.000 102264.070  0.15%   493 3502s
 17267  8642 102384.407  228  173 102422.000 102264.070  0.15%   493 3513s
 17445  8780 102384.667  254   98 102422.000 102264.070  0.15%   492 3524s
 17664  8861 102387.545  285  383 102422.000 102264.070  0.15%   490 3536s
 17870  8962     cutoff  318      102422.000 102265.390  0.15%   488 3547s
 18074  9024 102412.000  356  108 102422.000 102265.390  0.15%   486 3558s
 18299  8958     cutoff  394      102422.000 102265.390  0.15%   483 3569s
 18310  8992 102413.333  395  109 102422.000 102265.647  0.15%   483 3580s
 18381  9020 102281.742   88  928 102422.000 102265.647  0.15%   482 3592s
 18432  9127 102300.550   96  829 102422.000 102265.647  0.15%   481 3604s
 18557  9271 102338.442  105  785 102422.000 102265.647  0.15%   481 3618s
 18743  9427 102373.246  119  837 102422.000 102265.714  0.15%   480 3631s
 18978  9637 102268.326   87  979 102422.000 102265.757  0.15%   479 3647s
 19271  9757 102292.593   96  771 102422.000 102265.757  0.15%   476 3661s
 19527  9973 102319.327  108  704 102422.000 102265.757  0.15%   474 3676s
 19828 10250 102333.890  123  761 102422.000 102265.757  0.15%   471 3692s
 20208 10527 102387.074  141  768 102422.000 102265.851  0.15%   467 3709s
 20667 10788 102290.842   90  975 102422.000 102265.851  0.15%   463 3727s
 21122 10921 102366.659   99  841 102422.000 102265.851  0.15%   459 3743s
 21460 11028 102291.671   82  978 102422.000 102265.851  0.15%   458 3760s
 21752 11153 102355.814   93  847 102422.000 102266.833  0.15%   459 3777s
 22003 11317 102295.218   92  887 102422.000 102266.833  0.15%   461 3795s
 22327 11521 102336.877  126  577 102422.000 102266.833  0.15%   463 3813s
 22664 11768 102380.145  230  515 102422.000 102266.833  0.15%   462 3834s
 23119 11841 102302.933   91  851 102422.000 102266.833  0.15%   462 3853s
 23366 12003 102327.159  101  832 102422.000 102266.833  0.15%   464 3874s
 23612 12404 102333.157  114  639 102422.000 102266.833  0.15%   467 3897s
 24110 12851 102398.119  147  583 102422.000 102266.833  0.15%   467 3921s
 24829 13028 102361.122  180  362 102422.000 102266.833  0.15%   465 3946s
 25462 13184 102382.333  235  144 102422.000 102270.049  0.15%   466 3971s
 25897 13264 102387.000  288  204 102422.000 102270.049  0.15%   468 3995s
 26219 13503 102388.625  345  431 102422.000 102272.480  0.15%   469 4021s
 26753 13746 102302.622   94  936 102422.000 102272.480  0.15%   472 4047s
 27225 14127 102328.243  109  884 102422.000 102272.480  0.15%   473 4077s
 27905 14484 102350.773  128  490 102422.000 102273.234  0.15%   474 4106s
 28584 14946 102296.952   88  975 102422.000 102273.234  0.15%   474 4143s
 29407 14673 102380.728  543  990 102422.000 102273.234  0.15%   469 4163s
 29409 14674 102415.468  213  739 102422.000 102273.234  0.15%   469 4176s
 29410 14675 102281.790   82 1020 102422.000 102273.234  0.15%   469 4185s
 29411 14676 102389.178  159 1002 102422.000 102273.234  0.15%   469 4190s
 29415 14678 102319.930  109 1032 102422.000 102273.234  0.15%   469 4199s
 29417 14680 102389.672  162 1018 102422.000 102273.234  0.15%   469 4201s
 29419 14681 102364.723  126 1018 102422.000 102273.234  0.15%   469 4205s
 29421 14682 102404.994  125  981 102422.000 102273.234  0.15%   469 4234s
 29422 14686 102273.234   91 1052 102422.000 102273.234  0.15%   469 4249s
 29424 14689 102273.234   92  959 102422.000 102273.234  0.15%   469 4257s
 29428 14696 102273.234   93  943 102422.000 102273.234  0.15%   469 4263s
 29436 14701 102273.234   94 1036 102422.000 102273.234  0.15%   470 4268s
 29444 14726 102273.234   95  970 102422.000 102273.234  0.15%   470 4276s
 29471 14730 102273.234   96  965 102422.000 102273.234  0.15%   470 4280s
 29484 14738 102276.755   96 1004 102422.000 102273.234  0.15%   471 4285s
 29497 14746 102273.234   97  970 102422.000 102273.234  0.15%   471 4290s
 29517 14755 102273.234   98  960 102422.000 102273.234  0.15%   471 4300s
 29525 14761 102293.574   98  987 102422.000 102273.234  0.15%   472 4307s
 29533 14769 102273.234   99  907 102422.000 102273.234  0.15%   472 4314s
 29544 14783 102276.930   99  934 102422.000 102273.234  0.15%   472 4322s
 29562 14800 102289.567  101  958 102422.000 102273.234  0.15%   472 4329s
 29585 14827 102295.145  103 1003 102422.000 102273.234  0.15%   472 4337s
 29619 14843 102292.090  107  943 102422.000 102273.234  0.15%   473 4343s
 29647 14842 102303.222  108  913 102422.000 102273.234  0.15%   473 4350s
 29655 14847 102292.459  108 1007 102422.000 102273.234  0.15%   473 4357s
 29663 14853 102294.169  109  950 102422.000 102273.234  0.15%   474 4363s
 29671 14858 102293.405  109 1012 102422.000 102273.234  0.15%   474 4370s
 29679 14863 102294.631  110  916 102422.000 102273.234  0.15%   474 4377s
 29687 14884 102295.872  110  932 102422.000 102273.234  0.15%   474 4384s
 29710 14906 102296.763  111  970 102422.000 102273.234  0.15%   474 4392s
 29740 14931 102294.685  111  899 102422.000 102273.234  0.15%   474 4399s
 29775 14957 102317.398  112  882 102422.000 102273.234  0.15%   475 4405s
 29813 14981 102300.108  112  857 102422.000 102273.234  0.15%   475 4413s
 29851 15013 102300.723  113  851 102422.000 102273.234  0.15%   476 4419s
 29898 15037 102304.034  115  901 102422.000 102273.234  0.15%   476 4426s
 29940 15065 102308.164  118  812 102422.000 102273.234  0.15%   477 4432s
 29985 15105 102323.088  121  828 102422.000 102273.234  0.15%   478 4439s
 30050 15140 102342.424  123  835 102422.000 102273.234  0.15%   479 4446s
 30121 15168 102326.206  125  762 102422.000 102273.234  0.15%   479 4452s
 30191 15197 102328.224  128  744 102422.000 102273.234  0.15%   480 4460s
 30268 15222 102357.786  130  762 102422.000 102273.234  0.15%   480 4466s
 30333 15252 102344.827  133  781 102422.000 102273.234  0.15%   481 4474s
 30387 15296 102347.508  136  722 102422.000 102273.234  0.15%   481 4480s
 30454 15355 102359.066  139  704 102422.000 102273.234  0.15%   481 4488s
 30535 15425 102358.447  143  731 102422.000 102273.234  0.15%   481 4496s
 30632 15495 102360.356  146  657 102422.000 102273.234  0.15%   482 4504s
 30734 15585 102364.182  150  795 102422.000 102273.234  0.15%   482 4513s
 30860 15640 102378.765  153  712 102422.000 102273.234  0.15%   482 4520s
 30998 15698 102370.664  159  640 102422.000 102273.234  0.15%   482 4528s
 31102 15770 102381.072  166  579 102422.000 102273.234  0.15%   481 4536s
 31211 15850 102376.843  175  492 102422.000 102273.234  0.15%   481 4545s
 31329 15967 102379.148  185  507 102422.000 102273.234  0.15%   481 4555s
 31492 16110 102387.591  197  521 102422.000 102273.234  0.15%   481 4565s
 31705 16241 102395.957  212  536 102422.000 102273.234  0.15%   480 4575s
 31954 16319 102400.926  231  331 102422.000 102273.234  0.15%   479 4586s
 32208 16377 102407.556  257  353 102422.000 102273.234  0.15%   478 4596s
 32433 16364     cutoff  287      102422.000 102273.234  0.15%   477 4605s
 32518 16379 102273.234   96 1013 102422.000 102273.234  0.15%   477 4615s
 32562 16406 102273.234   97  943 102422.000 102273.234  0.15%   477 4626s
 32605 16463 102273.234   98  929 102422.000 102273.234  0.15%   478 4637s
 32693 16515 102279.156  101  949 102422.000 102273.234  0.15%   478 4648s
 32804 16606 102372.026  108  854 102422.000 102273.234  0.15%   479 4661s
 32941 16703 102385.109  121  831 102422.000 102273.234  0.15%   480 4674s
 33110 16791 102273.234   98 1049 102422.000 102273.234  0.15%   480 4688s
 33254 16880 102281.437  106  873 102422.000 102273.234  0.15%   480 4704s
 33455 17004 102318.568  113  819 102422.000 102273.234  0.15%   480 4719s
 33673 17073 102334.147  123  895 102422.000 102273.234  0.15%   480 4733s
 33864 17125 102363.425  137  756 102422.000 102273.234  0.15%   480 4747s
 34009 17202 102276.731   97  984 102422.000 102273.234  0.15%   481 4762s
 34140 17313 102293.722  109  804 102422.000 102273.234  0.15%   482 4777s
 34308 17455 102321.233  124  796 102422.000 102273.234  0.15%   482 4794s
 34507 17602 102357.806  137  825 102422.000 102273.234  0.15%   483 4811s
 34759 17724 102403.574  168  450 102422.000 102273.234  0.15%   483 4828s
 35006 17836 102288.880  106  891 102422.000 102273.234  0.15%   484 4847s
 35243 17984 102319.881  119  916 102422.000 102273.234  0.15%   484 4867s
 35488 18238 102370.466  140  708 102422.000 102273.234  0.15%   484 4889s
 35868 18331 102290.048  108  892 102422.000 102273.234  0.15%   483 4914s
 36186 18395 102397.796  128  756 102422.000 102273.234  0.15%   485 4934s
 36378 18355 102313.619  114  873 102422.000 102273.234  0.15%   486 4957s
 36402 18512 102342.938  117  793 102422.000 102273.234  0.15%   486 4979s
 36578 18746 102382.371  130  806 102422.000 102273.234  0.15%   487 5002s
 36955 18628 102354.986  104  921 102422.000 102273.234  0.15%   488 5027s
 36963 18714 102331.643  104  994 102422.000 102273.234  0.15%   488 5052s
 37052 18836 102355.870  105  879 102422.000 102273.234  0.15%   487 5076s
 37264 18964 102358.346  106  894 102422.000 102273.234  0.15%   487 5100s
 37467 19263 102364.364  108  828 102422.000 102273.234  0.15%   488 5128s
 37952 19613 102338.762  114  905 102422.000 102273.234  0.15%   491 5157s
 38547 19895 102304.056  113  836 102422.000 102273.234  0.15%   491 5184s
 39095 20292 102354.722  165  527 102422.000 102273.234  0.15%   491 5214s
 39780 20381 102311.399  107  773 102422.000 102273.234  0.15%   491 5244s
 40195 20711     cutoff  124      102422.000 102273.234  0.15%   495 5276s
 40764 21373 102365.710  167  670 102422.000 102273.768  0.14%   496 5312s
 41725 21644 102320.823  118  873 102422.000 102273.866  0.14%   492 5346s
 42431 21874 102298.899  111  903 102422.000 102274.189  0.14%   492 5378s
 42966 22426 102374.109  166  707 102422.000 102274.775  0.14%   491 5416s
 43811 23002 102356.364  174  530 102422.000 102274.775  0.14%   491 5454s
 44815 23190 102287.390  101  927 102422.000 102275.675  0.14%   489 5503s
 45483 23495 102323.844  113  993 102422.000 102275.976  0.14%   493 5551s
 46195 24017 102324.819  110  964 102422.000 102276.451  0.14%   498 5603s
 47050 24661 102307.158  109  849 102422.000 102277.152  0.14%   498 5655s
 48055 25230 102321.127  120  858 102422.000 102277.595  0.14%   496 5697s
 49073 25817 102343.633  133  771 102422.000 102277.979  0.14%   495 5740s
 50084 26442 102319.173  110  891 102422.000 102278.293  0.14%   493 5784s
 51109 27462 102357.302  123  874 102422.000 102278.293  0.14%   491 5826s
 52664 27742 102311.150  110  893 102422.000 102278.479  0.14%   486 5862s
 53554 28543 102339.165  148  515 102422.000 102278.479  0.14%   484 5897s
 54723 29402 102391.667  367  207 102422.000 102278.628  0.14%   481 5936s
 56096 29828     cutoff  703      102422.000 102278.645  0.14%   476 5969s
 57127 30076 102357.574  161  759 102422.000 102279.231  0.14%   473 6000s
 57782 30585 102324.492  120  812 102422.000 102279.254  0.14%   473 6031s
 58618 30858 102305.244  110  815 102422.000 102279.384  0.14%   472 6062s
 59251 30648 102362.823  164  990 102422.000 102279.578  0.14%   472 6290s
 59253 30649 102364.770  279  729 102422.000 102279.578  0.14%   472 6304s
 59254 30650 102314.364  109 1004 102422.000 102279.578  0.14%   472 6312s
 59255 30651 102384.393  267 1100 102422.000 102279.578  0.14%   472 6320s
 59257 30652 102371.457  156 1131 102422.000 102279.578  0.14%   472 6326s
 59259 30653 102304.085  116 1132 102422.000 102279.578  0.14%   472 6340s
 59261 30655 102294.161  105 1116 102422.000 102279.578  0.14%   472 6352s
 59262 30655 102387.824  123 1082 102422.000 102279.578  0.14%   472 6363s
 59263 30656 102390.448  126 1082 102422.000 102279.578  0.14%   472 6397s
 59264 30660 102279.578  106 1069 102422.000 102279.578  0.14%   472 6458s
 59266 30663 102279.578  107 1075 102422.000 102279.578  0.14%   472 6487s
 59270 30670 102279.578  108 1034 102422.000 102279.578  0.14%   473 6508s
 59278 30675 102279.578  109 1017 102422.000 102279.578  0.14%   473 6518s
 59286 30736 102279.578  110 1019 102422.000 102279.578  0.14%   473 6531s
 59350 30729 102283.615  114 1052 102422.000 102279.578  0.14%   473 6535s
 59364 30741 102279.578  115  848 102422.000 102279.578  0.14%   474 6540s
 59381 30744 102284.066  116  947 102422.000 102279.578  0.14%   474 6546s
 59389 30749 102285.973  116  934 102422.000 102279.578  0.14%   474 6553s
 59397 30761 102284.592  117  924 102422.000 102279.578  0.14%   474 6560s
 59412 30781 102286.629  119  885 102422.000 102279.578  0.14%   474 6568s
 59437 30800 102309.066  121  806 102422.000 102279.578  0.14%   474 6574s
 59464 30820 102311.321  123  847 102422.000 102279.578  0.14%   475 6581s
 59493 30838 102313.722  125  792 102422.000 102279.578  0.14%   475 6587s
 59521 30862 102325.605  128  890 102422.000 102279.578  0.14%   475 6593s
 59554 30881 102330.131  130  905 102422.000 102279.578  0.14%   475 6600s
 59584 30903 102334.793  133  782 102422.000 102279.578  0.14%   476 6606s
 59616 30926 102346.297  135  833 102422.000 102279.578  0.14%   476 6611s
 59650 30947 102338.343  137  791 102422.000 102279.578  0.14%   476 6617s
 59682 30965 102352.711  139  844 102422.000 102279.578  0.14%   477 6625s
 59723 30983 102354.148  141  839 102422.000 102279.578  0.14%   477 6630s
 59764 31011 102365.004  143  785 102422.000 102279.578  0.14%   477 6635s
 59807 31047 102365.401  146  774 102422.000 102279.578  0.14%   477 6640s
 59857 31085 102367.289  149  758 102422.000 102279.578  0.14%   478 6646s
 59914 31122 102370.767  153  619 102422.000 102279.578  0.14%   478 6652s
 59978 31169 102374.072  158  618 102422.000 102279.578  0.14%   478 6659s
 60052 31206 102376.388  164  575 102422.000 102279.578  0.14%   478 6667s
 60136 31250 102379.265  172  501 102422.000 102279.578  0.14%   479 6674s
 60223 31309 102381.731  180  531 102422.000 102279.578  0.14%   479 6680s
 60317 31339 102401.427  187  529 102422.000 102279.578  0.14%   479 6686s
 60417 31348 102388.797  197  409 102422.000 102279.578  0.14%   479 6693s
 60484 31397 102402.047  208  455 102422.000 102279.578  0.14%   479 6700s
 60560 31430 102407.478  224  470 102422.000 102279.578  0.14%   479 6706s
 60642 31472 102281.829  115  879 102422.000 102279.578  0.14%   479 6713s
 60719 31454 102285.513  117  804 102422.000 102279.578  0.14%   479 6720s
 60728 31458 102291.245  118  864 102422.000 102279.578  0.14%   479 6727s
 60737 31463 102286.448  118  925 102422.000 102279.578  0.14%   479 6734s
 60745 31471 102286.811  119  851 102422.000 102279.578  0.14%   479 6741s
 60761 31483 102288.637  120  876 102422.000 102279.578  0.14%   479 6748s
 60799 31503 102291.144  121  808 102422.000 102279.578  0.14%   479 6757s
 60839 31522 102292.331  122  819 102422.000 102279.578  0.14%   479 6766s
 60886 31528 102295.988  123  748 102422.000 102279.578  0.14%   479 6774s
 60918 31570 102293.949  123  791 102422.000 102279.578  0.14%   479 6783s
 60982 31618 102299.612  124  856 102422.000 102279.578  0.14%   479 6791s
 61077 31649 102298.020  124  778 102422.000 102279.578  0.14%   479 6801s
 61147 31705 102300.848  125  781 102422.000 102279.578  0.14%   480 6811s
 61238 31780 102299.281  128  816 102422.000 102279.578  0.14%   480 6821s
 61357 31859 102313.044  132  805 102422.000 102279.578  0.14%   480 6831s
 61510 31915 102320.668  134  849 102422.000 102279.578  0.14%   480 6842s
 61636 31996 102317.118  137  851 102422.000 102279.578  0.14%   480 6854s
 61795 32055 102322.070  143  876 102422.000 102279.578  0.14%   480 6867s
 61912 32147 102347.866  148  755 102422.000 102279.578  0.14%   480 6880s
 62049 32208 102373.101  156  848 102422.000 102279.578  0.14%   481 6893s
 62203 32317 102404.129  174  607 102422.000 102279.578  0.14%   481 6908s
 62383 32430 102412.578  202  484 102422.000 102279.578  0.14%   481 6923s
 62586 32506 102291.645  117 1004 102422.000 102279.578  0.14%   481 6938s
 62769 32559 102330.985  122  804 102422.000 102279.578  0.14%   481 6952s
 62915 32647 102345.136  135  795 102422.000 102279.578  0.14%   482 6966s
 63074 32762 102351.577  139  719 102422.000 102279.578  0.14%   482 6982s
 63273 32856 102360.596  151  716 102422.000 102279.578  0.14%   483 6998s
 63474 32937 102358.966  162  659 102422.000 102279.578  0.14%   483 7017s
 63639 33140 102375.154  184  325 102422.000 102279.578  0.14%   484 7037s
 63918 33247 102395.644  201  447 102422.000 102279.578  0.14%   483 7057s
 64197 33294 102295.207  122  860 102422.000 102279.578  0.14%   483 7075s
 64354 33386 102332.788  134  905 102422.000 102279.578  0.14%   484 7094s
 64521 33531 102350.300  153  693 102422.000 102279.578  0.14%   484 7115s
 64765 33724 102378.406  193  568 102422.000 102279.578  0.14%   484 7138s
 65108 33858 102341.303  114  976 102422.000 102279.578  0.14%   484 7161s
 65409 33920 102288.799  117  932 102422.000 102279.578  0.14%   485 7183s
 65614 34050 102319.890  134  869 102422.000 102279.578  0.14%   486 7206s
 65831 34196 102401.581  167  802 102422.000 102279.578  0.14%   487 7233s
 66098 34261 102336.379  122 1038 102422.000 102279.578  0.14%   487 7259s
 66311 34421 infeasible  163      102422.000 102279.578  0.14%   487 7285s
 66589 34708 102298.328  128  920 102422.000 102279.578  0.14%   488 7315s
 67036 35100 102337.087  150  777 102422.000 102279.578  0.14%   487 7344s
 67605 35333 102356.994  203  535 102422.000 102279.578  0.14%   486 7375s
 68170 35411 102305.891  123  833 102422.000 102279.578  0.14%   485 7406s
 68527 35485 102289.199  115  954 102422.000 102279.578  0.14%   487 7438s
 68720 35939 102318.448  129  875 102422.000 102279.578  0.14%   489 7474s
 69249 36562 102409.704  146  764 102422.000 102279.578  0.14%   489 7508s
 70125 37019 102393.622  193  349 102422.000 102279.578  0.14%   488 7545s
 71056 37072 102384.351  136  891 102422.000 102279.578  0.14%   487 7578s
 71519 37353 102291.140  117  974 102422.000 102279.578  0.14%   489 7613s
 72045 38006 102295.308  120  947 102422.000 102279.578  0.14%   491 7651s
 73001 38225 102289.714  116  900 102422.000 102279.578  0.14%   490 7692s
 73598 38746 102336.327  135  819 102422.000 102279.578  0.14%   492 7732s
 74504 39145 102376.140  167  603 102422.000 102279.578  0.14%   492 7783s
 75503 39134 102410.140  150  743 102422.000 102279.578  0.14%   494 7815s
 75931 39490 102330.648  141  855 102422.000 102279.578  0.14%   496 7853s
 76579 39843 infeasible  134      102422.000 102279.578  0.14%   499 7894s
 77250 40221 102388.167  162  793 102422.000 102279.578  0.14%   501 7936s
 77948 40870 102335.908  132  738 102422.000 102279.877  0.14%   501 7982s
 78931 41639 102403.000  419  205 102422.000 102279.877  0.14%   500 8026s
 80132 42319 102309.460  128  807 102422.000 102279.877  0.14%   499 8066s
 81481 42828 102365.778  183  303 102422.000 102279.877  0.14%   497 8106s
 82620 43182 102303.962  124  961 102422.000 102281.313  0.14%   496 8143s
 83448 43387 102363.436  224  917 102422.000 102281.514  0.14%   496 8178s
 84094 43733 102318.294  115  918 102422.000 102282.020  0.14%   497 8213s
 84772 43953 102298.605  113  996 102422.000 102282.538  0.14%   499 8250s
 85365 44145 102304.136  119  953 102422.000 102282.962  0.14%   500 8287s
 85975 44433 102381.419  140  796 102422.000 102283.468  0.14%   503 8324s
 86583 44975     cutoff  256      102422.000 102283.800  0.13%   505 8363s
 87439 45591 102299.559  120  877 102422.000 102284.173  0.13%   505 8403s
 88406 46248 102399.841  279  392 102422.000 102284.173  0.13%   504 8448s
 89559 46841 102354.591  128  959 102422.000 102284.269  0.13%   503 8501s
 90733 46838 102301.718  122 1064 102422.000 102284.507  0.13%   503 8536s
 91233 47320 102331.511  124  898 102422.000 102284.854  0.13%   505 8576s
 91968 48000 102384.122  151  773 102422.000 102284.854  0.13%   506 8617s
 93116 48307 102378.326  188  567 102422.000 102285.014  0.13%   506 8656s
 94121 48680 102306.701  121  894 102422.000 102285.210  0.13%   505 8690s
 95021 48772 102321.331  129  904 102422.000 102285.634  0.13%   504 8724s
 95518 49238 102346.063  140  639 102422.000 102285.876  0.13%   506 8761s
 96197 49881 102304.605  126  926 102422.000 102285.900  0.13%   507 8798s
 97275 49888 102309.910  123  877 102422.000 102285.900  0.13%   506 8836s
 97690 50279 102323.145  150  476 102422.000 102285.900  0.13%   506 8875s
 98351 50973 102374.938  186  604 102422.000 102286.222  0.13%   506 8912s
 99523 51227 102316.067  130  989 102422.000 102286.429  0.13%   505 8948s
 100357 51317 102312.875  125  843 102422.000 102286.485  0.13%   506 8983s
 100827 51529 102327.124  126  850 102422.000 102286.601  0.13%   508 9020s
 101240 51903 102351.353  145  834 102422.000 102286.619  0.13%   510 9058s
 101870 52213 102320.453  132  831 102422.000 102286.634  0.13%   512 9096s
 102483 52331 102338.889  125  902 102422.000 102286.743  0.13%   514 9134s
 102962 52681 102345.513  141  797 102422.000 102286.743  0.13%   516 9173s
 103657 52720 102382.530  129  862 102422.000 102286.922  0.13%   518 9216s
H103743 50206                    102418.00000 102286.922  0.13%   518 9216s
 104087 50684 102346.875  143  908 102418.000 102287.041  0.13%   520 9267s
 104804 51094 102347.593  221  493 102418.000 102287.184  0.13%   521 9319s
 105696 51448     cutoff  128      102418.000 102287.432  0.13%   524 9372s
 106501 52148 102414.682  136  735 102418.000 102287.573  0.13%   526 9426s
 107725 52460 102324.738  121  891 102418.000 102287.872  0.13%   526 9471s
 108627 52934 102364.972  130 1047 102418.000 102288.021  0.13%   527 9517s
 109552 53588 102324.438  126  950 102418.000 102288.167  0.13%   528 9564s
 110598 54295 102406.667  191  254 102418.000 102288.167  0.13%   528 9608s
 111861 54927 102385.639  134 1026 102418.000 102288.266  0.13%   527 9649s
 113155 55115 102331.040  119  904 102418.000 102288.501  0.13%   526 9688s
 113941 55228     cutoff  133      102418.000 102288.556  0.13%   527 9726s
 114458 55531 102316.653  127  885 102418.000 102288.696  0.13%   529 9763s
 115073 55986 102371.305  150  827 102418.000 102288.738  0.13%   531 9801s
 115861 56641 102346.267  175  481 102418.000 102288.772  0.13%   531 9841s
 116936 57009 102331.681  119  887 102418.000 102288.885  0.13%   531 9879s
 117793 57082 102362.902  119  987 102418.000 102289.074  0.13%   531 9918s
 118324 57311 102407.068  129  824 102418.000 102289.074  0.13%   534 9957s
 119166 57566 102298.903  117  983 102418.000 102289.184  0.13%   536 10004s
 119837 58038 102367.950  153  631 102418.000 102289.211  0.13%   538 10060s
 120838 58893 102304.357  118  871 102418.000 102289.360  0.13%   539 10107s
 122170 59079 102321.494  134  878 102418.000 102289.433  0.13%   536 10147s
 122896 59668 102336.801  120  951 102418.000 102289.521  0.13%   537 10186s
 123840 60369 102319.881  120  827 102418.000 102289.521  0.13%   537 10229s
 125201 60668 102385.194  151  890 102418.000 102289.521  0.13%   535 10263s
 126084 61088 102364.107  129  866 102418.000 102289.687  0.13%   535 10299s
 126932 61452 102343.058  142  792 102418.000 102289.873  0.13%   535 10333s
 127895 61202 infeasible  134      102418.000 102289.978  0.12%   535 10369s
 127984 61615 102310.695  123  817 102418.000 102289.978  0.12%   535 10406s
 128771 61876 102367.968  129  882 102418.000 102289.995  0.12%   535 10441s
 129419 62271 102369.276  140  788 102418.000 102290.113  0.12%   536 10478s
 130204 62353 102322.539  120  893 102418.000 102290.157  0.12%   537 10512s
 130662 62926 102307.638  123  628 102418.000 102290.240  0.12%   538 10549s
 131495 63227 102368.090  146  905 102418.000 102290.295  0.12%   538 10586s
 132196 63676 102331.202  146  911 102418.000 102290.370  0.12%   539 10620s
 132918 64786 102382.882  338  373 102418.000 102290.378  0.12%   539 10657s
 134394 65463 102393.333  684  164 102418.000 102290.407  0.12%   537 10704s
 135830 65441 102316.267  121 1000 102418.000 102290.444  0.12%   535 10732s
 136441 65531 102412.285  160  868 102418.000 102290.444  0.12%   536 10759s
 136825 65888 102395.966  175  707 102418.000 102290.585  0.12%   537 10790s
 137446 66050     cutoff  152      102418.000 102290.660  0.12%   538 10821s
 137934 66403     cutoff  141      102418.000 102290.687  0.12%   539 10857s
 138544 66841 102374.249  135 1015 102418.000 102290.853  0.12%   540 10894s
 139407 67289 102404.199  190  648 102418.000 102290.901  0.12%   541 10930s
 140280 67648 102305.386  119  899 102418.000 102290.986  0.12%   541 10966s
 141049 67842 102391.182  225  635 102418.000 102290.986  0.12%   541 11007s
 141590 68282 102380.964  125 1032 102418.000 102291.092  0.12%   541 11050s
 142391 68882 102345.341  125  785 102418.000 102291.236  0.12%   542 11087s
 143351 68899 102392.226  229  444 102418.000 102291.236  0.12%   541 11126s
H143615 55653                    102402.00000 102291.236  0.11%   541 11127s
 143751 56338 102392.351  230  416 102402.000 102291.236  0.11%   541 11168s
 144771 56850 infeasible  131      102402.000 102291.372  0.11%   541 11205s
 145484 57694 102314.112  128  888 102402.000 102291.447  0.11%   542 11245s
 146459 58407 102350.762  143  856 102402.000 102291.549  0.11%   542 11282s
 147271 59825 102317.691  124  947 102402.000 102291.656  0.11%   542 11321s
 148899 59826 102359.472  144  990 102402.000 102291.747  0.11%   540 11342s
 148901 59827 102389.885  182  711 102402.000 102291.747  0.11%   540 11352s
 148902 59828 102303.585  122 1000 102402.000 102291.747  0.11%   540 11361s
 148903 59829 102375.979  159 1153 102402.000 102291.747  0.11%   540 11369s
 148904 59829 102390.839  576 1057 102402.000 102291.747  0.11%   540 11372s
 148906 59831 102342.159  149 1090 102402.000 102291.747  0.11%   540 11386s
 148908 59832 102359.524  202 1115 102402.000 102291.747  0.11%   540 11399s
 148909 59833 102363.418  140 1124 102402.000 102291.747  0.11%   540 11410s
 148911 59834 102384.000  491 1171 102402.000 102291.747  0.11%   540 11417s
 148912 59835 102399.490  282 1106 102402.000 102291.747  0.11%   540 11432s
 148913 59835 102326.065  129 1113 102402.000 102291.747  0.11%   540 11441s
 148914 59836 102311.191  124 1103 102402.000 102291.747  0.11%   540 11468s
 148915 59837 102373.088  150 1103 102402.000 102291.747  0.11%   540 11480s
 148916 59837 102397.768  164 1103 102402.000 102291.747  0.11%   540 11522s
 148917 59841 102291.747  118 1108 102402.000 102291.747  0.11%   541 11525s
 148931 59856 102291.747  121 1186 102402.000 102291.747  0.11%   541 11532s
 148939 59875 102291.747  122 1139 102402.000 102291.747  0.11%   541 11537s
 148974 59890 102291.747  125 1062 102402.000 102291.747  0.11%   541 11543s
 148987 59899 102291.747  125 1021 102402.000 102291.747  0.11%   541 11547s
 149000 59908 102291.747  126 1068 102402.000 102291.747  0.11%   541 11550s
 149028 59928 102291.747  128 1069 102402.000 102291.747  0.11%   541 11556s
 149052 59951 102291.747  129  833 102402.000 102291.747  0.11%   541 11564s
 149074 59965 102291.747  131  943 102402.000 102291.747  0.11%   541 11568s
 149095 59981 102291.747  132  993 102402.000 102291.747  0.11%   541 11573s
 149120 59996 102301.052  133  955 102402.000 102291.747  0.11%   542 11577s
 149144 60010 102307.769  134 1009 102402.000 102291.747  0.11%   542 11582s
 149166 60031 102310.287  135 1028 102402.000 102291.747  0.11%   542 11586s
 149198 60054 102312.054  136  908 102402.000 102291.747  0.11%   542 11590s
 149265 60089 102313.171  140  946 102402.000 102291.747  0.11%   542 11598s
 149298 60111 102314.954  142  861 102402.000 102291.747  0.11%   542 11601s
 149333 60126 102315.682  144  863 102402.000 102291.747  0.11%   542 11605s
 149404 60167 102316.577  147  931 102402.000 102291.747  0.11%   543 11613s
 149442 60185 102316.577  148  895 102402.000 102291.747  0.11%   543 11617s
 149482 60201 102355.211  149  978 102402.000 102291.747  0.11%   543 11621s
 149521 60219 102317.606  150  831 102402.000 102291.747  0.11%   543 11625s
 149554 60243 102319.050  152  827 102402.000 102291.747  0.11%   543 11630s
 149636 60289 102337.859  156  803 102402.000 102291.747  0.11%   543 11640s
 149678 60326 102329.175  158  813 102402.000 102291.747  0.11%   543 11645s
 149730 60367 102355.671  160  881 102402.000 102291.747  0.11%   543 11650s
 149881 60460 102365.236  165  867 102402.000 102291.747  0.11%   544 11660s
 149976 60507     cutoff  168      102402.000 102291.747  0.11%   544 11665s
 150077 60540 102380.878  173  829 102402.000 102291.747  0.11%   544 11671s
 150195 60555 102291.747  122 1046 102402.000 102291.747  0.11%   544 11677s
 150280 60569 102302.559  124  930 102402.000 102291.747  0.11%   544 11682s
 150343 60596 102311.374  124 1059 102402.000 102291.747  0.11%   544 11688s
 150416 60623 102312.777  127 1054 102402.000 102291.747  0.11%   544 11694s
 150482 60647 102323.902  130  913 102402.000 102291.747  0.11%   544 11702s
 150552 60673 102331.099  133  941 102402.000 102291.747  0.11%   544 11709s
 150601 60665 102335.501  135  907 102402.000 102291.747  0.11%   544 11715s
 150609 60670 102337.970  134  833 102402.000 102291.747  0.11%   544 11722s
 150617 60678 102339.020  135  946 102402.000 102291.747  0.11%   544 11730s
 150628 60696 102339.345  136  957 102402.000 102291.747  0.11%   544 11737s
 150649 60746 102342.110  135  887 102402.000 102291.747  0.11%   544 11744s
 150706 60804 102342.390  136  829 102402.000 102291.747  0.11%   544 11753s
 150788 60851 102340.568  140  841 102402.000 102291.747  0.11%   544 11760s
 150879 60909 102351.850  145  885 102402.000 102291.747  0.11%   544 11768s
 150969 60949 102357.754  153  689 102402.000 102291.747  0.11%   544 11777s
 151049 60994 102373.487  160  632 102402.000 102291.747  0.11%   545 11786s
 151147 61060 102377.263  174  734 102402.000 102291.747  0.11%   545 11794s
 151259 61113 102391.685  206  270 102402.000 102291.747  0.11%   545 11804s
 151376 61082 102291.747  126 1020 102402.000 102291.747  0.11%   545 11815s
 151384 61088 102291.747  127 1035 102402.000 102291.747  0.11%   545 11825s
H151386 58014                    102398.00000 102291.747  0.10%   545 11825s
 151392 58113 102291.747  125 1009 102398.000 102291.747  0.10%   545 11835s
 151501 58216 102298.242  129  993 102398.000 102291.747  0.10%   545 11846s
 151640 58347 102302.741  132  850 102398.000 102291.747  0.10%   545 11857s
 151826 58461 102316.919  137  823 102398.000 102291.747  0.10%   545 11871s
 152044 58552 102324.822  142  812 102398.000 102291.747  0.10%   545 11882s
 152243 58651 102369.374  152  908 102398.000 102291.747  0.10%   545 11896s
 152477 58655 102348.195  170  650 102398.000 102291.747  0.10%   545 11908s
 152567 58743 102353.071  186  751 102398.000 102291.747  0.10%   545 11920s
 152708 58820 102370.973  202  447 102398.000 102291.747  0.10%   545 11934s
 152875 58878 102392.501  236  563 102398.000 102291.747  0.10%   546 11947s
 153024 59013 102314.881  134  856 102398.000 102291.747  0.10%   546 11962s
 153261 59079 102335.291  148  945 102398.000 102291.747  0.10%   546 11976s
 153446 59173 102348.526  173  847 102398.000 102291.747  0.10%   546 11992s
 153643 59283 102359.054  198  787 102398.000 102291.747  0.10%   546 12008s
 153851 59342 102291.747  127 1069 102398.000 102291.747  0.10%   546 12023s
 154023 59403 102309.254  143  857 102398.000 102291.747  0.10%   546 12040s
 154173 59491 102369.453  157  743 102398.000 102291.747  0.10%   547 12058s
 154355 59578 102349.325  133  975 102398.000 102291.747  0.10%   548 12076s
 154560 59713 102308.515  133  896 102398.000 102291.747  0.10%   548 12096s
 154815 59894 102364.741  152  873 102398.000 102291.747  0.10%   548 12116s
 155147 59981 102306.146  134  916 102398.000 102291.747  0.10%   548 12136s
 155375 60255 102375.466  159  800 102398.000 102291.747  0.10%   548 12160s
 155808 60305 102355.258  145  891 102398.000 102291.747  0.10%   548 12182s
 156080 60392 102298.830  131 1029 102398.000 102291.747  0.10%   549 12204s
 156329 60531 102383.048  151  789 102398.000 102291.747  0.10%   550 12228s
 156632 60662 102295.642  126 1049 102398.000 102291.747  0.10%   550 12252s
 156917 60808 102322.155  135  875 102398.000 102291.747  0.10%   551 12278s
 157212 61042 102340.537  148  759 102398.000 102291.747  0.10%   551 12305s
 157624 61186 102361.835  173  492 102398.000 102291.747  0.10%   552 12335s
 157967 61521 102303.173  125  958 102398.000 102291.747  0.10%   552 12363s
 158481 61816 102291.747  125  984 102398.000 102291.747  0.10%   552 12394s
 159008 61992 102332.014  158  847 102398.000 102291.747  0.10%   552 12425s
 159438 62066 102365.729  244  638 102398.000 102291.747  0.10%   552 12468s
 159812 62379 102358.417  135  890 102398.000 102291.747  0.10%   554 12508s
 160399 62696 102335.461  150  973 102398.000 102291.747  0.10%   554 12543s
 161028 62973 102334.937  145  904 102398.000 102291.747  0.10%   554 12578s
 161651 63190 102305.626  135  919 102398.000 102291.747  0.10%   555 12616s
 162315 63536 102317.719  138  930 102398.000 102291.747  0.10%   557 12657s
 163054 63942 102333.985  152  675 102398.000 102291.747  0.10%   558 12698s
 163795 64553 102378.000  286   94 102398.000 102291.747  0.10%   558 12746s
H163840 61422                    102394.00000 102291.747  0.10%   558 12746s
 164862 61769 102348.153  142  957 102394.000 102291.747  0.10%   558 12786s
 165847 61455 102300.437  131  915 102394.000 102291.747  0.10%   557 12812s
H165859 58032                    102390.00000 102291.747  0.10%   557 12812s
H165860 54798                    102386.00000 102291.747  0.09%   557 12812s
H165861 51891                    102384.00000 102291.747  0.09%   557 12812s
 165863 52219 102308.303  133  930 102384.000 102291.747  0.09%   557 12837s
 166346 52496 102300.896  137  983 102384.000 102291.747  0.09%   558 12865s
 166898 52745 102339.188  144  850 102384.000 102291.747  0.09%   558 12894s
 167472 52986 102357.991  164  855 102384.000 102291.747  0.09%   559 12925s
 168062 53063 102367.109  141 1036 102384.000 102291.747  0.09%   560 12959s
 168425 53073 102332.183  157  617 102384.000 102291.747  0.09%   561 12998s
 168594 53630 102350.041  170  607 102384.000 102291.747  0.09%   561 13036s
 169424 54173 102367.622  166  657 102384.000 102291.747  0.09%   562 13077s
 170505 54376 102343.436  134 1007 102384.000 102291.747  0.09%   562 13115s
 171286 54920 102350.299  165  870 102384.000 102291.747  0.09%   563 13154s
 172348 55221 102305.893  135  924 102384.000 102291.747  0.09%   564 13189s
 173152 55767 102359.551  144  870 102384.000 102291.747  0.09%   564 13228s
 174186 56052 102320.213  131  932 102384.000 102291.747  0.09%   564 13266s
 175102 56360 102364.154  137  956 102384.000 102291.747  0.09%   565 13303s
 175969 56718 102361.067  195  736 102384.000 102291.747  0.09%   566 13339s
 176848 57168 102311.487  133  898 102384.000 102291.747  0.09%   566 13374s
 177741 57566 102349.578  159  574 102384.000 102291.747  0.09%   567 13411s
 178741 57234 102334.025  149  990 102384.000 102291.747  0.09%   568 13755s
 178743 57235 102320.141  140  726 102384.000 102291.747  0.09%   568 13764s
 178744 57236 102356.329  145  903 102384.000 102291.747  0.09%   568 13771s
 178745 57237 102378.303  252 1081 102384.000 102291.747  0.09%   568 13777s
 178748 57239 102340.474  161 1123 102384.000 102291.747  0.09%   568 13780s
 178750 57240 102322.835  162 1113 102384.000 102291.747  0.09%   568 13791s
 178752 57241 102292.271  127 1085 102384.000 102291.747  0.09%   568 13801s
 178754 57243 102342.640  147 1094 102384.000 102291.747  0.09%   568 13807s
 178755 57243 102346.334  158 1095 102384.000 102291.747  0.09%   568 13817s
 178756 57244 102357.954  154 1095 102384.000 102291.747  0.09%   568 13832s
 178757 57245 102297.583  130 1076 102384.000 102291.747  0.09%   568 13840s
 178758 57245 102305.278  144 1102 102384.000 102291.747  0.09%   568 13845s
 178759 57246 102353.263  182 1106 102384.000 102291.747  0.09%   568 13854s
 178760 57247 102350.642  157 1075 102384.000 102291.747  0.09%   568 13861s
 178761 57247 102373.412  295 1075 102384.000 102291.747  0.09%   568 13880s
 178762 57251 102291.747  129 1083 102384.000 102291.747  0.09%   568 13932s
 178764 57254 102291.747  130 1073 102384.000 102291.747  0.09%   568 13957s
 178768 57261 102291.747  131 1110 102384.000 102291.747  0.09%   568 13969s
 178776 57266 102291.747  132 1066 102384.000 102291.747  0.09%   568 13975s
 178784 57292 102291.747  133 1053 102384.000 102291.747  0.09%   568 13980s
 178830 57308 102291.747  136 1069 102384.000 102291.747  0.09%   568 13987s
 178844 57326 102291.747  137  939 102384.000 102291.747  0.09%   568 13990s
 178881 57342 102291.747  139 1057 102384.000 102291.747  0.09%   568 13996s
 178895 57361 102291.747  140 1018 102384.000 102291.747  0.09%   568 14001s
 178918 57381 102293.903  141  934 102384.000 102291.747  0.09%   568 14005s
 178946 57404 102291.747  143  967 102384.000 102291.747  0.09%   568 14010s
 178978 57435 102293.489  144  973 102384.000 102291.747  0.09%   568 14017s
 179020 57454 102301.334  147  909 102384.000 102291.747  0.09%   569 14023s
 179055 57477 102320.102  149  879 102384.000 102291.747  0.09%   569 14027s
 179094 57504 102308.076  151  989 102384.000 102291.747  0.09%   569 14033s
 179139 57521 102317.352  153  929 102384.000 102291.747  0.09%   569 14037s
 179177 57539 102318.535  155  978 102384.000 102291.747  0.09%   569 14042s
 179233 57544 102320.864  159  816 102384.000 102291.747  0.09%   569 14047s
 179273 57560 102321.800  161  787 102384.000 102291.747  0.09%   569 14051s
 179302 57572 102322.285  163  772 102384.000 102291.747  0.09%   570 14055s
 179340 57587 102322.036  166  697 102384.000 102291.747  0.09%   570 14060s
 179410 57617 102322.482  170  802 102384.000 102291.747  0.09%   570 14067s
 179446 57642 102322.830  172  701 102384.000 102291.747  0.09%   570 14072s
 179496 57650 102323.099  175  689 102384.000 102291.747  0.09%   570 14076s
 179544 57679 102363.599  177  690 102384.000 102291.747  0.09%   570 14081s
 179597 57712 102325.557  180  719 102384.000 102291.747  0.09%   570 14086s
 179660 57740 102338.188  183  702 102384.000 102291.747  0.09%   570 14090s
 179734 57769 102328.427  186  831 102384.000 102291.747  0.09%   570 14095s
 179799 57807 102331.414  190  720 102384.000 102291.747  0.09%   571 14101s
 179880 57837 102335.016  195  721 102384.000 102291.747  0.09%   571 14107s
 179945 57875 102343.524  202  666 102384.000 102291.747  0.09%   571 14113s
 180015 57918 102349.991  206  741 102384.000 102291.747  0.09%   571 14119s
 180096 57980 102351.602  212  521 102384.000 102291.747  0.09%   571 14125s
 180200 58050 102353.456  220  530 102384.000 102291.747  0.09%   571 14132s
 180316 58081 102360.934  229  435 102384.000 102291.747  0.09%   571 14138s
 180397 58126 102365.667  241  131 102384.000 102291.747  0.09%   571 14145s
 180480 58193 102368.667  255  135 102384.000 102291.747  0.09%   571 14152s
 180583 58162     cutoff  271      102384.000 102291.747  0.09%   571 14160s
 180595 58162 102380.670  273  360 102384.000 102291.747  0.09%   571 14168s
 180606 58165 infeasible  274      102384.000 102291.747  0.09%   571 14175s
 180615 58216 102291.747  137 1043 102384.000 102291.747  0.09%   571 14183s
 180670 58289 102314.837  138 1058 102384.000 102291.747  0.09%   571 14191s
 180783 58397 102352.933  141 1005 102384.000 102291.747  0.09%   571 14200s
 180935 58358 102335.621  147 1031 102384.000 102291.747  0.09%   571 14208s
 180946 58414 102337.183  148  989 102384.000 102291.747  0.09%   571 14217s
 181056 58442     cutoff  148      102384.000 102291.747  0.09%   571 14226s
 181147 58495     cutoff  150      102384.000 102291.747  0.09%   571 14235s
 181239 58581 102291.747  138 1049 102384.000 102291.747  0.09%   571 14244s
 181357 58696 102310.092  146  952 102384.000 102291.747  0.09%   571 14254s
 181515 58778 102362.725  173  811 102384.000 102291.747  0.09%   571 14264s
 181701 58861 102291.747  140  922 102384.000 102291.747  0.09%   571 14274s
 181857 58865 102321.450  146  880 102384.000 102291.747  0.09%   571 14285s
 181920 58865 102333.183  154  846 102384.000 102291.747  0.09%   571 14297s
 181949 58871 102333.453  155  826 102384.000 102291.747  0.09%   571 14309s
 181964 58883 102335.999  156  850 102384.000 102291.747  0.09%   571 14322s
 181990 58891 102338.091  157  773 102384.000 102291.747  0.09%   571 14334s
 182007 58918 102340.838  158  834 102384.000 102291.747  0.09%   571 14346s
 182056 58952 102342.766  159  855 102384.000 102291.747  0.09%   571 14358s
 182125 59035 102345.174  160  776 102384.000 102291.747  0.09%   571 14372s
 182257 59088 102348.994  161  812 102384.000 102291.747  0.09%   571 14387s
 182408 59227 102351.147  162  887 102384.000 102291.747  0.09%   571 14400s
 182614 59389 102291.747  139  964 102384.000 102291.747  0.09%   571 14416s
 182942 59443 102312.880  144  812 102384.000 102291.747  0.09%   571 14433s
 183146 59522 102332.804  154  796 102384.000 102291.747  0.09%   571 14447s
 183341 59616 102371.299  167  735 102384.000 102291.747  0.09%   571 14463s
 183537 59683 102308.169  143 1058 102384.000 102291.747  0.09%   572 14480s
 183773 59726 102291.747  136 1061 102384.000 102291.747  0.09%   572 14497s
 183925 59853 102331.222  145  842 102384.000 102291.747  0.09%   573 14515s
 184177 59920 102372.118  154  897 102384.000 102291.747  0.09%   573 14533s
 184407 59983 102331.838  141  990 102384.000 102291.747  0.09%   573 14553s
 184611 60137 102304.182  140 1007 102384.000 102291.747  0.09%   574 14574s
 184902 60232 102303.120  142 1019 102384.000 102291.747  0.09%   574 14596s
 185176 60325 102291.767  140 1126 102384.000 102291.747  0.09%   575 14618s
 185449 60449 102304.791  133  875 102384.000 102291.747  0.09%   575 14639s
 185705 60613 102297.203  139 1072 102384.000 102291.747  0.09%   576 14662s
 185987 60816 102336.078  154  840 102384.000 102291.747  0.09%   576 14688s
 186365 61052 102369.443  181  652 102384.000 102291.747  0.09%   576 14714s
 186868 61238 102322.482  144  885 102384.000 102291.747  0.09%   577 14740s
 187340 61472 102357.936  175  641 102384.000 102291.747  0.09%   577 14769s
 187810 61625 102300.458  148  985 102384.000 102291.747  0.09%   578 14797s
 188256 61685 102300.892  138 1039 102384.000 102291.747  0.09%   578 14826s
 188580 61835 102349.007  151  891 102384.000 102291.747  0.09%   579 14856s
 188949 62010 102354.091  174  817 102384.000 102291.747  0.09%   580 14887s
 189350 62165 102376.604  151  803 102384.000 102291.747  0.09%   581 14919s
 189797 62491 102312.434  140  938 102384.000 102291.747  0.09%   582 14952s
 190356 62995 102347.730  186  351 102384.000 102291.747  0.09%   582 14988s
 191236 63129 infeasible  385      102384.000 102291.747  0.09%   583 15024s
 191908 63368 102297.311  138  945 102384.000 102291.747  0.09%   584 15060s
 192582 63707 102320.096  153  841 102384.000 102291.747  0.09%   585 15098s
 193331 64255 102312.556  148  893 102384.000 102291.747  0.09%   586 15143s
 194365 64427 102343.138  182  720 102384.000 102291.747  0.09%   587 15172s
 195158 64706 102353.709  209  637 102384.000 102291.747  0.09%   587 15197s
 195815 64864 102344.384  163  921 102384.000 102291.747  0.09%   587 15227s
 196363 65123 102316.452  140 1047 102384.000 102291.747  0.09%   588 15256s
 196943 65441 102302.752  141 1049 102384.000 102291.747  0.09%   589 15286s
 197622 65824 102312.558  140  955 102384.000 102291.747  0.09%   589 15319s
 198484 66314 102377.052  207  416 102384.000 102291.747  0.09%   590 15353s
 199358 66778 102338.211  162  812 102384.000 102291.747  0.09%   590 15386s
 200408 66931 102296.187  135 1034 102384.000 102291.747  0.09%   590 15419s
 201094 67269 102309.690  146  862 102384.000 102291.747  0.09%   591 15453s
 201855 67252 102370.181  159  886 102384.000 102291.747  0.09%   591 15488s
 202152 67803 102308.490  140  928 102384.000 102291.747  0.09%   592 15526s
*202654 63520             392    102376.00000 102291.747  0.08%   592 15526s
 203067 64071 102291.747  148  988 102376.000 102291.747  0.08%   592 15560s
 204074 64670 102311.681  138 1008 102376.000 102291.747  0.08%   592 15598s
 205215 64737 102324.618  157  832 102376.000 102291.747  0.08%   592 15631s
 205884 65252 102332.328  152  730 102376.000 102291.747  0.08%   593 15665s
 206917 65440 102325.667  141 1008 102376.000 102291.747  0.08%   593 15697s
 207639 65769 102353.439  157  823 102376.000 102291.747  0.08%   595 15730s
 208469 66500 102340.538  150  922 102376.000 102291.747  0.08%   595 15780s
 209760 66736 102314.850  147  938 102376.000 102291.747  0.08%   596 15810s
 210660 66873 102372.354  172  580 102376.000 102291.747  0.08%   596 15838s
 211281 67199 102347.035  179  838 102376.000 102291.747  0.08%   597 15868s
 211991 67558 102302.723  145  883 102376.000 102291.747  0.08%   598 15899s
 212740 67801 102326.800  171  832 102376.000 102291.747  0.08%   598 15933s
 213479 67948 102357.934  150  923 102376.000 102291.747  0.08%   599 15966s
 214136 68223 102343.977  156  759 102376.000 102291.747  0.08%   601 15998s
 214852 68474 102353.810  170  835 102376.000 102291.747  0.08%   602 16031s
 215601 68621 102330.580  155  916 102376.000 102291.747  0.08%   603 16066s
 216279 68917 102325.246  148  541 102376.000 102291.747  0.08%   604 16100s
 217092 69291 102372.549  164  766 102376.000 102291.747  0.08%   605 16134s
 217927 69792 102315.596  144  895 102376.000 102291.747  0.08%   606 16173s
 218971 69906 102337.485  141 1053 102376.000 102291.747  0.08%   606 16207s
 219686 70391 102331.273  150  933 102376.000 102291.747  0.08%   607 16240s
 220609 70831 102346.928  155  811 102376.000 102291.899  0.08%   607 16274s
 221563 71131 102331.749  159  954 102376.000 102291.901  0.08%   608 16307s
 222440 71287 102367.022  170  756 102376.000 102292.166  0.08%   608 16339s
 223141 71645 102362.947  148  997 102376.000 102292.342  0.08%   609 16382s
 224042 71745 102359.840  163  883 102376.000 102292.595  0.08%   611 16427s
 224744 72134     cutoff  155      102376.000 102292.927  0.08%   612 16469s
 225646 72581     cutoff  158      102376.000 102293.059  0.08%   614 16509s
 226712 72990 102300.723  141 1086 102376.000 102293.284  0.08%   614 16548s
 227863 73118 infeasible  145      102376.000 102293.414  0.08%   615 16582s
 228615 73389 102345.461  172  760 102376.000 102293.492  0.08%   616 16616s
 229365 73924 102369.298  152  825 102376.000 102293.718  0.08%   617 16650s
 230393 74334 102359.528  221  453 102376.000 102293.825  0.08%   617 16685s
 231477 74560 102309.974  141 1045 102376.000 102294.062  0.08%   617 16717s
 232253 74743 102355.324  172  744 102376.000 102294.115  0.08%   618 16749s
 232964 74934 102323.518  164  989 102376.000 102294.277  0.08%   619 16782s
 233663 75290 102355.076  158  838 102376.000 102294.520  0.08%   620 16820s
 234500 75207 102353.556  171  969 102376.000 102294.718  0.08%   621 16854s
H234722 71509                    102374.00000 102294.718  0.08%   621 16854s
 234780 71963 102360.491  176  909 102374.000 102294.718  0.08%   621 16887s
 235455 72417 102321.561  152  824 102374.000 102294.823  0.08%   622 16921s
 236384 72754 102338.464  164  785 102374.000 102294.958  0.08%   622 16956s
 237237 73193 102341.441  164  754 102374.000 102295.019  0.08%   623 16990s
 238334 73452 102308.203  139 1085 102374.000 102295.135  0.08%   623 17032s
 239333 73787 102349.395  160  863 102374.000 102295.279  0.08%   624 17066s
 240252 74131 102346.872  160  783 102374.000 102295.422  0.08%   624 17098s
 241196 74252 102314.000  146  971 102374.000 102295.482  0.08%   625 17128s
 241884 74454 102336.738  154  847 102374.000 102295.637  0.08%   626 17164s
 242544 74703 102335.718  143  830 102374.000 102295.740  0.08%   626 17196s
 243285 74975 102344.261  188  763 102374.000 102295.887  0.08%   627 17228s
H244062 69355                    102370.00000 102296.082  0.07%   628 17266s
 244073 70129 102321.126  157  855 102370.000 102296.082  0.07%   628 17299s
 245109 70409 102320.594  143  985 102370.000 102296.238  0.07%   628 17331s
 245929 70958 102326.100  147  746 102370.000 102296.259  0.07%   629 17365s
 247048 71025 102316.901  157  849 102370.000 102296.432  0.07%   629 17395s
 247815 71122 102337.712  146  802 102370.000 102296.724  0.07%   630 17427s
 248428 71537 102347.370  169  630 102370.000 102296.768  0.07%   631 17458s
 249363 71753 102367.140  184  548 102370.000 102296.828  0.07%   632 17490s
 250134 72177 102349.902  154  887 102370.000 102296.926  0.07%   632 17521s
 251083 72434 infeasible  153      102370.000 102297.018  0.07%   632 17554s
 252028 72646 102319.096  147  936 102370.000 102297.089  0.07%   633 17585s
 252801 72997 102310.825  156  864 102370.000 102297.244  0.07%   634 17625s
 253707 73291 102357.865  154  913 102370.000 102297.361  0.07%   635 17660s
 254663 73609 102327.138  154  836 102370.000 102297.565  0.07%   635 17693s
 255592 73723 102327.348  150 1042 102370.000 102297.722  0.07%   636 17724s
 256328 74016 102336.038  147  939 102370.000 102297.823  0.07%   637 17756s
 257176 74205 102335.983  151  887 102370.000 102297.965  0.07%   637 17787s
 257885 74661 102347.106  159  871 102370.000 102298.053  0.07%   638 17824s
 258793 74374 102355.079  178  637 102370.000 102298.123  0.07%   638 17857s
 258827 74822     cutoff  180      102370.000 102298.123  0.07%   638 17889s
 259522 75045 102321.279  142  846 102370.000 102298.168  0.07%   639 17940s
 260266 75333 102312.773  144 1005 102370.000 102298.285  0.07%   639 17974s
 261106 75723 102323.348  152  913 102370.000 102298.424  0.07%   640 18010s
 262030 75822 102354.615  159  800 102370.000 102298.499  0.07%   641 18042s
 262688 76320 102323.027  149  842 102370.000 102298.759  0.07%   642 18076s
 263657 76446 102358.173  162  946 102370.000 102298.855  0.07%   642 18108s
 264365 76588 infeasible  167      102370.000 102298.978  0.07%   643 18140s
 264988 76575 102346.822  145  914 102370.000 102299.069  0.07%   644 18174s
 265297 77107 infeasible  171      102370.000 102299.087  0.07%   644 18209s
 266271 77379 102339.873  175  400 102370.000 102299.160  0.07%   644 18243s
 267164 77298 102345.663  159  871 102370.000 102299.309  0.07%   645 18277s
 267512 77758 102315.603  162  935 102370.000 102299.369  0.07%   645 18318s
 268367 78084 102334.657  156  797 102370.000 102299.484  0.07%   646 18355s
 269314 78332 102323.057  153  922 102370.000 102299.587  0.07%   647 18388s
 270193 78567 102341.168  146  938 102370.000 102299.769  0.07%   648 18421s
 271058 78842 102323.048  168  564 102370.000 102299.857  0.07%   648 18455s
 271895 79102 102359.299  164  650 102370.000 102300.003  0.07%   649 18491s
 272729 79252 102361.772  160  938 102370.000 102300.073  0.07%   650 18522s
 273438 79493 102340.218  150  851 102370.000 102300.153  0.07%   651 18556s
 274228 79680 102348.498  141  906 102370.000 102300.222  0.07%   652 18588s
 275081 79835 102361.526  168  896 102370.000 102300.332  0.07%   653 18622s
 275870 79949 102325.307  154  914 102370.000 102300.377  0.07%   654 18658s
 276617 80227 102364.125  175  589 102370.000 102300.396  0.07%   655 18692s
 277552 80370 102342.610  154  858 102370.000 102300.530  0.07%   655 18724s
 278275 80881 102303.445  144  976 102370.000 102300.639  0.07%   656 18758s
 279336 81424 102332.390  139 1029 102370.000 102300.749  0.07%   656 18793s
 280512 81458 102352.036  150  721 102370.000 102300.828  0.07%   656 18824s
 281238 81872 102353.477  156  690 102370.000 102300.959  0.07%   657 18855s
 282215 82408 102333.389  150  874 102370.000 102301.030  0.07%   657 18895s
 283422 82508 102328.849  156  956 102370.000 102301.096  0.07%   657 18920s
 284180 82722 102340.006  159  730 102370.000 102301.148  0.07%   657 18947s
 284978 82888 102318.482  145  936 102370.000 102301.231  0.07%   658 18973s
 285567 83292 102322.751  156  597 102370.000 102301.274  0.07%   658 19003s
 286452 83436 102328.976  152  952 102370.000 102301.298  0.07%   658 19033s
 287193 83728 102359.955  174  691 102370.000 102301.395  0.07%   658 19063s
 288023 83555 102360.792  167  792 102370.000 102301.476  0.07%   659 19091s
 288204 83921 102309.907  157  912 102370.000 102301.476  0.07%   659 19120s
 288915 84200 102342.274  156 1049 102370.000 102301.597  0.07%   659 19149s
 289687 84457 102358.114  152  846 102370.000 102301.688  0.07%   660 19178s
 290457 84774 102321.913  146  789 102370.000 102301.776  0.07%   660 19209s
 291280 84972 102316.882  145  938 102370.000 102301.860  0.07%   661 19238s
 292015 85132 102337.568  160  840 102370.000 102301.902  0.07%   661 19268s
 292675 85240 102362.795  195  456 102370.000 102301.966  0.07%   662 19298s
 293253 85630 102365.138  160  967 102370.000 102302.031  0.07%   663 19327s
 294162 86053 102345.844  155  859 102370.000 102302.108  0.07%   663 19359s
 295115 86143 102337.071  159  832 102370.000 102302.171  0.07%   663 19388s
 295794 86541 102336.581  144  981 102370.000 102302.257  0.07%   664 19425s
 296664 86827 102343.021  152  806 102370.000 102302.288  0.07%   664 19465s
 297593 86758 102328.409  139 1054 102370.000 102302.366  0.07%   665 19499s
 297919 87439 102367.155  143  979 102370.000 102302.390  0.07%   665 19540s
 299200 87486 102315.069  155  856 102370.000 102302.514  0.07%   665 19573s
 299939 87880 102361.916  156  945 102370.000 102302.607  0.07%   666 19606s
 300887 88026 102353.759  224  491 102370.000 102302.682  0.07%   666 19639s
 301714 88183 102327.689  148  998 102370.000 102302.781  0.07%   667 19671s
 302410 88534 102325.976  153  873 102370.000 102302.841  0.07%   668 19703s
 303274 89082 102342.897  231  697 102370.000 102302.889  0.07%   668 19736s
 304478 89100 102328.315  163  975 102370.000 102302.983  0.07%   668 19767s
 305211 89450 102356.656  168  782 102370.000 102303.039  0.07%   669 19799s
 306125 89642 102333.157  148  946 102370.000 102303.059  0.07%   669 19829s
 306910 89933 102342.067  153  863 102370.000 102303.123  0.07%   670 19860s
 307771 90032     cutoff  156      102370.000 102303.166  0.07%   670 19891s
 308459 90527 102310.992  158  995 102370.000 102303.202  0.07%   671 19921s
 309432 90817 102363.546  230  364 102370.000 102303.228  0.07%   671 19952s
 310356 91006 102343.891  148  951 102370.000 102303.363  0.07%   671 19983s
 311170 91328 102355.220  168  918 102370.000 102303.408  0.07%   671 20021s
 312231 91530 102331.552  156  798 102370.000 102303.443  0.07%   672 20049s
 313028 91679 102313.736  144 1070 102370.000 102303.501  0.06%   672 20082s
 313629 92626 102354.586  207  518 102370.000 102303.553  0.06%   673 20114s
 315013 92651 102331.930  143  951 102370.000 102303.575  0.06%   672 20141s
 315771 93028 102323.880  152  740 102370.000 102303.616  0.06%   672 20167s
 316604 93549 102325.034  159  547 102370.000 102303.644  0.06%   672 20193s
 317593 93819 102331.524  165  934 102370.000 102303.683  0.06%   671 20219s
 318473 93739 102336.510  155  948 102370.000 102303.708  0.06%   671 20243s
 318799 94002 102334.499  154  919 102370.000 102303.708  0.06%   671 20271s
 319370 94196 102313.452  147  871 102370.000 102303.759  0.06%   671 20297s
 319991 94394 102309.502  145 1000 102370.000 102303.806  0.06%   672 20323s
 320694 94703 102341.492  163  812 102370.000 102303.826  0.06%   672 20349s
 321507 94835 102367.336  168  847 102370.000 102303.870  0.06%   672 20376s
 322184 95069 infeasible  163      102370.000 102303.950  0.06%   673 20403s
 322895 95344 102328.633  156  941 102370.000 102303.968  0.06%   673 20432s
 323660 95487 102337.692  158  743 102370.000 102304.032  0.06%   673 20459s
 324300 95769 102358.659  169  735 102370.000 102304.051  0.06%   674 20487s
 325099 96266 102332.078  153  696 102370.000 102304.160  0.06%   674 20516s
 326136 96736 102316.030  150  926 102370.000 102304.181  0.06%   674 20553s
 327219 97300     cutoff  174      102370.000 102304.253  0.06%   674 20580s
 327965 97849 102335.880  177  452 102370.000 102304.327  0.06%   674 20609s
 328876 98514 infeasible  170      102370.000 102304.377  0.06%   675 20637s
 329765 99043 102359.486  182  745 102370.000 102304.449  0.06%   675 20664s
 330568 99727 102313.605  143 1021 102370.000 102304.476  0.06%   675 20691s
 331463 100428 102338.909  154  862 102370.000 102304.500  0.06%   674 20719s
 332555 100981 102345.000  158  905 102370.000 102304.534  0.06%   674 20743s
 333345 101549 102356.063  187  437 102370.000 102304.565  0.06%   674 20770s
 334183 101785     cutoff  174      102370.000 102304.581  0.06%   674 20795s
 334664 102181 102329.267  143 1049 102370.000 102304.627  0.06%   675 20821s
 335190 102860 102332.781  144 1043 102370.000 102304.627  0.06%   675 20849s
 336080 103173 102346.019  164  882 102370.000 102304.709  0.06%   674 20876s
 336457 103783 102336.538  154  951 102370.000 102304.709  0.06%   674 20902s
 337275 104539 102324.653  148  798 102370.000 102304.749  0.06%   674 20930s
 338261 105041 102320.302  155  962 102370.000 102304.772  0.06%   674 20955s
 338935 105931 102319.481  153  819 102370.000 102304.783  0.06%   674 20983s
 340142 106451 102353.251  144 1011 102370.000 102304.840  0.06%   674 21008s
 340900 107499 102348.694  169  661 102370.000 102304.873  0.06%   674 21045s
 342286 107944 102331.218  150  939 102370.000 102304.920  0.06%   674 21065s
 342914 108684 102319.376  154  877 102370.000 102304.947  0.06%   674 21089s
 343852 109235 102332.417  160  804 102370.000 102304.969  0.06%   673 21110s
 344592 109718 102325.239  189  697 102370.000 102304.983  0.06%   673 21132s
 345304 110145 102312.787  153  801 102370.000 102305.001  0.06%   673 21154s
 345901 110564 102361.046  158  701 102370.000 102305.026  0.06%   673 21177s
 346606 110924 102319.401  157  896 102370.000 102305.047  0.06%   673 21206s
 347211 111407 102346.606  155  744 102370.000 102305.078  0.06%   674 21230s
 347962 111614 102319.485  147 1011 102370.000 102305.095  0.06%   674 21254s
 348259 111658     cutoff  152      102370.000 102305.104  0.06%   674 21277s
 348336 111783 102324.471  147  889 102370.000 102305.104  0.06%   674 21301s
 348497 111843 102345.598  151  839 102370.000 102305.104  0.06%   674 21327s
 348637 112396 102316.776  143  920 102370.000 102305.115  0.06%   674 21357s
 349425 112958 102324.861  147  850 102370.000 102305.131  0.06%   674 21385s
 350272 113776 102362.753  158  878 102370.000 102305.188  0.06%   674 21413s
 351404 114262 102350.792  162  900 102370.000 102305.212  0.06%   674 21441s
 352113 114957 102319.409  155  825 102370.000 102305.239  0.06%   674 21468s
 353096 115667 102330.835  156  837 102370.000 102305.255  0.06%   674 21497s
 354035 116085 102341.724  147  890 102370.000 102305.293  0.06%   674 21522s
 354709 116130 102322.396  169  571 102370.000 102305.317  0.06%   674 21549s
 354760 116637 102323.255  170  632 102370.000 102305.317  0.06%   674 21577s
 355479 117630 102310.342  144  967 102370.000 102305.327  0.06%   674 21612s
 356715 118469 102313.647  148  950 102370.000 102305.363  0.06%   673 21636s
 357822 118716 102365.026  209  543 102370.000 102305.393  0.06%   672 21656s
 358261 118788 102343.639  170  822 102370.000 102305.410  0.06%   672 21660s

Cutting planes:
  Gomory: 21
  Cover: 92
  Clique: 20
  MIR: 2
  Flow cover: 3
  Inf proof: 18
  Zero half: 97
  Relax-and-lift: 1

Explored 358349 nodes (241007723 simplex iterations) in 21660.40 seconds (39536.79 work units)
Thread count was 8 (of 96 available processors)

Solution count 10: 102370 102374 102376 ... 102418

Time limit reached
Best objective 1.023700000000e+05, best bound 1.023060000000e+05, gap 0.0625%

User-callback calls 4216428, time in user-callback 0.35 sec
LB for instance INCR40 with 30 = 102306, UB = 102370, gap = 0.000625183
