inst=GAL40
r=20
Compute TTP bound for GAL40_20 with TimeLimit 21660
Save file as Instances/TTP/Bound_GAL40_20.txt
Read TTP files
Instance: GAL40, Type: A, Contributor: Uthus, Riddle, Guesgen
Date: 22/7/2009
NrTeams = 40, NrRounds =  20
Set parameter TokenServer to value "licgurobi.ugent.be"
Set parameter Threads to value 8
Set parameter TimeLimit to value 21660
Gurobi Optimizer version 12.0.0 build v12.0.0rc1 (linux64 - "Red Hat Enterprise Linux 9.6 (Plow)")

CPU model: AMD EPYC 7552 48-Core Processor, instruction set [SSE2|AVX|AVX2]
Thread count: 96 physical cores, 96 logical processors, using up to 8 threads

Non-default parameters:
TimeLimit  21660
Threads  8

Optimize a model with 2500 rows, 1129480 columns and 3357280 nonzeros
Model fingerprint: 0xaed5b3f5
Variable types: 0 continuous, 1129480 integer (1129480 binary)
Coefficient statistics:
  Matrix range     [1e+00, 1e+00]
  Objective range  [2e+01, 2e+03]
  Bounds range     [1e+00, 1e+00]
  RHS range        [1e+00, 1e+01]
Found heuristic solution: objective 127908.00000
Presolve removed 80 rows and 731160 columns
Presolve time: 3.55s
Presolved: 2420 rows, 398320 columns, 1163760 nonzeros
Variable types: 0 continuous, 398320 integer (398320 binary)
Deterministic concurrent LP optimizer: primal simplex, dual simplex, and barrier
Showing barrier log only...

Root barrier log...

Ordering time: 0.11s

Barrier statistics:
 AA' NZ     : 3.900e+04
 Factor NZ  : 3.531e+05 (roughly 160 MB of memory)
 Factor Ops : 1.104e+08 (less than 1 second per iteration)
 Threads    : 6

                  Objective                Residual
Iter       Primal          Dual         Primal    Dual     Compl     Time
   0   3.84436930e+08 -3.30712354e+08  1.22e+03 6.37e+01  1.78e+03     5s
   1   8.56423194e+06 -1.29363165e+08  2.66e+01 9.09e-13  1.83e+02     5s
   2   1.73223535e+05 -6.50712943e+06  2.49e-01 6.82e-13  8.43e+00     5s
   3   8.24160382e+04 -2.26160509e+06  1.11e-03 4.55e-13  2.94e+00     5s
   4   8.03373445e+04 -1.39185714e+06  6.37e-04 4.55e-13  1.85e+00     5s
   5   7.83093752e+04 -5.29525003e+05  3.62e-04 4.55e-13  7.62e-01     5s
   6   7.66245930e+04 -2.42807927e+05  2.35e-04 4.55e-13  4.01e-01     6s
   7   7.56321904e+04 -1.98925576e+05  2.02e-04 4.55e-13  3.44e-01     6s
   8   7.37758172e+04 -1.72704794e+05  1.53e-04 4.55e-13  3.09e-01     6s
   9   7.24146326e+04 -1.34714292e+05  1.27e-04 4.55e-13  2.60e-01     6s
  10   7.02477965e+04 -1.08426130e+05  9.50e-05 4.55e-13  2.24e-01     6s
  11   6.83260458e+04 -8.28311527e+04  7.42e-05 4.55e-13  1.90e-01     6s
  12   6.54393595e+04 -6.35700332e+04  5.02e-05 4.55e-13  1.62e-01     6s
  13   6.38112556e+04 -3.17209172e+04  4.28e-05 4.55e-13  1.20e-01     6s
  14   6.26166116e+04 -2.65110071e+04  3.78e-05 4.55e-13  1.12e-01     7s
  15   6.07293196e+04 -7.77501878e+03  3.10e-05 4.55e-13  8.59e-02     7s
  16   5.93156888e+04  5.08336885e+03  2.63e-05 2.27e-13  6.80e-02     7s
  17   5.71120560e+04  1.58595857e+04  1.91e-05 4.55e-13  5.17e-02     7s
  18   5.52780580e+04  2.71037981e+04  1.36e-05 4.55e-13  3.53e-02     8s
  19   5.39688974e+04  3.50873981e+04  9.82e-06 2.27e-13  2.37e-02     8s
  20   5.27047865e+04  4.01456497e+04  6.35e-06 4.55e-13  1.57e-02     8s
  21   5.17828879e+04  4.40568258e+04  3.94e-06 4.55e-13  9.69e-03     8s
  22   5.14237446e+04  4.58390257e+04  3.01e-06 4.55e-13  7.00e-03     8s
  23   5.11309468e+04  4.66419553e+04  2.28e-06 3.41e-13  5.63e-03     8s
  24   5.08177935e+04  4.72276268e+04  1.51e-06 4.55e-13  4.50e-03     9s
  25   5.05725633e+04  4.82262209e+04  9.42e-07 4.55e-13  2.94e-03     9s
  26   5.03065685e+04  4.90903969e+04  3.78e-07 4.55e-13  1.53e-03     9s
  27   5.02121112e+04  4.95079808e+04  1.88e-07 4.55e-13  8.83e-04     9s
  28   5.01744841e+04  4.97913397e+04  1.00e-07 4.55e-13  4.80e-04     9s
  29   5.01403717e+04  5.00242487e+04  4.18e-08 4.55e-13  1.46e-04     9s
  30   5.01181722e+04  5.00528368e+04  1.49e-08 4.55e-13  8.19e-05     9s
  31   5.01092309e+04  5.00917238e+04  5.30e-09 4.55e-13  2.20e-05     9s
  32   5.01053146e+04  5.00999529e+04  1.26e-09 4.55e-13  6.72e-06     9s
  33   5.01051393e+04  5.01038017e+04  1.09e-09 4.55e-13  1.68e-06     9s
  34   5.01042092e+04  5.01040243e+04  7.55e-09 4.55e-13  2.32e-07     9s
  35   5.01040552e+04  5.01040545e+04  1.77e-09 4.55e-13  9.02e-10     9s
  36   5.01040549e+04  5.01040548e+04  1.06e-08 4.55e-13  5.64e-11     9s

Barrier solved model in 36 iterations and 9.45 seconds (11.58 work units)
Optimal objective 5.01040549e+04


Root crossover log...

    1147 DPushes remaining with DInf 0.0000000e+00                 9s
       0 DPushes remaining with DInf 0.0000000e+00                10s

       3 PPushes remaining with PInf 0.0000000e+00                10s
       0 PPushes remaining with PInf 0.0000000e+00                10s

  Push phase complete: Pinf 0.0000000e+00, Dinf 2.7021940e-11     10s


Root simplex log...

Iteration    Objective       Primal Inf.    Dual Inf.      Time
    1140    5.0104055e+04   0.000000e+00   0.000000e+00     10s
Concurrent spin time: 0.02s

Solved with barrier
    1140    5.0104055e+04   0.000000e+00   0.000000e+00     10s

Root relaxation: objective 5.010405e+04, 1140 iterations, 5.67 seconds (3.98 work units)

    Nodes    |    Current Node    |     Objective Bounds      |     Work
 Expl Unexpl |  Obj  Depth IntInf | Incumbent    BestBd   Gap | It/Node Time

     0     0 50104.0548    0  833 127908.000 50104.0548  60.8%     -   10s
H    0     0                    56476.000000 50104.0548  11.3%     -   11s
H    0     0                    55541.000000 50104.0548  9.79%     -   11s
H    0     0                    55508.000000 50104.0548  9.74%     -   11s
H    0     0                    55466.000000 50104.0548  9.67%     -   12s
H    0     0                    55055.000000 50104.0548  8.99%     -   14s
H    0     0                    55025.000000 50104.0548  8.94%     -   17s
     0     0 50133.8193    0  985 55025.0000 50133.8193  8.89%     -   30s
H    0     0                    54707.000000 50133.8193  8.36%     -   39s
H    0     0                    54461.000000 50133.8193  7.95%     -   43s
H    0     0                    54414.000000 50133.8193  7.87%     -   49s
H    0     0                    54402.000000 50133.8193  7.85%     -   51s
H    0     0                    54375.000000 50133.8193  7.80%     -   51s
H    0     0                    54310.000000 50133.8193  7.69%     -   51s
H    0     0                    54286.000000 50133.8193  7.65%     -   52s
H    0     0                    54250.000000 50133.8193  7.59%     -   54s
H    0     0                    54241.000000 50133.8193  7.57%     -   54s
H    0     0                    54228.000000 50133.8193  7.55%     -   54s
     0     0 50138.5897    0  997 54228.0000 50138.5897  7.54%     -   67s
H    0     0                    54204.000000 50138.5897  7.50%     -   67s
     0     0 50138.6649    0  996 54204.0000 50138.6649  7.50%     -   68s
     0     0 50144.1362    0  994 54204.0000 50144.1362  7.49%     -   73s
     0     0 50144.5646    0 1008 54204.0000 50144.5646  7.49%     -   75s
     0     0 50144.7270    0  985 54204.0000 50144.7270  7.49%     -   76s
     0     0 50144.7488    0  995 54204.0000 50144.7488  7.49%     -   78s
     0     0 50144.8611    0  997 54204.0000 50144.8611  7.49%     -   78s
     0     0 50144.8867    0 1012 54204.0000 50144.8867  7.49%     -   79s
     0     0 50144.8955    0 1029 54204.0000 50144.8955  7.49%     -   80s
     0     0 50144.9112    0 1028 54204.0000 50144.9112  7.49%     -   81s
     0     2 50144.9233    0 1028 54204.0000 50144.9233  7.49%     -   99s
     1     4 50148.2110    1 1003 54204.0000 50144.9233  7.49%   220  101s
     7    16 50152.4548    3 1040 54204.0000 50151.1562  7.48%   275  108s
    15    24 50155.4298    4 1026 54204.0000 50152.6512  7.47%   327  112s
    23    44 50157.2722    5 1033 54204.0000 50152.6512  7.47%   310  115s
H   49    52                    53849.000000 50152.6512  6.86%   276  119s
H   51    60                    53796.000000 50152.6512  6.77%   281  125s
H   54    60                    53695.000000 50152.6512  6.60%   280  125s
H   58    60                    53674.000000 50152.6512  6.56%   273  125s
    73    90 50163.5778    9  975 53674.0000 50152.6512  6.56%   283  134s
H   89    98                    53642.000000 50152.6512  6.50%   283  138s
H   96    98                    53508.000000 50152.6512  6.27%   286  138s
    97   112 50168.6883   11  981 53508.0000 50152.6512  6.27%   287  143s
   111   127 50170.6773   12  980 53508.0000 50152.6512  6.27%   300  147s
H  126   135                    53445.000000 50152.6512  6.16%   294  154s
H  127   135                    53399.000000 50152.6512  6.08%   293  154s
H  132   135                    53351.000000 50152.6512  5.99%   292  154s
   134   152 50175.9575   13  956 53351.0000 50152.6512  5.99%   292  157s
   151   160 50180.1203   15  975 53351.0000 50152.6512  5.99%   288  163s
H  155   160                    53346.000000 50152.6512  5.99%   284  163s
   159   173 50192.5093   15  972 53346.0000 50152.6512  5.99%   284  166s
   192   212 50184.4499   19  964 53346.0000 50152.6512  5.99%   278  173s
   211   233 50185.7094   20  970 53346.0000 50152.6512  5.99%   270  176s
   232   250 50187.0152   21  966 53346.0000 50152.6512  5.99%   262  181s
   270   290 50196.9515   23  913 53346.0000 50152.6512  5.99%   258  187s
   289   312 50195.7994   24  982 53346.0000 50152.6512  5.99%   256  190s
   311   320 50197.4967   25  931 53346.0000 50152.6512  5.99%   251  197s
H  313   320                    53305.000000 50152.6512  5.91%   251  197s
H  316   320                    53278.000000 50152.6512  5.87%   250  197s
   319   343 50200.4249   26  986 53278.0000 50152.6512  5.87%   250  201s
   361   386 50207.9413   30  942 53278.0000 50152.6512  5.87%   248  209s
H  385   394                    53265.000000 50152.6512  5.84%   248  216s
H  386   394                    53177.000000 50152.6512  5.69%   248  216s
H  388   394                    53156.000000 50152.6512  5.65%   248  216s
   393   425 50214.4862   36  973 53156.0000 50152.6512  5.65%   248  222s
   424   456 50219.5048   39  996 53156.0000 50152.6512  5.65%   244  227s
H  440   456                    53069.000000 50152.6512  5.50%   241  227s
   455   484 50225.5093   44 1063 53069.0000 50152.6512  5.50%   237  231s
H  483   492                    52919.000000 50152.6512  5.23%   234  238s
H  486   492                    52906.000000 50152.6512  5.20%   234  238s
   491   520 50231.3076   49 1006 52906.0000 50152.6512  5.20%   235  244s
   519   548 50252.4523   52  988 52906.0000 50152.6512  5.20%   234  249s
   547   576 50259.9992   54  958 52906.0000 50152.6512  5.20%   232  257s
   575   607 50272.1314   60 1033 52906.0000 50152.6512  5.20%   233  262s
   606   636 50339.3955   61  984 52906.0000 50152.6512  5.20%   231  267s
   635   644 50314.9175   63  950 52906.0000 50152.6512  5.20%   231  272s
   643   652 50319.3595   64  942 52906.0000 50152.6512  5.20%   231  281s
H  644   652                    52895.000000 50152.6512  5.18%   231  281s
H  646   652                    52884.000000 50152.6512  5.16%   231  281s
   651   660 50320.2470   65  876 52884.0000 50152.6512  5.16%   230  290s
H  652   660                    52880.000000 50152.6512  5.16%   230  290s
   659   696 50360.3918   66  892 52880.0000 50152.6512  5.16%   230  296s
   695   756 50346.1130   68  924 52880.0000 50152.6512  5.16%   231  302s
   755   819 50366.1877   71  916 52880.0000 50152.6512  5.16%   224  309s
   820   871 50368.2417   77  880 52880.0000 50152.6512  5.16%   218  315s
   872   932 50399.9342   82  849 52880.0000 50152.6512  5.16%   216  322s
   933  1000 50414.7452   88  854 52880.0000 50152.6512  5.16%   213  329s
  1001  1008 50422.1840   91  847 52880.0000 50152.6512  5.16%   209  336s
  1009  1016 50428.2116   92  849 52880.0000 50152.6512  5.16%   209  345s
H 1011  1016                    52839.000000 50152.6512  5.08%   210  345s
  1017  1075 50430.5194   92  845 52839.0000 50152.6512  5.08%   211  353s
  1076  1146 50454.0785   96  879 52839.0000 50152.6512  5.08%   210  361s
  1147  1217 50503.1549  104  830 52839.0000 50152.6512  5.08%   207  368s
  1218  1297 50543.3488  112  846 52839.0000 50152.6512  5.08%   206  377s
H 1298  1305                    52795.000000 50152.6512  5.00%   204  388s
  1306  1385 50578.7500  123  822 52795.0000 50152.6512  5.00%   204  397s
  1386  1479 50589.5671  129  822 52795.0000 50152.6512  5.00%   203  407s
H 1399  1479                    52793.000000 50152.6512  5.00%   202  407s
  1480  1590 50610.6591  138  823 52793.0000 50152.6512  5.00%   200  417s
  1591  1697 50646.7640  142  758 52793.0000 50152.6512  5.00%   196  427s
  1698  1705 50675.6597  146  835 52793.0000 50152.6512  5.00%   194  441s
H 1699  1705                    52792.000000 50152.6512  5.00%   193  441s
H 1700  1705                    52788.000000 50152.6512  4.99%   193  441s
  1706  1815 50677.9458  147  798 52788.0000 50152.6512  4.99%   193  452s
  1816  1951 50702.9580  155  767 52788.0000 50152.6512  4.99%   192  465s
  1952  2119 50735.6685  161  803 52788.0000 50152.6512  4.99%   188  479s
H 2016  2119                    52784.000000 50152.6512  4.99%   185  479s
  2120  2274 50765.7094  180  738 52784.0000 50152.6512  4.99%   182  492s
  2275  2506 50810.6514  200  659 52784.0000 50152.6512  4.99%   177  505s
  2507  2723 50852.9017  221  690 52784.0000 50152.6512  4.99%   168  519s
  2726  2731 50893.8847  238  659 52784.0000 50152.6512  4.99%   161  534s
H 2730  2731                    52779.000000 50152.6512  4.98%   160  534s
  2734  2739 50897.8298  239  690 52779.0000 50152.6512  4.98%   160  553s
H 2735  2739                    52762.000000 50152.6512  4.95%   160  553s
  2742  3038 50893.0758  239  658 52762.0000 50152.6512  4.95%   160  567s
  3041  3408 51050.0589  261  656 52762.0000 50152.6512  4.95%   152  581s
  3411  3827 51104.8173  291  621 52762.0000 50152.6512  4.95%   142  596s
  3832  3835 51192.4435  347  543 52762.0000 50152.6512  4.95%   132  609s
H 3833  3835                    52761.000000 50152.6512  4.94%   132  609s
H 3834  3835                    52744.000000 50152.6512  4.91%   132  609s
  3840  4217 51197.4864  348  534 52744.0000 50152.6512  4.91%   132  624s
  4222  4623 51278.9270  364  522 52744.0000 50152.6512  4.91%   125  640s
  4630  5107 51392.9329  409  464 52744.0000 50152.6512  4.91%   118  656s
  5128  5218 51436.1658  485  470 52744.0000 50152.6512  4.91%   111  674s
  5243  5748 51437.4406  486  507 52744.0000 50152.6512  4.91%   109  691s
  5773  6320 51470.4447  554  479 52744.0000 50152.6512  4.91%   103  708s
  6351  6848 51558.9394  628  484 52744.0000 50152.6512  4.91%  97.5  725s
  6893  6856 51803.2654  690  484 52744.0000 50152.6512  4.91%  94.3  740s
H 6895  6856                    52743.000000 50152.6512  4.91%  94.3  740s
H 6897  6856                    52734.000000 50152.6512  4.90%  94.3  740s
  6901  7371 51824.1812  690  474 52734.0000 50152.6512  4.90%  94.3  758s
  7423  7372 51604.8092  868 1028 52734.0000 50152.6512  4.90%  91.9  789s
  7425  7373 50523.9173  169  833 52734.0000 50152.6512  4.90%  91.9  858s
H 7425  7004                    52727.000000 50253.3316  4.69%  91.9  891s
  7426  7005 50253.3316   23  991 52727.0000 50253.3316  4.69%  91.9  920s
  7427  7006 50481.7923  145 1025 52727.0000 50263.2065  4.67%  91.8  966s
  7428  7006 50815.7930  380 1023 52727.0000 50269.1053  4.66%  91.8  989s
  7429  7007 50499.0191  122 1098 52727.0000 50280.2609  4.64%  91.8 1018s
  7430  7008 50293.2246   30 1124 52727.0000 50293.2246  4.62%  91.8 1021s
  7433  7010 50445.2340   93 1169 52727.0000 50309.6637  4.58%  91.8 1025s
  7434  7010 51271.4073  674 1159 52727.0000 50309.8917  4.58%  91.8 1051s
  7435  7011 50732.1067  258 1187 52727.0000 50321.6692  4.56%  91.8 1069s
  7436  7012 51116.2420  665 1165 52727.0000 50334.9934  4.54%  91.7 1071s
  7439  7014 51224.4865  673 1259 52727.0000 50349.7165  4.51%  91.7 1076s
  7442  7016 51476.3995  820 1256 52727.0000 50352.3035  4.50%  91.7 1084s
  7443  7016 50728.2625  252 1245 52727.0000 50363.7352  4.48%  91.7 1095s
  7446  7018 50868.2633  326 1268 52727.0000 50364.2867  4.48%  91.6 1104s
  7447  7019 51213.0775  582 1243 52727.0000 50372.8189  4.46%  91.6 1114s
  7448  7020 50684.1058  236 1239 52727.0000 50372.9050  4.46%  91.6 1115s
  7449  7020 51221.6464  658 1265 52727.0000 50372.9278  4.46%  91.6 1122s
  7450  7021 50431.2566  122 1258 52727.0000 50373.8133  4.46%  91.6 1139s
  7451  7022 51529.8802  742 1255 52727.0000 50374.2037  4.46%  91.6 1140s
  7453  7023 51396.8934  738 1250 52727.0000 50374.2542  4.46%  91.5 1148s
  7454  7024 50374.7500   41 1240 52727.0000 50374.7500  4.46%  91.5 1170s
  7455  7024 50911.9714  406 1256 52727.0000 50374.8972  4.46%  91.5 1187s
  7458  7028 51419.4066  829 1028 52727.0000 50374.8972  4.46%  92.4 1190s
  7460  7029 50798.0494  362  833 52727.0000 50374.8972  4.46%  92.4 1259s
H 7460  6677                    52709.000000 50374.9144  4.43%  92.4 1291s
  7461  6678 50424.0300   66  987 52709.0000 50374.9144  4.43%  92.4 1319s
H 7461  6344                    52697.000000 50374.9144  4.41%  92.4 1357s
H 7461  6027                    52652.000000 50374.9144  4.32%  92.4 1357s
  7463  6028 50941.6089  533 1178 52652.0000 50381.1334  4.31%  92.4 1372s
  7464  6029 50381.1334   85 1208 52652.0000 50381.1334  4.31%  92.3 1376s
  7465  6030 50860.8615  430 1233 52652.0000 50381.1334  4.31%  92.3 1381s
  7467  6031 50765.4505  293 1257 52652.0000 50381.1334  4.31%  92.3 1401s
  7468  6032 51335.6635  785 1221 52652.0000 50398.4790  4.28%  92.3 1422s
  7470  6033 51395.0446  737 1251 52652.0000 50410.1419  4.26%  92.3 1426s
  7474  6036 50877.8655  232 1258 52652.0000 50412.6911  4.25%  92.2 1452s
  7475  6036 51254.9385  699 1273 52652.0000 50420.5377  4.24%  92.2 1471s
  7477  6038 50630.6360  141 1270 52652.0000 50431.7599  4.22%  92.2 1475s
  7481  6040 50451.0975   97 1296 52652.0000 50451.0975  4.18%  92.1 1480s
  7483  6042 51508.3064  719 1273 52652.0000 50452.0871  4.18%  92.1 1494s
  7484  6042 51280.9060  370 1290 52652.0000 50464.9646  4.15%  92.1 1514s
  7485  6043 50466.1005  119 1295 52652.0000 50466.1005  4.15%  92.1 1515s
  7487  6044 50466.1711   71 1310 52652.0000 50466.1711  4.15%  92.1 1530s
  7488  6045 50790.7685  346 1303 52652.0000 50469.5471  4.15%  92.0 1563s
  7489  6046 50961.1446  463 1296 52652.0000 50469.5751  4.14%  92.0 1582s
  7490  6046 50795.3592  336 1306 52652.0000 50469.5980  4.14%  92.0 1597s
  7491  6047 51218.3649  494 1309 52652.0000 50469.6078  4.14%  92.0 1614s
  7494  6050 50763.7932  232 1028 52652.0000 50469.6078  4.14%  93.1 1617s
  7496  6051 51616.5454  782  833 52652.0000 50469.6078  4.14%  93.1 1685s
H 7496  5748                    52637.000000 50469.6078  4.12%  93.1 1720s
H 7496  5460                    52617.000000 50469.6078  4.08%  93.1 1734s
H 7496  5187                    52592.000000 50469.6078  4.04%  93.1 1735s
  7497  5188 50520.0876  134  981 52592.0000 50469.6078  4.04%  93.0 1740s
  7498  5189 50902.8506  487 1063 52592.0000 50472.6725  4.03%  93.0 1782s
  7499  5189 50472.6725   46 1137 52592.0000 50472.6725  4.03%  93.0 1794s
  7500  5190 50809.4414  278 1185 52592.0000 50472.6725  4.03%  93.0 1797s
  7501  5191 50472.6725   82 1116 52592.0000 50472.6725  4.03%  93.0 1801s
  7503  5192 51552.5577  931 1210 52592.0000 50472.6725  4.03%  93.0 1809s
  7504  5193 50832.0470  335 1260 52592.0000 50472.6725  4.03%  93.0 1812s
  7506  5194 51305.4995  812 1290 52592.0000 50472.6725  4.03%  92.9 1815s
  7507  5195 51271.4073  674 1309 52592.0000 50472.6725  4.03%  92.9 1835s
  7508  5195 50591.3768  158 1262 52592.0000 50494.8180  3.99%  92.9 1868s
  7509  5196 50959.1382  459 1247 52592.0000 50500.8689  3.98%  92.9 1870s
  7512  5198 51392.6493  409 1239 52592.0000 50507.4077  3.96%  92.9 1875s
  7514  5199 50891.5510  374 1265 52592.0000 50507.4708  3.96%  92.8 1894s
  7515  5200 51119.6486  675 1221 52592.0000 50526.1687  3.93%  92.8 1916s
  7517  5201 50861.4975  317 1253 52592.0000 50535.8019  3.91%  92.8 1920s
  7521  5204 50620.5526  176 1297 52592.0000 50544.8366  3.89%  92.7 1939s
  7522  5205 50556.0662  132 1298 52592.0000 50556.0662  3.87%  92.7 1958s
  7523  5205 51604.8092  868 1331 52592.0000 50557.5724  3.87%  92.7 1960s
  7525  5207 50557.8990  169 1326 52592.0000 50557.8990  3.87%  92.7 1975s
  7526  5207 50566.7675   23 1325 52592.0000 50566.7675  3.85%  92.7 1995s
  7530  5210 50567.1512   30 1339 52592.0000 50567.1512  3.85%  92.6 2013s
  7531  5211 51271.4073  674 1314 52592.0000 50571.8707  3.84%  92.6 2032s
  7532  5211 50846.7328  413 1312 52592.0000 50571.9203  3.84%  92.6 2046s
  7533  5212 50574.9002   93 1318 52592.0000 50574.9002  3.84%  92.6 2063s
  7534  5213 51271.4073  674 1329 52592.0000 50574.9861  3.84%  92.6 2071s
  7539  5217 51224.4865  673  833 52592.0000 50574.9861  3.84%  93.9 2147s
H 7539  4956                    52569.000000 50574.9861  3.79%  93.9 2173s
  7540  4957 50939.7083  419 1010 52569.0000 50574.9861  3.79%  93.9 2205s
  7541  4958 51173.2058  545 1050 52569.0000 50576.8687  3.79%  93.9 2233s
  7542  4958 51476.3995  820 1106 52569.0000 50576.8687  3.79%  93.9 2244s
  7543  4959 50728.2625  252 1111 52569.0000 50576.8687  3.79%  93.9 2248s
  7544  4960 50576.8687   33 1179 52569.0000 50576.8687  3.79%  93.9 2251s
  7546  4961 50868.2633  326 1196 52569.0000 50576.8687  3.79%  93.9 2255s
  7547  4962 51213.0775  582 1220 52569.0000 50576.8687  3.79%  93.8 2261s
  7548  4962 50684.1058  236 1274 52569.0000 50576.8687  3.79%  93.8 2265s
  7550  4964 50576.8687  122 1318 52569.0000 50576.8687  3.79%  93.8 2279s
  7551  4964 51529.8802  742 1322 52569.0000 50576.8687  3.79%  93.8 2289s
  7552  4965 51826.7812  645 1308 52569.0000 50586.3446  3.77%  93.8 2304s
  7553  4966 51396.8934  738 1321 52569.0000 50589.9491  3.76%  93.8 2306s
  7554  4966 50591.0088   41 1319 52569.0000 50591.0088  3.76%  93.8 2328s
  7555  4967 50911.9714  406 1320 52569.0000 50607.1007  3.73%  93.7 2353s
  7556  4968 50757.0608  320 1336 52569.0000 50620.5992  3.71%  93.7 2355s
  7559  4970 50629.7559  128 1356 52569.0000 50629.7559  3.69%  93.7 2361s
  7561  4971 50630.9227   66 1353 52569.0000 50630.9227  3.69%  93.7 2372s
  7562  4972 51294.2934  785 1296 52569.0000 50646.2506  3.66%  93.7 2385s
  7564  4973 50646.8423   85 1316 52569.0000 50646.8423  3.66%  93.6 2396s
  7565  4974 50860.8615  430 1311 52569.0000 50661.0659  3.63%  93.6 2410s
  7566  4974 51494.1385  815 1328 52569.0000 50661.2132  3.63%  93.6 2419s
  7567  4975 50765.4505  293 1312 52569.0000 50665.7874  3.62%  93.6 2432s
  7568  4976 51335.6635  785 1310 52569.0000 50665.9386  3.62%  93.6 2441s
  7571  4979 51004.4756  496 1028 52569.0000 50665.9386  3.62%  95.0 2445s
  7573  4980 50726.4935  214  833 52569.0000 50665.9386  3.62%  95.0 2516s
H 7573  4730                    52568.000000 50665.9386  3.62%  95.0 2582s
  7575  4732 51254.9385  699 1036 52568.0000 50668.9044  3.61%  95.0 2603s
  7576  4732 51546.3165  538 1106 52568.0000 50668.9044  3.61%  95.0 2616s
  7577  4733 50668.9044  141 1089 52568.0000 50668.9044  3.61%  95.0 2621s
  7578  4734 50668.9044  203 1139 52568.0000 50668.9044  3.61%  95.0 2626s
  7579  4734 51560.4843  682 1145 52568.0000 50668.9044  3.61%  94.9 2632s
  7580  4735 50668.9044   38 1208 52568.0000 50668.9044  3.61%  94.9 2635s
  7582  4736 51543.7187  768 1242 52568.0000 50668.9044  3.61%  94.9 2641s
  7584  4738 51280.9060  370 1302 52568.0000 50668.9044  3.61%  94.9 2646s
  7587  4740 50668.9044   71 1319 52568.0000 50668.9044  3.61%  94.8 2658s
  7588  4740 50790.7685  346 1315 52568.0000 50669.9331  3.61%  94.8 2674s
  7589  4741 50961.1446  463 1335 52568.0000 50671.9823  3.61%  94.8 2675s
  7593  4744 50676.0862   23 1373 52568.0000 50676.0862  3.60%  94.8 2680s
  7595  4745 51164.5678  310 1375 52568.0000 50676.1630  3.60%  94.7 2699s
  7596  4746 51616.5454  782 1377 52568.0000 50681.2113  3.59%  94.7 2719s
  7597  4746 50684.9184  134 1377 52568.0000 50684.9184  3.58%  94.7 2721s
  7599  4748 50688.6069   46 1385 52568.0000 50688.6069  3.58%  94.7 2725s
H 7602  4512                    52564.000000 50691.7325  3.56%  94.7 2737s
  7604  4513 50832.0470  335 1400 52564.0000 50693.6004  3.56%  94.6 2751s
  7605  4514 50715.3479  293 1387 52564.0000 50693.7517  3.56%  94.6 2760s
  7606  4514 51305.4995  812 1394 52564.0000 50694.6114  3.56%  94.6 2772s
  7608  4516 50694.8485  158 1400 52564.0000 50694.8485  3.56%  94.6 2783s
  7609  4516 50959.1382  459 1396 52564.0000 50695.3487  3.56%  94.6 2793s
  7610  4517 51326.6191  641 1396 52564.0000 50695.3487  3.56%  94.6 2803s
  7611  4518 51378.8117  787 1396 52564.0000 50695.3487  3.56%  94.5 2852s
  7612  4521 50696.7257   66 1423 52564.0000 50695.9162  3.55%  96.1 2884s
  7614  4525 50699.7702   67 1403 52564.0000 50697.0671  3.55%  96.2 2889s
  7618  4531 50702.4866   68 1402 52564.0000 50697.7949  3.55%  96.4 2894s
  7626  4537 50704.2831   69 1405 52564.0000 50701.2131  3.54%  96.7 2898s
  7634  4559 50706.2076   70 1399 52564.0000 50701.3496  3.54%  96.9 2904s
  7659  4559 50706.6744   72 1394 52564.0000 50701.3496  3.54%  97.5 2912s
  7667  4568 50707.2768   72 1394 52564.0000 50701.3496  3.54%  97.9 2931s
  7679  4572 50706.8951   73 1368 52564.0000 50701.3496  3.54%  98.2 2938s
  7687  4578 50722.1423   73 1328 52564.0000 50701.3496  3.54%  98.5 2946s
  7696  4584 50707.0787   74 1380 52564.0000 50701.3496  3.54%  98.9 2951s
  7705  4591 50713.4855   74 1374 52564.0000 50701.3496  3.54%  99.2 2955s
  7715  4597 50708.3345   75 1373 52564.0000 50701.3496  3.54%  99.4 2960s
  7724  4602 50724.5009   75 1341 52564.0000 50701.3496  3.54%   100 2965s
  7732  4608 50708.9663   76 1379 52564.0000 50701.3496  3.54%   100 2971s
  7741  4614 50729.1595   76 1343 52564.0000 50701.3496  3.54%   101 2977s
  7750  4621 50716.0749   77 1378 52564.0000 50701.3496  3.54%   101 2982s
  7760  4627 50722.8706   77 1354 52564.0000 50701.3496  3.54%   101 2988s
  7769  4633 50717.8795   78 1363 52564.0000 50701.3496  3.54%   102 2995s
  7778  4640 50764.1584   78 1327 52564.0000 50701.3496  3.54%   102 3000s
  7788  4647 50718.2786   79 1362 52564.0000 50701.3496  3.54%   103 3006s
  7798  4653 50760.5999   79 1337 52564.0000 50701.3496  3.54%   103 3017s
  7808  4660 50718.4363   80 1351 52564.0000 50701.3496  3.54%   104 3041s
  7818  4667 50735.4706   80 1331 52564.0000 50701.3496  3.54%   104 3051s
H 7826  4438                    52538.000000 50701.3496  3.50%   105 3051s
  7828  4458 50720.6561   81 1342 52538.0000 50701.3496  3.50%   105 3057s
  7849  4472 50746.0671   82 1310 52538.0000 50701.3496  3.50%   105 3064s
  7870  4473 50724.2002   83 1336 52538.0000 50701.3496  3.50%   106 3074s
H 7875  4257                    52528.000000 50701.3496  3.48%   106 3074s
  7878  4277 50728.8351   83 1303 52528.0000 50701.3496  3.48%   106 3082s
  7899  4288 50726.2565   84 1314 52528.0000 50701.3496  3.48%   107 3089s
  7917  4304 50751.6182   85 1241 52528.0000 50701.3496  3.48%   108 3096s
  7939  4318 50765.7019   86 1269 52528.0000 50701.3496  3.48%   109 3109s
  7961  4330 50753.6326   87 1211 52528.0000 50701.3496  3.48%   110 3116s
  7980  4345 50757.8442   89 1208 52528.0000 50701.3496  3.48%   111 3126s
  8001  4356 50760.0289   90 1245 52528.0000 50701.3496  3.48%   112 3136s
  8019  4374 50794.3359   91 1218 52528.0000 50701.3496  3.48%   113 3144s
  8043  4399 50806.3146   92 1228 52528.0000 50701.3496  3.48%   114 3156s
  8076  4396 50816.1735   94 1230 52528.0000 50701.3496  3.48%   115 3169s
  8084  4401 50816.8036   95 1213 52528.0000 50701.3496  3.48%   115 3187s
  8092  4406 50819.8335   95 1229 52528.0000 50701.3496  3.48%   116 3204s
  8100  4412 50817.0224   96 1212 52528.0000 50701.3496  3.48%   116 3212s
  8108  4417 50829.5587   96 1202 52528.0000 50701.3496  3.48%   117 3221s
  8116  4422 50825.3967   97 1213 52528.0000 50701.3496  3.48%   117 3230s
  8124  4428 50819.0968   97 1178 52528.0000 50701.3496  3.48%   117 3246s
  8132  4433 50820.2815   98 1133 52528.0000 50701.3496  3.48%   117 3263s
  8140  4438 50826.1862   98 1200 52528.0000 50701.3496  3.48%   118 3280s
  8148  4454 50821.8247   99 1113 52528.0000 50701.3496  3.48%   118 3295s
  8166  4472 50827.3433  101 1132 52528.0000 50701.3496  3.48%   119 3308s
  8190  4494 50833.3199  103 1121 52528.0000 50701.3496  3.48%   119 3320s
  8220  4492 50837.2322  106 1131 52528.0000 50701.3496  3.48%   120 3337s
  8228  4499 50848.2669  106 1116 52528.0000 50701.3496  3.48%   120 3356s
  8238  4514 50841.3141  107 1099 52528.0000 50701.3496  3.48%   121 3374s
  8256  4530 50847.0964  107 1136 52528.0000 50701.3496  3.48%   122 3390s
  8278  4530 50854.8330  108 1105 52528.0000 50701.3496  3.48%   122 3640s
  8286  4536 50845.7260  108 1121 52528.0000 50701.3496  3.48%   122 3661s
  8294  4570 50846.0367  109 1117 52528.0000 50701.3496  3.48%   122 3678s
  8331  4636 50851.4243  110 1106 52528.0000 50701.3496  3.48%   123 3694s
  8409  4689 50865.6913  114 1083 52528.0000 50701.3496  3.48%   125 3710s
  8488  4746 50872.6602  119 1105 52528.0000 50701.3496  3.48%   126 3728s
  8572  4801 50886.7384  124 1045 52528.0000 50701.3496  3.48%   128 3745s
  8655  4861 50922.5809  128 1010 52528.0000 50701.3496  3.48%   130 3764s
  8742  4929 50911.3085  134 1011 52528.0000 50701.3496  3.48%   132 3783s
  8839  4993 50923.6832  140 1030 52528.0000 50701.3496  3.48%   133 3803s
  8936  5018 50934.1879  147 1012 52528.0000 50701.3496  3.48%   135 3825s
  8993  5111 50935.1403  150 1005 52528.0000 50701.3496  3.48%   137 3847s
  9105  5182 50948.5382  158  943 52528.0000 50701.3496  3.48%   138 3869s
  9213  5233 50981.4449  163  944 52528.0000 50701.3496  3.48%   140 3894s
  9300  5327 50983.8471  167  939 52528.0000 50701.3496  3.48%   141 3917s
  9425  5401 50999.5899  175  820 52528.0000 50701.3496  3.48%   143 3942s
  9541  5446 51011.4627  182  851 52528.0000 50701.3496  3.48%   145 3970s
  9625  5578 51278.2887  186  854 52528.0000 50701.3496  3.48%   146 3996s
  9785  5649 51024.3553  193  859 52528.0000 50701.3496  3.48%   148 4026s
  9911  5784 51034.5903  200  843 52528.0000 50701.3496  3.48%   150 4055s
 10088  5825 51041.6350  211  817 52528.0000 50701.3496  3.48%   151 4085s
 10188  5955 51051.3514  218  820 52528.0000 50701.3496  3.48%   152 4118s
 10351  6076 51060.5188  230  791 52528.0000 50701.3496  3.48%   154 4153s
 10539  6284 51073.4435  241  729 52528.0000 50701.3496  3.48%   155 4188s
 10815  6262 51088.0103  257  707 52528.0000 50701.3496  3.48%   156 4222s
 10893  6412 51090.3669  261  737 52528.0000 50701.3496  3.48%   156 4257s
 11077  6572 51197.5694  271  719 52528.0000 50701.3496  3.48%   157 4297s
 11317  6701 51121.4181  285  642 52528.0000 50701.3496  3.48%   158 4339s
 11530  6863 51174.7585  297  736 52528.0000 50701.3496  3.48%   160 4379s
 11768  7005 51187.8554  310  684 52528.0000 50701.3496  3.48%   162 4422s
 12009  7005 51210.0771  325  671 52528.0000 50701.3496  3.48%   164 4467s
 12114  7237 51454.4511  331  649 52528.0000 50701.3496  3.48%   164 4513s
 12475  7542 51455.2679  363  645 52528.0000 50701.3496  3.48%   164 4564s
 12950  7392 51495.5069  394  558 52528.0000 50701.3496  3.48%   165 4606s
 12958  7420 51607.2593  394  551 52528.0000 50701.3496  3.48%   165 4657s
 12989  7633 51496.4879  395  568 52528.0000 50701.3496  3.48%   165 4707s
 13218  8025 51514.9027  408  554 52528.0000 50701.3496  3.48%   166 4759s
 13720  8238 51572.2584  441  488 52528.0000 50701.3496  3.48%   167 4810s
 14143  8464 51603.8872  467  469 52528.0000 50701.3496  3.48%   167 4863s
 14562  8835 51652.7623  502  420 52528.0000 50701.3496  3.48%   167 4923s
 15129  9168 51693.9059  541  407 52528.0000 50701.3496  3.48%   168 5028s
 15753  9383 51807.0777  580  349 52528.0000 50701.3496  3.48%   168 5067s
 16266  9573 51866.1025  619  376 52528.0000 50701.3496  3.48%   168 5100s
 16761  9726 51889.4040  658  340 52528.0000 50701.3496  3.48%   168 5133s
 17205  9933 51916.4141  690  400 52528.0000 50701.3496  3.48%   167 5163s
 17761 10075 51959.4242  729  379 52528.0000 50701.3496  3.48%   165 5197s
 18284 10249 52272.6159  758  374 52528.0000 50701.3496  3.48%   164 5229s
 18838 10273 52376.8913  797  387 52528.0000 50701.3496  3.48%   163 5260s
 19265 10298 50780.6110   74 1244 52528.0000 50701.3496  3.48%   161 5285s
 19549 10328 50841.6820   84 1259 52528.0000 50701.3496  3.48%   161 5317s
 19727 10474 50854.4403   89 1122 52528.0000 50701.3496  3.48%   160 5346s
 20029 10586 50884.1794  100 1070 52528.0000 50701.3496  3.48%   160 5373s
 20274 10715 50903.1500  106 1064 52528.0000 50701.3496  3.48%   160 5405s
 20426 10743 50928.3864  115 1001 52528.0000 50704.2930  3.47%   161 5442s
 20454 10885 50943.9122  117 1049 52528.0000 50704.2930  3.47%   161 5475s
 20596 11027 50970.4604  125  957 52528.0000 50704.2930  3.47%   162 5512s
 20738 11228 51025.2325  132  907 52528.0000 50704.2930  3.47%   162 5549s
 20939 11290 51049.5067  153  744 52528.0000 50704.2930  3.47%   163 5592s
 21001 11524 51050.7947  154  839 52528.0000 50704.2930  3.47%   163 5632s
 21235 11809 51098.5582  179  831 52528.0000 50704.2930  3.47%   164 5675s
 21520 12163 51138.8111  196  816 52528.0000 50704.2930  3.47%   165 5723s
 21874 12379 51187.1333  209  732 52528.0000 50704.2930  3.47%   165 5773s
 22090 12765 51322.5503  232  717 52528.0000 50704.2930  3.47%   165 5838s
 22477 13080 51323.8849  233  743 52528.0000 50704.2930  3.47%   166 5900s
 22792 13403 51392.3366  243  713 52528.0000 50704.2930  3.47%   166 5960s
 23115 13731 51440.9241  273  777 52528.0000 50704.2930  3.47%   167 6022s
 23443 14261 51524.1539  295  707 52528.0000 50704.2930  3.47%   167 6078s
 23973 14461 51618.9698  319  652 52528.0000 50704.2930  3.47%   167 6140s
 24173 14469 51639.1095  335  641 52528.0000 50704.2930  3.47%   166 6188s
 24181 14714 51639.7260  336  656 52528.0000 50704.2930  3.47%   166 6243s
 24432 15271 51743.1380  352  683 52528.0000 50704.2930  3.47%   166 6306s
 24991 15809 52062.8245  365  689 52528.0000 50704.2930  3.47%   166 6367s
 25544 16001 52295.9677  391  649 52528.0000 50704.2930  3.47%   165 6426s
 25736 16009 52268.3043  404  641 52528.0000 50704.2930  3.47%   165 6490s
 25744 16135 52228.6846  406  645 52528.0000 50704.2930  3.47%   165 6551s
 25872 16551 52260.5805  409  635 52528.0000 50704.2930  3.47%   165 6620s
 26330 16974 52307.6861  457  627 52528.0000 50704.2930  3.47%   165 6688s
 26822 17325 50806.4017   84 1289 52528.0000 50704.2930  3.47%   165 6752s
 27195 17720 50907.6948  107 1187 52528.0000 50704.2930  3.47%   165 6819s
 27610 18171 51010.3061  135 1024 52528.0000 50704.2930  3.47%   165 6888s
 28101 18665 51142.1745  181  815 52528.0000 50704.2930  3.47%   164 6951s
 28636 19070 51578.4188  258  756 52528.0000 50704.2930  3.47%   164 7011s
 29067 19483 52092.0566  322  709 52528.0000 50704.2930  3.47%   163 7068s
 29496 19859 52252.3007  400  683 52528.0000 50704.2930  3.47%   163 7129s
 29895 19860 50753.7622   82 1028 52528.0000 50704.2930  3.47%   163 9025s
 29897 19861 51503.9038  362  833 52528.0000 50704.2930  3.47%   163 9092s
 29898 19862 50961.2639  139  934 52528.0000 50704.2930  3.47%   163 9150s
 29899 19863 50990.8907  124 1055 52528.0000 50704.2930  3.47%   163 9195s
 29900 19863 50958.8362  144 1046 52528.0000 50704.2930  3.47%   163 9200s
 29901 19864 51273.7067  289 1082 52528.0000 50704.2930  3.47%   163 9206s
 29902 19865 50888.9373  107 1144 52528.0000 50704.2930  3.47%   163 9214s
 29903 19865 51208.0725  208 1175 52528.0000 50704.2930  3.47%   163 9222s
 29904 19866 51670.0248  354 1088 52528.0000 50704.2930  3.47%   163 9230s
 29905 19867 52042.4343  438 1164 52528.0000 50704.2930  3.47%   162 9241s
 29907 19868 51047.4565  199 1231 52528.0000 50704.2930  3.47%   162 9254s
 29908 19869 51651.8077  413 1247 52528.0000 50704.2930  3.47%   162 9261s
 29909 19869 51196.3375  222 1269 52528.0000 50704.2930  3.47%   162 9281s
 29910 19870 51476.8473  284 1285 52528.0000 50707.4523  3.47%   162 9286s
 29912 19871 51976.9900  484 1302 52528.0000 50716.4135  3.45%   162 9292s
 29913 19872 51886.2653  645 1348 52528.0000 50719.9710  3.44%   162 9303s
 29914 19873 51586.4947  301 1351 52528.0000 50722.5138  3.44%   162 9306s
 29916 19874 51441.0282  442 1354 52528.0000 50724.9035  3.43%   162 9310s
 29920 19877 50789.7099   89 1377 52528.0000 50725.2695  3.43%   162 9322s
 29921 19877 51490.9991  387 1372 52528.0000 50730.8141  3.42%   162 9373s
 29923 19879 51177.8914  197 1378 52528.0000 50731.3587  3.42%   162 9429s
 29924 19879 51872.1193  551 1376 52528.0000 50741.9770  3.40%   162 9504s
 29925 19880 50835.3109   85 1393 52528.0000 50747.6885  3.39%   162 9506s
 29928 19882 52227.1655  594 1381 52528.0000 50754.9540  3.38%   162 9510s
 29932 19885 52152.9245  609 1381 52528.0000 50756.4798  3.37%   162 9569s
 29933 19885 51171.8210  205 1394 52528.0000 50761.1261  3.36%   162 9620s
 29934 19886 51344.4377  239 1403 52528.0000 50761.2398  3.36%   162 9673s
 29935 19887 51034.4372  180 1400 52528.0000 50762.3330  3.36%   162 9724s
 29937 19888 51898.5094  354 1406 52528.0000 50762.4115  3.36%   162 9776s
 29938 19889 51273.3193  269 1422 52528.0000 50763.3586  3.36%   162 9841s
 29940 19890 51897.8526  569 1411 52528.0000 50763.5135  3.36%   162 9899s
 29941 19891 52035.4735  602 1441 52528.0000 50764.1683  3.36%   162 9979s
 29942 19891 51036.3144  185 1444 52528.0000 50764.4144  3.36%   162 9980s
 29943 19892 51513.9177  466 1440 52528.0000 50764.4386  3.36%   162 10040s
 29944 19893 50981.0877  174 1421 52528.0000 50765.5970  3.36%   162 10123s
 29946 19894 52302.1529  895 1446 52528.0000 50765.7845  3.35%   162 10185s
 29947 19895 50896.6705  121 1425 52528.0000 50766.5451  3.35%   162 10252s
 29948 19895 51251.5990  270 1421 52528.0000 50766.6012  3.35%   162 10317s
 29949 19896 52487.1966  694 1431 52528.0000 50767.8730  3.35%   162 10402s
 29951 19897 50927.2266  132 1440 52528.0000 50768.0269  3.35%   162 10464s
 29952 19898 51437.0345  246 1444 52528.0000 50769.1137  3.35%   162 10578s
 29953 19899 51401.8579  238 1444 52528.0000 50769.2197  3.35%   162 10640s
 29954 19899 51649.8241  289 1424 52528.0000 50770.5667  3.35%   162 10713s
 29957 19901 51003.2173  171 1431 52528.0000 50771.0175  3.34%   162 10764s
 29958 19902 51117.8924  194 1432 52528.0000 50773.8772  3.34%   162 10825s
 29960 19903 50847.5850  108 1456 52528.0000 50774.0244  3.34%   162 10878s
 29961 19904 51206.7651  242 1458 52528.0000 50774.5311  3.34%   162 10935s
 29964 19906 51701.9372  538 1464 52528.0000 50775.0965  3.34%   162 10991s
 29965 19907 51984.8939  401 1444 52528.0000 50775.4705  3.34%   162 11065s
 29966 19907 51407.0799  352 1455 52528.0000 50775.4955  3.34%   162 11114s
 29967 19908 51233.2339  223 1435 52528.0000 50776.0498  3.34%   162 11211s
 29970 19910 51862.0319  491 1438 52528.0000 50776.1713  3.34%   162 11260s
 29971 19911 51573.9482  561 1454 52528.0000 50776.6037  3.33%   162 11330s
 29973 19912 52341.8454  390 1454 52528.0000 50776.7115  3.33%   162 11376s
 29974 19913 51741.3603  667 1444 52528.0000 50777.5510  3.33%   162 11418s
 29976 19914 52048.1840  545 1469 52528.0000 50777.7788  3.33%   162 11467s
 29977 19915 51066.9421  140 1453 52528.0000 50779.3295  3.33%   162 11510s
 29978 19915 51625.4474  509 1470 52528.0000 50779.4855  3.33%   162 11555s
 29979 19916 51354.8421  322 1465 52528.0000 50780.3139  3.33%   162 11607s
 29982 19918 51174.4043  262 1472 52528.0000 50780.4579  3.33%   162 11655s
 29983 19919 52389.2076  666 1473 52528.0000 50780.9205  3.33%   162 11696s
 29984 19919 51791.8572  487 1478 52528.0000 50780.9369  3.33%   162 11744s
 29985 19920 52344.0089  618 1468 52528.0000 50781.3523  3.33%   162 11792s
 29986 19921 51083.6805  162 1465 52528.0000 50781.3707  3.33%   162 11843s
 29987 19921 51911.1140  471 1470 52528.0000 50781.9626  3.32%   162 11921s
 29988 19922 51059.4133  186 1476 52528.0000 50781.9679  3.32%   162 11970s
 29993 19926 51727.3670  586  833 52528.0000 50781.9679  3.32%   163 12039s
 29994 19927 51936.5697  499 1049 52528.0000 50781.9679  3.32%   163 12083s
 29995 19928 50781.9679   82 1040 52528.0000 50781.9679  3.32%   163 12130s
 29996 19928 52168.5785  569 1085 52528.0000 50781.9679  3.32%   163 12135s
 29997 19929 51503.9038  362 1088 52528.0000 50781.9679  3.32%   163 12141s
 29999 19930 50990.8907  124 1150 52528.0000 50781.9679  3.32%   163 12149s
 30000 19931 50958.8362  144 1147 52528.0000 50781.9679  3.32%   163 12153s
 30001 19932 51273.7067  289 1201 52528.0000 50781.9679  3.32%   163 12164s
 30002 19932 50888.9373  107 1238 52528.0000 50781.9679  3.32%   163 12169s
 30003 19933 51208.0725  208 1224 52528.0000 50781.9679  3.32%   163 12181s
 30004 19934 51670.0248  354 1324 52528.0000 50781.9679  3.32%   163 12188s
 30005 19934 52042.4343  438 1341 52528.0000 50781.9679  3.32%   163 12198s
 30006 19935 51518.8821  404 1336 52528.0000 50781.9679  3.32%   163 12202s
 30007 19936 51047.4565  199 1377 52528.0000 50781.9679  3.32%   163 12212s
 30008 19936 51651.8077  413 1380 52528.0000 50781.9679  3.32%   163 12215s
 30009 19937 51196.3375  222 1386 52528.0000 50781.9679  3.32%   163 12226s
 30010 19938 51476.8473  284 1437 52528.0000 50781.9679  3.32%   163 12230s
 30013 19940 51886.2653  645 1480 52528.0000 50781.9679  3.32%   163 12243s
 30014 19940 51586.4947  301 1400 52528.0000 50797.5516  3.29%   163 12314s
 30015 19941 51926.9752  444 1369 52528.0000 50802.5190  3.28%   163 12316s
 30017 19942 51408.5137  255 1347 52528.0000 50809.7102  3.27%   162 12320s
 30019 19944 51366.6834  264 1400 52528.0000 50811.0456  3.27%   162 12369s
 30020 19944 50834.4170   89 1386 52528.0000 50834.4170  3.22%   162 12434s
 30021 19945 51490.9991  387 1382 52528.0000 50842.5146  3.21%   162 12436s
 30023 19946 51177.8914  197 1393 52528.0000 50846.2030  3.20%   162 12440s
 30025 19948 50846.7336   85 1406 52528.0000 50846.7336  3.20%   162 12495s
 30026 19948 50989.2697  160 1395 52528.0000 50866.6783  3.16%   162 12557s
 30029 19950 51977.4373  731 1395 52528.0000 50867.0780  3.16%   162 12614s
 30030 19951 51425.7816  420 1387 52528.0000 50873.6166  3.15%   162 12700s
 30032 19952 52152.9245  609 1406 52528.0000 50873.7956  3.15%   162 12756s
 30033 19953 51171.8210  205 1395 52528.0000 50875.3395  3.15%   162 12820s
 30034 19954 51344.4377  239 1402 52528.0000 50875.3658  3.15%   162 12882s
 30035 19954 51034.4372  180 1360 52528.0000 50875.7829  3.15%   162 12934s
 30036 19955 52158.1645  553 1381 52528.0000 50876.2576  3.14%   162 12935s
 30037 19956 51898.5094  354 1382 52528.0000 50876.2768  3.14%   162 12991s
 30038 19956 51273.3193  269 1393 52528.0000 50876.3020  3.14%   162 13065s
 30039 19957 51212.0290  273 1394 52528.0000 50876.3093  3.14%   162 13124s
 30040 19958 51897.8526  569 1389 52528.0000 50876.3312  3.14%   162 13285s
 30045 19962 50902.2332  129  833 52528.0000 50876.3312  3.14%   163 13355s
 30046 19963 52302.1529  895  982 52528.0000 50876.3312  3.14%   163 13411s
 30047 19964 50896.6705  121 1000 52528.0000 50876.3312  3.14%   163 13459s
 30048 19964 51251.5990  270 1053 52528.0000 50876.3312  3.14%   163 13468s
 30049 19965 52487.1966  694 1064 52528.0000 50876.3312  3.14%   163 13473s
 30050 19966 51874.0195  468 1099 52528.0000 50876.3312  3.14%   163 13484s
 30051 19966 50927.2266  132 1158 52528.0000 50876.3312  3.14%   163 13488s
 30052 19967 51437.0345  246 1139 52528.0000 50876.3312  3.14%   163 13494s
 30053 19968 51401.8579  238 1173 52528.0000 50876.3312  3.14%   163 13504s
 30054 19968 51649.8241  289 1193 52528.0000 50876.3312  3.14%   163 13508s
 30055 19969 52150.8271  694 1259 52528.0000 50876.3312  3.14%   163 13519s
 30056 19970 50876.3312   91 1273 52528.0000 50876.3312  3.14%   163 13525s
 30057 19970 51003.2173  171 1277 52528.0000 50876.3312  3.14%   163 13535s
 30058 19971 51117.8924  194 1282 52528.0000 50876.3312  3.14%   163 13552s
 30059 19972 52076.1570  474 1334 52528.0000 50876.3312  3.14%   163 13556s
 30060 19972 50876.3312  108 1326 52528.0000 50876.3312  3.14%   163 13563s
 30061 19973 51206.7651  242 1371 52528.0000 50876.3312  3.14%   163 13566s
 30064 19975 51701.9372  538 1389 52528.0000 50876.3312  3.14%   163 13579s
 30065 19976 51984.8939  401 1401 52528.0000 50884.5040  3.13%   163 13642s
 30067 19977 51233.2339  223 1403 52528.0000 50892.6551  3.11%   163 13646s
 30068 19978 50907.0763  114 1406 52528.0000 50892.6948  3.11%   163 13699s
 30069 19978 51844.5050  457 1408 52528.0000 50900.9956  3.10%   163 13765s
 30071 19980 51573.9482  561 1361 52528.0000 50920.0941  3.06%   163 13770s
 30074 19982 51741.3603  667 1407 52528.0000 50923.2343  3.06%   163 13775s
 30076 19983 52048.1840  545 1411 52528.0000 50923.7114  3.05%   163 13833s
 30077 19984 51066.9421  140 1414 52528.0000 50929.1914  3.04%   163 13895s
 30079 19985 51354.8421  322 1410 52528.0000 50929.5198  3.04%   163 13955s
 30080 19986 51617.8335  576 1416 52528.0000 50930.2000  3.04%   163 14019s
 30081 19986 51369.8824  316 1428 52528.0000 50930.2572  3.04%   163 14077s
 30082 19987 51174.4043  262 1421 52528.0000 50932.6843  3.04%   163 14140s
 30083 19988 52389.2076  666 1423 52528.0000 50932.9301  3.04%   163 14196s
 30084 19988 51791.8572  487 1406 52528.0000 50933.4818  3.04%   163 14272s
 30086 19990 51083.6805  162 1431 52528.0000 50933.5894  3.04%   163 14327s
 30087 19990 51911.1140  471 1432 52528.0000 50934.1817  3.03%   163 14404s
 30088 19991 51059.4133  186 1438 52528.0000 50934.2403  3.03%   163 14405s
 30089 19992 51342.8564  326 1445 52528.0000 50934.2456  3.03%   163 14460s
 30090 19992 51059.8864  208 1417 52528.0000 50936.6304  3.03%   163 14515s
 30092 19994 52048.3573  683 1426 52528.0000 50937.1007  3.03%   163 14561s
 30093 19994 51727.3670  586 1426 52528.0000 50937.1007  3.03%   163 14603s
H30093 18993                    52522.000000 50962.0000  2.97%   163 14786s
 30094 18994 51936.5697  499 1426 52522.0000 50962.0000  2.97%   163 14798s
 30095 18998 50962.0000  105 1411 52522.0000 50962.0000  2.97%   163 14863s
 30097 19001 50962.0000  106 1403 52522.0000 50962.0000  2.97%   163 14871s
 30101 19008 50962.0000  107 1373 52522.0000 50962.0000  2.97%   163 14875s
 30109 19013 50962.0000  108 1402 52522.0000 50962.0000  2.97%   163 14880s
 30117 19037 50962.0000  109 1439 52522.0000 50962.0000  2.97%   163 14888s
 30144 19043 50962.0000  111 1389 52522.0000 50962.0000  2.97%   163 14893s
 30159 19053 50962.0000  112 1398 52522.0000 50962.0000  2.97%   163 14899s
 30174 19064 50962.0000  113 1413 52522.0000 50962.0000  2.97%   164 14904s
 30190 19074 50962.0000  114 1421 52522.0000 50962.0000  2.97%   164 14909s
 30205 19088 50962.0000  115 1425 52522.0000 50962.0000  2.97%   164 14915s
 30224 19096 50979.8499  116 1391 52522.0000 50962.0000  2.97%   164 14920s
 30238 19106 50962.0000  117 1409 52522.0000 50962.0000  2.97%   164 14926s
 30253 19117 50962.0000  118 1397 52522.0000 50962.0000  2.97%   164 14931s
 30269 19128 50962.0000  119 1400 52522.0000 50962.0000  2.97%   164 14940s
 30285 19136 50962.0000  120 1386 52522.0000 50962.0000  2.97%   164 14945s
 30299 19147 50963.3954  121 1396 52522.0000 50962.0000  2.97%   164 14951s
 30314 19158 50963.8201  122 1416 52522.0000 50962.0000  2.97%   165 14958s
 30330 19166 50968.5968  123 1428 52522.0000 50962.0000  2.97%   165 14966s
 30344 19177 50968.7527  124 1358 52522.0000 50962.0000  2.97%   165 14973s
 30359 19190 50970.3235  125 1356 52522.0000 50962.0000  2.97%   165 14980s
 30377 19198 50991.8270  126 1264 52522.0000 50962.0000  2.97%   165 14986s
 30391 19211 50983.0491  126 1271 52522.0000 50962.0000  2.97%   165 14993s
 30409 19218 50985.4776  127 1250 52522.0000 50962.0000  2.97%   165 15003s
 30422 19222 50990.6821  127 1301 52522.0000 50962.0000  2.97%   165 15010s
H30428 18269                    52516.000000 50962.0000  2.96%   165 15010s
 30430 18287 50989.3537  128 1283 52516.0000 50962.0000  2.96%   165 15017s
 30449 18299 50996.9302  129 1274 52516.0000 50962.0000  2.96%   166 15025s
 30467 18301 50998.4442  130 1273 52516.0000 50962.0000  2.96%   166 15035s
H30468 17397                    52512.000000 50962.0000  2.95%   166 15035s
 30475 17416 51035.5055  130 1284 52512.0000 50962.0000  2.95%   166 15044s
 30496 17436 51060.9309  131 1253 52512.0000 50962.0000  2.95%   166 15052s
 30523 17450 51001.6392  132 1275 52512.0000 50962.0000  2.95%   166 15059s
 30546 17470 51006.9490  134 1249 52512.0000 50962.0000  2.95%   166 15067s
 30574 17489 51039.7336  135 1241 52512.0000 50962.0000  2.95%   167 15076s
 30602 17512 51012.7631  137 1252 52512.0000 50962.0000  2.95%   167 15084s
 30634 17532 51024.6257  139 1227 52512.0000 50962.0000  2.95%   167 15094s
 30665 17530 51023.1512  141 1278 52512.0000 50962.0000  2.95%   167 15106s
 30673 17535 51021.3178  141 1220 52512.0000 50962.0000  2.95%   167 15116s
 30681 17540 51024.6717  142 1228 52512.0000 50962.0000  2.95%   167 15127s
 30689 17546 51039.9523  142 1209 52512.0000 50962.0000  2.95%   167 15138s
 30697 17559 51025.0301  143 1243 52512.0000 50962.0000  2.95%   167 15149s
 30713 17586 51048.4485  144 1260 52512.0000 50962.0000  2.95%   168 15159s
 30745 17618 51056.1040  146 1193 52512.0000 50962.0000  2.95%   168 15171s
 30788 17642 51090.7422  148 1189 52512.0000 50962.0000  2.95%   168 15182s
 30826 17667 51044.0068  150 1221 52512.0000 50962.0000  2.95%   168 15194s
 30864 17662 51060.3920  152 1188 52512.0000 50962.0000  2.95%   169 15209s
 30872 17668 51048.0281  153 1206 52512.0000 50962.0000  2.95%   168 15224s
 30880 17673 51113.5870  153 1162 52512.0000 50962.0000  2.95%   169 15235s
 30888 17678 51050.9425  154 1179 52512.0000 50962.0000  2.95%   169 15255s
 30896 17684 51069.5048  154 1123 52512.0000 50962.0000  2.95%   169 15266s
 30904 17689 51051.6226  155 1165 52512.0000 50962.0000  2.95%   169 15278s
 30912 17694 51098.2874  155 1184 52512.0000 50962.0000  2.95%   169 15304s
 30920 17700 51054.4694  156 1170 52512.0000 50962.0000  2.95%   169 15336s
 30928 17710 51070.8209  156 1194 52512.0000 50962.0000  2.95%   169 15352s
 30941 17742 51055.6453  157 1167 52512.0000 50962.0000  2.95%   169 15367s
 30977 17779 51055.9159  158 1170 52512.0000 50962.0000  2.95%   169 15383s
 31026 17817 51060.0403  161 1170 52512.0000 50962.0000  2.95%   170 15400s
 31081 17859 51061.8714  164 1166 52512.0000 50962.0000  2.95%   170 15416s
 31141 17895 51081.3795  167 1189 52512.0000 50962.0000  2.95%   170 15433s
 31197 17950 51080.5184  170 1174 52512.0000 50962.0000  2.95%   171 15451s
 31271 17996 51082.0085  174 1168 52512.0000 50962.0000  2.95%   171 15470s
 31341 18040 51091.8888  178 1113 52512.0000 50962.0000  2.95%   172 15489s
 31409 18090 51101.4815  181 1089 52512.0000 50962.0000  2.95%   172 15511s
 31481 18141 51119.4062  185 1101 52512.0000 50962.0000  2.95%   173 15711s
 31556 18198 51110.8209  190 1073 52512.0000 50962.0000  2.95%   173 15733s
 31640 18274 51116.3119  196 1082 52512.0000 50962.0000  2.95%   174 15758s
 31746 18317 51199.7128  202 1027 52512.0000 50962.0000  2.95%   174 15785s
 31825 18394 51132.5637  206 1046 52512.0000 50962.0000  2.95%   174 15811s
 31928 18480 51149.7812  212 1054 52512.0000 50962.0000  2.95%   175 15837s
 32048 18569 51192.3870  218  971 52512.0000 50962.0000  2.95%   175 15866s
 32177 18619 51177.9468  226  994 52512.0000 50962.0000  2.95%   176 15898s
 32270 18709 51179.9389  229 1003 52512.0000 50962.0000  2.95%   176 15928s
 32397 18794 51233.8445  236  989 52512.0000 50962.0000  2.95%   177 15960s
 32537 18912 51215.6627  244  985 52512.0000 50962.0000  2.95%   178 15992s
 32717 18942 51232.6327  252  960 52512.0000 50962.0000  2.95%   178 16029s
 32807 19029 51239.8402  260  954 52512.0000 50962.0000  2.95%   178 16068s
 32924 19131 51242.6102  267  940 52512.0000 50962.0000  2.95%   179 16110s
 33065 19189 51246.4494  276  929 52512.0000 50962.0000  2.95%   180 16157s
 33170 19303 51274.8128  282  951 52512.0000 50962.0000  2.95%   181 16202s
 33319 19401 51282.8603  292  941 52512.0000 50962.0000  2.95%   181 16251s
 33467 19468 51287.4016  301  936 52512.0000 50962.0000  2.95%   182 16300s
 33583 19555 51305.7284  310  931 52512.0000 50962.0000  2.95%   183 16349s
 33709 19574 51310.6825  319  916 52512.0000 50962.0000  2.95%   184 16403s
 33770 19707 51368.6131  320  937 52512.0000 50962.0000  2.95%   185 16464s
 33923 19819 51319.2472  326  918 52512.0000 50962.0000  2.95%   186 16519s
 34086 19957 51504.1715  335  876 52512.0000 50962.0000  2.95%   187 16577s
 34279 20087 51382.4775  344  896 52512.0000 50962.0000  2.95%   188 16641s
 34473 20201 51350.8024  359  797 52512.0000 50962.0000  2.95%   189 16705s
 34652 20349 51442.3001  373  823 52512.0000 50962.0000  2.95%   190 16770s
 34860 20482 51381.8190  391  803 52512.0000 50962.0000  2.95%   191 16839s
 35063 20649 51388.5274  406  795 52512.0000 50962.0000  2.95%   193 16914s
 35297 20765 51593.8691  425  797 52512.0000 50962.0000  2.95%   194 16991s
 35494 20862 51401.4372  443  794 52512.0000 50962.0000  2.95%   195 17068s
 35659 21077 51407.1805  455  803 52512.0000 50962.0000  2.95%   196 17148s
 35930 21268 51656.7229  466  783 52512.0000 50962.0000  2.95%   197 17232s
 36211 21489 51419.9833  479  825 52512.0000 50962.0000  2.95%   199 17319s
 36526 21691 51425.5946  492  834 52512.0000 50962.0000  2.95%   200 17409s
 36835 21908 51482.1136  511  837 52512.0000 50962.0000  2.95%   202 17507s
 37166 22092 51449.6551  536  791 52512.0000 50962.0000  2.95%   203 17605s
 37477 22366 51690.3113  556  779 52512.0000 50962.0000  2.95%   204 17706s
 37869 22514 51479.7604  579  814 52512.0000 50962.0000  2.95%   206 17815s
 38151 22895 51496.5680  596  804 52512.0000 50962.0000  2.95%   206 17928s
 38651 23199 51897.0549  628  825 52512.0000 50962.0000  2.95%   207 18044s
 39190 23500 51656.0012  664  809 52512.0000 50962.0000  2.95%   208 18161s
 39739 23666 51712.2623  688  781 52512.0000 50962.0000  2.95%   209 18282s
 40237 23952 51916.7704  716  808 52512.0000 50962.0000  2.95%   209 18397s
 40782 24269 51993.5841  755  770 52512.0000 50962.0000  2.95%   210 18507s
 41357 24595 52209.0590  794  768 52512.0000 50962.0000  2.95%   210 18621s
 41962 24886 52275.5443  833  766 52512.0000 50962.0000  2.95%   210 18736s
 42544 25071 52314.6821  872  793 52512.0000 50962.0000  2.95%   210 18859s
H43003 24055                    52511.000000 50962.0000  2.95%   209 18859s
 43159 24434 51042.7574  121 1232 52511.0000 50962.0000  2.95%   209 19008s
 43668 24736 51141.0001  142 1136 52511.0000 50962.0000  2.95%   209 19193s
 44220 25007 51198.4018  179 1052 52511.0000 50962.0000  2.95%   209 19336s
 44701 25436 51295.3868  228 1001 52511.0000 50962.0000  2.95%   209 19515s
 45292 25709 51366.9670  277  885 52511.0000 50962.0000  2.95%   209 19655s
 45769 26102 51408.3443  321  896 52511.0000 50962.0000  2.95%   209 19802s
 46351 26488 51517.1854  386  894 52511.0000 50962.0000  2.95%   208 19932s
 46954 26858 51564.4918  459  837 52511.0000 50962.0000  2.95%   207 20051s
 47542 27216 51683.2501  514  783 52511.0000 50962.0000  2.95%   207 20169s
 48131 27457 51990.6790  549  782 52511.0000 50962.0000  2.95%   206 20280s
 48583 27856 51881.9556  610  774 52511.0000 50962.0000  2.95%   206 20400s
 49152 28186 51945.7234  677  765 52511.0000 50962.0000  2.95%   205 20569s
 49712 28557 52251.3771  751  763 52511.0000 50962.0000  2.95%   204 20775s
 50329 28773 52284.7942  820  761 52511.0000 50962.0000  2.95%   204 20961s
 50788 29109 52320.1848  894  793 52511.0000 50962.0000  2.95%   203 21169s
 51298 29450 52463.1165  959  735 52511.0000 50962.0000  2.95%   203 21353s
 51854 29752 52484.4089 1026  729 52511.0000 50962.0000  2.95%   202 21548s
 52382 29695 50977.7054  110 1327 52511.0000 50962.0000  2.95%   202 21660s

Cutting planes:
  Gomory: 4
  Cover: 26
  Clique: 14
  MIR: 32
  StrongCG: 4
  Flow cover: 50
  Inf proof: 1
  Zero half: 19
  Mod-K: 99

Explored 52516 nodes (10614475 simplex iterations) in 21660.70 seconds (34246.42 work units)
Thread count was 8 (of 96 available processors)

Solution count 10: 52511 52512 52516 ... 52592

Time limit reached
Best objective 5.251100000000e+04, best bound 5.096200000000e+04, gap 2.9499%

User-callback calls 4843628, time in user-callback 0.58 sec
LB for instance GAL40 with 20 = 50962, UB = 52511, gap = 0.0294986
