inst=GAL40
r=10
Compute TTP bound for GAL40_10 with TimeLimit 21660
Save file as Instances/TTP/Bound_GAL40_10.txt
Read TTP files
Instance: GAL40, Type: A, Contributor: Uthus, Riddle, Guesgen
Date: 22/7/2009
NrTeams = 40, NrRounds =  10
Set parameter TokenServer to value "licgurobi.ugent.be"
Set parameter Threads to value 8
Set parameter TimeLimit to value 21660
Gurobi Optimizer version 12.0.0 build v12.0.0rc1 (linux64 - "Red Hat Enterprise Linux 9.6 (Plow)")

CPU model: AMD EPYC 7552 48-Core Processor, instruction set [SSE2|AVX|AVX2]
Thread count: 96 physical cores, 96 logical processors, using up to 8 threads

Non-default parameters:
TimeLimit  21660
Threads  8

Optimize a model with 2500 rows, 1129480 columns and 3357280 nonzeros
Model fingerprint: 0x91d51133
Variable types: 0 continuous, 1129480 integer (1129480 binary)
Coefficient statistics:
  Matrix range     [1e+00, 1e+00]
  Objective range  [2e+01, 2e+03]
  Bounds range     [1e+00, 1e+00]
  RHS range        [1e+00, 5e+00]
Found heuristic solution: objective 64956.000000
Presolve removed 80 rows and 731160 columns
Presolve time: 3.53s
Presolved: 2420 rows, 398320 columns, 1163760 nonzeros
Variable types: 0 continuous, 398320 integer (398320 binary)
Deterministic concurrent LP optimizer: primal simplex, dual simplex, and barrier
Showing barrier log only...

Root barrier log...

Ordering time: 0.05s

Barrier statistics:
 AA' NZ     : 3.900e+04
 Factor NZ  : 3.531e+05 (roughly 160 MB of memory)
 Factor Ops : 1.104e+08 (less than 1 second per iteration)
 Threads    : 6

                  Objective                Residual
Iter       Primal          Dual         Primal    Dual     Compl     Time
   0   2.72152052e+08 -3.30752596e+08  8.61e+02 6.37e+01  1.38e+03     5s
   1   7.30488489e+06 -9.70276965e+07  2.28e+01 9.09e-13  1.38e+02     5s
   2   1.19409060e+05 -1.11200733e+07  2.28e-01 6.82e-13  1.41e+01     5s
   3   4.13459472e+04 -1.59111144e+06  4.85e-03 4.55e-13  2.05e+00     5s
   4   3.94974248e+04 -7.34360339e+05  2.37e-03 4.55e-13  9.70e-01     5s
   5   3.80034814e+04 -4.93978953e+05  1.22e-03 4.55e-13  6.67e-01     5s
   6   3.70735964e+04 -2.20634698e+05  9.27e-04 4.55e-13  3.23e-01     5s
   7   3.63610969e+04 -1.95306379e+05  8.15e-04 4.55e-13  2.90e-01     5s
   8   3.53644280e+04 -1.49289532e+05  6.57e-04 4.55e-13  2.31e-01     5s
   9   3.43645346e+04 -1.12425386e+05  5.58e-04 4.55e-13  1.84e-01     5s
  10   3.33312478e+04 -9.57129392e+04  4.49e-04 4.55e-13  1.62e-01     5s
  11   3.23413153e+04 -7.45826006e+04  3.68e-04 4.55e-13  1.34e-01     5s
  12   3.21753816e+04 -7.16993741e+04  3.57e-04 4.55e-13  1.30e-01     5s
  13   3.07372339e+04 -5.02680965e+04  2.86e-04 4.55e-13  1.02e-01     6s
  14   2.96864041e+04 -3.56534176e+04  2.44e-04 4.55e-13  8.19e-02     6s
  15   2.88158153e+04 -1.95850016e+04  2.11e-04 3.41e-13  6.06e-02     6s
  16   2.73563299e+04 -1.38477747e+04  1.52e-04 3.41e-13  5.16e-02     6s
  17   2.65194741e+04 -9.46413040e+03  1.21e-04 4.55e-13  4.51e-02     6s
  18   2.59556302e+04 -2.99235606e+02  9.96e-05 4.55e-13  3.29e-02     6s
  19   2.53543658e+04  5.35748417e+03  8.12e-05 4.55e-13  2.51e-02     6s
  20   2.46381204e+04  1.09114658e+04  6.06e-05 4.55e-13  1.72e-02     6s
  21   2.42392887e+04  1.47928942e+04  4.98e-05 3.41e-13  1.18e-02     6s
  22   2.37305849e+04  1.63285175e+04  3.64e-05 4.55e-13  9.27e-03     6s
  23   2.33174064e+04  1.86402896e+04  2.64e-05 2.27e-13  5.86e-03     6s
  24   2.29087631e+04  1.96925945e+04  1.59e-05 4.55e-13  4.03e-03     7s
  25   2.27002783e+04  2.03245193e+04  1.07e-05 4.55e-13  2.98e-03     7s
  26   2.25525881e+04  2.12062118e+04  7.27e-06 2.27e-13  1.69e-03     7s
  27   2.24783598e+04  2.13491153e+04  5.55e-06 4.55e-13  1.41e-03     7s
  28   2.23866416e+04  2.17470197e+04  3.25e-06 4.55e-13  8.01e-04     7s
  29   2.23214175e+04  2.20677484e+04  1.95e-06 4.55e-13  3.18e-04     7s
  30   2.22867496e+04  2.21450420e+04  1.28e-06 4.55e-13  1.77e-04     7s
  31   2.22334157e+04  2.21904148e+04  3.02e-07 4.55e-13  5.39e-05     7s
  32   2.22229428e+04  2.22122247e+04  1.22e-07 4.55e-13  1.34e-05     7s
  33   2.22173949e+04  2.22138580e+04  2.90e-08 4.55e-13  4.43e-06     7s
  34   2.22156645e+04  2.22153187e+04  2.97e-09 4.55e-13  4.33e-07     7s
  35   2.22155604e+04  2.22154423e+04  1.56e-09 4.55e-13  1.48e-07     7s
  36   2.22155427e+04  2.22154424e+04  1.32e-09 4.55e-13  1.25e-07     7s
  37   2.22154529e+04  2.22154434e+04  5.73e-10 4.55e-13  1.19e-08     7s
  38   2.22154480e+04  2.22154453e+04  9.66e-09 3.80e-13  3.36e-09     7s
  39   2.22154479e+04  2.22154453e+04  2.15e-07 4.81e-13  3.29e-09     7s
  40   2.22154456e+04  2.22154453e+04  2.46e-08 5.26e-13  3.95e-10     8s
  41   2.22154453e+04  2.22154453e+04  6.59e-09 4.65e-13  5.60e-12     8s

Barrier solved model in 41 iterations and 7.67 seconds (12.35 work units)
Optimal objective 2.22154453e+04

Concurrent spin time: 2.83s (can be avoided by choosing Method=3)

Solved with dual simplex

Root simplex log...

Iteration    Objective       Primal Inf.    Dual Inf.      Time
    1328    2.2215445e+04   0.000000e+00   0.000000e+00      9s

Root relaxation: objective 2.221545e+04, 1328 iterations, 5.40 seconds (4.73 work units)

    Nodes    |    Current Node    |     Objective Bounds      |     Work
 Expl Unexpl |  Obj  Depth IntInf | Incumbent    BestBd   Gap | It/Node Time

     0     0 22215.4453    0  629 64956.0000 22215.4453  65.8%     -    9s
H    0     0                    26213.000000 22215.4453  15.3%     -   10s
H    0     0                    26018.000000 22215.4453  14.6%     -   10s
H    0     0                    25921.000000 22215.4453  14.3%     -   11s
H    0     0                    25909.000000 22215.4453  14.3%     -   11s
H    0     0                    25907.000000 22215.4453  14.2%     -   11s
H    0     0                    24962.000000 22215.4453  11.0%     -   13s
H    0     0                    24944.000000 22215.4453  10.9%     -   15s
H    0     0                    24610.000000 22215.4453  9.73%     -   17s
     0     0 22236.6222    0  657 24610.0000 22236.6222  9.64%     -   26s
H    0     0                    24518.000000 22236.6222  9.30%     -   31s
H    0     0                    24515.000000 22236.6222  9.29%     -   34s
H    0     0                    24477.000000 22236.6222  9.15%     -   41s
H    0     0                    24441.000000 22236.6222  9.02%     -   44s
     0     0 22254.7958    0  675 24441.0000 22254.7958  8.94%     -   50s
     0     0 22259.9869    0  668 24441.0000 22259.9869  8.92%     -   57s
     0     0 22260.2565    0  662 24441.0000 22260.2565  8.92%     -   62s
     0     0 22260.3815    0  662 24441.0000 22260.3815  8.92%     -   63s
     0     2 22274.0000    0  662 24441.0000 22274.0000  8.87%     -   75s
    15    24 22281.4224    4  657 24441.0000 22274.0000  8.87%   121   81s
    46    59 22316.0000    7  667 24441.0000 22274.0000  8.87%   115   86s
    90   107 22308.8621   10  659 24441.0000 22274.0000  8.87%   117   91s
H  108   115                    24434.000000 22274.0000  8.84%   114   93s
   124   137 22319.2645   12  619 24434.0000 22274.0000  8.84%   118   96s
   136   145 22336.8460   14  616 24434.0000 22274.0000  8.84%   122  100s
H  144   154                    24402.000000 22274.0000  8.72%   122  107s
H  148   154                    24400.000000 22274.0000  8.71%   120  107s
   155   162 22346.1714   16  620 24400.0000 22274.0000  8.71%   120  110s
H  167   173                    24371.000000 22274.0000  8.60%   121  112s
   197   207 22373.2391   20  629 24371.0000 22274.0000  8.60%   116  116s
   229   242 22374.1321   21  645 24371.0000 22274.0000  8.60%   115  120s
   289   300 22408.1724   25  593 24371.0000 22274.0000  8.60%   112  126s
   335   336 22477.8268   29  593 24371.0000 22274.0000  8.60%   110  131s
   374   379 22433.2815   31  599 24371.0000 22274.0000  8.60%   110  135s
H  398   387                    24317.000000 22274.0000  8.40%   109  141s
   427   416 22481.2326   35  567 24317.0000 22274.0000  8.40%   110  147s
H  428   416                    24283.000000 22274.0000  8.27%   110  147s
H  431   416                    24269.000000 22274.0000  8.22%   109  147s
   435   446 22477.2554   36  590 24269.0000 22274.0000  8.22%   109  150s
   467   474 22478.1008   37  603 24269.0000 22274.0000  8.22%   107  156s
   535   553 22526.6209   44  531 24269.0000 22274.0000  8.22%   104  162s
   578   587 22555.4731   49  613 24269.0000 22274.0000  8.22%   102  165s
H  657   634                    24262.000000 22274.0000  8.19%   101  172s
H  664   634                    24252.000000 22274.0000  8.16%   100  172s
   665   684 22595.1717   53  562 24252.0000 22274.0000  8.16%   101  175s
   793   825 22633.9486   61  501 24252.0000 22274.0000  8.16%  94.0  182s
   862   902 22679.9422   65  513 24252.0000 22274.0000  8.16%  91.3  186s
   941   984 22743.3990   70  467 24252.0000 22274.0000  8.16%  87.8  190s
  1025   992 22789.1249   74  484 24252.0000 22274.0000  8.16%  84.9  197s
H 1027   992                    24232.000000 22274.0000  8.08%  84.8  197s
H 1029   992                    24142.000000 22274.0000  7.74%  84.7  197s
  1033  1099 22852.8248   74  456 24142.0000 22274.0000  7.74%  84.6  201s
  1142  1206 22860.8114   81  488 24142.0000 22274.0000  7.74%  80.3  206s
  1253  1333 22952.1454   91  484 24142.0000 22274.0000  7.74%  76.8  210s
H 1388  1341                    24136.000000 22274.0000  7.71%  72.5  215s
  1530  1592 23044.5155  112  448 24136.0000 22274.0000  7.71%  68.9  224s
  1653  1699 23040.8232  117  451 24136.0000 22274.0000  7.71%  66.7  229s
  1762  1826 23065.3166  121  448 24136.0000 22274.0000  7.71%  64.8  234s
  1889  1999 23096.3875  133  437 24136.0000 22274.0000  7.71%  63.3  239s
  2064  2057 23127.3336  153  443 24136.0000 22274.0000  7.71%  60.5  247s
  2122  2065 23151.3523  158  414 24136.0000 22274.0000  7.71%  59.8  253s
H 2128  2065                    24119.000000 22274.0000  7.65%  59.7  253s
  2130  2206 23144.2405  158  421 24119.0000 22274.0000  7.65%  59.7  260s
  2273  2400 23204.5673  171  400 24119.0000 22274.0000  7.65%  57.8  265s
  2469  2621 23248.8878  188  419 24119.0000 22274.0000  7.65%  55.6  271s
  2700  2824 23278.2802  205  402 24119.0000 22274.0000  7.65%  53.2  277s
H 2905  2832                    24117.000000 22274.0000  7.64%  51.3  287s
  2913  3059 23320.9875  229  383 24117.0000 22274.0000  7.64%  51.3  293s
  3145  3337 23359.0014  248  391 24117.0000 22274.0000  7.64%  49.4  300s
  3429  3668 23422.2667  282  377 24117.0000 22274.0000  7.64%  47.2  308s
  3760  4000 23469.4793  317  380 24117.0000 22274.0000  7.64%  44.9  315s
  4092  4151 23490.7554  352  384 24117.0000 22274.0000  7.64%  42.7  322s
  4243  4518 23501.3957  380  364 24117.0000 22274.0000  7.64%  41.8  330s
  4614  4909 23532.2228  432  378 24117.0000 22274.0000  7.64%  40.0  338s
  5013  4917 23600.3723  478  391 24117.0000 22274.0000  7.64%  38.3  346s
  5021  4925 23601.5566  479  378 24117.0000 22274.0000  7.64%  38.3  351s
  5029  4933 23602.1180  480  381 24117.0000 22274.0000  7.64%  38.2  355s
  5037  4941 23602.9208  481  372 24117.0000 22274.0000  7.64%  38.2  360s
  5045  4994 23603.2987  482  388 24117.0000 22274.0000  7.64%  38.2  366s
  5099  5130 23622.9594  509  362 24117.0000 22274.0000  7.64%  38.0  373s
  5239  5294 23685.1160  550  371 24117.0000 22274.0000  7.64%  37.5  382s
  5406  5604 23770.7485  581  338 24117.0000 22274.0000  7.64%  37.1  391s
  5733  6072 23867.5467  627  338 24117.0000 22274.0000  7.64%  36.2  401s
  6212  6080 23959.6454  696  349 24117.0000 22274.0000  7.64%  34.8  412s
H 6214  6080                    24104.000000 22274.0000  7.59%  34.8  412s
  6220  6514 23962.8017  697  358 24104.0000 22274.0000  7.59%  34.8  423s
  6664  6969 22345.5675   11  581 24104.0000 22274.0000  7.59%  34.0  434s
  7131  7384 22394.6205   19  602 24104.0000 22274.0000  7.59%  33.1  445s
  7557  7385 23583.2064  832  662 24104.0000 22274.0000  7.59%  32.4  467s
H 7558  7016                    24102.000000 22274.0000  7.58%  32.4  528s
H 7559  6665                    24101.000000 22339.7977  7.31%  32.4  561s
H 7559  6332                    24096.000000 22339.7977  7.29%  32.4  567s
  7560  6333 23288.8354  213  661 24096.0000 22339.7977  7.29%  32.4  578s
  7561  6334 23433.4227  743  666 24096.0000 22593.4546  6.24%  32.4  608s
  7562  6334 22638.4177   75  682 24096.0000 22638.4177  6.05%  32.4  627s
  7564  6336 23328.7481  721  711 24096.0000 22681.3656  5.87%  32.4  643s
  7565  6336 23087.3731  125  699 24096.0000 22805.4650  5.36%  32.3  651s
  7566  6337 23520.1685  476  707 24096.0000 22805.6800  5.35%  32.3  655s
  7567  6338 23158.8073  228  706 24096.0000 22834.4075  5.24%  32.3  672s
  7568  6338 23861.7117  925  712 24096.0000 22855.3310  5.15%  32.3  679s
  7570  6340 22995.2539  204  709 24096.0000 22855.5680  5.15%  32.3  683s
  7571  6340 23110.5873  393  705 24096.0000 22863.1009  5.12%  32.3  690s
  7573  6342 23727.3479  760  705 24096.0000 22868.7099  5.09%  32.3  700s
  7576  6344 22883.0047   11  716 24096.0000 22883.0047  5.03%  32.3  705s
  7577  6344 23356.2567  620  707 24096.0000 22890.9021  5.00%  32.3  712s
  7579  6346 22891.7040   46  714 24096.0000 22891.7040  5.00%  32.3  717s
  7580  6346 22946.9469  231  714 24096.0000 22893.4357  4.99%  32.3  727s
  7583  6350 22893.4357   12  662 24096.0000 22893.4357  4.99%  32.8  730s
H 7584  6033                    24090.000000 22893.4357  4.97%  32.8  790s
H 7585  5731                    24088.000000 22893.6559  4.96%  32.8  819s
  7586  5732 23173.0909  489  689 24088.0000 22893.6559  4.96%  32.8  820s
  7587  5733 23922.0979  688  699 24088.0000 22902.8097  4.92%  32.8  832s
  7588  5733 22902.8097  173  721 24088.0000 22902.8097  4.92%  32.8  841s
  7589  5734 23125.6167  429  714 24088.0000 22902.8097  4.92%  32.8  848s
  7590  5735 22992.6437  202  729 24088.0000 22951.3317  4.72%  32.8  888s
  7592  5736 22961.7986  164  733 24088.0000 22961.7986  4.68%  32.8  894s
  7593  5737 23578.7800  479  755 24088.0000 23016.1008  4.45%  32.7  919s
  7594  5737 23323.1960  705  783 24088.0000 23022.5040  4.42%  32.7  920s
  7595  5738 23599.0098  884  783 24088.0000 23022.8004  4.42%  32.7  925s
  7596  5739 23697.5240  547  766 24088.0000 23038.2773  4.36%  32.7  944s
  7598  5740 23507.5936  401  772 24088.0000 23040.6424  4.35%  32.7  948s
  7599  5741 23060.3388  173  776 24088.0000 23060.3388  4.27%  32.7  956s
  7601  5742 23279.3823  612  776 24088.0000 23064.7267  4.25%  32.7  961s
  7602  5743 23261.8631  194  760 24088.0000 23075.0830  4.21%  32.7  969s
  7603  5743 23296.4897  604  745 24088.0000 23075.9268  4.20%  32.7  973s
  7604  5744 23248.9118  555  754 24088.0000 23076.8397  4.20%  32.7  979s
  7605  5745 23983.7803 1072  747 24088.0000 23076.8863  4.20%  32.7  983s
  7606  5745 23076.9046  137  762 24088.0000 23076.9046  4.20%  32.7  993s
  7609  5749 23177.6170  324  662 24088.0000 23076.9046  4.20%  33.3  996s
H 7610  5462                    24085.000000 23076.9046  4.19%  33.3 1028s
  7611  5462 23549.8260  746  629 24085.0000 23076.9046  4.19%  33.3 1057s
H 7611  5189                    24080.000000 23076.9046  4.17%  33.3 1076s
H 7611  4929                    24073.000000 23076.9046  4.14%  33.3 1089s
  7612  4930 23138.0284  435  708 24073.0000 23076.9046  4.14%  33.3 1091s
  7613  4931 23338.2743  746  739 24073.0000 23078.1746  4.13%  33.3 1123s
  7614  4931 23078.1746  121  763 24073.0000 23078.1746  4.13%  33.3 1125s
  7616  4933 23078.1746  275  747 24073.0000 23078.1746  4.13%  33.3 1137s
  7617  4933 23387.5459  656  757 24073.0000 23096.5826  4.06%  33.3 1156s
  7620  4935 23102.8315  124  773 24073.0000 23102.8315  4.03%  33.3 1162s
  7621  4936 23112.5825   83  796 24073.0000 23112.5825  3.99%  33.3 1176s
  7623  4937 23116.9165  343  811 24073.0000 23116.9165  3.97%  33.2 1181s
  7624  4938 23284.5635  583  815 24073.0000 23122.3077  3.95%  33.2 1195s
  7626  4939 23123.2282  194  803 24073.0000 23123.2282  3.95%  33.2 1200s
  7627  4940 23259.5648  621  825 24073.0000 23123.5738  3.94%  33.2 1207s
  7629  4941 23569.0993  786  826 24073.0000 23123.9943  3.94%  33.2 1212s
  7630  4942 23123.9943  112  826 24073.0000 23123.9943  3.94%  33.2 1217s
  7631  4943 23933.9772 1050  826 24073.0000 23123.9943  3.94%  33.2 1238s
  7632  4946 23125.4628   40  820 24073.0000 23125.4628  3.94%  33.8 1263s
  7634  4950 23128.0833   41  811 24073.0000 23127.2768  3.93%  34.1 1273s
  7638  4956 23128.6822   42  809 24073.0000 23128.2114  3.92%  34.3 1281s
  7654  4983 23129.6421   44  801 24073.0000 23128.9815  3.92%  34.7 1304s
  7678  4983 23131.8871   46  797 24073.0000 23128.9815  3.92%  35.6 1323s
  7686  4990 23149.0535   46  785 24073.0000 23128.9815  3.92%  36.1 1358s
  7696  4995 23132.7285   47  783 24073.0000 23128.9815  3.92%  37.0 1368s
  7704  5000 23195.1316   47  743 24073.0000 23128.9815  3.92%  37.5 1393s
  7712  5006 23135.6539   48  786 24073.0000 23128.9815  3.92%  38.4 1400s
  7720  5012 23145.8900   48  657 24073.0000 23128.9815  3.92%  38.6 1439s
  7729  5020 23139.2999   49  805 24073.0000 23128.9815  3.92%  40.0 1477s
  7740  5025 23246.3679   49  711 24073.0000 23128.9815  3.92%  41.1 1502s
  7749  5035 23140.2686   50  796 24073.0000 23128.9815  3.92%  41.6 1511s
  7762  5048 23206.2963   50  752 24073.0000 23128.9815  3.92%  42.0 1520s
  7779  5059 23141.8776   51  808 24073.0000 23128.9815  3.92%  42.5 1562s
  7796  5062 23174.1059   52  760 24073.0000 23128.9815  3.92%  43.5 1572s
H 7804  4828                    24063.000000 23128.9815  3.88%  44.1 1609s
  7820  4850 23182.3160   53  776 24063.0000 23128.9815  3.88%  44.9 1632s
  7847  4863 23185.5761   55  760 24063.0000 23128.9815  3.88%  45.9 1670s
  7869  4863 23193.7908   57  737 24063.0000 23128.9815  3.88%  46.7 1677s
H 7872  4627                    24047.000000 23128.9815  3.82%  46.7 1677s
  7877  4660 23197.9944   57  725 24047.0000 23128.9815  3.82%  46.8 1685s
  7911  4680 23202.2491   60  707 24047.0000 23128.9815  3.82%  47.5 1723s
H 7926  4451                    24043.000000 23128.9815  3.80%  48.0 1723s
  7943  4479 23205.9987   63  729 24043.0000 23128.9815  3.80%  48.3 1741s
  7976  4476 23206.4356   66  703 24043.0000 23128.9815  3.80%  49.1 1776s
H 7984  4269                    24027.000000 23128.9815  3.74%  49.3 1787s
  7992  4293 23206.9257   67  658 24027.0000 23128.9815  3.74%  49.5 1824s
  8019  4292 23275.6457   67  719 24027.0000 23128.9815  3.74%  50.9 1841s
H 8021  4090                    24021.000000 23128.9815  3.71%  50.9 1841s
  8027  4096 23210.8639   68  631 24021.0000 23128.9815  3.71%  51.2 1853s
  8035  4102 23213.1157   68  632 24021.0000 23128.9815  3.71%  51.3 1892s
  8044  4117 23287.8165   69  596 24021.0000 23128.9815  3.71%  52.9 1920s
  8062  4121 23265.0085   69  693 24021.0000 23128.9815  3.71%  53.6 1931s
  8072  4161 23295.1050   70  605 24021.0000 23128.9815  3.71%  53.7 1949s
  8115  4212 23298.9213   72  612 24021.0000 23128.9815  3.71%  54.6 1967s
  8185  4255 23309.2385   75  582 24021.0000 23128.9815  3.71%  55.8 1986s
  8251  4281 23315.6352   77  570 24021.0000 23128.9815  3.71%  57.0 2015s
  8303  4306 23318.3083   79  555 24021.0000 23128.9815  3.71%  58.2 2058s
  8349  4371 23329.9667   82  530 24021.0000 23128.9815  3.71%  59.4 2074s
  8430  4354 23337.7508   86  531 24021.0000 23128.9815  3.71%  60.6 2089s
  8440  4428 23348.1065   86  517 24021.0000 23128.9815  3.71%  60.7 2104s
  8517  4410 23348.0554   89  548 24021.0000 23128.9815  3.71%  61.5 2121s
H 8523  4217                    24015.000000 23128.9815  3.69%  61.5 2121s
  8525  4329 23343.0588   89  482 24015.0000 23128.9815  3.69%  61.5 2145s
  8638  4429 23396.4641   91  506 24015.0000 23128.9815  3.69%  62.9 2163s
  8780  4551 23450.5942   96  477 24015.0000 23128.9815  3.69%  64.1 2181s
  8953  4665 23474.6899  104  493 24015.0000 23128.9815  3.69%  65.1 2201s
  9133  4803 23493.0355  112  462 24015.0000 23128.9815  3.69%  65.8 2219s
  9359  4883 23556.1907  128  415 24015.0000 23128.9815  3.69%  66.5 2236s
H 9379  4694                    24009.000000 23128.9815  3.67%  66.5 2236s
H 9404  4513                    23996.000000 23128.9815  3.61%  66.5 2236s
  9541  4686 23572.7516  138  370 23996.0000 23128.9815  3.61%  66.9 2254s
  9828  4677 23597.4909  152  300 23996.0000 23128.9815  3.61%  67.3 2280s
  9951  4662 23604.8975  158  304 23996.0000 23128.9815  3.61%  67.6 2294s
  9979  4817 23606.3858  158  287 23996.0000 23128.9815  3.61%  67.7 2333s
 10184  4892 23627.2137  170  313 23996.0000 23128.9815  3.61%  68.0 2362s
 10390  4991 23634.8668  183  294 23996.0000 23128.9815  3.61%  68.2 2398s
H10557  4769                    23993.000000 23128.9815  3.60%  68.1 2398s
 10656  4911 23656.0999  205  250 23993.0000 23128.9815  3.60%  68.5 2442s
H10691  4740                    23990.000000 23128.9815  3.59%  68.5 2442s
 10970  4649 23677.5186  222  235 23990.0000 23128.9815  3.59%  68.7 2467s
H10973  4481                    23983.000000 23128.9815  3.56%  68.7 2467s
H10977  4303                    23965.000000 23128.9815  3.49%  68.7 2467s
 10982  4425 23680.2460  223  240 23965.0000 23128.9815  3.49%  68.8 2506s
 11271  4477 23715.2718  255  197 23965.0000 23141.5137  3.44%  69.2 2533s
 11494  4518 23769.0350  294  168 23965.0000 23141.5137  3.44%  69.9 2572s
 11642  4565 23800.0202  333  191 23965.0000 23142.3399  3.43%  71.0 2615s
 11781  4622 23819.0211  372  173 23965.0000 23142.3399  3.43%  71.8 2665s
 11903  4736 infeasible  384      23965.0000 23142.3399  3.43%  73.0 2699s
 12090  4915 23239.9488   60  713 23965.0000 23142.3399  3.43%  73.9 2729s
 12332  5175 23282.4048   71  625 23965.0000 23142.3399  3.43%  74.7 2757s
 12674  5438 23318.5577   82  606 23965.0000 23142.3399  3.43%  74.9 2786s
 13061  5746 23372.1297   90  546 23965.0000 23142.3399  3.43%  75.2 2819s
 13548  6057 23454.2447  105  407 23965.0000 23142.3399  3.43%  75.2 2850s
 14055  6262 23517.9515  129  370 23965.0000 23142.3399  3.43%  75.1 2885s
 14480  6392 23608.3632  168  350 23965.0000 23145.3917  3.42%  75.1 2952s
 14831  6603 23792.1309  220  349 23965.0000 23149.0980  3.40%  75.9 2992s
 15183  6873 23890.9487  265  298 23965.0000 23149.0980  3.40%  76.5 3064s
 15608  7065 23208.0178   49  732 23965.0000 23149.0980  3.40%  77.1 3132s
 15962  7356 23396.5192   52  637 23965.0000 23149.0980  3.40%  77.7 3207s
 16341  7698 23776.9124   67  516 23965.0000 23149.0980  3.40%  78.9 3251s
 16727  8152 23392.2436   74  648 23965.0000 23149.0980  3.40%  79.8 3298s
 17212  8563 23814.0834  136  495 23965.0000 23155.9038  3.38%  80.0 3360s
 17682  8777 23347.6132   48  696 23965.0000 23155.9038  3.38%  80.4 3422s
 17913  9042 23363.1401   52  635 23965.0000 23155.9038  3.38%  80.7 3490s
 18204  9305 23594.6595   63  553 23965.0000 23155.9038  3.38%  81.1 3544s
 18373  9305 23929.0747  301  247 23965.0000 23155.9038  3.38%  81.4 3545s
 18518  9611 23780.1266   93  441 23965.0000 23155.9038  3.38%  81.6 3601s
 18861  9943 23840.6655  132  456 23965.0000 23158.8443  3.36%  82.5 3678s
 19296 10270 23383.1794   64  682 23965.0000 23158.8443  3.36%  83.0 3745s
 19696 10683 23702.7760  117  555 23965.0000 23158.8443  3.36%  83.4 3806s
 20198 11091 23342.6322   46  688 23965.0000 23158.8443  3.36%  83.8 3858s
 20702 11459 23531.8752   68  547 23965.0000 23158.8443  3.36%  83.7 3923s
 21196 11668 23926.0070  144  396 23965.0000 23158.8443  3.36%  83.4 3988s
 21569 12079 23494.1662   59  579 23965.0000 23158.8443  3.36%  83.9 4073s
 22027 12199 23826.9142  126  254 23965.0000 23158.8443  3.36%  84.4 4157s
 22194 12388 23257.3304   56  750 23965.0000 23158.8443  3.36%  84.3 4237s
 22404 12862 23337.3961   63  709 23965.0000 23158.8443  3.36%  85.1 4309s
 22915 13316 23583.9263  118  510 23965.0000 23158.8443  3.36%  85.3 4375s
 23399 13683 23869.3357  196  495 23965.0000 23158.8443  3.36%  84.7 4450s
 23838 13768 23674.3577   90  532 23965.0000 23158.8443  3.36%  84.9 4521s
 23923 14059 23781.3840  101  532 23965.0000 23186.1614  3.25%  85.0 4592s
 24267 14516 23339.7016   48  751 23965.0000 23186.1614  3.25%  85.0 4655s
 24757 14952 23706.3945   65  603 23965.0000 23189.5443  3.24%  85.2 4728s
 25288 15268 23422.0904   58  651 23965.0000 23190.8422  3.23%  85.4 4815s
 25677 15625 23422.2959   49  710 23965.0000 23190.8422  3.23%  86.2 4887s
 26062 16194 23442.1958   60  666 23965.0000 23190.8422  3.23%  87.1 4951s
 26661 16783 23702.7911   91  433 23965.0000 23190.8422  3.23%  87.2 5010s
 27285 17208 23827.8226  137  315 23965.0000 23195.4857  3.21%  87.0 5093s
 27793 17564 23379.5980   45  702 23965.0000 23195.4857  3.21%  87.1 5158s
 28219 17999 23586.4756   60  646 23965.0000 23195.4857  3.21%  87.6 5216s
 28698 18489 23657.0523   76  490 23965.0000 23195.4857  3.21%  88.0 5291s
 29219 18490 23792.7281  223  662 23965.0000 23195.4857  3.21%  88.2 6320s
 29221 18491 23727.3747  167  629 23965.0000 23195.4857  3.21%  88.2 6380s
 29222 18492 23680.4848  175  705 23965.0000 23195.4857  3.21%  88.2 6423s
 29223 18493 23237.5789   50  738 23965.0000 23195.4857  3.21%  88.2 6467s
 29224 18493 23879.9487  141  757 23965.0000 23222.9920  3.10%  88.2 6479s
 29225 18494 23800.8163  119  809 23965.0000 23248.5681  2.99%  88.2 6482s
 29227 18495 23742.3681   82  810 23965.0000 23251.8775  2.98%  88.2 6495s
 29228 18496 23811.1193   82  816 23965.0000 23266.5085  2.91%  88.2 6554s
 29229 18497 23500.5567   86  800 23965.0000 23279.3064  2.86%  88.2 6556s
 29232 18499 23608.2889  145  820 23965.0000 23280.5999  2.86%  88.2 6586s
 29233 18499 23557.5975  126  799 23965.0000 23315.0234  2.71%  88.2 6635s
 29237 18502 23384.4490   56  804 23965.0000 23326.4628  2.66%  88.2 6668s
 29238 18503 23596.8285   91  813 23965.0000 23332.8185  2.64%  88.2 6698s
 29241 18505 23661.4485   75  827 23965.0000 23334.1283  2.63%  88.2 6727s
 29242 18505 23708.8685  102  810 23965.0000 23336.8208  2.62%  88.2 6764s
 29243 18506 23657.1956   90  813 23965.0000 23336.8947  2.62%  88.2 6765s
 29244 18507 23809.2521  274  819 23965.0000 23336.8953  2.62%  88.2 6808s
 29245 18507 23801.0941  175  802 23965.0000 23338.9915  2.61%  88.2 6838s
 29248 18509 23733.9706  116  815 23965.0000 23339.2923  2.61%  88.2 6873s
 29249 18510 23935.0478  178  815 23965.0000 23339.4615  2.61%  88.1 6906s
 29251 18511 23516.6099  127  817 23965.0000 23339.5787  2.61%  88.1 6934s
 29252 18512 23380.8498   84  812 23965.0000 23339.5817  2.61%  88.1 7006s
 29253 18513 23642.0847  136  824 23965.0000 23342.3418  2.60%  88.1 7081s
 29256 18515 23475.1714  117  829 23965.0000 23342.8903  2.60%  88.1 7110s
 29257 18515 23478.3381   67  829 23965.0000 23343.0318  2.60%  88.1 7143s
 29258 18516 23824.4424  181  830 23965.0000 23343.0429  2.60%  88.1 7181s
 29259 18517 23774.6082  184  828 23965.0000 23346.7339  2.58%  88.1 7236s
 29262 18519 23727.8591  123  842 23965.0000 23348.5509  2.57%  88.1 7266s
 29263 18519 23810.1087  117  829 23965.0000 23358.6580  2.53%  88.1 7301s
 29266 18521 23652.8228   84  853 23965.0000 23359.3732  2.53%  88.1 7335s
 29267 18522 23691.2983   81  847 23965.0000 23359.8559  2.53%  88.1 7386s
 29269 18523 23891.6999  157  853 23965.0000 23359.9955  2.52%  88.1 7419s
 29270 18524 23704.4325   85  854 23965.0000 23360.0335  2.52%  88.1 7487s
 29271 18525 23816.9774  137  854 23965.0000 23360.0404  2.52%  88.1 7524s
 29272 18525 23618.2884   99  849 23965.0000 23360.0648  2.52%  88.1 7567s
 29273 18526 23580.3464   69  857 23965.0000 23360.0671  2.52%  88.1 7600s
 29274 18527 23831.5469  234  846 23965.0000 23362.5766  2.51%  88.1 7662s
 29277 18529 23547.7966   79  843 23965.0000 23362.9441  2.51%  88.1 7696s
 29278 18529 23863.1411  259  856 23965.0000 23364.9210  2.50%  88.1 7728s
 29281 18531 23407.0176   53  853 23965.0000 23365.2046  2.50%  88.1 7769s
 29282 18532 23472.0882  106  840 23965.0000 23365.7539  2.50%  88.0 7801s
 29283 18533 23432.5937   76  848 23965.0000 23365.8217  2.50%  88.0 7830s
 29284 18533 23557.8987   64  854 23965.0000 23365.8281  2.50%  88.0 7862s
 29285 18534 23737.3172  129  856 23965.0000 23365.8654  2.50%  88.0 7887s
 29286 18535 23684.1120  110  855 23965.0000 23367.2973  2.49%  88.0 7955s
 29287 18535 23601.9342  110  855 23965.0000 23367.2973  2.49%  88.0 7997s
 29288 18536 23609.7033  117  855 23965.0000 23367.2973  2.49%  88.0 8056s
 29289 18540 23381.1135   53  840 23965.0000 23367.2973  2.49%  88.3 8116s
 29291 18543 23384.2771   54  838 23965.0000 23381.9978  2.43%  88.4 8121s
 29295 18550 23386.7932   55  819 23965.0000 23384.5192  2.42%  88.4 8126s
 29303 18555 23395.5653   56  800 23965.0000 23386.8306  2.41%  88.5 8401s
 29311 18591 23398.5152   57  818 23965.0000 23386.8306  2.41%  88.6 8428s
 29350 18589 23406.4334   60  799 23965.0000 23386.8306  2.41%  88.8 8436s
 29361 18594 23424.5698   60  793 23965.0000 23386.8306  2.41%  88.8 8446s
 29369 18613 23412.2555   61  812 23965.0000 23386.8306  2.41%  88.9 8457s
 29391 18635 23431.4940   63  808 23965.0000 23386.8306  2.41%  89.0 8467s
 29420 18651 23484.2600   64  770 23965.0000 23386.8306  2.41%  89.2 8475s
 29446 18663 23450.1798   65  779 23965.0000 23386.8306  2.41%  89.3 8482s
 29467 18676 23447.9583   66  806 23965.0000 23386.8306  2.41%  89.4 8488s
 29487 18689 23448.7638   67  768 23965.0000 23386.8306  2.41%  89.5 8494s
 29506 18700 23453.7375   68  800 23965.0000 23386.8306  2.41%  89.6 8500s
 29524 18713 23474.3868   69  702 23965.0000 23386.8306  2.41%  89.7 8507s
 29543 18730 23529.7828   70  723 23965.0000 23386.8306  2.41%  89.8 8514s
 29566 18749 23488.0502   71  662 23965.0000 23386.8306  2.41%  89.9 8521s
 29593 18771 23504.3933   73  702 23965.0000 23386.8306  2.41%  90.0 8528s
 29624 18770 23522.1632   75  634 23965.0000 23386.8306  2.41%  90.1 8536s
 29633 18775 23611.2880   75  664 23965.0000 23386.8306  2.41%  90.1 8544s
 29641 18787 23523.6960   76  637 23965.0000 23386.8306  2.41%  90.2 8551s
 29656 18809 23539.1779   77  615 23965.0000 23386.8306  2.41%  90.2 8559s
 29683 18836 23552.0892   79  664 23965.0000 23386.8306  2.41%  90.3 8568s
 29719 18869 23598.9511   80  640 23965.0000 23386.8306  2.41%  90.4 8577s
 29768 18868 23606.9915   82  586 23965.0000 23386.8306  2.41%  90.4 8585s
 29784 18909 23620.5769   83  540 23965.0000 23386.8306  2.41%  90.5 8595s
 29840 18947 23636.2924   85  592 23965.0000 23386.8306  2.41%  90.5 8605s
 29901 18983 23723.6965   87  608 23965.0000 23386.8306  2.41%  90.6 8616s
 29968 19012 23745.0916   89  625 23965.0000 23386.8306  2.41%  90.6 8626s
 30047 19044 23752.5361   90  499 23965.0000 23386.8306  2.41%  90.6 8637s
 30132 19074 23683.5390   93  557 23965.0000 23386.8306  2.41%  90.7 8662s
 30221 19096 23693.7704   96  526 23965.0000 23395.5972  2.38%  90.7 8674s
 30326 19114 23750.6257   98  510 23965.0000 23395.5972  2.38%  90.7 8684s
 30437 19130 23718.4469  101  504 23965.0000 23395.5972  2.38%  90.7 8698s
 30549 19114 23727.4839  105  474 23965.0000 23395.5972  2.38%  90.7 8719s
 30587 19139 23738.1898  106  450 23965.0000 23395.5972  2.38%  90.7 8730s
 30665 19183 23870.4462  112  445 23965.0000 23395.5972  2.38%  90.7 8742s
 30780 19205 23752.3864  119  450 23965.0000 23395.5972  2.38%  90.7 8754s
 30886 19206 23758.8586  125  516 23965.0000 23395.5972  2.38%  90.7 8768s
 30984 19225 23856.3118  133  456 23965.0000 23395.5972  2.38%  90.7 8781s
 31059 19265 23906.1782  143  467 23965.0000 23395.5972  2.38%  90.7 8796s
 31147 19304 23920.9401  155  497 23965.0000 23395.5972  2.38%  90.7 8811s
 31284 19298 23835.8798  172  470 23965.0000 23395.5972  2.38%  90.7 8825s
 31379 19349 23855.1851  180  473 23965.0000 23395.5972  2.38%  90.6 8841s
 31572 19354 23895.7928  207  408 23965.0000 23395.5972  2.38%  90.5 8859s
 31760 19376 infeasible  236      23965.0000 23414.7178  2.30%  90.4 8876s
 31901 19388 23532.2120   65  680 23965.0000 23414.7178  2.30%  90.4 8893s
 31977 19441 23561.9138   66  690 23965.0000 23414.7178  2.30%  90.4 8908s
 32055 19543 23586.1557   71  671 23965.0000 23414.7178  2.30%  90.5 8927s
 32188 19635 23613.7477   78  575 23965.0000 23414.7178  2.30%  90.5 8949s
 32352 19756 23633.3421   83  552 23965.0000 23416.0196  2.29%  90.5 8970s
 32558 19825 23697.0763   91  473 23965.0000 23416.0196  2.29%  90.4 8991s
 32727 19873 23719.6022  104  495 23965.0000 23416.0196  2.29%  90.3 9011s
 32843 19954 23735.2619  126  484 23965.0000 23416.0196  2.29%  90.3 9032s
 32972 20056 23757.9952  154  489 23965.0000 23416.0196  2.29%  90.3 9067s
 33144 20163 23800.1992  183  476 23965.0000 23421.5543  2.27%  90.4 9091s
 33355 20282 23949.5111  243  422 23965.0000 23421.5543  2.27%  90.3 9116s
 33606 20387 23607.5779   62  747 23965.0000 23421.9376  2.27%  90.2 9144s
 33862 20432 23714.2558   73  643 23965.0000 23426.1114  2.25%  90.1 9171s
 34079 20506 23454.7217   65  777 23965.0000 23426.1114  2.25%  90.2 9199s
 34266 20622 23580.6822   68  754 23965.0000 23426.1114  2.25%  90.3 9231s
 34492 20733 23577.3419   73  743 23965.0000 23426.1114  2.25%  90.4 9262s
 34723 20850 23933.1921   85  669 23965.0000 23430.9728  2.23%  90.6 9291s
 34984 20989 23574.8623   69  669 23965.0000 23430.9728  2.23%  90.9 9322s
 35291 21128 23741.1340   89  629 23965.0000 23430.9728  2.23%  91.1 9357s
 35574 21298 23541.7002   60  722 23965.0000 23430.9728  2.23%  91.4 9388s
 35946 21354 23730.7584   83  583 23965.0000 23430.9728  2.23%  91.6 9422s
 36147 21580 23569.3288   69  684 23965.0000 23444.2864  2.17%  91.9 9459s
 36441 21905 23877.9167  109  596 23965.0000 23445.1783  2.17%  92.3 9499s
 36931 22025 23539.5281   64  755 23965.0000 23445.1783  2.17%  92.3 9534s
 37324 22120 23646.9711   71  713 23965.0000 23445.1783  2.17%  92.6 9573s
 37592 22503 23866.6218   82  653 23965.0000 23445.1783  2.17%  92.9 9615s
 38093 22745 23768.4674   78  548 23965.0000 23445.1783  2.17%  93.0 9656s
 38592 23011 23611.0204   76  627 23965.0000 23448.1724  2.16%  93.0 9698s
 39079 23233 23778.2326  136  553 23965.0000 23448.1724  2.16%  93.0 9742s
 39570 23600 23761.5123   66  665 23965.0000 23457.4991  2.12%  93.1 9787s
 40132 23860 23688.8775   87  599 23965.0000 23457.4991  2.12%  92.9 9825s
 40658 24124 23857.5424  165  537 23965.0000 23457.4991  2.12%  92.9 9866s
 41218 24340 23906.7065   98  584 23965.0000 23457.4991  2.12%  92.8 9911s
 41710 24639 23844.7919  104  504 23965.0000 23462.3955  2.10%  93.2 9953s
 42280 24925 23677.2923   75  571 23965.0000 23462.3955  2.10%  93.1 10000s
 42794 25268 23756.1751   95  444 23965.0000 23467.6359  2.08%  93.3 10052s
 43411 25623 23836.6750  115  384 23965.0000 23467.8875  2.07%  93.4 10087s
 44025 25891 23884.5124  159  334 23965.0000 23468.3487  2.07%  93.2 10155s
 44636 26034 23674.0377   70  658 23965.0000 23468.3487  2.07%  93.2 10192s
 45083 26185 23736.9002   72  656 23965.0000 23472.7082  2.05%  93.4 10233s
 45474 26411 23767.6353   79  685 23965.0000 23474.7935  2.05%  93.8 10274s
 45896 26852 23666.9014   75  605 23965.0000 23474.7935  2.05%  94.2 10313s
 46520 27056 23931.3511  153  371 23965.0000 23474.7935  2.05%  93.9 10347s
 47012 27285 23908.3807   94  446 23965.0000 23479.0322  2.03%  93.9 10387s
 47456 27419 23937.9315  108  613 23965.0000 23481.4364  2.02%  94.0 10431s
 47837 27579 23629.0037   75  643 23965.0000 23482.3709  2.01%  94.3 10478s
 48192 27860 23725.9799   88  535 23965.0000 23482.3709  2.01%  94.6 10521s
 48761 28133 23623.5289   66  719 23965.0000 23482.3709  2.01%  94.7 10563s
 49344 28365 23880.5543  137  367 23965.0000 23483.2849  2.01%  94.6 10604s
 49922 28562 23867.8599  103  483 23965.0000 23484.3022  2.01%  94.6 10653s
 50447 28713 23870.8304  100  593 23965.0000 23486.1912  2.00%  94.8 10693s
 50895 28966 23893.7493   84  589 23965.0000 23488.0451  1.99%  95.1 10739s
 51370 29259 23871.8235   91  599 23965.0000 23489.1441  1.99%  95.4 10781s
 51872 29526 23737.1236   82  549 23965.0000 23489.1441  1.99%  95.4 10823s
 52402 29815 23937.8650  160  395 23965.0000 23490.9910  1.98%  95.5 10868s
 52914 30144 23815.4528  110  507 23965.0000 23492.7558  1.97%  95.5 10906s
 53470 30435 23697.6495   82  569 23965.0000 23493.7428  1.97%  95.4 10941s
 53993 30622 23829.4825  160  435 23965.0000 23495.0254  1.96%  95.2 10982s
 54439 30847 23923.2847  238  364 23965.0000 23495.2584  1.96%  95.4 11025s
 54921 31180 23839.9308   92  545 23965.0000 23498.8120  1.95%  95.5 11063s
 55443 31369 23638.9329   83  675 23965.0000 23498.8120  1.95%  95.6 11289s
 55909 31689 23912.9277  111  640 23965.0000 23499.2765  1.94%  95.4 11327s
 56485 31858 23817.0786   82  628 23965.0000 23499.7806  1.94%  95.2 11362s
 56983 32025 23703.5713   68  664 23965.0000 23501.1510  1.94%  95.2 11408s
 57448 32301 23610.7543   66  674 23965.0000 23501.7945  1.93%  95.6 11454s
 57961 32490 23676.4196   82  717 23965.0000 23501.7945  1.93%  95.8 11497s
 58451 32767 23910.6856  128  525 23965.0000 23501.7945  1.93%  95.8 11563s
 59018 33097     cutoff  108      23965.0000 23505.8655  1.92%  96.0 11612s
 59603 33429 23892.6491  141  436 23965.0000 23505.8655  1.92%  96.0 11658s
 60209 33686 23720.8127   87  596 23965.0000 23507.4937  1.91%  95.8 11707s
 60774 33943 infeasible  154      23965.0000 23509.1148  1.90%  95.8 11752s
 61311 34127 23956.8973  138  383 23965.0000 23509.9363  1.90%  96.0 11798s
 61754 34425 23686.5755   67  634 23965.0000 23509.9363  1.90%  96.2 11843s
 62300 34737 23866.3707   80  556 23965.0000 23510.9982  1.89%  96.4 11881s
 62876 34988 23720.5884   76  629 23965.0000 23510.9982  1.89%  96.4 11991s
 63373 35262 23932.5934  154  488 23965.0000 23510.9982  1.89%  96.2 12024s
 63977 35389 23831.7412  108  515 23965.0000 23510.9982  1.89%  95.9 12064s
 64448 35637 23689.0449   77  691 23965.0000 23512.1632  1.89%  95.9 12101s
 64927 35902 23963.6781  149  484 23965.0000 23514.3005  1.88%  95.9 12186s
 65417 36248 23771.1396   74  696 23965.0000 23514.3005  1.88%  96.0 12225s
 66015 36456 23961.6157  143  522 23965.0000 23515.2187  1.88%  95.9 12264s
 66526 36831 23711.2918   90  602 23965.0000 23516.4807  1.87%  95.7 12371s
 67123 37009 23936.3307  168  521 23965.0000 23516.4807  1.87%  95.5 12410s
 67554 37381 23843.8750  122  510 23965.0000 23517.2474  1.87%  95.6 12442s
 68175 37509 23666.1980   71  606 23965.0000 23518.2917  1.86%  95.6 12476s
 68669 37852 23703.6198   87  564 23965.0000 23518.9561  1.86%  95.5 12509s
 69257 38154 23834.8553  165  438 23965.0000 23518.9561  1.86%  95.3 12541s
 69816 38371 23944.2395  242  385 23965.0000 23519.4257  1.86%  95.0 12576s
 70340 38546 23694.8465   93  567 23965.0000 23521.7181  1.85%  95.0 12774s
 70725 38426 23832.7040  171  429 23965.0000 23522.2049  1.85%  95.0 12805s
 70733 38654 23833.3716  172  389 23965.0000 23522.2049  1.85%  95.0 12840s
 71042 38927 23921.0422  225  384 23965.0000 23522.3530  1.85%  95.0 12879s
 71517 39304 23679.1883   84  617 23965.0000 23522.3530  1.85%  95.1 12914s
 72136 39476 23880.6061  162  490 23965.0000 23523.7474  1.84%  94.9 12956s
 72660 39806 23821.1509  102  584 23965.0000 23524.6401  1.84%  94.9 12997s
 73262 40084 23959.4651  116  514 23965.0000 23525.2751  1.83%  94.9 13064s
 73829 40260 23943.4106  108  561 23965.0000 23527.1471  1.83%  95.0 13109s
 74328 40579 23856.3958   97  623 23965.0000 23528.6422  1.82%  95.2 13157s
 74887 40901 23828.6622  106  616 23965.0000 23528.6422  1.82%  95.3 13196s
 75472 41251 23660.6933   81  633 23965.0000 23530.1436  1.81%  95.2 13257s
 76087 41546 23876.5585  159  424 23965.0000 23530.3355  1.81%  95.2 13297s
 76707 41724 23899.4505   93  548 23965.0000 23530.3355  1.81%  95.2 13358s
 77185 41935 23763.9341   88  653 23965.0000 23530.7718  1.81%  95.2 13398s
 77726 42201 23750.9451   98  654 23965.0000 23531.3938  1.81%  95.1 13430s
 78306 42409 23791.3392   84  614 23965.0000 23531.5873  1.81%  95.0 13465s
 78851 42581 23637.5366   71  689 23965.0000 23531.5873  1.81%  94.9 13522s
 79327 42902 23733.1760   98  515 23965.0000 23532.6798  1.80%  94.9 13556s
 79877 43145 23831.4044  148  373 23965.0000 23532.6798  1.80%  94.8 13604s
 80337 43537 23906.0270  213  335 23965.0000 23533.7576  1.80%  94.7 13629s
 80961 43752 23944.9386  279  324 23965.0000 23533.7576  1.80%  94.5 13665s
 81486 43887 23792.8745   78  664 23965.0000 23535.0212  1.79%  94.3 13704s
 81919 44184 23797.3828   75  695 23965.0000 23535.0212  1.79%  94.5 13739s
 82454 44376 23661.8943   75  684 23965.0000 23537.2000  1.79%  94.5 13774s
 82915 44643 23652.1897   67  689 23965.0000 23538.5565  1.78%  94.5 13812s
 83391 44977 23795.9490   91  523 23965.0000 23538.5565  1.78%  94.5 13842s
 83941 45166 23741.6006   76  712 23965.0000 23538.6157  1.78%  94.4 13917s
 84401 45476 23828.4335   98  553 23965.0000 23538.6157  1.78%  94.4 13952s
 84965 45764 23941.9086  171  498 23965.0000 23540.9365  1.77%  94.4 13983s
 85528 46102 23911.3325  127  416 23965.0000 23541.4495  1.77%  94.3 14184s
 85961 46518 23808.6170  106  535 23965.0000 23541.9276  1.77%  94.3 14220s
 86449 46974 23930.4608   78  560 23965.0000 23541.9276  1.77%  94.3 14251s
 86955 47393 23755.4441   89  565 23965.0000 23541.9276  1.77%  94.3 14290s
 87513 47788 23870.6451  145  292 23965.0000 23541.9732  1.77%  94.2 14324s
 88012 48348 23960.7123  187  167 23965.0000 23544.5761  1.75%  94.2 14383s
 88617 48619 23811.2055  124  572 23965.0000 23544.5761  1.75%  94.1 14415s
 88961 49103 23940.3352  202  479 23965.0000 23544.5784  1.75%  94.1 14452s
 89500 49560 23828.6976   83  583 23965.0000 23544.6494  1.75%  94.1 14483s
 89993 49899 23956.7746  158  502 23965.0000 23544.6494  1.75%  94.0 14518s
 90428 50272 23861.4730   82  511 23965.0000 23546.1422  1.75%  94.1 14553s
 90945 50755 23832.2270   97  592 23965.0000 23546.7508  1.75%  94.0 14585s
 91501 51176 23828.5594   78  604 23965.0000 23547.6159  1.74%  93.9 14617s
 91999 51486 23669.6978   73  597 23965.0000 23547.8785  1.74%  93.9 14649s
 92380 51736 23797.5660  124  598 23965.0000 23547.8785  1.74%  93.9 14679s
 92630 52286 23829.4907  156  433 23965.0000 23547.8785  1.74%  93.8 14705s
 93252 52651 23909.2123  234  404 23965.0000 23547.8785  1.74%  93.6 14830s
 93689 53059 23879.0501   85  632 23965.0000 23548.6729  1.74%  93.5 14863s
 94191 53397 23741.8221   82  556 23965.0000 23548.6729  1.74%  93.6 14896s
 94578 53656     cutoff  159      23965.0000 23548.6729  1.74%  93.6 14934s
 95006 53899 23801.9855   73  657 23965.0000 23548.6729  1.74%  93.8 14969s
 95324 54300 23735.7458   81  646 23965.0000 23549.8325  1.73%  93.9 15009s
 95813 54774 23896.0540  159  564 23965.0000 23549.8325  1.73%  93.9 15043s
 96370 55235 23932.3785  108  541 23965.0000 23549.8325  1.73%  93.8 15078s
 96899 55722 infeasible  112      23965.0000 23549.8325  1.73%  93.8 15110s
 97459 56197 23728.3655   77  561 23965.0000 23549.8325  1.73%  93.7 15144s
 98022 56645 23893.0602  155  447 23965.0000 23549.8325  1.73%  93.6 15173s
 98575 56902 23961.7499  233  427 23965.0000 23549.8325  1.73%  93.5 15282s
 99026 57287 23850.7156   78  609 23965.0000 23553.8872  1.72%  93.6 15312s
 99548 57761 23874.5988  106  590 23965.0000 23555.1649  1.71%  93.7 15345s
 100079 58124 23697.8157   74  671 23965.0000 23555.3526  1.71%  93.6 15380s
 100537 58433 23940.1393  103  462 23965.0000 23555.4220  1.71%  93.6 15415s
H100819 58051                    23958.000000 23555.4220  1.68%  93.6 15415s
H100937 56998                    23950.000000 23555.4866  1.65%  93.6 15449s
H100965 56785                    23949.000000 23556.2851  1.64%  93.6 15449s
H101043 43012                    23893.000000 23556.2851  1.41%  93.6 15449s
 101281 43435 23701.4887   70  635 23893.0000 23556.5723  1.41%  93.6 15482s
 101865 43878 23866.1566  148  460 23893.0000 23556.5723  1.41%  93.6 15520s
 102458 44282 23837.3784  106  588 23893.0000 23557.6579  1.40%  93.6 15580s
 103060 44667 23642.1283   62  684 23893.0000 23558.9914  1.40%  93.8 15619s
 103544 45138 23728.9385   80  624 23893.0000 23559.9033  1.39%  94.0 15750s
 104073 45618 23803.2165   86  619 23893.0000 23559.9033  1.39%  93.9 15789s
 104657 46041 23737.0511   82  517 23893.0000 23560.4499  1.39%  94.0 15827s
 105260 46518 23819.1351   68  683 23893.0000 23560.4499  1.39%  94.1 15864s
 105871 47065 23731.0998   84  583 23893.0000 23562.5014  1.38%  94.1 15893s
 106495 47519     cutoff   94      23893.0000 23563.1668  1.38%  94.0 15926s
 107080 47904 23646.5196   73  686 23893.0000 23563.1747  1.38%  94.0 15960s
 107627 48416 23840.9751  101  571 23893.0000 23564.0509  1.38%  94.1 15992s
 108211 48921 23838.7243  125  493 23893.0000 23564.6839  1.37%  94.1 16022s
 108779 49368     cutoff  126      23893.0000 23565.6340  1.37%  94.0 16052s
 109335 49724 23886.6282  135  482 23893.0000 23566.0862  1.37%  94.0 16083s
 109780 50077 23796.1643   89  509 23893.0000 23566.0862  1.37%  94.1 16118s
 110297 50515 23754.7732   86  636 23893.0000 23567.7688  1.36%  94.2 16154s
 110858 50907 23749.6873   80  697 23893.0000 23568.4846  1.36%  94.2 16188s
 111378 51354 23685.4678   72  663 23893.0000 23569.3373  1.35%  94.4 16223s
 111908 51657 23890.3579  150  440 23893.0000 23569.6945  1.35%  94.4 16255s
 112381 51977 23619.1250   69  677 23893.0000 23569.6945  1.35%  94.6 16290s
 112828 52253 23666.7956   78  539 23893.0000 23570.6071  1.35%  94.7 16325s
 113178 52688 23740.6608  100  406 23893.0000 23570.6071  1.35%  94.9 16358s
 113742 53104 23815.8050  132  168 23893.0000 23571.7504  1.34%  94.9 16388s
 114335 53388 23867.1547  171  134 23893.0000 23572.2161  1.34%  95.0 16421s
 114785 53850 23757.3373   69  687 23893.0000 23572.2580  1.34%  95.1 16453s
 115401 54265 23787.7523   89  574 23893.0000 23572.9448  1.34%  95.2 16482s
 115949 54601 23751.3217   87  640 23893.0000 23573.8826  1.34%  95.2 16514s
 116411 54850 23670.3768   66  602 23893.0000 23573.8826  1.34%  95.3 16626s
 116728 55307 23834.0262  104  472 23893.0000 23574.3188  1.33%  95.3 16655s
 117270 55750 23768.4840  101  509 23893.0000 23574.7947  1.33%  95.3 16710s
 117892 56116 23695.5336   77  707 23893.0000 23575.4674  1.33%  95.3 16739s
 118409 56394 23672.2570   70  696 23893.0000 23576.2134  1.33%  95.4 16770s
 118852 56761     cutoff   82      23893.0000 23577.0345  1.32%  95.6 16803s
 119284 57155 23720.5267   79  637 23893.0000 23577.1529  1.32%  95.6 16835s
 119795 57508 23723.1361   64  601 23893.0000 23577.7254  1.32%  95.7 16871s
 120253 57907 23700.2005   68  676 23893.0000 23578.4480  1.32%  95.9 16911s
 120798 58296 23654.1818   66  704 23893.0000 23579.0044  1.31%  95.9 16949s
 121329 58681 23647.3636   63  717 23893.0000 23579.5511  1.31%  96.1 16980s
 121832 59038 23723.5185   70  684 23893.0000 23579.5511  1.31%  96.2 17020s
 122341 59493 23783.5349   64  647 23893.0000 23580.0486  1.31%  96.3 17051s
 122919 59948 23723.6799   82  604 23893.0000 23580.0486  1.31%  96.4 17082s
*123214 58598             188    23888.000000 23580.4019  1.29%  96.4 17082s
 123501 58891     cutoff  122      23888.0000 23580.4019  1.29%  96.4 17116s
 123970 59195 23885.6968   95  457 23888.0000 23580.8713  1.29%  96.5 17148s
 124391 59524 23764.1366   88  600 23888.0000 23581.2566  1.28%  96.5 17182s
 124846 59885 23770.9133   90  575 23888.0000 23581.6595  1.28%  96.6 17218s
 125360 60240 23670.1299   67  674 23888.0000 23582.4299  1.28%  96.7 17338s
 125868 60647 23692.9542   62  673 23888.0000 23582.8808  1.28%  96.9 17375s
 126399 61023 23709.9872   72  570 23888.0000 23583.5458  1.27%  97.0 17409s
 127008 61374     cutoff  114      23888.0000 23584.1787  1.27%  97.1 17440s
 127614 61642 23829.6439   95  548 23888.0000 23584.9142  1.27%  97.1 17473s
 127994 62067 23851.3681  109  445 23888.0000 23585.0282  1.27%  97.2 17504s
 128571 62401 23853.6682  140  478 23888.0000 23585.0282  1.27%  97.2 17540s
 129113 62722 23772.2233   84  605 23888.0000 23586.2088  1.26%  97.3 17663s
 129591 63059 23674.6149   66  656 23888.0000 23586.2088  1.26%  97.4 17700s
 130063 63420 23756.3837   78  631 23888.0000 23586.2088  1.26%  97.5 17733s
 130550 63801 23674.6925   74  626 23888.0000 23587.1243  1.26%  97.6 17768s
 131110 64183     cutoff  140      23888.0000 23588.1286  1.26%  97.7 17806s
 131645 64645     cutoff   99      23888.0000 23588.7399  1.25%  97.8 17838s
 132212 65126 23699.4809   77  610 23888.0000 23588.8759  1.25%  97.8 17898s
 132829 65537 23842.4192  127  275 23888.0000 23588.8759  1.25%  97.8 17931s
 133392 65909 23798.9576   82  609 23888.0000 23589.9163  1.25%  97.9 17961s
 133915 66285 23872.5626  109  411 23888.0000 23590.3532  1.25%  97.9 17992s
 134366 66730 23757.2937   77  559 23888.0000 23590.6017  1.24%  98.0 18022s
 134940 67164     cutoff  115      23888.0000 23590.6582  1.24%  98.0 18053s
 135494 67533 23824.9286  100  581 23888.0000 23591.1140  1.24%  98.0 18085s
 135958 67911 23663.2488   65  652 23888.0000 23591.4262  1.24%  98.1 18119s
 136448 68130 23657.4876   75  632 23888.0000 23592.0921  1.24%  98.1 18148s
 136754 68504 23714.0692   96  473 23888.0000 23592.1675  1.24%  98.2 18179s
 137280 68908 23847.5419  174  288 23888.0000 23592.4713  1.24%  98.2 18213s
 137858 69215 23673.3951   77  606 23888.0000 23592.4865  1.24%  98.2 18274s
 138269 69657 23771.2995   94  655 23888.0000 23592.9809  1.24%  98.3 18307s
 138812 70130 23813.4648   85  479 23888.0000 23593.2620  1.23%  98.4 18338s
 139413 70487 23804.7893  149  383 23888.0000 23593.4919  1.23%  98.4 18365s
 139929 70813 23864.3467  212  280 23888.0000 23593.8941  1.23%  98.4 18400s
 140432 71270 23830.9296  107  536 23888.0000 23594.4824  1.23%  98.4 18432s
 141011 71725 23852.6677  126  529 23888.0000 23594.8924  1.23%  98.5 18463s
 141611 72128 23868.2819  107  422 23888.0000 23595.1293  1.23%  98.4 18495s
 142146 72485 23728.8271   71  662 23888.0000 23595.1293  1.23%  98.4 18530s
 142613 72858 23748.5034   77  612 23888.0000 23595.4184  1.22%  98.5 18562s
 143151 73264 23798.0231   83  613 23888.0000 23596.0747  1.22%  98.7 18691s
 143636 73733 23712.6536   78  567 23888.0000 23596.1440  1.22%  98.7 18722s
 144239 74097 23801.2538   75  681 23888.0000 23596.2014  1.22%  98.6 18758s
 144761 74499 23699.1425   80  620 23888.0000 23596.6855  1.22%  98.7 18790s
 145248 74973 23855.3871  158  361 23888.0000 23596.8484  1.22%  98.7 18821s
 145831 75416 23745.3811   68  536 23888.0000 23597.3007  1.22%  98.7 18854s
 146366 75864 23861.1073  127  320 23888.0000 23597.4033  1.22%  98.7 18883s
 146965 76347 23708.6895   77  607 23888.0000 23597.8505  1.21%  98.7 18935s
 147589 76694 23824.2250  104  514 23888.0000 23598.5482  1.21%  98.8 18962s
 148064 77108 23856.0760   92  519 23888.0000 23598.7603  1.21%  98.8 18990s
 148587 77463 23698.3241   64  694 23888.0000 23598.7603  1.21%  98.8 19016s
 149081 77790 23711.6174   77  540 23888.0000 23598.9679  1.21%  98.7 19043s
 149590 78104 23730.1516   80  592 23888.0000 23598.9679  1.21%  98.7 19075s
 150079 78452 23728.3254   76  573 23888.0000 23599.5113  1.21%  98.8 19106s
 150599 78770 23885.4899   88  528 23888.0000 23599.8508  1.21%  98.9 19167s
 151001 79139 23791.1477   83  553 23888.0000 23599.8893  1.21%  98.9 19193s
 151540 79460 23859.2338   73  612 23888.0000 23600.0149  1.21%  98.9 19226s
 152015 79918 23800.8144   97  563 23888.0000 23600.5841  1.20%  98.9 19255s
 152591 80295 23885.0093  126  521 23888.0000 23600.9949  1.20%  98.9 19286s
 153052 80750 23812.3888  108  490 23888.0000 23601.3180  1.20%  98.9 19316s
 153638 81176 23842.4846   80  656 23888.0000 23601.3740  1.20%  98.8 19346s
 154166 81510 23739.0671   68  641 23888.0000 23601.3885  1.20%  98.8 19381s
 154647 81833 23733.4365   76  636 23888.0000 23602.0073  1.20%  98.9 19449s
 155099 82139 23721.0404   73  637 23888.0000 23602.1138  1.20%  98.9 19481s
 155535 82575 23744.5782   80  559 23888.0000 23602.3757  1.20%  99.0 19513s
 156105 82885 23733.5096   83  596 23888.0000 23602.3870  1.20%  99.1 19545s
 156548 83294 23876.5533  129  264 23888.0000 23602.8980  1.19%  99.1 19576s
 157124 83757 23746.5082   72  600 23888.0000 23603.1975  1.19%  99.2 19607s
 157726 84118     cutoff  137      23888.0000 23603.3490  1.19%  99.3 19642s
 158258 84588 23859.4721  127  330 23888.0000 23603.9295  1.19%  99.3 19674s
 158833 84922 23850.0054  113  452 23888.0000 23603.9378  1.19%  99.4 19705s
 159370 85264 23825.4990  119  459 23888.0000 23604.3008  1.19%  99.4 19822s
 159928 85613 23694.5406   67  551 23888.0000 23604.6807  1.19%  99.5 19852s
 160367 86064 23695.1847   72  603 23888.0000 23604.9191  1.19%  99.5 19883s
 160933 86480 23696.3100   72  620 23888.0000 23605.2545  1.18%  99.5 19915s
 161460 86976 23699.7971   73  626 23888.0000 23605.5956  1.18%  99.5 19973s
 162052 87436 23883.5177  150  334 23888.0000 23606.0206  1.18%  99.5 20006s
 162646 87895 23788.7854   83  418 23888.0000 23606.2222  1.18%  99.5 20035s
 163244 88218 23870.1883  113  438 23888.0000 23606.5730  1.18%  99.5 20063s
 163787 88627 23744.2333   84  630 23888.0000 23606.8571  1.18%   100 20091s
 164345 89020 23683.3977   70  614 23888.0000 23607.1152  1.18%   100 20119s
 164890 89431 23870.2217   84  558 23888.0000 23607.4056  1.17%   100 20145s
 165433 89879 23771.9005  109  433 23888.0000 23607.6063  1.17%   100 20172s
 165962 90291     cutoff  178      23888.0000 23607.7850  1.17%   100 20199s
 166499 90628 23729.6662   66  708 23888.0000 23608.0803  1.17%   100 20227s
 166962 91014 23706.3263   71  692 23888.0000 23608.1359  1.17%   100 20255s
 167530 91299 23866.0318   95  524 23888.0000 23608.2878  1.17%   100 20284s
 167913 91791 23730.7449   87  549 23888.0000 23608.6576  1.17%   100 20312s
 168465 92162 23794.6326   72  565 23888.0000 23608.8353  1.17%   100 20341s
 168975 92531 23746.0092   71  637 23888.0000 23609.0947  1.17%   100 20369s
 169451 92959 23843.9404   98  400 23888.0000 23609.0947  1.17%   100 20397s
 170022 93431 23723.4654   60  655 23888.0000 23609.5627  1.17%   100 20426s
 170609 93810 23759.5371   80  526 23888.0000 23609.7773  1.16%   100 20456s
 171159 94093 23694.7501   70  687 23888.0000 23609.7773  1.16%   100 20530s
 171521 94561 23746.6549   80  650 23888.0000 23610.1794  1.16%   100 20557s
 172072 94954 23704.1511   77  591 23888.0000 23610.2585  1.16%   100 20588s
 172555 95433 23771.1531   82  664 23888.0000 23610.5167  1.16%   100 20613s
 173108 95886 23706.4731   85  672 23888.0000 23610.6537  1.16%   100 20641s
 173725 96310 23768.4712   72  622 23888.0000 23610.7642  1.16%   100 20672s
 174260 96744 23874.8070  103  511 23888.0000 23611.0854  1.16%   100 20701s
 174803 97186 23706.7410   76  604 23888.0000 23611.0854  1.16%   100 20729s
 175350 97459 23727.8408   72  599 23888.0000 23611.0854  1.16%   100 20758s
 175700 97820 23788.0018   80  598 23888.0000 23611.5374  1.16%   100 20818s
 176198 98249 23758.6994   70  609 23888.0000 23611.5870  1.16%   100 20876s
 176797 98658 23727.0439   72  565 23888.0000 23611.8503  1.16%   100 20910s
 177398 99145 23724.1907   70  653 23888.0000 23612.0557  1.16%   100 20943s
 177988 99473 23855.0034   93  622 23888.0000 23612.2055  1.15%   100 20978s
 178489 99887 23837.4415   79  588 23888.0000 23612.5718  1.15%   100 21007s
 179091 100180 23720.6829   87  571 23888.0000 23612.5718  1.15%   100 21039s
 179573 100610 23877.0562   77  604 23888.0000 23613.3757  1.15%   100 21071s
 180109 101020 23809.3404  133  459 23888.0000 23613.4905  1.15%   100 21101s
 180646 101364     cutoff  110      23888.0000 23613.4905  1.15%   100 21200s
 181108 101853 23698.1759   63  750 23888.0000 23613.8088  1.15%   100 21235s
 181720 102221 23857.7985  105  515 23888.0000 23614.0260  1.15%   100 21268s
 182212 102619 23760.8237   96  543 23888.0000 23614.0932  1.15%   100 21302s
 182756 103047 23749.6103   88  514 23888.0000 23614.6181  1.14%   100 21335s
 183313 103337 23758.1421   69  624 23888.0000 23614.7505  1.14%   100 21368s
 183723 103721 23697.3369   70  669 23888.0000 23614.7847  1.14%   100 21403s
 184267 104202 23728.6877   72  589 23888.0000 23614.7847  1.14%   100 21438s
 184860 104666 23845.1788   88  603 23888.0000 23615.4092  1.14%   100 21466s
 185476 105075 23846.3383   85  611 23888.0000 23615.5644  1.14%   100 21499s
 186037 105433 23805.3850   68  669 23888.0000 23615.9577  1.14%   100 21533s
 186565 105897 23748.1980   69  631 23888.0000 23616.2335  1.14%   100 21566s
 187125 106253 23729.7266   77  595 23888.0000 23616.3859  1.14%   100 21660s

Cutting planes:
  Gomory: 8
  Cover: 43
  MIR: 14
  Flow cover: 57
  Inf proof: 19
  Zero half: 28
  Mod-K: 122
  Relax-and-lift: 1

Explored 187602 nodes (18851006 simplex iterations) in 21660.41 seconds (37371.85 work units)
Thread count was 8 (of 96 available processors)

Solution count 10: 23888 23893 23949 ... 23996

Time limit reached
Best objective 2.388800000000e+04, best bound 2.361700000000e+04, gap 1.1345%

User-callback calls 6453942, time in user-callback 0.44 sec
LB for instance GAL40 with 10 = 23617, UB = 23888, gap = 0.0113446
