inst=NFL32
r=8
Compute TTP bound for NFL32_8 with TimeLimit 21660
Save file as Instances/TTP/Bound_NFL32_8.txt
Read TTP files
Instance: NFL32, Type: A, Contributor: Trick
Date: 9/12/2005
NrTeams = 32, NrRounds =  8
Set parameter TokenServer to value "licgurobi.ugent.be"
Set parameter Threads to value 8
Set parameter TimeLimit to value 21660
Gurobi Optimizer version 12.0.0 build v12.0.0rc1 (linux64 - "Red Hat Enterprise Linux 9.6 (Plow)")

CPU model: AMD EPYC 7552 48-Core Processor, instruction set [SSE2|AVX|AVX2]
Thread count: 96 physical cores, 96 logical processors, using up to 8 threads

Non-default parameters:
TimeLimit  21660
Threads  8

Optimize a model with 1616 rows, 448416 columns and 1329408 nonzeros
Model fingerprint: 0x5fc8b7bb
Variable types: 0 continuous, 448416 integer (448416 binary)
Coefficient statistics:
  Matrix range     [1e+00, 1e+00]
  Objective range  [3e+01, 1e+04]
  Bounds range     [1e+00, 1e+00]
  RHS range        [1e+00, 4e+00]
Found heuristic solution: objective 262544.00000
Presolve removed 66 rows and 288644 columns
Presolve time: 1.33s
Presolved: 1550 rows, 159772 columns, 463506 nonzeros
Variable types: 0 continuous, 159772 integer (159772 binary)
Deterministic concurrent LP optimizer: primal and dual simplex
Showing primal log only...

Concurrent spin time: 0.91s (can be avoided by choosing Method=3)

Solved with dual simplex

Root relaxation: objective 6.427236e+04, 862 iterations, 1.70 seconds (1.46 work units)

    Nodes    |    Current Node    |     Objective Bounds      |     Work
 Expl Unexpl |  Obj  Depth IntInf | Incumbent    BestBd   Gap | It/Node Time

     0     0 64272.3628    0  424 262544.000 64272.3628  75.5%     -    3s
H    0     0                    101835.00000 64272.3628  36.9%     -    3s
H    0     0                    101394.00000 64272.3628  36.6%     -    3s
H    0     0                    95723.000000 64272.3628  32.9%     -    3s
H    0     0                    90630.000000 64272.3628  29.1%     -    3s
H    0     0                    89226.000000 64272.3628  28.0%     -    3s
H    0     0                    88967.000000 64272.3628  27.8%     -    3s
H    0     0                    88432.000000 64272.3628  27.3%     -    4s
H    0     0                    88216.000000 64272.3628  27.1%     -    4s
H    0     0                    87008.000000 64272.3628  26.1%     -    4s
H    0     0                    79584.000000 64272.3628  19.2%     -    5s
H    0     0                    79249.000000 64272.3628  18.9%     -    5s
H    0     0                    77865.000000 64272.3628  17.5%     -    6s
H    0     0                    77544.000000 64273.1953  17.1%     -    8s
     0     0 64354.4820    0  438 77544.0000 64354.4820  17.0%     -    8s
H    0     0                    77457.000000 64354.4820  16.9%     -    9s
H    0     0                    76651.000000 64354.4820  16.0%     -   10s
H    0     0                    76489.000000 64354.4820  15.9%     -   12s
H    0     0                    76336.000000 64354.4820  15.7%     -   14s
H    0     0                    76051.000000 64354.4820  15.4%     -   14s
H    0     0                    74518.000000 64379.6221  13.6%     -   15s
H    0     0                    74357.000000 64379.6221  13.4%     -   15s
     0     0 64474.6408    0  457 74357.0000 64474.6408  13.3%     -   16s
     0     0 64474.6408    0  461 74357.0000 64474.6408  13.3%     -   16s
     0     0 64474.6408    0  468 74357.0000 64474.6408  13.3%     -   17s
     0     0 64491.6693    0  472 74357.0000 64491.6693  13.3%     -   21s
     0     0 64568.2721    0  477 74357.0000 64568.2721  13.2%     -   22s
     0     0 64568.7847    0  483 74357.0000 64568.7847  13.2%     -   25s
     0     0 64568.8595    0  481 74357.0000 64568.8595  13.2%     -   25s
     0     0 64568.9079    0  481 74357.0000 64568.9079  13.2%     -   25s
     0     0 64571.4250    0  480 74357.0000 64571.4250  13.2%     -   25s
     0     0 64572.2192    0  481 74357.0000 64572.2192  13.2%     -   26s
     0     0 64572.3281    0  478 74357.0000 64572.3281  13.2%     -   29s
     0     0 64573.8147    0  478 74357.0000 64573.8147  13.2%     -   30s
     0     2 64646.0000    0  478 74357.0000 64646.0000  13.1%     -   32s
    23    46 64739.9695    5  472 74357.0000 64713.1050  13.0%  94.6   35s
   201   222 65448.8211   23  458 74357.0000 64713.2706  13.0%  64.3   40s
   365   394 65415.5855   36  452 74357.0000 64713.2706  13.0%  60.3   45s
H  476   477                    73211.000000 64713.2706  11.6%  56.2   47s
H  505   512                    72876.000000 64713.2706  11.2%  55.8   49s
H  506   512                    72794.000000 64713.2706  11.1%  55.8   49s
H  512   512                    72766.000000 64713.2706  11.1%  55.6   49s
   513   543 65652.5671   49  422 72766.0000 64713.2706  11.1%  55.8   50s
   746   788 66044.0429   69  414 72766.0000 64713.2706  11.1%  50.5   56s
H  747   788                    72752.000000 64713.2706  11.0%  50.5   56s
H 1094  1105                    72372.000000 64713.2706  10.6%  42.4   60s
H 1095  1105                    72021.000000 64713.2706  10.1%  42.4   60s
H 1397  1402                    71795.000000 64713.2706  9.86%  38.7   66s
H 1401  1402                    71569.000000 64713.2706  9.58%  38.7   66s
  1781  1909 67656.6757  172  354 71569.0000 64713.2706  9.58%  34.7   71s
  2237  2422 68064.5537  204  328 71569.0000 64713.2706  9.58%  31.4   75s
  2668  2849 68525.5271  250  324 71569.0000 64713.2706  9.58%  28.9   80s
  3243  3466 68951.7789  322  331 71569.0000 64713.2706  9.58%  27.1   85s
H 3520  3506                    71254.000000 64713.2706  9.18%  26.3   87s
  3521  3701 69150.4640  350  327 71254.0000 64713.2706  9.18%  26.3   90s
H 3546  3701                    70964.000000 64713.2706  8.81%  26.3   90s
  3980  4124 69384.0839  411  321 70964.0000 64713.2706  8.81%  25.4   95s
  4386  4567 69663.6884  462  294 70964.0000 64713.2706  8.81%  25.0  100s
H 4776  4601                    70584.000000 64713.2706  8.32%  24.9  106s
  4985  4890 65235.6280    8  405 70584.0000 64723.8212  8.30%  25.2  111s
  5251  5280 65681.5669   15  405 70584.0000 64723.8212  8.30%  25.5  116s
  5685  5644 66660.5682   29  377 70584.0000 64723.8212  8.30%  25.5  122s
  5871  5745 67170.9811   32  347 70584.0000 64723.8212  8.30%  25.8  125s
  6112  6065 67980.5308   48  350 70584.0000 64723.8212  8.30%  26.3  132s
  6306  6314 68306.0605   64  333 70584.0000 64723.8212  8.30%  26.4  136s
  6568  6513 68689.8226   90  326 70584.0000 64723.8212  8.30%  26.3  140s
  6990  6707 69974.6127  172  478 70584.0000 64746.4351  8.27%  26.4  154s
  6992  6708 69037.4088  688  424 70584.0000 64746.4351  8.27%  26.4  176s
H 6992  6372                    70544.000000 64754.4326  8.21%  26.4  185s
H 6992  6053                    70465.000000 64754.4326  8.10%  26.4  186s
H 6992  5751                    70419.000000 64754.4326  8.04%  26.4  186s
  6994  5753 68681.9921  582  474 70419.0000 64904.0986  7.83%  26.3  196s
  6996  5754 69010.9101  676  481 70419.0000 64907.9505  7.83%  26.3  201s
  6997  5755 69719.6898  639  498 70419.0000 65124.2812  7.52%  26.3  207s
  6998  5755 68605.4308  175  503 70419.0000 65128.8422  7.51%  26.3  213s
  6999  5756 70259.1280  485  498 70419.0000 65485.1817  7.01%  26.3  218s
  7000  5757 68111.5110  404  497 70419.0000 65504.0547  6.98%  26.3  222s
  7001  5757 68278.1582  340  490 70419.0000 65682.1096  6.73%  26.3  228s
  7003  5759 69395.5724  110  495 70419.0000 65734.5464  6.65%  26.3  232s
  7004  5759 66643.0382  225  496 70419.0000 65937.1380  6.36%  26.3  235s
  7009  5763 69053.4600  425  476 70419.0000 66188.2905  6.01%  26.3  241s
H 7014  5479                    70402.000000 66188.3723  5.99%  26.6  265s
H 7014  5205                    70356.000000 66188.3723  5.92%  26.6  265s
  7016  5206 69554.2261  364  463 70356.0000 66262.9478  5.82%  26.6  277s
  7017  5207 69638.2065  778  485 70356.0000 66263.6853  5.82%  26.6  288s
  7020  5209 68476.8893  172  497 70356.0000 66263.6853  5.82%  26.6  291s
  7021  5209 68343.4134  138  497 70356.0000 66588.3539  5.36%  26.6  295s
  7024  5211 69850.4394  782  507 70356.0000 66971.8283  4.81%  26.6  300s
  7027  5213 67342.5656   71  498 70356.0000 67128.4798  4.59%  26.6  305s
  7030  5215 68450.3166  246  509 70356.0000 67153.7269  4.55%  26.6  310s
  7033  5217 69284.7256  380  505 70356.0000 67362.6082  4.25%  26.6  318s
  7036  5219 69614.4912  671  513 70356.0000 67366.9999  4.25%  26.5  320s
  7039  5221 69922.9962  847  511 70356.0000 67471.9690  4.10%  26.5  327s
  7041  5223 68605.0075  144  513 70356.0000 67472.7687  4.10%  26.5  331s
  7047  5228 67479.7433   57  478 70356.0000 67479.7433  4.09%  27.0  335s
  7049  5229 67479.7433  132  424 70356.0000 67479.7433  4.09%  27.0  353s
  7050  5230 67480.5909  103  459 70356.0000 67480.5909  4.09%  27.0  364s
  7051  5231 67495.9643   49  484 70356.0000 67495.9643  4.07%  27.0  375s
  7054  5233 69545.9958  614  517 70356.0000 67499.8691  4.06%  27.0  380s
  7057  5235 68539.6566  411  504 70356.0000 67803.7366  3.63%  26.9  385s
  7060  5237 67965.0598  255  510 70356.0000 67965.0598  3.40%  26.9  391s
  7063  5239 68043.3775  439  518 70356.0000 67979.5131  3.38%  26.9  395s
H 7064  4976                    70342.000000 67979.5131  3.36%  26.9  416s
  7068  4980 68477.0000  398  424 70342.0000 68477.0000  2.65%  27.3  433s
  7069  4981 68789.2061  530  468 70342.0000 68477.0000  2.65%  27.3  441s
  7070  4982 68579.5703   64  470 70342.0000 68477.0000  2.65%  27.3  454s
  7071  4982 68477.0000   46  502 70342.0000 68477.0000  2.65%  27.3  457s
  7074  4984 68505.6383  191  510 70342.0000 68477.0000  2.65%  27.3  461s
  7077  4986 68477.0000  205  527 70342.0000 68477.0000  2.65%  27.3  465s
  7082  4990 68657.4096  242  525 70342.0000 68657.4096  2.39%  27.2  495s
  7130  5042 68657.4096   54  399 70342.0000 68657.4096  2.39%  28.3  500s
  7275  5119 68657.4096   62  376 70342.0000 68657.4096  2.39%  30.0  505s
  7367  5159 68657.4096   67  373 70342.0000 68657.4096  2.39%  31.1  510s
  7435  5195 68657.4096   71  379 70342.0000 68657.4096  2.39%  32.1  515s
  7499  5216 68678.5718   74  313 70342.0000 68657.4096  2.39%  32.5  520s
  7558  5230 68986.1951   76  399 70342.0000 68657.4096  2.39%  32.8  526s
  7620  5251 68760.7290   78  332 70342.0000 68657.4096  2.39%  33.4  531s
  7688  5266 68770.9321   79  329 70342.0000 68657.4096  2.39%  33.8  535s
  7859  5256 68782.4773   80  327 70342.0000 68657.4096  2.39%  34.2  540s
  7954  5327 68876.4431   82  336 70342.0000 68657.4096  2.39%  34.9  545s
  8111  5415 68862.7944   86  315 70342.0000 68657.4096  2.39%  35.8  552s
  8237  5468 infeasible   96      70342.0000 68657.4096  2.39%  36.3  556s
  8406  5547 69384.8591  109  376 70342.0000 68657.4096  2.39%  37.1  561s
  8637  5616 68657.4096   56  459 70342.0000 68657.4096  2.39%  38.1  565s
  8888  5787 69198.0876   75  379 70342.0000 68657.4096  2.39%  39.4  571s
  9167  5834 68926.8322   62  450 70342.0000 68657.4096  2.39%  40.2  576s
  9436  5941 69321.1464   73  461 70342.0000 68657.4096  2.39%  41.5  582s
  9600  5998 68942.3210   58  432 70342.0000 68657.4096  2.39%  42.1  585s
  9926  6132 69227.6565   60  451 70342.0000 68657.4096  2.39%  43.4  593s
 10144  6168 69016.5315   63  503 70342.0000 68657.4096  2.39%  44.2  596s
 10298  6220 69304.4261   67  453 70342.0000 68657.4096  2.39%  45.1  600s
 10703  6366 69484.5508   83  305 70342.0000 68657.4096  2.39%  46.8  607s
 10931  6428 69581.5615   93  355 70342.0000 68657.4096  2.39%  47.4  611s
 11150  6497 69765.3172  114  210 70342.0000 68657.4096  2.39%  48.4  616s
 11401  6520 infeasible  142      70342.0000 68657.4096  2.39%  49.1  621s
 11678  6562 69063.3298   57  479 70342.0000 68657.4096  2.39%  49.6  625s
 11894  6660 69227.8236   60  466 70342.0000 68657.4096  2.39%  50.4  630s
 12187  6688 70173.9164   79  317 70342.0000 68657.4096  2.39%  51.1  635s
 12445  6799 69352.4095   65  421 70342.0000 68657.4096  2.39%  51.8  640s
 12753  6822 69923.1354   67  445 70342.0000 68657.4096  2.39%  52.4  645s
 13073  6890 69790.2979   62  415 70342.0000 68657.4096  2.39%  53.3  651s
 13401  6999 70041.6388   67  427 70342.0000 68657.4096  2.39%  54.1  656s
 13739  7126 69780.6678   94  344 70342.0000 68664.2425  2.39%  54.7  662s
 14103  7264 69058.5035   59  511 70342.0000 68680.4406  2.36%  55.4  668s
 14550  7387 69558.1502   64  455 70342.0000 68680.6695  2.36%  55.9  680s
 15057  7387 69318.2914   62  393 70342.0000 68730.8341  2.29%  56.6  685s
 15346  7561 70326.7762   91  279 70342.0000 68739.5629  2.28%  57.2  690s
 15802  7607 69788.8472   61  448 70342.0000 68782.4613  2.22%  57.7  695s
 16141  7654 70009.1552   76  412 70342.0000 68804.3151  2.19%  58.2  701s
 16513  7765 69609.3991   81  360 70342.0000 68816.8615  2.17%  58.8  706s
 16994  7841 69558.6435   61  477 70342.0000 68835.3499  2.14%  59.3  712s
 17467  7884 69267.4078   57  439 70342.0000 68859.9548  2.11%  59.8  718s
 17870  8016 69705.4833   74  283 70342.0000 68872.9688  2.09%  60.1  725s
 18398  8096 69613.5209   72  391 70342.0000 68895.1118  2.06%  60.3  731s
 18849  8240 70290.9175   74  421 70342.0000 68913.7417  2.03%  60.7  738s
 19432  8331 70062.8757   82  415 70342.0000 68926.3850  2.01%  61.2  745s
 19980  8161 69441.2720   72  478 70342.0000 68948.3476  1.98%  61.6  750s
 19998  8319 69466.9844   74  482 70342.0000 68949.1326  1.98%  61.7  756s
 20294  8417 69792.8680   68  387 70342.0000 68956.0730  1.97%  62.0  764s
 20808  8448 infeasible   74      70342.0000 68967.4234  1.95%  62.7  773s
 21357  8475 69854.5219   72  332 70342.0000 68970.8670  1.95%  63.0  781s
 21852  8646 69494.5907   61  452 70342.0000 68988.6533  1.92%  63.2  791s
 22506  8822 infeasible   95      70342.0000 69008.3856  1.90%  63.7  799s
 23174  9071 69863.5664   67  406 70342.0000 69020.3871  1.88%  63.9  808s
 23739  9451     cutoff   85      70342.0000 69040.7014  1.85%  64.2  818s
 24639  9770 69825.9320   75  402 70342.0000 69047.0355  1.84%  64.5  828s
 25275 10167 69725.2711   77  335 70342.0000 69047.0355  1.84%  64.8  838s
 26125 10458 69888.7211   76  444 70342.0000 69087.1588  1.78%  65.2  850s
 26910 10731 69428.6853   61  321 70342.0000 69104.9538  1.76%  65.4  861s
 27496 11202 69315.5569   65  297 70342.0000 69123.2028  1.73%  65.6  876s
 28436 11575 69707.0262   68  469 70342.0000 69130.9566  1.72%  65.6  887s
 29196 11576 70062.5770   72  478 70342.0000 69152.8818  1.69%  65.9 1149s
 29198 11577 69756.6255   75  423 70342.0000 69152.8818  1.69%  65.9 1159s
 29199 11578 69368.9549   64  474 70342.0000 69152.8818  1.69%  65.9 1165s
 29200 11579 69781.0944  109  479 70342.0000 69152.8818  1.69%  65.9 1172s
 29203 11581 70142.0710   95  515 70342.0000 69152.8818  1.69%  65.9 1175s
 29207 11583 69441.2991   68  516 70342.0000 69152.8818  1.69%  65.9 1183s
 29209 11585 70126.9015   94  521 70342.0000 69152.8818  1.69%  65.9 1189s
 29210 11585 69494.6307   68  522 70342.0000 69152.8818  1.69%  65.9 1206s
 29212 11587 69941.2147   70  529 70342.0000 69152.8818  1.69%  65.9 1215s
 29213 11587 69906.4083   85  532 70342.0000 69152.8818  1.69%  65.9 1234s
 29216 11589 69381.5862   60  539 70342.0000 69152.8818  1.69%  65.8 1238s
 29221 11594 69165.0634   69  420 70342.0000 69152.8818  1.69%  66.0 1247s
 29222 11595 69488.7711   64  452 70342.0000 69152.8818  1.69%  66.0 1251s
 29223 11596 69874.5812  108  359 70342.0000 69152.8818  1.69%  66.0 1257s
 29229 11600 69673.9236   79  527 70342.0000 69152.8818  1.69%  65.9 1264s
 29230 11600 70211.4991   82  536 70342.0000 69152.8818  1.69%  65.9 1265s
 29231 11601 69558.1713   60  533 70342.0000 69152.8818  1.69%  65.9 1270s
 29232 11602 69322.8170   74  541 70342.0000 69152.8818  1.69%  65.9 1278s
 29234 11603 70206.6086   59  540 70342.0000 69152.8818  1.69%  65.9 1283s
 29235 11604 69701.4420   78  545 70342.0000 69152.8818  1.69%  65.9 1287s
 29236 11604 70094.8849   98  531 70342.0000 69152.8818  1.69%  65.9 1293s
 29237 11605 69497.7211   78  531 70342.0000 69152.8818  1.69%  65.9 1298s
 29238 11606 69362.3787   80  537 70342.0000 69152.8818  1.69%  65.9 1306s
 29239 11606 69964.8085  114  542 70342.0000 69152.8818  1.69%  65.9 1319s
 29241 11608 69764.3493   59  561 70342.0000 69152.8818  1.69%  65.9 1323s
 29242 11608 70101.8754   87  554 70342.0000 69152.8818  1.69%  65.9 1335s
 29243 11609 70085.2070   86  554 70342.0000 69152.8818  1.69%  65.9 1342s
 29244 11610 69987.7230   64  554 70342.0000 69152.8818  1.69%  65.9 1349s
 29245 11613 69187.0576   77  511 70342.0000 69161.6829  1.68%  66.0 1357s
 29305 11662 69528.0939   83  512 70342.0000 69230.1977  1.58%  66.2 1360s
 29601 11753 70106.8392   96  297 70342.0000 69307.4210  1.47%  66.7 1365s
 29787 11786 69415.8588   85  493 70342.0000 69368.0417  1.38%  66.9 1370s
 30209 11920 70116.0915  103  464 70342.0000 69413.2659  1.32%  67.3 1375s
 30594 12005 69795.8582   86  438 70342.0000 69464.6335  1.25%  67.5 1380s
 31119 12125 69653.2229   86  442 70342.0000 69470.4034  1.24%  67.8 1385s
 31617 12282 69765.3824   90  466 70342.0000 69509.2343  1.18%  67.9 1390s
 32158 12415 69874.5223   88  371 70342.0000 69532.8203  1.15%  68.3 1395s
 32700 12454 70285.6176  104  433 70342.0000 69561.2327  1.11%  68.4 1401s
 33050 12717 70119.9623  114  419 70342.0000 69571.9319  1.09%  68.3 1405s
 34014 12891 70313.8605  101  330 70342.0000 69594.9243  1.06%  68.4 1410s
 35157 13213 70268.5821  118  205 70342.0000 69626.3558  1.02%  68.5 1417s
 35985 13454     cutoff  116      70342.0000 69642.4254  0.99%  68.5 1421s
 37018 13709 70040.1956   93  406 70342.0000 69664.7928  0.96%  68.6 1426s
 38187 13925 70149.5305   90  466 70342.0000 69678.2581  0.94%  68.5 1430s
 39276 14066 70321.5535  100  178 70342.0000 69690.2663  0.93%  68.7 1435s
 40663 14305 70238.5382  103  388 70342.0000 69711.0862  0.90%  68.7 1441s
*42063 13646             130    70334.000000 69722.1009  0.87%  68.7 1444s
 42093 14149 70050.7270   93  268 70334.0000 69722.1009  0.87%  68.7 1447s
 42823 14347 70110.4949   94  444 70334.0000 69729.5176  0.86%  68.5 1450s
 44459 14779 70001.5793  107  307 70334.0000 69741.3719  0.84%  68.4 1460s
 46187 15034 69849.5804   95  410 70334.0000 69752.7134  0.83%  68.1 1466s
 46937 15251     cutoff   95      70334.0000 69758.8162  0.82%  68.2 1470s
 48614 15471 70188.3269   93  431 70334.0000 69769.8712  0.80%  68.2 1476s
 50469 15695 70043.8265   85  469 70334.0000 69783.3686  0.78%  68.1 1482s
 51223 15882 70079.8286  110  244 70334.0000 69786.9984  0.78%  68.1 1485s
 52949 16261 70000.5651   96  258 70334.0000 69796.5439  0.76%  68.0 1491s
*53462 15502             122    70324.000000 69797.1901  0.75%  67.9 1491s
 54706 16070 70131.4670   89  398 70324.0000 69804.1066  0.74%  67.8 1498s
 55598 16055 70080.8066  116  246 70324.0000 69808.2814  0.73%  67.7 1501s
 57238 16209 70298.4796  103  209 70324.0000 69813.0250  0.73%  67.7 1507s
 58016 16330 70113.0872  105  228 70324.0000 69819.3261  0.72%  67.7 1511s
*58577 14790             118    70273.000000 69820.4490  0.64%  67.7 1511s
 59039 15053 70195.6620   97  427 70273.0000 69823.9966  0.64%  67.7 1518s
 60386 15372 70265.6693  114  176 70273.0000 69831.8752  0.63%  67.7 1521s
 62024 15820 70081.5346   93  455 70273.0000 69842.5063  0.61%  67.8 1526s
 63724 16222 infeasible  112      70273.0000 69852.0792  0.60%  67.9 1531s
 65368 16546     cutoff  106      70273.0000 69863.3655  0.58%  68.0 1537s
 66325 16671 70141.8843  101  292 70273.0000 69870.3568  0.57%  68.1 1540s
 68088 17007 69991.4040   99  206 70273.0000 69884.4321  0.55%  68.4 1546s
 69710 17173 70024.5772  105  217 70273.0000 69897.2351  0.53%  68.5 1551s
 70835 17248 70242.9676  102  296 70273.0000 69902.7236  0.53%  68.8 1556s
 72551 17450 70260.5230  104  317 70273.0000 69915.9609  0.51%  69.0 1562s
 73309 17584     cutoff  112      70273.0000 69921.6746  0.50%  69.1 1565s
*73795 17331             111    70265.000000 69922.5573  0.49%  69.3 1565s
*74139 16020             117    70235.000000 69931.2607  0.43%  69.3 1565s
 74213 16008 69990.7376  124  478 70235.0000 69931.2607  0.43%  69.3 1596s
 74215 16009 70184.9416  102  415 70235.0000 69931.2607  0.43%  69.3 1601s
 74217 16011 69982.6023  100  474 70235.0000 69931.2607  0.43%  69.3 1607s
 74222 16014 70039.0874   98  544 70235.0000 69931.2607  0.43%  69.3 1610s
 74224 16015 69969.3994   98  517 70235.0000 69931.2607  0.43%  69.3 1617s
 74225 16016 70125.4976  107  529 70235.0000 69931.2607  0.43%  69.3 1620s
 74228 16018 70103.6201  122  549 70235.0000 69931.2607  0.43%  69.3 1626s
 74230 16019 70140.3919  107  543 70235.0000 69931.2607  0.43%  69.3 1637s
 74231 16020 70179.6175  111  543 70235.0000 69931.2607  0.43%  69.3 1641s
 74232 16021 70170.2348  119  524 70235.0000 69931.2607  0.43%  69.3 1647s
 74233 16021 70217.4401  103  536 70235.0000 69931.2607  0.43%  69.3 1652s
 74234 16022 70156.5525  104  525 70235.0000 69931.2607  0.43%  69.3 1661s
 74236 16023 70068.7258  119  548 70235.0000 69931.2607  0.43%  69.3 1665s
 74237 16024 70034.9956   99  541 70235.0000 69931.2607  0.43%  69.3 1674s
 74238 16025 70212.1311  108  549 70235.0000 69931.2607  0.43%  69.3 1676s
 74239 16025 70075.0364  116  543 70235.0000 69931.2607  0.43%  69.3 1682s
 74240 16026 70066.4262   97  545 70235.0000 69931.2607  0.43%  69.3 1686s
 74241 16027 70067.4410  103  537 70235.0000 69931.2607  0.43%  69.3 1693s
 74242 16027 70186.7318  146  544 70235.0000 69931.2607  0.43%  69.3 1696s
 74248 16033 69952.9707   96  450 70235.0000 69931.2607  0.43%  69.4 1702s
 74252 16036 70100.7311  106  533 70235.0000 69931.2607  0.43%  69.4 1710s
 74254 16037 70089.4890  124  547 70235.0000 69931.2607  0.43%  69.4 1717s
 74255 16038 70109.2428  112  549 70235.0000 69931.2607  0.43%  69.4 1720s
 74256 16038 70181.0896  101  532 70235.0000 69931.2607  0.43%  69.4 1727s
 74257 16039 70164.0030  138  547 70235.0000 69931.2607  0.43%  69.4 1730s
 74259 16040 70133.6071  103  548 70235.0000 69931.2607  0.43%  69.4 1737s
 74261 16042 70143.2133  109  544 70235.0000 69931.2607  0.43%  69.4 1742s
 74262 16042 70185.2132   99  547 70235.0000 69931.2607  0.43%  69.4 1745s
 74264 16044 70201.8562   97  538 70235.0000 69931.2607  0.43%  69.4 1751s
 74265 16044 70013.7697  110  534 70235.0000 69931.2607  0.43%  69.4 1755s
 74268 16046 70136.5471  130  553 70235.0000 69931.2607  0.43%  69.4 1762s
 74269 16047 70232.3372  107  538 70235.0000 69931.2607  0.43%  69.4 1765s
 74271 16048 70097.0414   94  557 70235.0000 69931.2607  0.43%  69.4 1775s
 74274 16050 69973.6689   90  557 70235.0000 69931.2607  0.43%  69.4 1781s
 74275 16051 70156.0782   93  559 70235.0000 69931.2607  0.43%  69.4 1787s
 74276 16052 70211.4153  120  559 70235.0000 69931.2607  0.43%  69.4 1790s
 74277 16052 70196.9330  126  559 70235.0000 69931.2607  0.43%  69.4 1799s
 74280 16055 69987.2592   93  411 70235.0000 69931.2607  0.43%  69.4 1802s
 74282 16057 70206.6145  120  491 70235.0000 69931.2607  0.43%  69.4 1805s
 74287 16060 70155.9640  101  530 70235.0000 69931.2607  0.43%  69.4 1811s
 74289 16061 70147.1119  113  560 70235.0000 69931.2607  0.43%  69.4 1815s
 74292 16063 70136.3008  109  565 70235.0000 69931.2607  0.43%  69.4 1821s
 74293 16064 70041.9159  107  569 70235.0000 69931.2607  0.43%  69.4 1826s
 74295 16065 70110.4680   96  561 70235.0000 69931.2607  0.43%  69.4 1831s
 74296 16066 70151.6858  101  557 70235.0000 69931.2607  0.43%  69.4 1839s
 74297 16067 69975.6209   97  569 70235.0000 69931.2607  0.43%  69.4 1842s
 74298 16067 70145.2742  128  562 70235.0000 69931.2607  0.43%  69.4 1845s
 74301 16069 70187.6693   87  554 70235.0000 69931.2607  0.43%  69.4 1850s
 74303 16071 70181.4794  100  558 70235.0000 69931.2607  0.43%  69.4 1856s
 74305 16072 70163.0234  103  559 70235.0000 69931.2607  0.43%  69.4 1861s
 74308 16074 70174.1182  110  560 70235.0000 69931.2607  0.43%  69.4 1866s
 74310 16075 70031.2649  101  557 70235.0000 69931.2607  0.43%  69.4 1873s
 74311 16079 69931.2607  112  537 70235.0000 69931.2607  0.43%  69.4 1875s
 74716 16144 69931.2607  119  363 70235.0000 69931.2607  0.43%  69.7 1880s
*74728 15335             138    70190.000000 69931.2607  0.37%  69.7 1880s
*74754 14561             139    70167.000000 69931.2607  0.34%  69.7 1880s
 75493 14440 70056.7159  124  209 70167.0000 69958.8780  0.30%  69.9 1885s
*76319 13417             128    70158.000000 70030.1312  0.18%  70.0 1888s
*76446 12668             137    70127.000000 70036.2456  0.13%  70.0 1888s

Cutting planes:
  Gomory: 24
  Cover: 29
  MIR: 13
  Flow cover: 37
  GUB cover: 6
  Inf proof: 17
  Zero half: 41
  Mod-K: 7
  Relax-and-lift: 4

Explored 76906 nodes (5381114 simplex iterations) in 1889.98 seconds (2286.67 work units)
Thread count was 8 (of 96 available processors)

Solution count 10: 70127 70158 70167 ... 70342

Optimal solution found (tolerance 1.00e-04)
Best objective 7.012700000000e+04, best bound 7.012700000000e+04, gap 0.0000%

User-callback calls 445404, time in user-callback 0.05 sec
LB for instance NFL32 with 8 = 70127, UB = 70127, gap = 0
