inst=BRA24
r=12
Compute TTP bound for BRA24_12 with TimeLimit 21660
Save file as Instances/TTP/Bound_BRA24_12.txt
Read TTP files
Instance: BRA24, Type: A, Contributor: Ribeiro and Urrutia
Date: 0/0/2003
NrTeams = 24, NrRounds =  12
Set parameter TokenServer to value "licgurobi.ugent.be"
Set parameter Threads to value 8
Set parameter TimeLimit to value 21660
Gurobi Optimizer version 12.0.0 build v12.0.0rc1 (linux64 - "Red Hat Enterprise Linux 9.6 (Plow)")

CPU model: AMD EPYC 7552 48-Core Processor, instruction set [SSE2|AVX|AVX2]
Thread count: 96 physical cores, 96 logical processors, using up to 8 threads

Non-default parameters:
TimeLimit  21660
Threads  8

Optimize a model with 924 rows, 134712 columns and 397536 nonzeros
Model fingerprint: 0x4fe9b814
Variable types: 0 continuous, 134712 integer (134712 binary)
Coefficient statistics:
  Matrix range     [1e+00, 1e+00]
  Objective range  [3e+01, 1e+04]
  Bounds range     [1e+00, 1e+00]
  RHS range        [1e+00, 6e+00]
Found heuristic solution: objective 284370.00000
Presolve removed 68 rows and 90484 columns
Presolve time: 0.38s
Presolved: 856 rows, 44228 columns, 126562 nonzeros
Variable types: 0 continuous, 44228 integer (44228 binary)

Root relaxation: objective 9.603176e+04, 1727 iterations, 0.17 seconds (0.29 work units)

    Nodes    |    Current Node    |     Objective Bounds      |     Work
 Expl Unexpl |  Obj  Depth IntInf | Incumbent    BestBd   Gap | It/Node Time

     0     0 96031.7577    0  311 284370.000 96031.7577  66.2%     -    0s
H    0     0                    117545.00000 96031.7577  18.3%     -    0s
H    0     0                    117358.00000 96031.7577  18.2%     -    0s
H    0     0                    116771.00000 96031.7577  17.8%     -    0s
H    0     0                    115647.00000 96031.7577  17.0%     -    0s
H    0     0                    115260.00000 96031.7577  16.7%     -    0s
H    0     0                    113681.00000 96031.7577  15.5%     -    0s
H    0     0                    113181.00000 96031.7577  15.2%     -    0s
H    0     0                    113129.00000 96031.7577  15.1%     -    1s
H    0     0                    113074.00000 96031.7577  15.1%     -    1s
H    0     0                    112727.00000 96031.7577  14.8%     -    1s
H    0     0                    112701.00000 96031.7577  14.8%     -    1s
H    0     0                    112636.00000 96031.7577  14.7%     -    1s
H    0     0                    112123.00000 96031.7577  14.4%     -    1s
H    0     0                    111777.00000 96031.7577  14.1%     -    1s
H    0     0                    109053.00000 96031.7577  11.9%     -    1s
H    0     0                    108579.00000 96031.7577  11.6%     -    2s
H    0     0                    108447.00000 96031.7577  11.4%     -    2s
H    0     0                    108425.00000 96031.7577  11.4%     -    2s
H    0     0                    107973.00000 96031.7577  11.1%     -    2s
H    0     0                    107795.00000 96031.7577  10.9%     -    2s
H    0     0                    107177.00000 96031.7577  10.4%     -    2s
     0     0 96192.8710    0  314 107177.000 96192.8710  10.2%     -    3s
H    0     0                    106218.99999 96192.8710  9.44%     -    4s
H    0     0                    105782.00000 96192.8710  9.06%     -    5s
H    0     0                    102953.00000 96192.8710  6.57%     -    5s
H    0     0                    102935.00000 96192.8710  6.55%     -    6s
H    0     0                    102079.00000 96192.8710  5.77%     -    6s
     0     0 96342.2619    0  322 102079.000 96342.2619  5.62%     -    7s
     0     0 96342.2619    0  341 102079.000 96342.2619  5.62%     -    7s
     0     0 96354.4884    0  384 102079.000 96354.4884  5.61%     -    7s
     0     0 96354.6768    0  384 102079.000 96354.6768  5.61%     -    7s
     0     0 96357.3556    0  376 102079.000 96357.3556  5.61%     -    8s
     0     0 96357.3556    0  361 102079.000 96357.3556  5.61%     -    8s
     0     2 96429.0000    0  359 102079.000 96429.0000  5.53%     -    8s
    40    60 96654.1267    7  352 102079.000 96429.0000  5.53%   136   10s
   845   861 98707.6115   71  265 102079.000 96429.0000  5.53%  54.1   15s
H  872   826                    101014.00000 96429.0000  4.54%  53.7   15s
H  888   824                    100976.00000 96429.0000  4.50%  53.3   15s
H  895   823                    100904.00000 96429.0000  4.43%  53.2   15s
  1841  1689 100785.543  218  106 100904.000 96438.1518  4.43%  43.1   20s
H 1899  1729                    100811.00000 96438.1518  4.34%  43.4   24s
  2016  1871 96560.4433    8  292 100811.000 96464.1801  4.31%  43.7   25s
  2102  1873 96721.6054    8  311 100811.000 96464.1801  4.31%  44.1   32s
  2103  1874 98189.6094   47  349 100811.000 96464.1801  4.31%  44.1   37s
  2106  1876 97578.0594   86  392 100811.000 96583.1168  4.19%  44.0   40s
  2115  1882 99618.8272  129  429 100811.000 96715.1609  4.06%  43.8   46s
  2118  1884 96848.7470   11  391 100811.000 96723.8525  4.05%  43.8   50s
  2220  1967 97581.0319   19  352 100811.000 96807.2810  3.97%  51.3   55s
H 2284  1895                    100765.00000 96807.2810  3.93%  53.4   57s
  2337  1928 97787.7248   26  359 100765.000 96807.2810  3.93%  54.9   60s
  2432  2004 98678.5338   32  276 100765.000 96807.2810  3.93%  56.9   65s
  2658  2169 98587.2781   48  184 100765.000 96807.2810  3.93%  58.5   70s
  2964  2364 99060.8541   68  161 100765.000 96807.2810  3.93%  59.7   75s
  3332  2580 99256.6667   91   88 100765.000 96822.3934  3.91%  59.1   80s
  3977  2811 100319.619  133   98 100765.000 96915.1338  3.82%  56.9   85s
H 3990  2694                    100662.00000 96915.1338  3.72%  57.0   86s
  4292  2883 100530.000  174   50 100662.000 96941.9921  3.70%  56.4   90s
  4637  3035 97645.8687   21  361 100662.000 96941.9921  3.70%  56.6   95s
  4746  3094 98187.3840   33  365 100662.000 96941.9921  3.70%  56.4  103s
  4847  3150 99921.4301   40  301 100662.000 96943.8714  3.69%  56.6  113s
  4950  3250 97116.1388   15  314 100662.000 96943.8714  3.69%  56.9  129s
  5097  3356 97305.0861   25  318 100662.000 96943.8714  3.69%  56.7  136s
  5293  3421 97732.6688   35  251 100662.000 96943.8714  3.69%  56.6  144s
  5463  3555 99641.5584   46  251 100662.000 96943.8714  3.69%  56.8  146s
  5823  3650 98149.5131   20  258 100662.000 96994.9913  3.64%  57.2  150s
  6176  3821 98048.6679   17  315 100662.000 97027.6710  3.61%  57.6  155s
  6643  4030 97776.6595   27  279 100662.000 97030.9491  3.61%  58.8  162s
H 6981  3858                    100550.00000 97098.8540  3.43%  59.9  164s
H 7026  3942                    100524.00000 97098.8540  3.41%  60.0  168s
H 7044  3051                    99980.000000 97098.8540  2.88%  60.0  168s
  7189  3209 97506.5745   23  411 99980.0000 97098.8540  2.88%  60.1  171s
  7700  3538 97725.4614   21  354 99980.0000 97098.8540  2.88%  60.8  185s
  8097  3894 99714.3333   57  205 99980.0000 97098.8540  2.88%  62.0  193s
  8377  4139 97999.4286   25  251 99980.0000 97180.1297  2.80%  62.6  196s
H 8598  3737                    99805.000000 97180.1297  2.63%  62.4  196s
  8699  3814 97988.7821   19  336 99805.0000 97180.1297  2.63%  62.4  200s
H 8706  3812                    99803.000000 97180.1297  2.63%  62.4  200s
H 8787  2120                    99002.000000 97180.1297  1.84%  62.5  200s
  8809  2189 98242.8386   26  370 99002.0000 97180.1297  1.84%  62.5  211s
  9047  2359 98658.0067   28  264 99002.0000 97180.1297  1.84%  63.0  221s
  9330  2632 98357.7667   37  164 99002.0000 97222.4682  1.80%  63.6  226s
  9715  2874 98281.0489   41  374 99002.0000 97257.5571  1.76%  64.0  230s
 10070  3078 98050.3624   27  290 99002.0000 97271.8192  1.75%  65.0  235s
 10436  3357 98689.1480   22  303 99002.0000 97316.8728  1.70%  66.2  249s
 10839  3612 98315.8467   44  319 99002.0000 97318.8684  1.70%  66.3  255s
 11282  3918 98640.0907   32  228 99002.0000 97318.8684  1.70%  66.6  260s
 11789  4069 98815.6632   23  307 99002.0000 97376.8870  1.64%  66.6  266s
 12075  4407 98417.8843   31  334 99002.0000 97396.3671  1.62%  66.8  272s
 12603  4731 98682.3446   27  322 99002.0000 97412.1975  1.61%  67.1  286s
 13161  4994 98911.6101   26  330 99002.0000 97431.5951  1.59%  67.0  293s
 13706  5102 98523.6394   19  371 99002.0000 97462.4562  1.56%  67.7  298s
 13894  5330 98790.0588   24  372 99002.0000 97462.4562  1.56%  67.8  311s
 14382  5554 98545.3039   30  320 99002.0000 97475.5375  1.54%  68.4  333s
 14846  5911 98020.2121   26  347 99002.0000 97500.1017  1.52%  68.8  344s
 15526  6041 98897.2055   35  361 99002.0000 97539.6190  1.48%  69.1  350s
H15556  6035                    99000.000000 97539.6190  1.48%  69.2  350s
 15853  6324 98774.8342   30  279 99000.0000 97546.5863  1.47%  69.4  371s
 16480  6636 98347.7691   35  354 99000.0000 97549.7117  1.46%  69.7  382s
 17187  6992 98308.7874   23  284 99000.0000 97583.2144  1.43%  70.3  400s
 17860  7259 98460.9760   26  365 99000.0000 97594.2403  1.42%  70.6  417s
 18395  7482 98641.1437   27  346 99000.0000 97623.6532  1.39%  70.9  438s
 19089  7859 98401.7882   23  355 99000.0000 97629.1997  1.38%  71.5  461s
 19956  8157 98900.8976   25  301 99000.0000 97640.7519  1.37%  71.9  487s
 20681  8428 98901.9031   34  297 99000.0000 97660.0298  1.35%  72.2  511s
 21241  8734     cutoff   29      99000.0000 97671.0741  1.34%  72.3  532s
 22028  9107     cutoff   30      99000.0000 97687.4434  1.33%  72.3  548s
 22912  9521 98830.3393   31  195 99000.0000 97710.3089  1.30%  72.8  567s
 23950  9933 98609.5903   39  316 99000.0000 97740.6555  1.27%  73.0  582s
 25045 10412 98380.8148   31  178 99000.0000 97770.7766  1.24%  73.2  602s
 26097 10785 98133.4413   27  267 99000.0000 97773.5921  1.24%  73.0  620s
 27034 11134 98940.4285   33  263 99000.0000 97810.5991  1.20%  73.1  641s
 28019 11590 98778.3822   46  228 99000.0000 97813.6935  1.20%  73.0  660s
 29028 11641 98395.7713   30  329 99000.0000 97848.0393  1.16%  73.1  669s
 29099 12012 98745.9861   37  321 99000.0000 97848.0393  1.16%  73.1  686s
 30043 12409 98953.0832   22  378 99000.0000 97874.9198  1.14%  72.9  809s
 31084 13026 98697.5839   24  279 99000.0000 97899.3211  1.11%  73.0  819s
 32116 13422 98570.6232   32  317 99000.0000 97913.8309  1.10%  72.5  835s
 32941 13703     cutoff   31      99000.0000 97927.9160  1.08%  72.6  863s
 33509 14225 98639.8086   52  185 99000.0000 97934.4114  1.08%  72.7  872s
*33528 13740              71    98952.000000 97934.4114  1.03%  72.7  872s
*33540 13129              82    98915.000000 97934.4114  0.99%  72.7  872s
 34453 13680 98600.5460   41  214 98915.0000 97945.8724  0.98%  72.6  887s
H35548 13536                    98899.000000 97956.1757  0.95%  72.4  908s
H35771 12926                    98867.000000 97956.1757  0.92%  72.5  908s
H35831 12618                    98851.000000 97956.3462  0.91%  72.6  908s
 36091 12773 98621.8014   69  248 98851.0000 97956.3462  0.91%  72.6  927s
 36796 13115     cutoff   33      98851.0000 97972.9835  0.89%  73.1  935s
 37638 13569 98725.6024   38  280 98851.0000 97992.9045  0.87%  73.3  945s
 38670 14047     cutoff   56      98851.0000 98006.3502  0.85%  73.4  955s
 39715 14485 98779.2374   51  117 98851.0000 98020.5741  0.84%  73.4  964s
 40739 14771 infeasible   58      98851.0000 98032.3333  0.83%  73.4  974s
 41697 15024 98587.2393   53  172 98851.0000 98044.5665  0.82%  73.5  995s
 42526 15281 98547.1931   57  169 98851.0000 98049.3722  0.81%  73.7 1015s
 43273 15648 98608.5110   46  178 98851.0000 98061.5304  0.80%  73.7 1029s
 44212 15920     cutoff   32      98851.0000 98077.7673  0.78%  73.7 1038s
 44868 16328 98770.4921   30  266 98851.0000 98087.5104  0.77%  73.8 1065s
 46068 16738 98310.1076   35  151 98851.0000 98101.8889  0.76%  73.9 1077s
 46938 17190     cutoff   33      98851.0000 98110.0913  0.75%  73.8 1089s
 47887 17523 98432.1049   28  234 98851.0000 98119.0370  0.74%  73.6 1106s
 48670 17918 98671.7778   66  107 98851.0000 98120.1187  0.74%  73.4 1114s
 49643 18333 98382.6216   35  202 98851.0000 98134.9375  0.72%  73.2 1122s
 50638 18644 98393.2993   35  205 98851.0000 98143.0106  0.72%  73.0 1129s
 51566 18889 98820.8413   59  117 98851.0000 98151.1331  0.71%  72.9 1146s
 52229 19154     cutoff   23      98851.0000 98154.2553  0.70%  72.9 1163s
 53055 19525     cutoff   22      98851.0000 98157.2702  0.70%  72.9 1171s
 54004 19927 infeasible   25      98851.0000 98169.0000  0.69%  72.8 1179s
 54914 20258 98434.3741   48  174 98851.0000 98173.9508  0.68%  72.8 1186s
 55768 20662 infeasible   43      98851.0000 98182.8788  0.68%  72.7 1194s
 56691 20991 98830.1875   48  165 98851.0000 98186.2738  0.67%  72.6 1201s
 57621 21261 98817.5556   55   86 98851.0000 98192.7966  0.67%  72.5 1209s
 58496 21546 98755.2280   33  267 98851.0000 98200.3962  0.66%  72.6 1216s
 59326 21837 98810.0924   38  260 98851.0000 98206.5278  0.65%  72.5 1231s
 60444 22077     cutoff   26      98851.0000 98212.2377  0.65%  72.6 1247s
 61257 22337 98346.7917   40  161 98851.0000 98217.3102  0.64%  72.5 1255s
 62124 22730 98445.8199   40  210 98851.0000 98227.2621  0.63%  72.5 1267s
 63010 23030     cutoff   18      98851.0000 98228.1907  0.63%  72.4 1282s
 63995 23277 98369.0845   36  189 98851.0000 98238.3393  0.62%  72.4 1296s
 64814 23482 98700.3743   42  161 98851.0000 98240.6459  0.62%  72.4 1303s
 65519 23638 98811.0718   55  159 98851.0000 98248.5519  0.61%  72.3 1311s
 66364 23983     cutoff   47      98851.0000 98254.3463  0.60%  72.4 1319s
 67467 24362     cutoff   30      98851.0000 98262.6933  0.60%  72.2 1327s
 68557 24730 98619.8056   61  163 98851.0000 98267.5430  0.59%  72.0 1335s
 69563 24996 98730.0664   26  426 98851.0000 98272.8460  0.58%  71.8 1343s
 70523 25252     cutoff   51      98851.0000 98277.1406  0.58%  71.7 1350s
 71415 25560 98475.0359   47  150 98851.0000 98281.2149  0.58%  71.5 1363s
 72324 25799 98809.6667   75   76 98851.0000 98282.6242  0.57%  71.3 1370s
 73128 26015 98501.9833   41  224 98851.0000 98287.6590  0.57%  71.2 1383s
 73952 26379 98551.3099   30  273 98851.0000 98289.4033  0.57%  71.2 1398s
 75099 26714 98493.3152   37  236 98851.0000 98295.0963  0.56%  71.0 1411s
 75990 26985     cutoff   47      98851.0000 98301.2569  0.56%  70.9 1425s
 76885 27008 infeasible   42      98851.0000 98304.6619  0.55%  70.7 1431s
H76887 25920                    98818.000000 98304.6619  0.52%  70.7 1431s
 76987 26076     cutoff   44      98818.0000 98305.0741  0.52%  70.7 1438s
 77918 26259     cutoff   57      98818.0000 98309.6437  0.51%  70.7 1445s
 78729 26349 98809.6405   38  292 98818.0000 98312.8056  0.51%  70.6 1452s
 79085 26603 98426.3079   47  171 98818.0000 98314.7071  0.51%  70.6 1459s
 79973 26760 infeasible   58      98818.0000 98318.0256  0.51%  70.4 1469s
 80851 26903 98572.1170   38  201 98818.0000 98319.4259  0.50%  70.3 1480s
 81735 27140 98525.7263   25  344 98818.0000 98326.2731  0.50%  70.3 1487s
 82611 27342 98562.0737   43  183 98818.0000 98328.3333  0.50%  70.2 1504s
 83487 27471     cutoff   53      98818.0000 98333.5088  0.49%  70.1 1512s
 84474 27652 98800.6220   62  128 98818.0000 98340.2039  0.48%  70.1 1519s
 85201 27779 98752.3906   47  166 98818.0000 98343.8651  0.48%  70.0 1526s
 86052 28000 98656.3750   46  192 98818.0000 98346.8197  0.48%  70.0 1533s
 86989 28189 98797.0609   42  260 98818.0000 98351.6270  0.47%  69.9 1541s
 87963 28346 98774.2008   42  131 98818.0000 98355.9966  0.47%  69.7 1548s
 88875 28484 98669.3534   25  338 98818.0000 98359.0908  0.46%  69.6 1558s
 90046 28551     cutoff   46      98818.0000 98363.9722  0.46%  69.6 1565s
 90918 28651 98557.9921   42  206 98818.0000 98367.6755  0.46%  69.6 1571s
 91776 28756 98421.2426   36  193 98818.0000 98371.2394  0.45%  69.6 1578s
 92630 28924 infeasible   53      98818.0000 98374.8411  0.45%  69.5 1584s
 93448 29047 98728.7926   48  178 98818.0000 98377.4016  0.45%  69.4 1590s
 94335 29303     cutoff   43      98818.0000 98382.2642  0.44%  69.3 1595s
 95788 29445 98809.3025   46  107 98818.0000 98387.8253  0.44%  69.1 1601s
 96597 29598     cutoff   46      98818.0000 98390.7833  0.43%  69.1 1606s
 97361 29847 98656.0952   43  144 98818.0000 98393.5283  0.43%  69.0 1611s
 98595 29929 98768.7106   41  176 98818.0000 98397.4638  0.43%  68.8 1623s
 99320 30034 98660.0111   43   80 98818.0000 98400.5556  0.42%  68.8 1628s
 100073 30160     cutoff   60      98818.0000 98404.1262  0.42%  68.7 1633s
 101273 30222 98559.0809   44  184 98818.0000 98409.6176  0.41%  68.6 1638s
 102051 30296 98748.0532   40  161 98818.0000 98411.8645  0.41%  68.5 1643s
 102738 30371 98684.5617   52  139 98818.0000 98414.0857  0.41%  68.5 1649s
 103544 30642     cutoff   32      98818.0000 98416.4435  0.41%  68.4 1658s
 105735 30692 98714.2436   41  156 98818.0000 98425.5087  0.40%  68.2 1661s
 106208 30714     cutoff   46      98818.0000 98427.0000  0.40%  68.1 1665s
 107250 30779     cutoff   51      98818.0000 98431.3033  0.39%  68.0 1673s
 107790 30776     cutoff   39      98818.0000 98433.1818  0.39%  67.9 1678s
 108365 30841 98649.2842   43  161 98818.0000 98434.8266  0.39%  67.9 1681s
 109465 30858     cutoff   41      98818.0000 98438.9373  0.38%  67.8 1686s
 110062 30950 98584.5926   49  149 98818.0000 98442.0128  0.38%  67.7 1690s
 110446 30961 98769.5802   39  127 98818.0000 98442.6621  0.38%  67.7 1703s
 110924 31017 infeasible   32      98818.0000 98444.4569  0.38%  67.6 1708s
 111642 31065 98685.1235   49  108 98818.0000 98445.8607  0.38%  67.6 1713s
 112348 31073 98783.4167   66   68 98818.0000 98447.7556  0.37%  67.5 1719s
 113061 31181 98645.2981   27  257 98818.0000 98452.0176  0.37%  67.5 1723s
 114239 31222 98811.9434   32  360 98818.0000 98455.6649  0.37%  67.3 1728s
 114941 31214 infeasible   43      98818.0000 98457.7360  0.36%  67.3 1733s
 115623 31190 98497.3463   44  196 98818.0000 98460.3426  0.36%  67.2 1739s
 116366 31218 98732.5017   32  184 98818.0000 98463.2797  0.36%  67.2 1743s
 117559 31186 98770.8399   54  203 98818.0000 98467.7259  0.35%  67.1 1748s
 118322 31156 98702.9767   44  126 98818.0000 98471.5199  0.35%  67.1 1753s
 118992 31200 98776.4676   46  160 98818.0000 98473.9177  0.35%  67.0 1757s
 120154 31186 98758.5880   44   98 98818.0000 98477.4306  0.34%  66.9 1767s
 121423 31257     cutoff   26      98818.0000 98481.6333  0.34%  66.8 1772s
 122686 31275     cutoff   42      98818.0000 98487.2889  0.33%  66.7 1776s
 123381 31287     cutoff   46      98818.0000 98489.6602  0.33%  66.7 1781s
 123995 31394     cutoff   45      98818.0000 98491.2932  0.33%  66.6 1785s
 125915 31331     cutoff   36      98818.0000 98497.0482  0.32%  66.4 1794s
 126558 31362 98789.2222   48  131 98818.0000 98499.5491  0.32%  66.4 1798s
 127747 31321 infeasible   34      98818.0000 98502.5335  0.32%  66.3 1802s
 128321 31291     cutoff   52      98818.0000 98504.4545  0.32%  66.3 1806s
 129030 31320     cutoff   35      98818.0000 98507.6608  0.31%  66.2 1810s
 130155 31275 98710.9881   64  120 98818.0000 98512.1158  0.31%  66.2 1815s
 131881 31205 98696.1111   42   97 98818.0000 98516.2611  0.31%  66.1 1824s
 132568 31180 98730.1199   54  160 98818.0000 98519.1308  0.30%  66.0 1835s
 132941 31145 98758.5556   49  169 98818.0000 98520.5797  0.30%  66.0 1843s
 133550 31016     cutoff   61      98818.0000 98522.6279  0.30%  66.0 1847s
 134581 30970 98718.0947   40  228 98818.0000 98527.5741  0.29%  66.0 1851s
 135176 30880 98783.8197   40  258 98818.0000 98528.2888  0.29%  65.9 1856s
 135787 30838 98619.4031   31  179 98818.0000 98529.3544  0.29%  65.9 1861s
 136453 30757 98735.3333   53   73 98818.0000 98534.0225  0.29%  65.9 1866s
 137199 30635     cutoff   41      98818.0000 98538.4411  0.28%  65.9 1876s
 138317 30493 98783.4048   45  174 98818.0000 98541.8371  0.28%  65.9 1881s
 139421 30460 98792.4444   59   80 98818.0000 98545.2932  0.28%  65.8 1885s
 140182 30416 98701.3219   42  213 98818.0000 98547.4444  0.27%  65.7 1890s
 142005 30095     cutoff   36      98818.0000 98553.4398  0.27%  65.7 1899s
 142710 30048 98788.9167   58   68 98818.0000 98556.1222  0.27%  65.7 1903s
 143770 29927     cutoff   35      98818.0000 98559.9125  0.26%  65.6 1907s
 144498 29809     cutoff   38      98818.0000 98562.1481  0.26%  65.5 1912s
 145256 29638 infeasible   54      98818.0000 98565.3222  0.26%  65.5 1916s
 146241 29461 infeasible   31      98818.0000 98568.7711  0.25%  65.5 1929s
 146909 29231 infeasible   50      98818.0000 98571.9952  0.25%  65.5 1933s
 147937 29063 98730.7197   43  201 98818.0000 98575.0151  0.25%  65.4 1937s
 148903 28889     cutoff   31      98818.0000 98579.0741  0.24%  65.4 1947s
 149645 28634 infeasible   51      98818.0000 98581.7000  0.24%  65.4 1951s
 150629 28521 infeasible   32      98818.0000 98585.2037  0.24%  65.3 1956s
 151349 28376 infeasible   42      98818.0000 98587.9081  0.23%  65.3 1960s
 151960 28182 98719.6759   44  159 98818.0000 98589.5125  0.23%  65.3 1976s
 152621 28040 98695.0000   45  138 98818.0000 98592.4208  0.23%  65.2 1985s
 153277 27823     cutoff   47      98818.0000 98593.1978  0.23%  65.2 1990s
 154936 27398 infeasible   69      98818.0000 98600.0076  0.22%  65.1 1999s
 155763 27126 98714.6902   45  140 98818.0000 98603.4444  0.22%  65.1 2003s
 156853 27009 98735.0000   58   83 98818.0000 98607.5933  0.21%  65.0 2008s
 157659 26615 98716.0185   45  164 98818.0000 98609.7103  0.21%  65.0 2012s
 158786 26244 infeasible   49      98818.0000 98614.8609  0.21%  64.9 2017s
 159864 25995 98657.2805   32  156 98818.0000 98617.8459  0.20%  64.9 2021s
 160664 25663     cutoff   50      98818.0000 98621.0118  0.20%  64.8 2025s
 161697 25344     cutoff   40      98818.0000 98624.2105  0.20%  64.8 2030s
 163502 24729 98772.2778   57  110 98818.0000 98631.0004  0.19%  64.7 2038s
 164479 24395     cutoff   44      98818.0000 98633.7469  0.19%  64.7 2042s
 165521 24062 98772.9521   57  124 98818.0000 98637.9808  0.18%  64.6 2052s
 166462 23716 98740.7310   31  222 98818.0000 98640.9595  0.18%  64.5 2056s
 167403 23372     cutoff   56      98818.0000 98646.0000  0.17%  64.5 2060s
 169369 22735 98810.3778   56  110 98818.0000 98651.9583  0.17%  64.3 2068s
 170319 22379 infeasible   53      98818.0000 98655.5013  0.16%  64.2 2071s
 171335 22146 infeasible   61      98818.0000 98659.4021  0.16%  64.1 2075s
 173112 21562 98696.0990   31  255 98818.0000 98665.4060  0.15%  63.9 2083s
 173952 21276 98744.4865   47  112 98818.0000 98668.4000  0.15%  63.9 2094s
 174730 20904     cutoff   46      98818.0000 98670.9252  0.15%  63.8 2098s
 175694 20753     cutoff   49      98818.0000 98674.6518  0.15%  63.7 2101s
 176634 20438 infeasible   72      98818.0000 98677.0892  0.14%  63.5 2105s
 178548 19981 infeasible   35      98818.0000 98681.5191  0.14%  63.3 2112s
 179401 19651 98778.7361   42  128 98818.0000 98684.2037  0.14%  63.2 2127s
 180427 19433 98740.4722   54   76 98818.0000 98687.0835  0.13%  63.1 2130s
 182258 18934 98814.5333   74   52 98818.0000 98692.3546  0.13%  62.8 2137s
 183240 18686 infeasible   58      98818.0000 98694.8333  0.12%  62.7 2140s
 185012 18305 98758.1667   41  115 98818.0000 98699.1252  0.12%  62.4 2147s
 185752 17984     cutoff   54      98818.0000 98701.4312  0.12%  62.3 2151s
 187159 17548 98798.0000   52   54 98818.0000 98705.6956  0.11%  62.2 2166s
 187865 17225     cutoff   54      98818.0000 98707.2121  0.11%  62.1 2170s
 189867 16498 98769.9419   52  219 98818.0000 98713.7433  0.11%  61.8 2177s
 190930 16242 98744.5000   49  129 98818.0000 98715.9235  0.10%  61.7 2180s
 192945 15717     cutoff   49      98818.0000 98720.1697  0.10%  61.4 2187s
 193811 15524 infeasible   40      98818.0000 98722.5209  0.10%  61.3 2190s
 195730 15122     cutoff   49      98818.0000 98726.6513  0.09%  61.0 2196s
 196510 14912     cutoff   51      98818.0000 98727.7156  0.09%  60.9 2200s
 197720 14811     cutoff   67      98818.0000 98730.3314  0.09%  60.7 2206s
 198462 14481 98796.5000   50  132 98818.0000 98730.6597  0.09%  60.6 2212s
 199255 14224 infeasible   40      98818.0000 98733.1111  0.09%  60.5 2216s
 200210 14010 98749.0043   47  134 98818.0000 98735.7141  0.08%  60.4 2220s
 202096 13410 infeasible   63      98818.0000 98739.2711  0.08%  60.1 2226s
 203191 13120     cutoff   42      98818.0000 98741.4673  0.08%  59.9 2230s
 205053 12576 98781.7778   60   74 98818.0000 98745.0891  0.07%  59.6 2236s
 206979 12043 infeasible   60      98818.0000 98748.0606  0.07%  59.4 2243s
 207943 11853 98812.0000   65   82 98818.0000 98750.1111  0.07%  59.2 2246s
 209826 11328     cutoff   52      98818.0000 98753.0000  0.07%  58.9 2252s
 210845 11316 98794.4815   51  107 98818.0000 98754.5769  0.06%  58.8 2255s
 211467 10913 98790.2024   46  167 98818.0000 98754.8333  0.06%  58.7 2261s
 212495 10666 98759.6333   59  114 98818.0000 98757.3331  0.06%  58.5 2269s
 213403 10400     cutoff   37      98818.0000 98757.4393  0.06%  58.4 2272s
 214397 10147     cutoff   47      98818.0000 98760.1111  0.06%  58.2 2275s
 216354  9569     cutoff   44      98818.0000 98763.0046  0.06%  57.9 2282s
 217958  9081     cutoff   49      98818.0000 98764.7893  0.05%  57.7 2287s
 218921  8740     cutoff   39      98818.0000 98766.7626  0.05%  57.6 2290s
 220785  8125     cutoff   52      98818.0000 98769.9903  0.05%  57.3 2304s
 221662  7769 infeasible   50      98818.0000 98771.3395  0.05%  57.1 2315s
 223595  6978 98807.8148   46  149 98818.0000 98774.5644  0.04%  56.8 2320s
 225599  6142 98795.3333   62   79 98818.0000 98777.5111  0.04%  56.6 2326s
 227476  5108     cutoff   44      98818.0000 98781.5000  0.04%  56.3 2332s
 228482  4579 98804.6667   65   46 98818.0000 98783.3333  0.04%  56.1 2335s
 230360  3499     cutoff   58      98818.0000 98788.0000  0.03%  55.8 2340s
 232212  2268 infeasible   44      98818.0000 98792.9474  0.03%  55.5 2346s
 234051   833     cutoff   41      98818.0000 98800.1296  0.02%  55.2 2352s
 234903   125     cutoff   64      98818.0000 98805.9811  0.01%  55.1 2355s

Cutting planes:
  Gomory: 28
  Cover: 140
  Clique: 14
  MIR: 11
  StrongCG: 1
  Flow cover: 6
  Inf proof: 26
  Zero half: 95
  Mod-K: 6
  Relax-and-lift: 3

Explored 235641 nodes (12946339 simplex iterations) in 2355.77 seconds (2454.58 work units)
Thread count was 8 (of 96 available processors)

Solution count 10: 98818 98851 98867 ... 99805

Optimal solution found (tolerance 1.00e-04)
Best objective 9.881800000000e+04, best bound 9.881500000000e+04, gap 0.0030%

User-callback calls 1154662, time in user-callback 0.09 sec
LB for instance BRA24 with 12 = 98815, UB = 98818, gap = 3.03588e-05
