inst=BRA24
r=18
Compute TTP bound for BRA24_18 with TimeLimit 21660
Save file as Instances/TTP/Bound_BRA24_18.txt
Read TTP files
Instance: BRA24, Type: A, Contributor: Ribeiro and Urrutia
Date: 0/0/2003
NrTeams = 24, NrRounds =  18
Set parameter TokenServer to value "licgurobi.ugent.be"
Set parameter Threads to value 8
Set parameter TimeLimit to value 21660
Gurobi Optimizer version 12.0.0 build v12.0.0rc1 (linux64 - "Red Hat Enterprise Linux 9.6 (Plow)")

CPU model: AMD EPYC 7552 48-Core Processor, instruction set [SSE2|AVX|AVX2]
Thread count: 96 physical cores, 96 logical processors, using up to 8 threads

Non-default parameters:
TimeLimit  21660
Threads  8

Optimize a model with 924 rows, 134712 columns and 397536 nonzeros
Model fingerprint: 0x1f261495
Variable types: 0 continuous, 134712 integer (134712 binary)
Coefficient statistics:
  Matrix range     [1e+00, 1e+00]
  Objective range  [3e+01, 1e+04]
  Bounds range     [1e+00, 1e+00]
  RHS range        [1e+00, 9e+00]
Presolve removed 68 rows and 90484 columns
Presolve time: 0.38s
Presolved: 856 rows, 44228 columns, 126562 nonzeros
Variable types: 0 continuous, 44228 integer (44228 binary)
Found heuristic solution: objective 435694.00000

Root relaxation: objective 1.654328e+05, 2487 iterations, 0.32 seconds (0.54 work units)

    Nodes    |    Current Node    |     Objective Bounds      |     Work
 Expl Unexpl |  Obj  Depth IntInf | Incumbent    BestBd   Gap | It/Node Time

     0     0 165432.827    0  346 435694.000 165432.827  62.0%     -    0s
H    0     0                    192468.00000 165432.827  14.0%     -    0s
H    0     0                    192150.00000 165432.827  13.9%     -    1s
H    0     0                    190928.00000 165432.827  13.4%     -    1s
H    0     0                    189403.00000 165432.827  12.7%     -    1s
H    0     0                    185222.00000 165432.827  10.7%     -    1s
H    0     0                    184737.00000 165432.827  10.4%     -    1s
H    0     0                    183596.00000 165432.827  9.89%     -    2s
H    0     0                    183589.00000 165432.827  9.89%     -    2s
H    0     0                    180003.00000 165432.827  8.09%     -    2s
H    0     0                    177535.00000 165432.827  6.82%     -    3s
H    0     0                    175947.00000 165432.827  5.98%     -    3s
H    0     0                    175880.00000 165432.827  5.94%     -    3s
H    0     0                    174478.00000 165435.597  5.18%     -    4s
H    0     0                    174335.00000 165435.597  5.10%     -    4s
     0     0 165556.518    0  402 174335.000 165556.518  5.04%     -    4s
H    0     0                    173855.00000 165556.518  4.77%     -    5s
H    0     0                    173825.00000 165556.518  4.76%     -    5s
H    0     0                    173508.00000 165556.518  4.58%     -    5s
H    0     0                    173503.00000 165556.518  4.58%     -    6s
H    0     0                    173500.00000 165556.518  4.58%     -    6s
H    0     0                    173485.00000 165556.518  4.57%     -    6s
H    0     0                    173448.00000 165556.518  4.55%     -    6s
H    0     0                    173426.00000 165556.518  4.54%     -    6s
H    0     0                    173285.00000 165556.518  4.46%     -    6s
H    0     0                    173233.99993 165556.518  4.43%     -    6s
H    0     0                    173218.00000 165556.518  4.42%     -    7s
     0     0 165871.966    0  422 173218.000 165871.966  4.24%     -    7s
     0     0 165871.993    0  397 173218.000 165871.993  4.24%     -    7s
     0     0 165880.851    0  425 173218.000 165880.851  4.24%     -    7s
     0     0 165880.851    0  427 173218.000 165880.851  4.24%     -    7s
     0     0 165897.387    0  465 173218.000 165897.387  4.23%     -    8s
     0     0 165897.387    0  479 173218.000 165897.387  4.23%     -    8s
     0     0 165902.165    0  502 173218.000 165902.165  4.22%     -    8s
     0     0 165902.240    0  512 173218.000 165902.240  4.22%     -    8s
     0     0 165902.276    0  503 173218.000 165902.276  4.22%     -    8s
     0     0 165902.276    0  506 173218.000 165902.276  4.22%     -    8s
     0     0 165902.276    0  488 173218.000 165902.276  4.22%     -    9s
     0     2 165902.276    0  488 173218.000 165902.276  4.22%     -    9s
     3     8 166165.252    2  418 173218.000 165902.892  4.22%   195   10s
H   81    93                    173185.00000 165933.296  4.19%   127   12s
H   82    93                    173002.00000 165933.296  4.09%   127   12s
H   83    93                    172867.00000 165933.296  4.01%   126   12s
H  179   187                    172859.00000 165933.296  4.01%  88.3   13s
H  185   187                    172857.00000 165933.296  4.01%  87.6   13s
H  342   349                    172817.00000 165933.296  3.98%  76.0   14s
H  349   357                    172790.00000 165933.296  3.97%  75.2   14s
   386   414 166505.250   38  317 172790.000 165933.296  3.97%  73.5   15s
H  533   531                    172671.00000 165933.296  3.90%  67.7   16s
H  589   586                    172664.00000 165933.296  3.90%  66.3   16s
H  593   586                    172290.00000 165933.296  3.69%  66.2   16s
H  604   594                    171968.00000 165933.296  3.51%  65.4   17s
  1354  1407 170890.779  125  171 171968.000 165969.887  3.49%  51.6   20s
  2371  2423 167059.088   29  250 171968.000 166129.590  3.40%  49.2   25s
  2871  2779 170502.963   92  488 171968.000 166159.918  3.38%  49.5   30s
H 2872  2641                    171888.00000 166159.918  3.33%  49.5   33s
H 2872  2508                    171804.00000 166159.918  3.29%  49.5   33s
  2873  2508 166337.623   22  346 171804.000 166159.918  3.29%  49.5   36s
H 2873  2383                    171584.00000 166159.918  3.16%  49.5   37s
H 2873  2264                    171470.00000 166159.918  3.10%  49.5   38s
H 2874  2151                    171083.00000 166159.918  2.88%  49.4   40s
  2880  2155 170780.300  151  492 171083.000 166186.551  2.86%  49.3   45s
  2887  2160 166878.748   25  424 171083.000 166194.761  2.86%  49.2   50s
  2890  2165 166289.000   12  454 171083.000 166289.000  2.80%  50.7   55s
H 2930  2087                    171073.00000 166299.924  2.79%  53.1   59s
  2936  2099 166512.311   18  444 171073.000 166299.924  2.79%  53.5   60s
H 2966  2010                    170915.00000 166299.924  2.70%  55.2   61s
H 2967  1912                    170596.00000 166299.924  2.52%  55.2   61s
H 2971  1818                    170414.00000 166299.924  2.41%  55.3   61s
H 2996  1751                    170389.00000 166299.924  2.40%  55.9   62s
H 2998  1667                    170228.00000 166299.924  2.31%  55.9   62s
  3096  1743 166633.822   28  312 170228.000 166299.924  2.31%  57.5   65s
H 3134  1676                    170119.00000 166299.924  2.24%  58.1   66s
H 3201  1649                    170114.00000 166299.924  2.24%  59.1   68s
  3287  1725 167023.509   41  326 170114.000 166299.924  2.24%  60.5   70s
  3484  1825 167396.780   52  339 170114.000 166299.924  2.24%  62.7   75s
H 3502  1763                    169959.00000 166299.924  2.15%  62.8   78s
H 3508  1690                    169806.00000 166299.924  2.06%  62.9   79s
H 3517  1622                    169781.00000 166301.509  2.05%  62.9   79s
H 3518  1557                    169649.00000 166301.509  1.97%  62.9   79s
  3521  1603 167430.181   54  248 169649.000 166301.509  1.97%  62.9   80s
  3850  1810 167761.222   70  214 169649.000 166301.956  1.97%  65.4   85s
  4315  2146 167815.811   97  202 169649.000 166301.956  1.97%  68.5   90s
  4866  2433 168185.567  131  199 169649.000 166331.938  1.96%  70.6   95s
H 5173  2353                    169517.00000 166331.938  1.88%  71.0   98s
H 5174  2288                    169496.00000 166331.938  1.87%  71.0   98s
H 5181  1976                    168977.00000 166331.938  1.57%  71.0   98s
  5186  2103 168339.608  151  194 168977.000 166331.938  1.57%  71.0  100s
  5670  2281 166918.747   22  329 168977.000 166399.530  1.53%  71.5  105s
  6126  2647 168135.476   48  335 168977.000 166399.530  1.53%  72.4  110s
  6751  3114 168110.762   58  211 168977.000 166417.410  1.51%  71.9  117s
  7150  3329 166731.762   21  399 168977.000 166483.478  1.48%  72.0  121s
  7449  3685 168065.795   30  399 168977.000 166483.478  1.48%  73.0  126s
  7869  4045 166764.944   19  420 168977.000 166483.478  1.48%  73.0  131s
  8381  4368 166953.740   22  446 168977.000 166483.478  1.48%  73.2  137s
  8611  4512 168863.272   44  309 168977.000 166528.891  1.45%  74.0  140s
  9149  5001 167536.440   24  462 168977.000 166532.711  1.45%  74.2  147s
  9401  5344 168190.502   57  310 168977.000 166532.717  1.45%  74.3  150s
H 9822  5185                    168828.00000 166532.845  1.36%  74.0  154s
H 9885  5185                    168827.00000 166532.845  1.36%  74.0  154s
 10012  5379     cutoff   58      168827.000 166532.845  1.36%  73.9  157s
 10293  5653 168408.378   59  253 168827.000 166547.867  1.35%  74.8  161s
H10672  5815                    168814.00000 166557.602  1.34%  75.1  165s
H10769  5759                    168797.00000 166557.602  1.33%  75.1  165s
 11229  6472 167296.819   52  274 168797.000 166557.602  1.33%  76.0  173s
 11705  6802 168055.907   72  210 168797.000 166557.602  1.33%  76.1  178s
 12199  7149 167002.631   33  319 168797.000 166571.211  1.32%  76.1  186s
 12652  7483 168597.488   77  199 168797.000 166571.211  1.32%  76.3  196s
 13093  7924 168149.019   46  277 168797.000 166581.508  1.31%  76.2  206s
 13636  8349 167073.519   38  325 168797.000 166584.996  1.31%  75.6  211s
 14150  8867 166978.677   27  331 168797.000 166594.259  1.30%  75.4  217s
 14776  8868 168614.105   90  488 168797.000 166598.595  1.30%  74.8  224s
 14778  8869 167615.685   48  343 168797.000 166598.595  1.30%  74.8  230s
 14779  8870 167300.037   44  326 168797.000 166598.595  1.30%  74.8  235s
 14784  8873 167997.116   90  467 168797.000 166624.604  1.29%  74.8  241s
 14789  8877 168322.870   90  531 168797.000 166664.831  1.26%  74.7  245s
H14791  8433                    168732.00000 166678.405  1.22%  74.7  253s
H14791  8011                    168663.00000 166678.405  1.18%  74.7  255s
H14791  7611                    168557.00000 166732.000  1.08%  74.7  256s
H14791  7230                    168542.00000 166732.000  1.07%  74.7  256s
H14791  6868                    168541.00000 166732.000  1.07%  74.7  256s
 14795  6872 168528.875   81  343 168541.000 166732.000  1.07%  75.1  261s
H14795  6528                    168519.00000 166732.000  1.06%  75.1  263s
H14795  6201                    168317.00000 166732.000  0.94%  75.1  264s
 14797  6203 167376.167   58  421 168317.000 166732.000  0.94%  75.0  265s
 14803  6207 166732.000   22  514 168317.000 166732.000  0.94%  75.0  270s
 14810  6211 168317.000   32  546 168317.000 166734.753  0.94%  75.0  275s
 14825  6230 166955.684   33  453 168317.000 166848.972  0.87%  75.5  280s
 14968  6328 167308.734   44  426 168317.000 166848.972  0.87%  76.1  285s
 15077  6393 167585.858   50  417 168317.000 166848.972  0.87%  76.6  290s
 15141  6449 167616.572   54  407 168317.000 166848.972  0.87%  76.9  295s
 15368  6606 167794.568   66  347 168317.000 166848.972  0.87%  77.3  300s
 15595  6722 168028.493   88  255 168317.000 166863.695  0.86%  77.4  305s
 15833  6809 167131.131   39  394 168317.000 166892.304  0.85%  77.6  311s
 16109  7009 167240.974   56  336 168317.000 166897.010  0.84%  77.7  315s
 16641  7366 167697.080   93  290 168317.000 166916.089  0.83%  77.5  320s
 17205  7547 168079.912  149  180 168317.000 166921.584  0.83%  77.4  325s
 17794  7836 168176.760   93  221 168317.000 166971.929  0.80%  77.3  330s
 18483  8171 167088.172   43  375 168317.000 167005.034  0.78%  77.1  336s
 18923  8442 167738.311  116  241 168317.000 167005.034  0.78%  76.9  340s
 19739  8821 167093.613   46  304 168317.000 167038.234  0.76%  76.6  346s
 20398  9218 167385.276   43  348 168317.000 167042.936  0.76%  76.0  351s
 21148  9580 167350.278   45  289 168317.000 167043.032  0.76%  75.4  355s
 21710  9891 167156.064   52  308 168317.000 167045.548  0.76%  75.7  361s
 22415 10262 167732.379   61  345 168317.000 167051.493  0.75%  75.6  366s
 23325 10847 168035.678   39  452 168317.000 167057.040  0.75%  74.9  372s
 23872 10950 168185.599   74  313 168317.000 167062.529  0.75%  74.6  376s
 24326 11157 167887.446   46  408 168317.000 167062.529  0.75%  74.9  393s
 24709 11447 167399.837   46  401 168317.000 167062.529  0.75%  74.8  399s
 25176 11710 168255.601  110  220 168317.000 167068.972  0.74%  74.4  403s
 25795 11854     cutoff   65      168317.000 167069.509  0.74%  74.3  407s
 26279 12078 167426.154   52  377 168317.000 167073.635  0.74%  74.5  412s
 26775 12413 167364.980   54  270 168317.000 167078.395  0.74%  74.7  417s
 27353 12816 167829.667   86  123 168317.000 167078.395  0.74%  75.0  423s
 28144 12626 167619.682   86  158 168317.000 167082.111  0.73%  74.6  428s
H28174 10349                    168062.00000 167082.111  0.58%  74.5  428s
 28217 10869 167693.594  100  172 168062.000 167082.689  0.58%  74.5  436s
 28912 10986     cutoff   53      168062.000 167085.586  0.58%  74.4  446s
 29432 10814 167942.333  120  488 168062.000 167087.171  0.58%  74.5  451s
H29434 10274                    168035.00000 167087.171  0.56%  74.5  456s
 29439 10278 167771.126   70  580 168035.000 167087.171  0.56%  74.5  460s
 29448 10284 167148.189   40  617 168035.000 167087.171  0.56%  74.5  465s
 29465 10304 167087.171   46  514 168035.000 167087.171  0.56%  74.8  470s
 29654 10398 167211.861   54  432 168035.000 167087.171  0.56%  75.4  475s
H29704  9911                    168022.00000 167087.171  0.56%  75.6  477s
 29848  9995 167473.947   67  291 168022.000 167087.171  0.56%  75.9  480s
H29969  9569                    168019.00000 167087.171  0.55%  76.1  482s
 30157  9664 167656.771   95  157 168019.000 167087.171  0.55%  76.3  485s
 30518  9833 167087.171   47  488 168019.000 167087.171  0.55%  76.5  490s
H30687  9418                    168018.00000 167087.171  0.55%  76.5  493s
H30689  8885                    167896.00000 167087.171  0.48%  76.5  493s
 30876  9015 167270.540   61  327 167896.000 167087.171  0.48%  76.7  495s
 31483  9312 167276.585   54  477 167896.000 167087.171  0.48%  77.1  501s
 32498  9791 167638.971   58  394 167896.000 167087.171  0.48%  76.8  505s
 33610 10183 167516.370   68  325 167896.000 167100.204  0.47%  77.0  510s
 34506 10379 167546.647   67  372 167896.000 167109.332  0.47%  77.5  516s
H34509  9958                    167895.00000 167109.332  0.47%  77.5  516s
 35219 10481 167198.065   55  262 167895.000 167118.984  0.46%  78.0  520s
 36538 10904 167688.928   54  453 167895.000 167131.918  0.45%  78.5  525s
 37274 11188 167737.646   93  266 167895.000 167134.915  0.45%  79.0  531s
 39216 11843 167683.605   57  493 167895.000 167154.905  0.44%  78.9  536s
 40498 12311 167447.307   56  327 167895.000 167164.941  0.43%  79.0  541s
 41892 12928 167382.613   56  437 167895.000 167177.262  0.43%  79.2  545s
 43429 13346 167836.751   96  211 167895.000 167183.899  0.42%  79.4  550s
 45448 14007 167498.151   65  308 167895.000 167194.500  0.42%  79.6  555s
 47659 14681 167447.665   64  338 167895.000 167205.503  0.41%  79.1  562s
H48074 14136                    167893.00000 167207.267  0.41%  79.1  562s
 48979 14760 167544.053   54  386 167893.000 167211.410  0.41%  79.2  567s
 50690 15545 167282.610   58  372 167893.000 167217.873  0.40%  79.1  571s
 52705 16061 167804.279   61  300 167893.000 167224.780  0.40%  78.7  575s
 54492 17343 167840.170   85  249 167893.000 167232.362  0.39%  78.8  580s
 57219 19052 167640.765   74  241 167893.000 167239.534  0.39%  78.5  586s
 58810 19363 167769.000   80  488 167893.000 167247.565  0.38%  78.2  668s
 58812 19364 167365.416   57  337 167893.000 167247.565  0.38%  78.2  670s
 58820 19370 167776.562   72  537 167893.000 167247.565  0.38%  78.2  677s
 58821 19370 167346.347   51  588 167893.000 167247.565  0.38%  78.2  680s
 58824 19372 167628.884   82  606 167893.000 167247.565  0.38%  78.2  686s
 58828 19375 167256.559   58  587 167893.000 167247.565  0.38%  78.2  690s
 58837 19382 167723.255   78  492 167893.000 167247.565  0.38%  78.3  695s
 58842 19385 167714.849   69  573 167893.000 167247.565  0.38%  78.3  700s
H58843 18416                    167879.00000 167247.565  0.38%  78.3  705s
 58846 18418 167451.220   55  603 167879.000 167247.565  0.38%  78.3  710s
 58848 18419 167674.319   69  603 167879.000 167247.565  0.38%  78.3  715s
 58851 18421 167515.870   60  608 167879.000 167247.565  0.38%  78.3  724s
 58852 18422 167566.317   56  604 167879.000 167247.565  0.38%  78.2  727s
 58854 18423 167823.528   81  610 167879.000 167247.565  0.38%  78.2  737s
 58856 18425 167361.882   61  610 167879.000 167247.565  0.38%  78.2  742s
 58896 18464 167660.820   73  505 167879.000 167247.565  0.38%  78.5  745s
 59186 18642 167444.413   86  283 167879.000 167247.565  0.38%  78.8  750s
*59542 17804             111    167823.00000 167272.563  0.33%  79.0  754s
 59599 17826 167643.200  101  209 167823.000 167272.563  0.33%  79.1  755s
*60081 17099             118    167821.00000 167315.603  0.30%  79.3  759s
 60208 17166     cutoff   84      167821.000 167315.603  0.30%  79.3  760s
 60949 17408 167680.139  102  131 167821.000 167326.069  0.29%  79.3  765s
H61826 16614                    167759.00000 167328.342  0.26%  79.4  769s
H61827 15734                    167735.00000 167328.342  0.24%  79.4  769s
 61832 16009     cutoff   96      167735.000 167328.342  0.24%  79.4  770s
*62720 15408             104    167726.00000 167334.694  0.23%  79.3  772s
*63750 14895             154    167714.00000 167339.382  0.22%  79.1  774s
 63968 15218 167448.000   86   42 167714.000 167339.382  0.22%  79.1  775s
H64106 14400                    167702.00000 167339.382  0.22%  79.0  775s
 65579 14534 167399.427   80  338 167702.000 167345.582  0.21%  79.0  780s
H65579 13807                    167697.00000 167345.582  0.21%  79.0  782s
 65586 13812 167392.848   88  607 167697.000 167345.582  0.21%  79.0  786s
 65588 13813 167552.870   90  658 167697.000 167345.582  0.21%  79.0  790s
 65591 13815 167425.621   91  635 167697.000 167345.582  0.21%  79.0  796s
 65593 13817 167595.098   86  635 167697.000 167345.582  0.21%  79.0  800s
 65595 13818 167417.123   94  630 167697.000 167345.582  0.21%  79.0  805s
H65595 13127                    167695.00000 167345.582  0.21%  79.0  809s
 65597 13128 167648.442  100  637 167695.000 167345.582  0.21%  79.0  811s
 65599 13130 167479.584   93  628 167695.000 167345.582  0.21%  79.0  817s
 65601 13131 167617.721  131  644 167695.000 167345.582  0.21%  79.0  821s
 65603 13132 167647.534  100  627 167695.000 167345.582  0.21%  79.0  825s
 65605 13134 167564.179   89  630 167695.000 167345.582  0.21%  79.0  833s
 65606 13134 167446.041   81  629 167695.000 167345.582  0.21%  79.0  835s
 65872 13254 167563.472   99  409 167695.000 167345.582  0.21%  79.5  840s
 66461 13423     cutoff   96      167695.000 167345.582  0.21%  80.0  845s
 67081 13552 167469.743   91  462 167695.000 167345.582  0.21%  80.5  850s
H67250 12917                    167692.00000 167345.582  0.21%  80.6  851s
 68009 13233 167496.779   97  320 167692.000 167354.347  0.20%  80.8  855s
 70009 13828 167529.953   97  223 167692.000 167371.018  0.19%  81.6  860s
 71992 14082 167485.148   98  279 167692.000 167380.900  0.19%  82.1  865s
 74371 14797 167480.462   98  409 167692.000 167389.329  0.18%  82.6  870s
 76849 15330     cutoff   93      167692.000 167400.026  0.17%  83.0  875s
 79543 15722 167576.167  114  104 167692.000 167405.615  0.17%  83.7  880s
 81988 16226 167532.111  107  151 167692.000 167411.794  0.17%  84.1  885s
 85159 16777 167607.750  104  257 167692.000 167418.454  0.16%  84.6  890s
 88556 17694 167533.091  106  437 167692.000 167423.241  0.16%  85.1  897s
 91527 17926 167449.170  105  400 167692.000 167428.007  0.16%  85.4  900s
 93960 18450 167562.757  106  340 167692.000 167431.763  0.16%  85.8  905s
 98245 18996 167659.180  120  233 167692.000 167436.301  0.15%  86.1  911s
 100559 19553 167663.529  107  274 167692.000 167438.852  0.15%  86.4  916s
 103329 20099 167525.444   98  463 167692.000 167441.722  0.15%  86.5  920s
 106996 21687 167584.750  112  150 167692.000 167444.250  0.15%  86.8  925s
 110341 23429 167628.608  104  381 167692.000 167446.360  0.15%  86.9  930s
 113788 25080 167478.380  109  193 167692.000 167448.621  0.15%  87.0  935s
 117074 26721 167666.580  110  181 167692.000 167450.126  0.14%  87.3  940s
 120594 28360 167490.843  111  167 167692.000 167452.778  0.14%  87.6  945s
 123244 29447 167674.854  107  501 167692.000 167454.157  0.14%  87.9  950s
 126498 31140     cutoff   97      167692.000 167455.691  0.14%  88.1  956s
 129565 32284     cutoff  113      167692.000 167457.169  0.14%  88.4  961s
 132110 33612 167486.516  111  324 167692.000 167457.933  0.14%  88.4  965s
 135659 35175     cutoff  119      167692.000 167459.405  0.14%  88.6  970s
 139053 36646     cutoff  119      167692.000 167460.750  0.14%  88.8  975s
 142906 38127 167554.119  113  254 167692.000 167462.430  0.14%  89.2  980s
 144903 39057 167538.250  114   44 167692.000 167463.099  0.14%  89.3  985s
 147368 40082     cutoff  105      167692.000 167464.063  0.14%  89.5  990s
 150889 41537 167599.376  116  387 167692.000 167465.567  0.14%  89.7  995s
 154275 42983 167468.504  103  280 167692.000 167466.833  0.13%  89.9 1000s
 158535 44905 167583.557  117  284 167692.000 167468.319  0.13%  90.1 1005s
 161927 46075 167561.173  110  267 167692.000 167469.435  0.13%  90.2 1011s
 164090 47235 167554.071  114  331 167692.000 167470.175  0.13%  90.2 1015s
 167792 48757 167494.861  105  207 167692.000 167471.280  0.13%  90.3 1020s
 171223 50209 167544.776  118  284 167692.000 167472.296  0.13%  90.4 1025s
 175360 51895 167530.250  115  137 167692.000 167473.699  0.13%  90.6 1031s
 177911 53063 167544.925  106  311 167692.000 167474.425  0.13%  90.8 1035s
 181442 54425 infeasible  113      167692.000 167475.167  0.13%  90.8 1040s
 185645 56048 167658.398  126  296 167692.000 167476.095  0.13%  90.9 1045s
 188938 57423     cutoff  118      167692.000 167477.111  0.13%  91.1 1050s
 192589 58654 167598.875   96  385 167692.000 167478.066  0.13%  91.1 1055s
 195596 59794 167630.138  119  279 167692.000 167478.886  0.13%  91.3 1060s
 198959 61057 167571.855  114  252 167692.000 167479.627  0.13%  91.4 1065s
 203041 62554 167639.794  114  350 167692.000 167480.693  0.13%  91.6 1071s
 205193 63340 167500.594  109  381 167692.000 167481.220  0.13%  91.6 1076s
 207854 64415 167600.169  110  315 167692.000 167481.826  0.13%  91.8 1080s
 210867 65200     cutoff  117      167692.000 167482.713  0.12%  91.9 1085s
 213250 66434 167534.667  112  103 167692.000 167483.358  0.12%  92.0 1090s
 216884 67935 167586.929  112  324 167692.000 167484.335  0.12%  92.1 1095s
 220397 69174     cutoff  110      167692.000 167485.088  0.12%  92.1 1100s
 223832 70522 167676.991  105  204 167692.000 167485.865  0.12%  92.2 1105s
 227317 71879 167528.898  109  227 167692.000 167486.627  0.12%  92.3 1110s
 230614 73051 167604.958  109  257 167692.000 167487.370  0.12%  92.4 1115s
 234822 74384     cutoff  100      167692.000 167488.278  0.12%  92.5 1121s
 236001 75150 167576.457  117  370 167692.000 167488.527  0.12%  92.6 1125s
 238268 75828 167666.231  112  406 167692.000 167489.143  0.12%  92.6 1130s
 241853 77082 167626.172  105  293 167692.000 167489.911  0.12%  92.7 1135s
 245344 78313 167606.175  114  490 167692.000 167490.744  0.12%  92.8 1140s
 249821 79835     cutoff  115      167692.000 167491.746  0.12%  92.9 1146s
 253240 80986 167512.426  109  244 167692.000 167492.422  0.12%  92.9 1151s
 256559 82135     cutoff  106      167692.000 167493.083  0.12%  93.0 1155s
 259867 83298 167592.069  130  188 167692.000 167493.752  0.12%  93.1 1160s
 263174 84447 167666.441  101  299 167692.000 167494.340  0.12%  93.2 1165s
 266592 85635 167614.051  122  236 167692.000 167495.044  0.12%  93.2 1170s
 269880 86777 167588.902  115  441 167692.000 167495.707  0.12%  93.3 1175s
 273977 88050 167637.611  118  151 167692.000 167496.544  0.12%  93.4 1181s
 277196 89142 167644.243  113  321 167692.000 167497.139  0.12%  93.5 1185s
 279433 89837 167618.328  116  289 167692.000 167497.605  0.12%  93.5 1190s
 282071 90739     cutoff  120      167692.000 167498.035  0.12%  93.6 1195s
 286339 92089 167622.225  100  359 167692.000 167498.729  0.12%  93.7 1201s
 288351 92641 167658.627  129  252 167692.000 167499.074  0.12%  93.7 1206s
 290583 93425 167610.750  109  253 167692.000 167499.436  0.11%  93.8 1211s
 293370 94232     cutoff  107      167692.000 167500.144  0.11%  93.8 1215s
 296878 95190 167567.500  115  208 167692.000 167500.829  0.11%  93.9 1220s
 300128 96112 167564.048  111  314 167692.000 167501.512  0.11%  94.0 1225s
 304362 97280 167599.934  104  454 167692.000 167502.252  0.11%  94.1 1230s
 307640 98117 167650.641  116  296 167692.000 167502.848  0.11%  94.2 1235s
 310955 98960 167644.123  121  361 167692.000 167503.460  0.11%  94.3 1240s
 314461 99797 167660.977  108  351 167692.000 167504.116  0.11%  94.4 1245s
 317711 100555 167589.538  115  267 167692.000 167504.597  0.11%  94.5 1250s
 321057 101307 infeasible  112      167692.000 167505.256  0.11%  94.6 1255s
 324363 102155 167527.315  107  219 167692.000 167505.878  0.11%  94.7 1260s
 327700 103105 infeasible  118      167692.000 167506.532  0.11%  94.8 1265s
 330978 103937 167541.780  114  414 167692.000 167507.062  0.11%  94.8 1270s
 335143 104997 167563.379  118  297 167692.000 167507.774  0.11%  94.9 1276s
 338431 105803 167543.247  109  391 167692.000 167508.380  0.11%  95.0 1280s
 340995 106427 167538.184  103  249 167692.000 167508.728  0.11%  95.1 1285s
 344173 107189 167550.251  109  347 167692.000 167509.332  0.11%  95.3 1290s
 347607 107942 167574.594  112  319 167692.000 167510.005  0.11%  95.4 1295s
 349844 108511     cutoff  126      167692.000 167510.407  0.11%  95.5 1300s
 353357 109470 167629.657  110  420 167692.000 167510.970  0.11%  95.5 1306s
 355977 110044 167607.202  112  323 167692.000 167511.472  0.11%  95.6 1310s
 358475 110619     cutoff  108      167692.000 167511.749  0.11%  95.7 1316s
H358478 110135                    167686.00000 167511.749  0.10%  95.7 1316s
 361328 110753 167642.479  124  257 167686.000 167512.255  0.10%  95.7 1320s
 364233 111411 167526.369  120  273 167686.000 167512.801  0.10%  95.8 1325s
 367923 112281 167633.775  123  211 167686.000 167513.441  0.10%  95.9 1330s
 370583 112760 167569.334  116  390 167686.000 167513.887  0.10%  96.0 1335s
 373890 113418 167574.041  106  282 167686.000 167514.556  0.10%  96.2 1340s
 377258 113844 167638.046  103  289 167686.000 167515.212  0.10%  96.3 1345s
H377750 113728                    167685.00000 167515.212  0.10%  96.3 1345s
 380564 114086 167638.868   99  445 167685.000 167515.975  0.10%  96.5 1350s
 383844 114512 167571.773  102  247 167685.000 167516.669  0.10%  96.6 1355s
 386330 114789 167620.188  103  184 167685.000 167517.213  0.10%  96.7 1360s
 389728 115197 167669.664  104  351 167685.000 167517.837  0.10%  96.9 1365s
 393013 115642 167650.667  119   65 167685.000 167518.590  0.10%  97.0 1370s
 396392 116085     cutoff  119      167685.000 167519.353  0.10%  97.2 1375s
 399736 116537 167671.344  122  266 167685.000 167520.029  0.10%  97.3 1381s
 403055 117109 167642.551  109  311 167685.000 167520.642  0.10%  97.4 1385s
 406365 117442     cutoff  109      167685.000 167521.265  0.10%  97.5 1390s
 409501 117737 167604.699  110  409 167685.000 167521.995  0.10%  97.7 1395s
 412800 118110 167583.390  102  368 167685.000 167522.583  0.10%  97.8 1400s
 414121 118287 167668.778  115  240 167685.000 167522.752  0.10%  97.8 1405s
 416616 118517 167659.965  110  325 167685.000 167523.327  0.10%  97.9 1410s
 419026 118884 167605.743  110  358 167685.000 167523.841  0.10%  98.0 1416s
 421847 119257 167574.902   99  382 167685.000 167524.348  0.10%  98.0 1420s
 425281 119690 infeasible  107      167685.000 167525.065  0.10%  98.1 1425s
 428643 120111 infeasible  102      167685.000 167525.709  0.09%  98.2 1430s
 431184 120490 167598.784  115  250 167685.000 167526.213  0.09%  98.3 1435s
 434379 120788 167631.206  100  411 167685.000 167526.883  0.09%  98.4 1440s
 437770 121356 167617.650  111  347 167685.000 167527.568  0.09%  98.5 1445s
 441204 121811 167627.844  107  305 167685.000 167528.037  0.09%  98.6 1450s
 444631 122233 167648.912  106  326 167685.000 167528.724  0.09%  98.7 1455s
 446674 122468     cutoff  111      167685.000 167529.110  0.09%  98.7 1460s
 450374 122822 167618.396  100  433 167685.000 167529.859  0.09%  98.8 1466s
 452709 123187     cutoff  112      167685.000 167530.251  0.09%  98.9 1470s
 456172 123403 infeasible   98      167685.000 167530.934  0.09%  99.0 1475s
 458299 123661 167628.579  105  363 167685.000 167531.275  0.09%  99.0 1480s
 461580 123933     cutoff  106      167685.000 167531.932  0.09%  99.1 1485s
 464861 124116 infeasible  110      167685.000 167532.626  0.09%  99.2 1490s
 468183 124516 167639.711  116  271 167685.000 167533.276  0.09%  99.3 1495s
 471583 124765 167648.595  121  230 167685.000 167533.944  0.09%  99.4 1500s
 474924 125110 167595.942   95  445 167685.000 167534.575  0.09%   100 1506s
 477436 125481 167660.199  113  304 167685.000 167535.017  0.09%   100 1510s
 480818 125898 167655.192  112  205 167685.000 167535.590  0.09%   100 1515s
 483311 126087     cutoff  114      167685.000 167536.004  0.09%   100 1521s
 485114 126288 167666.546  120  205 167685.000 167536.356  0.09%   100 1525s
 488583 126719 167665.103  115  348 167685.000 167536.991  0.09%   100 1530s
 491043 126840     cutoff  113      167685.000 167537.428  0.09%   100 1535s
 494643 127117 167572.917  114  216 167685.000 167538.101  0.09%   100 1540s
 498124 127506 167626.481  107  416 167685.000 167538.671  0.09%   100 1545s
 501508 127824 infeasible  126      167685.000 167539.298  0.09%   100 1550s
 504793 128135 167626.044  106  298 167685.000 167539.866  0.09%   100 1556s
 508136 128491 167661.675  108  333 167685.000 167540.434  0.09%   100 1561s
 511490 128973     cutoff  117      167685.000 167540.964  0.09%   100 1566s
 514812 129305 167668.136  109  198 167685.000 167541.512  0.09%   100 1571s
 518099 129592 167653.618  113  323 167685.000 167542.076  0.09%   100 1576s
 520509 129783 167635.351  108  281 167685.000 167542.547  0.08%   100 1580s
 524027 130164 167581.541  113  262 167685.000 167543.154  0.08%   100 1585s
 527423 130405     cutoff  116      167685.000 167543.780  0.08%   100 1590s
 530790 130741 167633.667  131   72 167685.000 167544.367  0.08%   100 1595s
 533632 131068     cutoff  118      167685.000 167544.839  0.08%   100 1601s
 536115 131318 167598.930  104  458 167685.000 167545.269  0.08%   101 1605s
 539613 131717     cutoff  108      167685.000 167545.749  0.08%   101 1610s
 542241 131890 167575.396  116  402 167685.000 167546.153  0.08%   101 1615s
 545034 132217     cutoff  102      167685.000 167546.556  0.08%   101 1620s
 548704 132694 167564.593  116  433 167685.000 167547.202  0.08%   101 1626s
 551169 132908     cutoff  112      167685.000 167547.679  0.08%   101 1630s
 554589 133372 167666.054  109  418 167685.000 167548.154  0.08%   101 1635s
 557298 133920     cutoff  124      167685.000 167548.521  0.08%   101 1640s
 560823 134286     cutoff  115      167685.000 167549.040  0.08%   101 1645s
 564403 134695     cutoff  128      167685.000 167549.532  0.08%   101 1650s
 567751 135039 infeasible  109      167685.000 167550.121  0.08%   101 1655s
 571119 135372     cutoff  109      167685.000 167550.602  0.08%   101 1660s
 574545 135827 167625.593  123  107 167685.000 167551.057  0.08%   101 1665s
 578083 136254     cutoff  102      167685.000 167551.556  0.08%   101 1670s
 581531 136582     cutoff  111      167685.000 167552.025  0.08%   101 1675s
 584793 136950 167563.435  116  249 167685.000 167552.539  0.08%   101 1680s
 587777 137429     cutoff  124      167685.000 167553.005  0.08%   101 1685s
 591019 137808 167661.401  107  328 167685.000 167553.454  0.08%   101 1690s
 594506 138153 167569.326  114  344 167685.000 167553.976  0.08%   101 1695s
 598654 138407 167663.835  113  387 167685.000 167554.625  0.08%   101 1701s
 600829 138687 167613.259  108  285 167685.000 167554.744  0.08%   101 1706s
 602162 138847 167624.806  111  162 167685.000 167554.980  0.08%   101 1710s
 604787 139244 167606.582  114  389 167685.000 167555.459  0.08%   101 1715s
 608636 139748     cutoff  110      167685.000 167556.000  0.08%   101 1720s
 612079 140206     cutoff  108      167685.000 167556.393  0.08%   101 1725s
 616146 140804 167642.435   97  428 167685.000 167556.860  0.08%   100 1730s
 619354 141120 167664.181  124  170 167685.000 167557.330  0.08%   100 1735s
 622531 141499 167603.878  111  376 167685.000 167557.750  0.08%   100 1740s
 625996 142133 167665.099  110  323 167685.000 167558.101  0.08%   100 1745s
 629911 142370 167616.399  117  277 167685.000 167558.621  0.08%   100 1750s
 632328 142630 167649.667  124  155 167685.000 167558.987  0.08%   100 1755s
 635451 143117 167646.036  118  241 167685.000 167559.333  0.07%   100 1760s
 638980 143619     cutoff  118      167685.000 167559.721  0.07%   100 1765s
 643151 144156 167609.875  115  142 167685.000 167560.317  0.07%   100 1771s
 646600 144550 167665.621  110  294 167685.000 167560.739  0.07%   100 1775s
 649822 145028     cutoff  107      167685.000 167561.159  0.07%   100 1780s
 653427 145428 167679.485  100  411 167685.000 167561.547  0.07%   100 1785s
 656694 145880 infeasible  119      167685.000 167561.974  0.07%   100 1790s
 658446 146062 167574.540  118  389 167685.000 167562.175  0.07%   100 1795s
 662034 146521     cutoff   97      167685.000 167562.622  0.07%   100 1800s
 665686 147159 167585.710  106  270 167685.000 167563.005  0.07%   100 1805s
 669185 147548     cutoff  115      167685.000 167563.388  0.07%   100 1810s
 672609 147995 167623.955  120   88 167685.000 167563.768  0.07%   100 1815s
 676595 148493 167594.868  121  219 167685.000 167564.257  0.07%   100 1820s
 679968 148983 167634.259  107  246 167685.000 167564.645  0.07%   100 1825s
 683429 149436 167590.467  111  318 167685.000 167565.011  0.07%   100 1830s
 687021 149772     cutoff  114      167685.000 167565.389  0.07%   100 1835s
 690361 150197 167637.260  115  320 167685.000 167565.847  0.07%   100 1840s
*692851 149797             131    167682.00000 167566.080  0.07%   100 1843s
H693116 149285                    167680.00000 167566.203  0.07%   100 1844s
 693118 149333     cutoff  127      167680.000 167566.203  0.07%   100 1845s
 696396 149750 167634.379   98  408 167680.000 167566.627  0.07%   100 1850s
 699859 150124 167601.125   99  254 167680.000 167567.104  0.07%   100 1855s
 703769 150398 167646.844  111  194 167680.000 167567.558  0.07%   100 1860s
 707139 150872 167678.628  122  275 167680.000 167567.921  0.07%   100 1865s
 711479 151265 167603.501  116  424 167680.000 167568.410  0.07%   100 1870s
 714925 151484 167641.733  116   98 167680.000 167568.870  0.07%   100 1875s
 718376 151914 167612.651  130  234 167680.000 167569.199  0.07%  99.5 1880s
 722515 152241     cutoff  111      167680.000 167569.682  0.07%  99.4 1885s
 725740 152667     cutoff  140      167680.000 167570.064  0.07%  99.4 1890s
 728574 153010 infeasible  107      167680.000 167570.324  0.07%  99.3 1896s
 732080 153319     cutoff  133      167680.000 167570.760  0.07%  99.3 1900s
 735970 153850     cutoff  122      167680.000 167571.090  0.06%  99.2 1905s
 739324 154167 167670.370  118  150 167680.000 167571.527  0.06%  99.2 1910s
 742876 154469     cutoff  127      167680.000 167571.976  0.06%  99.1 1915s
 746915 154770 167649.626  119  251 167680.000 167572.356  0.06%  99.1 1920s
 750166 155047 infeasible  119      167680.000 167572.725  0.06%  99.1 1925s
 754355 155354 167618.101  118  393 167680.000 167573.256  0.06%  99.0 1930s
 757776 155585 infeasible  115      167680.000 167573.660  0.06%  99.0 1935s
H758346 153363                    167674.00000 167573.692  0.06%  99.0 1937s
H759442 152877                    167673.00000 167573.828  0.06%  98.9 1939s
 760398 152976 167580.823  107  332 167673.000 167573.968  0.06%  98.9 1941s
 764104 153079     cutoff  108      167673.000 167574.427  0.06%  98.9 1946s
 767820 153309     cutoff  116      167673.000 167574.880  0.06%  98.8 1950s
 771283 153485 167611.612  119  251 167673.000 167575.329  0.06%  98.8 1955s
 774763 153594 167654.000  120   60 167673.000 167575.769  0.06%  98.7 1960s
 778976 153757 167611.093  120  251 167673.000 167576.311  0.06%  98.6 1965s
 781761 153838     cutoff  113      167673.000 167576.625  0.06%  98.6 1970s
 782927 153875     cutoff  106      167673.000 167576.644  0.06%  98.6 1975s
 785311 153960     cutoff  105      167673.000 167577.022  0.06%  98.5 1980s
 789189 154201     cutoff  113      167673.000 167577.468  0.06%  98.5 1985s
 793195 154423 167641.879  125  171 167673.000 167577.934  0.06%  98.4 1990s
 796615 154627     cutoff  129      167673.000 167578.330  0.06%  98.3 1995s
 800635 154698     cutoff  115      167673.000 167578.796  0.06%  98.3 2000s
 804007 154876 167596.240  115  223 167673.000 167579.208  0.06%  98.2 2005s
 808301 155129 167648.600  112  272 167673.000 167579.672  0.06%  98.2 2011s
 811724 155389     cutoff  124      167673.000 167580.000  0.06%  98.1 2015s
 815749 155521 167649.333  117  146 167673.000 167580.508  0.06%  98.0 2020s
 819321 155766     cutoff  112      167673.000 167580.866  0.05%  97.9 2025s
 822516 156145     cutoff  111      167673.000 167581.144  0.05%  97.9 2030s
 826023 156439 167637.345  116  326 167673.000 167581.464  0.05%  97.8 2035s
 827986 156500     cutoff  112      167673.000 167581.645  0.05%  97.8 2040s
 831477 156729 infeasible  112      167673.000 167582.013  0.05%  97.7 2045s
 835092 156919 167640.719  113  308 167673.000 167582.339  0.05%  97.6 2050s
 839410 157229 167608.414  115  218 167673.000 167582.699  0.05%  97.5 2055s
 842823 157484 167591.160  126  107 167673.000 167583.025  0.05%  97.5 2060s
 846935 157675 167652.308  130  241 167673.000 167583.500  0.05%  97.4 2065s
 850420 157636     cutoff  119      167673.000 167583.860  0.05%  97.3 2070s
 854512 157811     cutoff  126      167673.000 167584.255  0.05%  97.2 2075s
 858739 157998     cutoff  126      167673.000 167584.672  0.05%  97.2 2080s
 862392 158208 infeasible  103      167673.000 167585.009  0.05%  97.1 2085s
 866456 158340 infeasible  112      167673.000 167585.448  0.05%  97.0 2090s
 870786 158465 167645.156  123  131 167673.000 167585.935  0.05%  96.9 2095s
 874985 158604     cutoff  113      167673.000 167586.381  0.05%  96.9 2100s
 878517 158683 167627.399  122  261 167673.000 167586.757  0.05%  96.8 2105s
 882803 158859 167621.677  114  390 167673.000 167587.203  0.05%  96.7 2110s
 887041 158931 167632.635  114  380 167673.000 167587.632  0.05%  96.6 2115s
 890361 158851 167626.939  130  102 167673.000 167588.005  0.05%  96.6 2120s
 894759 158901 167642.541  121  266 167673.000 167588.514  0.05%  96.5 2125s
 898178 158947 167663.000  120  121 167673.000 167588.892  0.05%  96.4 2130s
 902300 159005     cutoff  113      167673.000 167589.318  0.05%  96.4 2135s
 906457 159033     cutoff  119      167673.000 167589.684  0.05%  96.3 2140s
 910024 158949 167637.141  125  248 167673.000 167590.062  0.05%  96.2 2145s
 914162 158966 167626.654  132  260 167673.000 167590.484  0.05%  96.1 2150s
 918388 159016 167647.670  113  446 167673.000 167590.932  0.05%  96.1 2155s
 922636 159027 167601.406  123  287 167673.000 167591.337  0.05%  96.0 2160s
 926127 159023     cutoff  123      167673.000 167591.665  0.05%  95.9 2165s
 930263 158957 167614.938  115  243 167673.000 167592.037  0.05%  95.8 2170s
 934409 159069     cutoff  116      167673.000 167592.426  0.05%  95.7 2175s
 938554 158950     cutoff  113      167673.000 167592.836  0.05%  95.7 2180s
 939902 158998 167668.528  143  138 167673.000 167592.979  0.05%  95.6 2185s
 944266 158921 167637.643  122  137 167673.000 167593.437  0.05%  95.6 2190s
 947729 158784     cutoff  128      167673.000 167593.762  0.05%  95.5 2195s
 951924 158722 167663.557  111  382 167673.000 167594.173  0.05%  95.4 2200s
 956352 158658 167620.483  130  259 167673.000 167594.596  0.05%  95.3 2205s
 960454 158648 167660.167  133  128 167673.000 167595.004  0.05%  95.2 2210s
 964616 158461 167627.476  126  107 167673.000 167595.392  0.05%  95.2 2215s
 968701 158178 167599.634  118  271 167673.000 167595.833  0.05%  95.1 2220s
 972266 158083     cutoff  124      167673.000 167596.140  0.05%  95.0 2225s
 976466 157931     cutoff  129      167673.000 167596.578  0.05%  94.9 2230s
 980894 157738     cutoff  112      167673.000 167597.000  0.05%  94.8 2235s
 984995 157640 167618.354  123  216 167673.000 167597.365  0.05%  94.8 2240s
 990040 157422 167644.122  115  297 167673.000 167597.877  0.04%  94.7 2245s
 994172 157273 167629.333  125  100 167673.000 167598.270  0.04%  94.6 2250s
 998249 157034 infeasible  117      167673.000 167598.673  0.04%  94.5 2255s
 1001870 156889     cutoff  126      167673.000 167599.019  0.04%  94.4 2260s
 1005987 156442     cutoff  125      167673.000 167599.450  0.04%  94.4 2265s
 1010225 155998 infeasible   97      167673.000 167599.880  0.04%  94.3 2270s
 1014478 155663     cutoff  112      167673.000 167600.333  0.04%  94.2 2275s
 1018673 155191 167650.000  126    4 167673.000 167600.742  0.04%  94.2 2280s
 1022670 154926     cutoff  124      167673.000 167601.148  0.04%  94.1 2285s
 1025666 154605 167653.613  140  168 167673.000 167601.333  0.04%  94.0 2290s
 1028870 154348     cutoff  103      167673.000 167601.631  0.04%  94.0 2295s
 1033066 153904     cutoff  131      167673.000 167602.190  0.04%  93.9 2300s
 1037647 153582 167628.283  112  340 167673.000 167602.624  0.04%  93.8 2305s
 1041151 153155 167622.667  131   65 167673.000 167603.000  0.04%  93.8 2310s
 1045431 152704 167655.104  137  209 167673.000 167603.388  0.04%  93.7 2315s
 1049753 152189 167659.033  109  356 167673.000 167603.826  0.04%  93.6 2320s
 1053981 151603     cutoff  138      167673.000 167604.264  0.04%  93.5 2325s
 1058297 151168 167664.597  109  333 167673.000 167604.670  0.04%  93.5 2330s
 1062532 150652 167656.833  130  112 167673.000 167605.095  0.04%  93.4 2335s
 1067407 149981 infeasible  121      167673.000 167605.563  0.04%  93.3 2340s
 1069554 149839 167659.000  118   66 167673.000 167605.732  0.04%  93.3 2345s
 1072570 149478     cutoff  106      167673.000 167606.011  0.04%  93.2 2350s
 1077230 148929 167634.204  122  182 167673.000 167606.430  0.04%  93.1 2355s
 1081725 148202 167652.560  119  240 167673.000 167606.882  0.04%  93.0 2360s
 1086074 147693 167631.808  123  184 167673.000 167607.308  0.04%  93.0 2365s
 1091380 147062 167647.573  130  112 167673.000 167607.815  0.04%  92.8 2370s
 1095675 146547 167638.873  120  232 167673.000 167608.197  0.04%  92.8 2375s
 1099941 146026 infeasible  126      167673.000 167608.559  0.04%  92.7 2380s
 1104021 145443 167617.480  112  126 167673.000 167608.983  0.04%  92.6 2385s
 1108421 145005 167624.810  115  167 167673.000 167609.347  0.04%  92.5 2390s
 1112755 144516     cutoff  126      167673.000 167609.722  0.04%  92.4 2395s
 1117899 144001 167610.289  116  174 167673.000 167610.196  0.04%  92.3 2400s
 1122244 143462 167624.800  120  133 167673.000 167610.583  0.04%  92.2 2405s
 1127186 142641 167648.690  134  181 167673.000 167611.023  0.04%  92.1 2410s
 1131348 142101 167646.000  127   77 167673.000 167611.440  0.04%  92.0 2415s
 1135808 141265 infeasible  114      167673.000 167611.847  0.04%  91.9 2420s
 1140120 140532     cutoff  117      167673.000 167612.241  0.04%  91.9 2425s
 1144434 139870 167613.943  115  251 167673.000 167612.645  0.04%  91.8 2430s
 1149632 139235 167643.164  122  229 167673.000 167613.066  0.04%  91.7 2435s
 1153923 138598 167642.005  122  299 167673.000 167613.465  0.04%  91.6 2440s
 1159193 137970     cutoff  127      167673.000 167613.899  0.04%  91.5 2445s
 1163377 137259 167636.861  125   59 167673.000 167614.262  0.04%  91.4 2450s
 1168386 136517     cutoff  130      167673.000 167614.723  0.03%  91.3 2455s
 1171424 135922     cutoff  116      167673.000 167614.982  0.03%  91.2 2460s
 1176529 134859     cutoff  111      167673.000 167615.468  0.03%  91.1 2465s
 1180800 134151     cutoff  114      167673.000 167615.882  0.03%  91.1 2470s
 1184600 133550 167634.743  113  345 167673.000 167616.147  0.03%  91.0 2475s
 1188037 132925 infeasible  114      167673.000 167616.419  0.03%  90.9 2480s
 1192344 132188     cutoff  129      167673.000 167616.944  0.03%  90.8 2485s
 1197161 131253 167668.060  126  115 167673.000 167617.383  0.03%  90.7 2490s
 1202449 130273     cutoff  130      167673.000 167617.889  0.03%  90.6 2495s
 1206875 129526 167649.483  119  290 167673.000 167618.247  0.03%  90.5 2500s
 1212165 128514 167644.024  127  225 167673.000 167618.755  0.03%  90.4 2505s
 1216546 127756 167659.489  116  321 167673.000 167619.111  0.03%  90.3 2510s
 1221696 126834     cutoff  122      167673.000 167619.591  0.03%  90.2 2515s
 1226852 125835     cutoff  122      167673.000 167620.027  0.03%  90.1 2520s
 1232027 124702 167639.000  131   34 167673.000 167620.498  0.03%  90.0 2525s
 1236268 123837 167658.008  117  168 167673.000 167620.892  0.03%  89.9 2530s
 1241402 122867 167624.714  116  311 167673.000 167621.333  0.03%  89.8 2535s
 1244241 122382     cutoff  123      167673.000 167621.514  0.03%  89.7 2540s
 1248379 121411 167636.435  134  259 167673.000 167621.956  0.03%  89.6 2545s
 1253914 120140 167654.439  126  166 167673.000 167622.462  0.03%  89.5 2550s
 1258371 119264 167625.833  110   93 167673.000 167622.833  0.03%  89.4 2555s
 1263734 118021 167634.500  112  146 167673.000 167623.275  0.03%  89.3 2560s
 1268954 116944     cutoff  120      167673.000 167623.738  0.03%  89.1 2565s
 1274009 115643     cutoff  128      167673.000 167624.250  0.03%  89.0 2570s
 1278976 114236     cutoff  128      167673.000 167624.736  0.03%  88.9 2575s
 1283352 113143     cutoff  125      167673.000 167625.144  0.03%  88.8 2580s
 1288500 112037 167660.782  131  160 167673.000 167625.627  0.03%  88.7 2585s
 1292832 111304     cutoff  121      167673.000 167625.999  0.03%  88.6 2590s
 1295231 110498 167648.458  107  292 167673.000 167626.054  0.03%  88.5 2595s
 1299716 109474 167648.885  113  283 167673.000 167626.579  0.03%  88.4 2600s
 1304282 108299     cutoff  124      167673.000 167626.971  0.03%  88.3 2605s
 1309058 107057 infeasible  130      167673.000 167627.442  0.03%  88.2 2610s
 1314591 105745 167649.894  118  162 167673.000 167627.907  0.03%  88.1 2615s
 1319900 104359     cutoff  124      167673.000 167628.401  0.03%  88.0 2620s
 1325198 103074     cutoff  118      167673.000 167628.899  0.03%  87.9 2625s
 1330442 101628 167662.818  127  203 167673.000 167629.358  0.03%  87.7 2630s
 1334928 100686 167666.750  132   93 167673.000 167629.715  0.03%  87.6 2635s
 1339680 99142     cutoff  117      167673.000 167630.191  0.03%  87.5 2640s
 1345180 97585 167646.000  127   58 167673.000 167630.744  0.03%  87.4 2645s
 1350587 96029 167654.111  133  149 167673.000 167631.247  0.02%  87.2 2650s
 1355803 94357 167646.476  128   97 167673.000 167631.779  0.02%  87.1 2655s
 1360923 92761 167652.889  127  155 167673.000 167632.307  0.02%  87.0 2660s
 1366094 91106 infeasible  108      167673.000 167632.824  0.02%  86.9 2665s
 1371330 89573     cutoff  134      167673.000 167633.333  0.02%  86.7 2670s
 1377444 87721     cutoff  128      167673.000 167633.938  0.02%  86.6 2675s
 1382528 86177     cutoff  121      167673.000 167634.422  0.02%  86.5 2680s
 1387254 84769 167657.323  115  212 167673.000 167634.844  0.02%  86.3 2685s
 1392152 83117     cutoff  132      167673.000 167635.431  0.02%  86.2 2690s
 1398406 81313 infeasible  124      167673.000 167636.054  0.02%  86.0 2695s
 1402602 79578     cutoff  113      167673.000 167636.517  0.02%  85.9 2700s
 1408027 77630 infeasible  128      167673.000 167637.094  0.02%  85.8 2705s
 1413315 75709     cutoff  121      167673.000 167637.707  0.02%  85.7 2710s
 1419447 73422     cutoff  112      167673.000 167638.431  0.02%  85.5 2715s
 1424705 71412     cutoff  109      167673.000 167639.044  0.02%  85.4 2720s
 1429934 69521 167670.162  118  166 167673.000 167639.667  0.02%  85.2 2725s
 1435862 66992 167652.667  124   96 167673.000 167640.443  0.02%  85.1 2730s
 1441248 64975 167644.464  122  190 167673.000 167641.076  0.02%  84.9 2735s
 1446732 62935 167647.500  122   84 167673.000 167641.841  0.02%  84.8 2740s
 1447572 62376     cutoff  111      167673.000 167641.861  0.02%  84.8 2745s
 1451985 60354 167654.961  127  227 167673.000 167642.513  0.02%  84.6 2750s
 1457940 57743 167649.333  125   55 167673.000 167643.337  0.02%  84.5 2755s
 1463655 55592 167661.667  116  108 167673.000 167644.067  0.02%  84.3 2760s
 1468838 53268     cutoff  122      167673.000 167644.734  0.02%  84.2 2765s
 1474656 50664     cutoff  133      167673.000 167645.510  0.02%  84.0 2770s
 1480217 48083     cutoff  133      167673.000 167646.347  0.02%  83.9 2775s
 1486597 45055     cutoff  118      167673.000 167647.331  0.02%  83.7 2780s
 1492884 42034     cutoff  111      167673.000 167648.361  0.01%  83.5 2785s
 1500046 38573 167654.743  122  111 167673.000 167649.500  0.01%  83.3 2790s
 1506383 35304     cutoff  133      167673.000 167650.667  0.01%  83.1 2795s
 1512653 31995     cutoff  137      167673.000 167651.779  0.01%  82.9 2800s
 1519890 28214     cutoff  108      167673.000 167653.224  0.01%  82.6 2805s
 1524972 25274     cutoff  125      167673.000 167654.360  0.01%  82.5 2810s

Cutting planes:
  Gomory: 81
  Cover: 508
  Clique: 51
  MIR: 5
  Flow cover: 12
  Inf proof: 37
  Zero half: 49
  Mod-K: 1
  Relax-and-lift: 3

Explored 1531392 nodes (125972536 simplex iterations) in 2814.17 seconds (4419.74 work units)
Thread count was 8 (of 96 available processors)

Solution count 10: 167673 167674 167680 ... 167702

Optimal solution found (tolerance 1.00e-04)
Best objective 1.676730000000e+05, best bound 1.676570000000e+05, gap 0.0095%

User-callback calls 3321759, time in user-callback 0.14 sec
LB for instance BRA24 with 18 = 167657, UB = 167673, gap = 9.54238e-05
