inst=GAL40
r=30
Compute TTP bound for GAL40_30 with TimeLimit 21660
Save file as Instances/TTP/Bound_GAL40_30.txt
Read TTP files
Instance: GAL40, Type: A, Contributor: Uthus, Riddle, Guesgen
Date: 22/7/2009
NrTeams = 40, NrRounds =  30
Set parameter TokenServer to value "licgurobi.ugent.be"
Set parameter Threads to value 8
Set parameter TimeLimit to value 21660
Gurobi Optimizer version 12.0.0 build v12.0.0rc1 (linux64 - "Red Hat Enterprise Linux 9.6 (Plow)")

CPU model: AMD EPYC 7552 48-Core Processor, instruction set [SSE2|AVX|AVX2]
Thread count: 96 physical cores, 96 logical processors, using up to 8 threads

Non-default parameters:
TimeLimit  21660
Threads  8

Optimize a model with 2500 rows, 1129480 columns and 3357280 nonzeros
Model fingerprint: 0x13a601d7
Variable types: 0 continuous, 1129480 integer (1129480 binary)
Coefficient statistics:
  Matrix range     [1e+00, 1e+00]
  Objective range  [2e+01, 2e+03]
  Bounds range     [1e+00, 1e+00]
  RHS range        [1e+00, 2e+01]
Presolve removed 80 rows and 731160 columns
Presolve time: 3.67s
Presolved: 2420 rows, 398320 columns, 1163760 nonzeros
Variable types: 0 continuous, 398320 integer (398320 binary)
Deterministic concurrent LP optimizer: primal simplex, dual simplex, and barrier
Showing barrier log only...

Root barrier log...

Ordering time: 0.10s

Barrier statistics:
 AA' NZ     : 3.900e+04
 Factor NZ  : 3.531e+05 (roughly 160 MB of memory)
 Factor Ops : 1.104e+08 (less than 1 second per iteration)
 Threads    : 6

                  Objective                Residual
Iter       Primal          Dual         Primal    Dual     Compl     Time
   0   4.70413073e+08 -3.30672113e+08  1.49e+03 6.37e+01  2.09e+03     6s
   1   9.21895013e+06 -1.49032459e+08  2.86e+01 9.09e-13  2.10e+02     6s
   2   2.19391312e+05 -5.80820175e+06  2.54e-01 6.82e-13  7.61e+00     6s
   3   1.25035424e+05 -2.03124759e+06  8.45e-04 4.55e-13  2.70e+00     6s
   4   1.20203957e+05 -1.02243117e+06  2.48e-04 4.55e-13  1.43e+00     6s
   5   1.16527378e+05 -5.67145178e+05  1.37e-04 4.55e-13  8.57e-01     6s
   6   1.12027786e+05 -4.21126152e+05  7.43e-05 4.55e-13  6.69e-01     6s
   7   1.09278722e+05 -2.83119151e+05  5.43e-05 3.41e-13  4.92e-01     6s
   8   1.04872705e+05 -1.97688362e+05  3.24e-05 4.55e-13  3.79e-01     6s
   9   1.02798176e+05 -1.52961585e+05  2.64e-05 4.55e-13  3.21e-01     6s
  10   1.00226323e+05 -1.18751850e+05  2.04e-05 4.55e-13  2.75e-01     7s
  11   9.56578281e+04 -7.39153407e+04  1.22e-05 4.55e-13  2.13e-01     7s
  12   9.27276569e+04 -2.61907323e+04  8.96e-06 2.27e-13  1.49e-01     7s
  13   8.98151647e+04  1.46263391e+04  6.15e-06 4.55e-13  9.43e-02     7s
  14   8.69028003e+04  4.09692548e+04  3.64e-06 4.55e-13  5.76e-02     7s
  15   8.52575059e+04  5.89552226e+04  2.39e-06 4.55e-13  3.30e-02     7s
  16   8.40452974e+04  6.78118137e+04  1.61e-06 4.55e-13  2.04e-02     7s
  17   8.29806878e+04  7.26626263e+04  8.63e-07 4.55e-13  1.29e-02     7s
  18   8.24452283e+04  7.47340890e+04  5.27e-07 4.55e-13  9.67e-03     8s
  19   8.22036129e+04  7.72363267e+04  3.86e-07 4.55e-13  6.23e-03     8s
  20   8.20049488e+04  7.78864716e+04  2.74e-07 4.55e-13  5.16e-03     8s
  21   8.18534726e+04  7.93165574e+04  1.96e-07 3.41e-13  3.18e-03     8s
  22   8.16081998e+04  8.04564408e+04  7.13e-08 4.55e-13  1.44e-03     8s
  23   8.15032036e+04  8.08681297e+04  2.71e-08 4.55e-13  7.96e-04     8s
  24   8.14756479e+04  8.11877402e+04  1.53e-08 4.55e-13  3.61e-04     8s
  25   8.14493122e+04  8.12926244e+04  6.48e-09 4.55e-13  1.96e-04     8s
  26   8.14431255e+04  8.13834097e+04  4.55e-09 4.55e-13  7.49e-05     8s
  27   8.14340787e+04  8.14048526e+04  2.08e-09 4.55e-13  3.67e-05     9s
  28   8.14285686e+04  8.14195623e+04  6.40e-10 4.55e-13  1.13e-05     9s
  29   8.14267431e+04  8.14254132e+04  2.18e-10 4.55e-13  1.67e-06     9s
  30   8.14263090e+04  8.14255944e+04  1.27e-09 4.55e-13  8.96e-07     9s
  31   8.14257489e+04  8.14256797e+04  1.27e-09 4.55e-13  8.68e-08     9s
  32   8.14257197e+04  8.14257192e+04  4.81e-10 4.55e-13  5.81e-10     9s

Barrier solved model in 32 iterations and 9.00 seconds (11.51 work units)
Optimal objective 8.14257197e+04


Root crossover log...

    1029 DPushes remaining with DInf 0.0000000e+00                 9s
       0 DPushes remaining with DInf 0.0000000e+00                 9s

       5 PPushes remaining with PInf 0.0000000e+00                 9s
       0 PPushes remaining with PInf 0.0000000e+00                 9s

  Push phase complete: Pinf 0.0000000e+00, Dinf 6.0563110e-11      9s


Root simplex log...

Iteration    Objective       Primal Inf.    Dual Inf.      Time
    1031    8.1425719e+04   0.000000e+00   0.000000e+00      9s
Concurrent spin time: 0.26s

Solved with barrier
    1031    8.1425719e+04   0.000000e+00   0.000000e+00     10s

Root relaxation: objective 8.142572e+04, 1031 iterations, 4.93 seconds (3.49 work units)

    Nodes    |    Current Node    |     Objective Bounds      |     Work
 Expl Unexpl |  Obj  Depth IntInf | Incumbent    BestBd   Gap | It/Node Time

     0     0 81425.7194    0 1157          - 81425.7194      -     -   10s
H    0     0                    172308.00000 81425.7194  52.7%     -   10s
H    0     0                    171846.00000 81425.7194  52.6%     -   11s
H    0     0                    91062.000000 81425.7194  10.6%     -   13s
H    0     0                    88861.000000 81425.7194  8.37%     -   13s
H    0     0                    86831.000000 81425.7194  6.23%     -   14s
H    0     0                    85918.000000 81425.7194  5.23%     -   16s
H    0     0                    85886.000000 81425.7194  5.19%     -   20s
H    0     0                    85568.000000 81425.7194  4.84%     -   23s
H    0     0                    85439.000000 81425.7194  4.70%     -   23s
H    0     0                    83931.000000 81425.7194  2.98%     -   24s
H    0     0                    83133.000000 81425.7194  2.05%     -   26s
H    0     0                    83070.000000 81425.7194  1.98%     -   27s
H    0     0                    82688.000000 81425.7194  1.53%     -   31s
     0     0 81450.9614    0 1140 82688.0000 81450.9614  1.50%     -   48s
H    0     0                    82658.000000 81450.9614  1.46%     -   53s
H    0     0                    82544.000000 81450.9614  1.32%     -   55s
H    0     0                    82507.000000 81450.9614  1.28%     -   63s
H    0     0                    82470.000000 81450.9614  1.24%     -   78s
     0     0 81452.7316    0 1255 82470.0000 81452.7316  1.23%     -  101s
     0     0 81452.7745    0 1234 82470.0000 81452.7745  1.23%     -  103s
     0     0 81458.6546    0 1269 82470.0000 81458.6546  1.23%     -  118s
     0     0 81458.7348    0 1246 82470.0000 81458.7348  1.23%     -  119s
     0     0 81458.7540    0 1246 82470.0000 81458.7540  1.23%     -  121s
     0     2 81461.0117    0 1246 82470.0000 81461.0117  1.22%     -  151s
     3     8 81478.5251    2 1282 82470.0000 81462.6842  1.22%   391  159s
     7    16 81479.4330    3 1317 82470.0000 81469.7599  1.21%   375  161s
    23    44 81484.4628    5 1275 82470.0000 81471.9668  1.21%   304  168s
    43    58 81491.1557    7 1287 82470.0000 81471.9668  1.21%   262  172s
    57    74 81492.1715    8 1253 82470.0000 81471.9668  1.21%   267  175s
    89   104 81502.4837   13 1227 82470.0000 81471.9668  1.21%   255  181s
   118   128 81514.7485   18 1237 82470.0000 81471.9668  1.21%   245  187s
H  119   128                    82458.000000 81471.9668  1.20%   243  187s
H  124   128                    82444.000000 81471.9668  1.18%   241  187s
   139   151 81516.2515   19 1195 82444.0000 81471.9668  1.18%   240  192s
   150   160 81518.7524   20 1196 82444.0000 81471.9668  1.18%   243  195s
   176   192 81521.0947   22 1196 82444.0000 81471.9668  1.18%   246  201s
   205   215 81526.0545   24 1154 82444.0000 81471.9668  1.18%   241  208s
H  210   215                    82404.000000 81471.9668  1.13%   237  208s
   214   229 81535.3589   24 1221 82404.0000 81471.9668  1.13%   238  211s
   244   260 81531.4250   27 1223 82404.0000 81471.9668  1.13%   237  218s
   259   272 81572.4068   28 1137 82404.0000 81471.9668  1.13%   240  221s
   286   304 81573.6628   29 1115 82404.0000 81471.9668  1.13%   241  228s
   303   312 81596.4886   32 1113 82404.0000 81471.9668  1.13%   241  239s
H  304   312                    82374.000000 81471.9668  1.10%   241  239s
H  305   312                    82340.000000 81471.9668  1.05%   240  239s
   311   333 81590.9932   32 1136 82340.0000 81471.9668  1.05%   242  243s
   332   341 81591.4039   33 1200 82340.0000 81471.9668  1.05%   237  248s
   340   349 81592.7136   34 1121 82340.0000 81471.9668  1.05%   237  261s
   356   365 81596.9892   35 1051 82340.0000 81471.9668  1.05%   238  267s
   364   373 81597.5158   36 1112 82340.0000 81471.9668  1.05%   237  271s
   380   389 81600.8656   37 1092 82340.0000 81471.9668  1.05%   236  283s
H  387   389                    82334.000000 81471.9668  1.05%   235  283s
   388   414 81602.8007   38 1024 82334.0000 81471.9668  1.05%   236  288s
   413   449 81603.8338   40 1015 82334.0000 81471.9668  1.05%   232  294s
   448   488 81608.8145   43 1023 82334.0000 81471.9668  1.05%   227  299s
   487   515 81614.8160   46 1024 82334.0000 81471.9668  1.05%   220  304s
   514   551 81616.1852   47  965 82334.0000 81471.9668  1.05%   219  310s
   550   591 81619.3572   51  856 82334.0000 81471.9668  1.05%   216  318s
   590   607 81621.7698   55  951 82334.0000 81471.9668  1.05%   213  327s
H  606   615                    82315.000000 81471.9668  1.02%   211  342s
H  614   623                    82314.000000 81471.9668  1.02%   211  354s
H  615   623                    82313.000000 81471.9668  1.02%   210  354s
H  616   623                    82278.000000 81471.9668  0.98%   210  354s
   622   670 81631.1974   58  975 82278.0000 81471.9668  0.98%   210  362s
   669   709 81639.2033   62 1005 82278.0000 81471.9668  0.98%   207  370s
   708   749 81638.1890   64  860 82278.0000 81471.9668  0.98%   208  379s
   748   801 81646.8686   67  911 82278.0000 81471.9668  0.98%   209  387s
   800   856 81663.2842   73  810 82278.0000 81471.9668  0.98%   208  397s
   855   902 81657.3174   78  919 82278.0000 81471.9668  0.98%   205  405s
   901   958 81665.3827   80  958 82278.0000 81471.9668  0.98%   207  414s
   957  1020 81674.0625   86 1026 82278.0000 81471.9668  0.98%   206  423s
  1019  1081 81677.5697   90  877 82278.0000 81471.9668  0.98%   205  432s
  1080  1148 81682.6907   92  906 82278.0000 81471.9668  0.98%   204  441s
  1147  1209 81687.7141   99  757 82278.0000 81471.9668  0.98%   203  451s
H 1208  1217                    82256.000000 81471.9668  0.95%   204  472s
H 1213  1217                    82235.000000 81471.9668  0.93%   204  472s
  1216  1291 81709.5925  105  823 82235.0000 81471.9668  0.93%   204  482s
  1290  1373 81717.0726  116  774 82235.0000 81471.9668  0.93%   203  493s
  1372  1471 81724.4476  122  744 82235.0000 81471.9668  0.93%   202  506s
  1470  1561 81737.6282  137  731 82235.0000 81471.9668  0.93%   199  519s
  1560  1675 81786.0702  142  752 82235.0000 81471.9668  0.93%   199  533s
  1674  1780 81773.0336  148  807 82235.0000 81471.9668  0.93%   195  547s
  1779  1907 81786.7118  155  764 82235.0000 81471.9668  0.93%   194  563s
  1906  2033 81816.2024  160  697 82235.0000 81471.9668  0.93%   192  580s
  2032  2186 81830.4936  168  740 82235.0000 81471.9668  0.93%   191  597s
  2185  2376 81844.6592  176  743 82235.0000 81471.9668  0.93%   188  616s
  2375  2558 81863.3198  186  495 82235.0000 81471.9668  0.93%   186  635s
  2570  2713 81895.4786  192  719 82235.0000 81471.9668  0.93%   184  656s
  2735  2930 81933.6950  207  621 82235.0000 81471.9668  0.93%   183  677s
  2952  3230 81954.0026  218  427 82235.0000 81471.9668  0.93%   181  699s
  3270  3355 81977.4965  235  594 82235.0000 81473.6836  0.93%   177  721s
  3415  3419 82024.0078  253  396 82235.0000 81473.6836  0.93%   177  741s
  3479  3497 82042.7496  276  577 82235.0000 81473.6836  0.93%   179  762s
H 3557  3503                    82232.000000 81473.6836  0.92%   180  785s
H 3558  3491                    82226.000000 81473.6836  0.91%   180  785s
H 3559  3382                    82197.000000 81473.6836  0.88%   180  785s
  3565  3497 82079.0130  302  419 82197.0000 81473.6836  0.88%   180  809s
  3680  3588 82133.2368  359  295 82197.0000 81474.5519  0.88%   180  825s
  3785  3651 81538.9899    8 1223 82197.0000 81474.5519  0.88%   180  842s
  3849  3652 81821.3769  166 1246 82197.0000 81474.5519  0.88%   181  884s
  3851  3653 82053.4407  244 1157 82197.0000 81474.5519  0.88%   181  966s
H 3851  3470                    82188.000000 81474.5519  0.87%   181  996s
H 3851  3296                    82164.000000 81474.5519  0.84%   181  996s
H 3851  3131                    82151.000000 81474.5519  0.82%   181 1032s
H 3851  2975                    82140.000000 81474.5519  0.81%   181 1041s
  3853  2977 82031.5477  263 1222 82140.0000 81474.5519  0.81%   181 1091s
  3854  2977 81916.9506  216 1253 82140.0000 81474.5519  0.81%   181 1120s
  3855  2978 82140.0000  243 1268 82140.0000 81474.5519  0.81%   181 1158s
  3857  2979 81620.7164   34 1334 82140.0000 81474.5519  0.81%   181 1192s
  3858  2980 81716.6020  116 1363 82140.0000 81474.5519  0.81%   181 1212s
  3860  2981 81727.5749  129 1414 82140.0000 81474.5519  0.81%   181 1232s
  3861  2982 81600.0719   42 1399 82140.0000 81474.5519  0.81%   181 1252s
  3862  2983 81697.2792   23 1408 82140.0000 81474.5519  0.81%   181 1268s
  3863  2983 82096.1320  234 1410 82140.0000 81474.5519  0.81%   181 1303s
  3864  2984 81724.2970  104 1410 82140.0000 81474.5519  0.81%   181 1319s
  3865  2985 81873.9765  135 1410 82140.0000 81474.5519  0.81%   181 1387s
  3866  2988 81474.5519   14 1354 82140.0000 81474.5519  0.81%   181 1396s
  3868  2992 81477.4747   15 1428 82140.0000 81474.5519  0.81%   182 1400s
  3880  3004 81491.6371   17 1404 82140.0000 81479.2659  0.80%   182 1407s
  3888  3023 81498.9578   18 1388 82140.0000 81479.2664  0.80%   182 1412s
  3910  3031 81508.6419   19 1348 82140.0000 81479.2664  0.80%   183 1416s
  3925  3040 81508.0678   20 1319 82140.0000 81479.2664  0.80%   183 1422s
  3939  3047 81521.9387   21 1330 82140.0000 81479.2664  0.80%   184 1428s
  3951  3058 81509.6101   21 1383 82140.0000 81479.2664  0.80%   184 1433s
  3966  3061 81534.3445   22 1300 82140.0000 81479.2664  0.80%   185 1438s
  3974  3069 81525.9814   23 1323 82140.0000 81479.2664  0.80%   185 1441s
  3995  3083 81530.7271   25 1230 82140.0000 81479.2664  0.80%   186 1447s
  4006  3093 81530.8854   26 1272 82140.0000 81479.2664  0.80%   186 1450s
  4019  3098 81546.2808   27 1147 82140.0000 81479.2664  0.80%   186 1455s
  4029  3108 81548.0403   28 1187 82140.0000 81479.2664  0.80%   187 1462s
H 4040  2954                    82063.000000 81479.2664  0.71%   187 1462s
  4042  2968 81623.7371   29 1156 82063.0000 81479.2664  0.71%   187 1466s
  4070  2986 81557.4501   32 1140 82063.0000 81479.2664  0.71%   188 1473s
  4084  2999 81558.7275   33 1148 82063.0000 81479.2664  0.71%   188 1477s
  4101  3001 81561.8154   34 1156 82063.0000 81479.2664  0.71%   189 1486s
  4120  3018 81569.2261   35 1164 82063.0000 81479.2664  0.71%   189 1498s
H 4131  2872                    82052.000000 81479.2664  0.70%   189 1498s
  4132  2889 81574.0880   35 1139 82052.0000 81479.2664  0.70%   190 1502s
  4149  2901 81572.7773   36 1154 82052.0000 81479.2664  0.70%   190 1506s
  4167  2913 81634.7267   37 1218 82052.0000 81479.2664  0.70%   190 1510s
  4185  2930 81623.1607   38 1201 82052.0000 81479.2664  0.70%   191 1517s
  4208  2944 81669.8314   40 1134 82052.0000 81479.2664  0.70%   192 1523s
  4230  2958 81682.9091   41 1186 82052.0000 81479.2664  0.70%   192 1528s
  4251  2974 81688.2018   42 1165 82052.0000 81479.2664  0.70%   193 1534s
  4274  2989 81706.1472   43 1054 82052.0000 81479.2664  0.70%   194 1540s
  4297  3009 81716.9554   44 1088 82052.0000 81479.2664  0.70%   194 1545s
  4324  3027 81761.6474   46 1044 82052.0000 81479.2664  0.70%   195 1552s
  4351  3047 81737.1509   47 1013 82052.0000 81479.2664  0.70%   195 1559s
  4380  3070 81744.8606   50 1028 82052.0000 81479.2664  0.70%   196 1566s
  4413  3090 81748.9482   52 1016 82052.0000 81479.2664  0.70%   196 1573s
  4444  3114 81773.5553   54 1049 82052.0000 81479.2664  0.70%   197 1581s
  4478  3142 81779.9477   56 1036 82052.0000 81479.2664  0.70%   197 1589s
  4518  3137 81785.4923   59 1005 82052.0000 81479.2664  0.70%   198 1599s
  4526  3142 81786.9489   60  925 82052.0000 81479.2664  0.70%   198 1613s
H 4527  3007                    82033.000000 81479.2664  0.68%   198 1613s
  4534  3043 81789.4452   60  972 82033.0000 81479.2664  0.68%   198 1622s
  4572  3077 81791.6747   63  886 82033.0000 81479.2664  0.68%   198 1631s
  4619  3112 81809.2965   67  945 82033.0000 81479.2664  0.68%   199 1644s
  4670  3132 81831.3074   71  862 82033.0000 81479.2664  0.68%   199 1654s
  4707  3172 81845.5923   74  896 82033.0000 81479.2664  0.68%   200 1665s
  4759  3210 81868.9052   79  862 82033.0000 81479.2664  0.68%   201 1678s
  4814  3254 81885.5690   84  783 82033.0000 81479.2664  0.68%   201 1692s
  4877  3301 81891.3974   89  805 82033.0000 81479.2664  0.68%   202 1708s
  4945  3351 81920.4323   95  772 82033.0000 81479.2664  0.68%   203 1723s
  5017  3411 81952.5282  102  802 82033.0000 81479.2664  0.68%   204 1740s
  5111  3387 82022.6660  118  599 82033.0000 81479.2664  0.68%   205 1753s
H 5112  3255                    82018.000000 81479.2664  0.66%   205 1753s
  5119  3328     cutoff  118      82018.0000 81479.7149  0.66%   205 1771s
  5210  3402 81538.8091   21 1264 82018.0000 81479.7149  0.66%   206 1790s
  5321  3454 81559.3980   26 1268 82018.0000 81479.7149  0.66%   206 1809s
  5441  3483 81580.4882   28 1167 82018.0000 81479.7149  0.66%   207 1827s
  5512  3547 81599.9393   32 1073 82018.0000 81481.0072  0.65%   208 1844s
  5599  3616 81606.4046   38  958 82018.0000 81481.0072  0.65%   209 1862s
  5702  3694 81623.6744   42  941 82018.0000 81481.0072  0.65%   210 1882s
  5817  3823 81635.8447   47  985 82018.0000 81481.0072  0.65%   211 1905s
  6013  3812 81672.8858   50  853 82018.0000 81481.0072  0.65%   211 1925s
  6115  3867 81689.6109   53  882 82018.0000 81481.0072  0.65%   212 1941s
  6232  3836 81715.4396   60  853 82018.0000 81481.0072  0.65%   212 1959s
  6240  3841 81698.5179   61  787 82018.0000 81481.0072  0.65%   212 1979s
  6248  3846 81701.5615   62  732 82018.0000 81481.0072  0.65%   212 1994s
  6256  3860 81701.6930   63  740 82018.0000 81481.0072  0.65%   212 2014s
H 6259  3709                    82009.000000 81481.0072  0.64%   212 2014s
  6272  3771 81702.5685   64  777 82009.0000 81481.0072  0.64%   213 2031s
  6339  3837 81707.2851   66  789 82009.0000 81481.0072  0.64%   214 2052s
  6427  3903 81729.1299   70  793 82009.0000 81481.0072  0.64%   214 2072s
  6522  3977 81748.2294   77  820 82009.0000 81481.0072  0.64%   215 2096s
  6628  4058 81781.3279   85  590 82009.0000 81481.0072  0.64%   216 2121s
  6744  4158 81795.3692   95  680 82009.0000 81481.0072  0.64%   216 2149s
  6883  4176 81816.8289  100  606 82009.0000 81481.0072  0.64%   217 2181s
  6947  4162 81831.3285  106  594 82009.0000 81481.0072  0.64%   217 2203s
  6955  4214 81827.7193  106  543 82009.0000 81481.0072  0.64%   217 2230s
  7009  4295 81837.8800  108  579 82009.0000 81481.0072  0.64%   217 2260s
  7108  4416 81839.2395  109  554 82009.0000 81481.0072  0.64%   218 2295s
  7262  4624 81869.2324  116  648 82009.0000 81481.0072  0.64%   218 2334s
  7522  4973 81921.4814  130  572 82009.0000 81481.0072  0.64%   219 2380s
  7983  5126 81970.4448  161  449 82009.0000 81481.0072  0.64%   219 2419s
  8375  5194 81621.6525   27 1172 82009.0000 81495.8269  0.63%   219 2453s
  8623  5265 81689.6145   44 1122 82009.0000 81495.8269  0.63%   220 2485s
  8814  5403 81773.4683   63 1110 82009.0000 81495.8357  0.63%   219 2523s
  9016  5620 81852.3887   89  956 82009.0000 81495.8357  0.63%   219 2564s
  9371  5709 81629.2148   30 1195 82009.0000 81500.5940  0.62%   217 2602s
  9635  5806 81701.2558   52 1121 82009.0000 81500.5940  0.62%   216 2636s
  9820  6015 81774.0441   78 1012 82009.0000 81500.5940  0.62%   216 2678s
 10139  6114 81869.6622  115  858 82009.0000 81500.5940  0.62%   215 2723s
 10447  6175 81630.2013   24 1183 82009.0000 81500.5940  0.62%   215 2762s
 10610  6406 81693.8127   45 1006 82009.0000 81500.5940  0.62%   215 2809s
 10896  6727 81818.1343   83  766 82009.0000 81502.0668  0.62%   215 2857s
 11313  7079 81588.9935   22 1276 82009.0000 81502.0668  0.62%   214 2908s
 11690  7412 81700.7600   43 1095 82009.0000 81502.0668  0.62%   214 2964s
 12098  7719 81833.6047   84  967 82009.0000 81508.2947  0.61%   214 3013s
 12449  8066 81631.6068   33 1142 82009.0000 81508.2947  0.61%   214 3071s
 12807  8507 81735.9974   69 1109 82009.0000 81508.2947  0.61%   213 3124s
 13260  8880 81875.7940  126  910 82009.0000 81508.2947  0.61%   211 3189s
 13701  9251 81663.4559   42 1252 82009.0000 81512.5274  0.61%   211 3248s
 14119  9693 81771.0852   82 1033 82009.0000 81512.5274  0.61%   210 3308s
 14645 10051     cutoff  156      82009.0000 81515.2210  0.60%   209 3398s
 15077 10409 81709.2704   35 1035 82009.0000 81515.5403  0.60%   209 3465s
 15478 10893 81783.2305   50  937 82009.0000 81519.0655  0.60%   210 3547s
 16043 11293 81982.2548   81  829 82009.0000 81519.0655  0.60%   210 3618s
 16511 11778 81845.9867   43 1008 82009.0000 81521.1712  0.59%   210 3692s
 17065 12187 81985.0485   70  950 82009.0000 81522.7548  0.59%   209 3765s
 17505 12621 81826.2780   42 1126 82009.0000 81522.7548  0.59%   209 3826s
 18030 12951 81674.2566   42 1211 82009.0000 81526.5364  0.59%   208 3900s
 18419 13237 81971.8256   95  963 82009.0000 81526.5364  0.59%   208 3964s
 18745 13582 81694.1655   51  905 82009.0000 81527.6587  0.59%   208 4049s
 19092 13601 81745.6605   68  887 82009.0000 81529.4571  0.58%   209 4139s
 19111 13995 81753.0070   67  731 82009.0000 81529.4571  0.58%   209 4235s
 19525 14382 81858.7124   79  757 82009.0000 81529.4571  0.58%   210 4329s
 19970 14852 81862.9929  105  568 82009.0000 81530.7389  0.58%   210 4434s
 20463 15277 81910.5250  135  418 82009.0000 81531.8668  0.58%   211 4518s
 21018 15667 81989.1717  165  427 82009.0000 81532.2109  0.58%   211 4599s
 21440 16121 81829.9416   85  975 82009.0000 81532.3073  0.58%   212 4702s
 21957 16544 81778.4121   29 1192 82009.0000 81532.3080  0.58%   213 4808s
 22451 17043 infeasible   46      82009.0000 81532.3680  0.58%   213 4879s
 23048 17501 81739.5716   39 1103 82009.0000 81533.1515  0.58%   212 4953s
 23570 17933 81968.8559  117  869 82009.0000 81534.4192  0.58%   212 5036s
 24116 18357 81836.0965   62  990 82009.0000 81535.1885  0.58%   211 5119s
 24631 18851 81804.4012   50 1021 82009.0000 81535.6150  0.58%   210 5205s
 25243 19233 81720.1747   40 1075 82009.0000 81537.9029  0.57%   210 5284s
 25770 19620 81684.5157   39 1143 82009.0000 81537.9029  0.57%   209 5374s
 26182 20044 81754.9275   61 1015 82009.0000 81537.9029  0.57%   210 5468s
 26655 20440 81960.2383  100  882 82009.0000 81540.6274  0.57%   210 5592s
 27131 20975 81841.0088   61 1062 82009.0000 81544.0883  0.57%   211 5684s
 27709 21370 81632.0210   26 1167 82009.0000 81544.0883  0.57%   211 5768s
 28162 21780 81785.4985   43 1024 82009.0000 81544.3731  0.57%   212 5857s
 28642 22210     cutoff   73      82009.0000 81544.9085  0.57%   212 5950s
 29181 22211 81658.4857   41 1246 82009.0000 81547.1498  0.56%   213 7974s
H29182 21101                    82004.000000 81547.1498  0.56%   213 8069s
H29183 20046                    81996.000000 81547.1498  0.55%   213 8123s
 29184 20047 81941.9769  111 1285 81996.0000 81547.1498  0.55%   213 8174s
 29185 20048 81731.6491   70 1418 81996.0000 81547.1498  0.55%   212 8218s
 29186 20048 81756.8916   48 1396 81996.0000 81547.1498  0.55%   212 8223s
 29188 20050 81672.3545   39 1446 81996.0000 81547.1498  0.55%   212 8263s
 29189 20050 81717.1343   50 1511 81996.0000 81547.1498  0.55%   212 8360s
 29190 20051 81818.9101  108 1523 81996.0000 81547.1498  0.55%   212 8461s
 29191 20052 81776.7003   86 1455 81996.0000 81547.1498  0.55%   212 8546s
 29193 20053 81794.4337   94 1478 81996.0000 81547.1498  0.55%   212 8624s
 29194 20054 81896.4187   74 1484 81996.0000 81548.7857  0.55%   212 8705s
 29196 20055 81938.9691   78 1529 81996.0000 81549.4976  0.54%   212 8786s
 29197 20056 81750.2983   46 1488 81996.0000 81549.7824  0.54%   212 8952s
 29198 20056 81924.2787   61 1509 81996.0000 81550.4067  0.54%   212 9035s
 29199 20057 81923.9974  124 1507 81996.0000 81550.4211  0.54%   212 9108s
 29200 20058 81878.7978  130 1507 81996.0000 81550.4211  0.54%   212 9182s
 29201 20058 81819.2642   96 1507 81996.0000 81550.4211  0.54%   212 9336s
 29202 20062 81552.3057   29 1455 81996.0000 81550.4814  0.54%   213 9454s
 29204 20065 81560.4897   30 1527 81996.0000 81552.3065  0.54%   213 9459s
 29208 20072 81568.6561   31 1551 81996.0000 81552.4218  0.54%   213 9466s
 29216 20077 81571.2488   32 1473 81996.0000 81553.4816  0.54%   213 9470s
 29224 20094 81584.2289   33 1382 81996.0000 81553.4816  0.54%   213 9479s
 29243 20095 81591.6011   35 1339 81996.0000 81553.4816  0.54%   213 9486s
 29251 20101 81600.3252   35 1266 81996.0000 81553.4816  0.54%   213 9496s
 29259 20106 81604.2503   36 1314 81996.0000 81553.4816  0.54%   213 9505s
 29267 20111 81632.7228   36 1328 81996.0000 81553.4816  0.54%   213 9513s
 29275 20117 81609.4279   37 1346 81996.0000 81553.4816  0.54%   213 9523s
 29283 20122 81621.9100   37 1300 81996.0000 81553.4816  0.54%   213 9531s
 29291 20127 81612.9078   38 1325 81996.0000 81553.4816  0.54%   213 9540s
 29299 20133 81610.3562   38 1261 81996.0000 81553.4816  0.54%   213 9549s
 29307 20138 81619.9982   39 1285 81996.0000 81553.4816  0.54%   213 9556s
 29315 20143 81642.3829   39 1352 81996.0000 81553.4816  0.54%   213 9564s
 29323 20149 81643.3572   40 1325 81996.0000 81553.4816  0.54%   213 9571s
 29331 20154 81625.2237   40 1281 81996.0000 81553.4816  0.54%   213 9578s
 29339 20165 81653.8383   41 1267 81996.0000 81553.4816  0.54%   214 9586s
 29353 20184 81656.4500   42 1263 81996.0000 81553.4816  0.54%   214 9593s
 29376 20195 81678.3163   43 1219 81996.0000 81553.4816  0.54%   214 9600s
 29395 20211 81681.1467   45 1249 81996.0000 81553.4816  0.54%   214 9606s
 29417 20219 81717.7652   47 1267 81996.0000 81553.4816  0.54%   214 9613s
 29433 20224 81727.2242   48 1121 81996.0000 81553.4816  0.54%   214 9621s
 29443 20231 81732.9646   49 1107 81996.0000 81553.4816  0.54%   214 9629s
 29453 20238 81737.0281   51 1117 81996.0000 81553.4816  0.54%   214 9636s
 29464 20246 81751.4147   53 1128 81996.0000 81553.4816  0.54%   214 9644s
 29475 20253 81753.2094   55 1128 81996.0000 81553.4816  0.54%   214 9651s
 29486 20261 81760.9979   57 1066 81996.0000 81553.4816  0.54%   214 9659s
 29498 20269 81774.2593   59 1070 81996.0000 81553.4816  0.54%   214 9669s
 29510 20277 81782.3647   62 1050 81996.0000 81553.4816  0.54%   214 9678s
 29522 20296 81791.9054   64 1106 81996.0000 81553.4816  0.54%   214 9688s
 29545 20319 81792.0479   68  957 81996.0000 81553.4816  0.54%   214 9697s
 29575 20350 81796.9174   70 1001 81996.0000 81553.4816  0.54%   214 9709s
 29616 20383 81809.0508   74  961 81996.0000 81553.4816  0.54%   215 9722s
 29663 20419 81815.5678   78  954 81996.0000 81553.4816  0.54%   215 9734s
 29715 20459 81821.9621   81  944 81996.0000 81553.4816  0.54%   215 9746s
 29772 20498 81839.3652   85  984 81996.0000 81553.4816  0.54%   215 9761s
 29830 20541 81844.2069   88 1004 81996.0000 81553.4816  0.54%   215 9779s
 29892 20589 81857.0134   93 1018 81996.0000 81553.4816  0.54%   215 9791s
 29966 20631 81864.0935   98  895 81996.0000 81553.4816  0.54%   215 9804s
 30040 20688 81876.0688  103  869 81996.0000 81556.3539  0.54%   216 9818s
 30123 20750 81897.2899  109  880 81996.0000 81556.3539  0.54%   216 9835s
 30241 20790 81913.8795  119  714 81996.0000 81556.3539  0.54%   216 9849s
 30337 20827 81954.3860  132  669 81996.0000 81560.9890  0.53%   216 9862s
 30418 20853     cutoff  146      81996.0000 81560.9890  0.53%   216 9876s
 30481 20848 81597.1134   35 1351 81996.0000 81560.9890  0.53%   216 9889s
 30497 20850 81634.7418   36 1336 81996.0000 81560.9890  0.53%   216 9901s
 30505 20855 81606.4917   37 1380 81996.0000 81560.9890  0.53%   216 9914s
 30513 20860 81609.4117   38 1373 81996.0000 81560.9890  0.53%   216 9927s
 30521 20872 81619.2016   39 1370 81996.0000 81560.9890  0.53%   216 9938s
 30536 20923 81673.7645   39 1327 81996.0000 81560.9890  0.53%   216 9952s
 30610 20959 81630.0172   38 1166 81996.0000 81560.9890  0.53%   216 9967s
 30677 20981 81644.4997   39 1166 81996.0000 81560.9890  0.53%   216 9985s
 30740 21039 81664.8924   42 1198 81996.0000 81560.9890  0.53%   216 10003s
 30819 21096 81711.0292   47 1082 81996.0000 81560.9890  0.53%   217 10022s
 30913 21134 81728.0211   51 1006 81996.0000 81560.9890  0.53%   217 10039s
 30996 21179 81738.9039   55  984 81996.0000 81560.9890  0.53%   217 10058s
 31069 21248 81779.1173   60 1034 81996.0000 81560.9890  0.53%   217 10079s
 31162 21317 81798.9576   71  969 81996.0000 81560.9890  0.53%   217 10102s
 31262 21398 81820.7300   83  772 81996.0000 81560.9890  0.53%   217 10129s
 31377 21498 81846.4803   90  869 81996.0000 81560.9890  0.53%   217 10157s
 31515 21623 81875.4132   96  893 81996.0000 81560.9890  0.53%   217 10188s
 31687 21799 81905.1565  106  771 81996.0000 81560.9890  0.53%   218 10219s
 31943 21859 81948.3249  127  728 81996.0000 81560.9890  0.53%   218 10251s
 32141 21951 81605.3744   34 1344 81996.0000 81560.9890  0.53%   218 10287s
 32317 22080 81639.7744   44 1313 81996.0000 81560.9890  0.53%   218 10317s
 32509 22188 81700.7167   54 1044 81996.0000 81560.9890  0.53%   218 10347s
 32714 22326 81763.5003   70  970 81996.0000 81560.9890  0.53%   218 10377s
 32921 22506 81823.9944   96  910 81996.0000 81560.9890  0.53%   218 10411s
 33209 22569 81905.4760  131  814 81996.0000 81560.9890  0.53%   218 10444s
 33397 22627 81644.3952   36 1265 81996.0000 81560.9890  0.53%   218 10475s
 33527 22768 81687.3983   46  944 81996.0000 81560.9890  0.53%   218 10511s
 33712 22919 81756.1247   64  975 81996.0000 81560.9890  0.53%   218 10549s
 33978 23089 81821.6604   93  825 81996.0000 81560.9890  0.53%   218 10593s
 34282 23159 81951.2391  148  878 81996.0000 81560.9890  0.53%   218 10628s
 34462 23308 81672.1776   45 1326 81996.0000 81560.9890  0.53%   218 10665s
 34697 23497 81732.3517   63 1071 81996.0000 81560.9890  0.53%   218 10705s
 35007 23501 81840.2173   89  755 81996.0000 81560.9890  0.53%   218 10744s
 35128 23623 81969.8008  126  765 81996.0000 81560.9890  0.53%   218 10783s
 35299 23848 81683.8926   46 1314 81996.0000 81560.9890  0.53%   219 10827s
 35582 24047 81796.1186   66 1237 81996.0000 81560.9890  0.53%   218 10874s
 35952 24138 81949.2461  118 1009 81996.0000 81560.9890  0.53%   218 10923s
 36179 24390 81697.6989   48 1322 81996.0000 81580.5752  0.51%   218 10983s
 36515 24689 81836.3729   76 1173 81996.0000 81580.5752  0.51%   218 11052s
 36981 24714 81990.7891  155  734 81996.0000 81580.5752  0.51%   218 11099s
 37221 24882 81764.8555   50 1218 81996.0000 81591.5659  0.49%   218 11151s
 37543 25045 81885.8425   84  971 81996.0000 81591.5659  0.49%   218 11206s
 37862 25330 81711.4851   46 1234 81996.0000 81591.5659  0.49%   218 11270s
 38287 25526 81894.6849   81 1009 81996.0000 81591.5659  0.49%   218 11329s
 38694 25823 81806.9537   51 1126 81996.0000 81597.0158  0.49%   218 11394s
 39207 25860 81668.1149   39 1253 81996.0000 81597.0158  0.49%   218 11455s
 39427 26073 81745.4658   52 1017 81996.0000 81597.0158  0.49%   219 11523s
 39728 26332 81796.5644   69  838 81996.0000 81599.5340  0.48%   219 11599s
 40088 26703 81850.8034   90  828 81996.0000 81599.5340  0.48%   220 11675s
 40610 26957 81927.0361  120  842 81996.0000 81599.9207  0.48%   221 11731s
 41194 27164 81742.6036   42 1250 81996.0000 81599.9207  0.48%   221 11795s
 41690 27432 81910.2271  112  823 81996.0000 81601.8253  0.48%   221 11861s
 42218 27456 81726.8547   46 1205 81996.0000 81604.3634  0.48%   220 11920s
 42422 27751 81790.8846   59  958 81996.0000 81605.2297  0.48%   221 11991s
 42785 28119 81851.5096   80  869 81996.0000 81605.2297  0.48%   221 12072s
 43299 28387 81898.3887  105  860 81996.0000 81605.5211  0.48%   221 12151s
 43845 28608 81978.9676  144  712 81996.0000 81605.7339  0.48%   222 12248s
 44356 28865 81701.0420   43 1292 81996.0000 81606.0929  0.48%   222 12315s
 44859 29158 81848.8279   88  810 81996.0000 81606.0929  0.48%   222 12376s
 45370 29459 81725.0297   41 1307 81996.0000 81608.6491  0.47%   221 12443s
 45863 29833 81848.0846   86  904 81996.0000 81609.2412  0.47%   220 12500s
 46465 29928 81701.0143   46 1007 81996.0000 81609.2412  0.47%   219 12561s
 46839 30199 81845.6650   82  901 81996.0000 81609.2412  0.47%   219 12625s
 47291 30377 81979.8076  161  483 81996.0000 81609.2412  0.47%   219 12692s
 47699 30608 81836.3618   65  864 81996.0000 81609.2412  0.47%   220 12756s
 48150 30888 81751.3651   52 1259 81996.0000 81609.2412  0.47%   220 12827s
 48602 31194 81900.3377  117  843 81996.0000 81609.2412  0.47%   219 12893s
 49132 31305 81749.5162   51 1088 81996.0000 81609.2412  0.47%   219 12964s
 49472 31620 81782.0382   69  676 81996.0000 81616.8606  0.46%   219 13045s
 49910 31961 81837.6946   94  729 81996.0000 81616.8606  0.46%   219 13142s
 50419 32325 81888.7725  131  484 81996.0000 81617.9801  0.46%   219 13212s
 51051 32564 81959.3532  170  338 81996.0000 81617.9801  0.46%   219 13274s
 51553 32893 81811.4849   78  879 81996.0000 81617.9801  0.46%   219 13344s
 52125 33138 81758.1640   50 1247 81996.0000 81617.9801  0.46%   219 13412s
 52634 33373 81934.1339  122  767 81996.0000 81621.1745  0.46%   218 13484s
 53089 33280 81749.9623   68  845 81996.0000 81621.1745  0.46%   218 13564s
 53153 33730 81756.9211   71  973 81996.0000 81621.4085  0.46%   218 13653s
 53646 34120 81877.0201  135  969 81996.0000 81621.4085  0.46%   218 13726s
 54251 34415 81984.0113  214  598 81996.0000 81621.4085  0.46%   218 13794s
 54826 34736 81818.3857   85 1094 81996.0000 81623.8234  0.45%   218 13864s
 55393 35079 81723.8290   51 1177 81996.0000 81624.0813  0.45%   217 13933s
 55985 35296 81877.4570  109  742 81996.0000 81624.0813  0.45%   217 14010s
 56527 35721 81769.9065   62  988 81996.0000 81625.4807  0.45%   216 14082s
 57144 35815 81960.9146  141  895 81996.0000 81625.5342  0.45%   216 14145s
 57528 36047 81762.9790   44 1235 81996.0000 81626.3921  0.45%   216 14225s
 57898 36433 81830.5467   62  954 81996.0000 81626.3921  0.45%   216 14324s
 58423 36789 81917.4236   93  735 81996.0000 81626.3962  0.45%   216 14410s
 59055 36802 81993.7124  122  498 81996.0000 81626.5473  0.45%   216 14448s
 59335 36943 81789.5011   40 1099 81996.0000 81626.9317  0.45%   217 14497s
 59608 37186 81852.9657   56 1041 81996.0000 81627.4464  0.45%   217 14557s
 59999 37305 81741.0856   44 1259 81996.0000 81627.4464  0.45%   217 14617s
 60314 37652 81795.5336   58  914 81996.0000 81627.4464  0.45%   217 14697s
 60790 37987 81693.7900   39 1326 81996.0000 81627.4464  0.45%   217 14757s
 61341 38211 81834.4018   78 1011 81996.0000 81627.4464  0.45%   217 14820s
 61860 38442 81728.9602   40 1297 81996.0000 81629.4824  0.45%   217 14888s
 62321 38638 81934.1277   85  910 81996.0000 81629.4824  0.45%   217 14952s
 62771 38911 81767.7595   66  959 81996.0000 81629.4824  0.45%   217 15021s
 63269 39209 81719.4942   44 1266 81996.0000 81631.1942  0.44%   217 15091s
 63770 39509 81869.1793   91  883 81996.0000 81631.4001  0.44%   217 15164s
 64319 39693 81801.6230   45 1198 81996.0000 81632.0320  0.44%   216 15245s
 64707 39986 81925.4141   80 1038 81996.0000 81632.0320  0.44%   216 15310s
 65188 40285     cutoff  114      81996.0000 81632.5191  0.44%   217 15385s
 65683 40365 81765.2984   48 1141 81996.0000 81632.5191  0.44%   217 15455s
H65710 39028                    81988.000000 81632.5191  0.43%   217 15455s
H65983 38318                    81987.000000 81632.6090  0.43%   217 15529s
 66430 38591 81955.9553  108  751 81987.0000 81632.6090  0.43%   217 15601s
 66937 38885 81750.9290   68 1065 81987.0000 81632.6090  0.43%   217 15663s
 67528 39175 81974.6300  147  687 81987.0000 81633.8644  0.43%   217 15733s
 68073 39454 81856.7253   65 1231 81987.0000 81633.8644  0.43%   216 15804s
 68624 39704 81719.4358   44 1062 81987.0000 81634.7720  0.43%   216 15887s
 69067 40044 81798.1316   74  808 81987.0000 81634.7720  0.43%   216 15965s
 69586 40384 81858.8968  108  854 81987.0000 81634.7720  0.43%   217 16034s
 70166 40486 81954.7336  144  723 81987.0000 81635.2225  0.43%   217 16111s
 70612 40725 81728.0221   37 1263 81987.0000 81635.2225  0.43%   217 16181s
 71084 40876 81952.0624  108  897 81987.0000 81635.2225  0.43%   217 16258s
 71405 41269 81808.7639   55 1056 81987.0000 81635.2225  0.43%   217 16344s
 71913 41620 81978.0084   85  912 81987.0000 81635.2225  0.43%   218 16426s
 72488 41955 81736.6211   66 1007 81987.0000 81635.2225  0.43%   218 16485s
 73083 42056 81839.3897  129  714 81987.0000 81635.2225  0.43%   218 16574s
 73488 42419 81964.4931  208  390 81987.0000 81638.6148  0.42%   218 16669s
 74014 42777 81735.2626   43 1299 81987.0000 81638.6148  0.42%   219 16753s
 74595 43046 81890.1086   62 1015 81987.0000 81638.6148  0.42%   219 16816s
 75153 43284 81691.4874   46 1109 81987.0000 81639.2727  0.42%   219 16900s
 75637 43661 81757.1291   67  970 81987.0000 81639.2727  0.42%   219 16976s
 76216 43888 81814.4442   87  878 81987.0000 81639.2727  0.42%   219 17040s
 76706 44156 81875.0581  110  766 81987.0000 81639.7781  0.42%   219 17110s
 77236 44442 81927.5847  148  760 81987.0000 81639.7781  0.42%   219 17179s
 77797 44512 infeasible  190      81987.0000 81642.8854  0.42%   219 17247s
 78097 44903 81872.5667   83  947 81987.0000 81643.2028  0.42%   219 17344s
 78624 44933 81786.0204   65  920 81987.0000 81643.2577  0.42%   219 17418s
 78832 44950 81848.1707   91  877 81987.0000 81643.2667  0.42%   220 17492s
H78843 43956                    81986.000000 81643.2667  0.42%   220 17492s
 78922 44362 81870.3855   96  818 81986.0000 81643.3378  0.42%   220 17565s
 79457 44702 81760.3274   58 1059 81986.0000 81643.6817  0.42%   219 17629s
 80081 44938 81915.2282  137  708 81986.0000 81643.6817  0.42%   219 17698s
 80637 45282 81846.9966   75 1037 81986.0000 81643.6817  0.42%   219 17767s
 81243 45719 81762.7828   59 1028 81986.0000 81643.6817  0.42%   218 17835s
 81779 46078 81714.9099   45 1106 81986.0000 81643.6817  0.42%   218 17906s
 82215 46548 81773.1979   74  773 81986.0000 81644.3998  0.42%   218 17980s
 82713 46897 81852.3053  104  535 81986.0000 81644.3998  0.42%   218 18058s
H82773 46766                    81985.000000 81644.9632  0.41%   218 18058s
H82852 46424                    81982.000000 81644.9632  0.41%   218 18058s
H82852 45336                    81975.000000 81644.9632  0.40%   218 18058s
 83086 45878 81880.1319  121  563 81975.0000 81644.9632  0.40%   218 18126s
 83718 46396 81922.8163  165  446 81975.0000 81645.4771  0.40%   218 18202s
 84286 46902 81960.3509  210  115 81975.0000 81645.5663  0.40%   218 18265s
 84895 47345 81803.5223   67 1102 81975.0000 81645.8908  0.40%   217 18331s
 85431 47854 81788.5161   53 1182 81975.0000 81646.8306  0.40%   217 18398s
 86008 48225 81964.2247  129  809 81975.0000 81647.4626  0.40%   217 18474s
 86437 48619 81961.5159  101  750 81975.0000 81647.4780  0.40%   217 18541s
 86865 49052 81769.5744   61 1090 81975.0000 81648.0034  0.40%   217 18611s
 87335 49522 81864.6680   85  827 81975.0000 81648.0034  0.40%   218 18690s
 87851 50028 81870.9119   44 1238 81975.0000 81648.0034  0.40%   218 18786s
 88432 50408 81815.5572   59 1204 81975.0000 81648.5521  0.40%   218 18853s
 88930 50819 81928.5814  111  862 81975.0000 81648.5521  0.40%   218 18909s
 89561 51169 81711.4122   41 1279 81975.0000 81650.0159  0.40%   218 18974s
 89963 51563 81809.9297   74 1021 81975.0000 81650.0159  0.40%   218 19035s
 90401 51902 81739.8423   44 1208 81975.0000 81650.0159  0.40%   217 19102s
H90605 41746                    81931.000000 81650.0695  0.34%   217 19102s
 90765 42195 81815.5912   79  962 81931.0000 81650.6652  0.34%   217 19255s
 91364 42710 81788.4744   42 1154 81931.0000 81651.3372  0.34%   217 19335s
 91988 43156 81920.9703   82  944 81931.0000 81651.8922  0.34%   217 19433s
 92514 43538 81809.8501   62  972 81931.0000 81651.9419  0.34%   217 19524s
 93034 43989 81834.1155   54 1092 81931.0000 81651.9419  0.34%   217 19592s
 93561 44363 81837.5343   81  924 81931.0000 81652.7196  0.34%   217 19708s
 94023 44896 81802.3055   61  859 81931.0000 81652.9025  0.34%   217 19787s
 94598 45319 81914.2024   99  683 81931.0000 81652.9213  0.34%   218 19950s
 95135 45815 81768.3030   57 1007 81931.0000 81653.4626  0.34%   218 20031s
 95677 46322 81855.8679   88  758 81931.0000 81653.5135  0.34%   218 20136s
 96288 46754 81820.8876   50 1211 81931.0000 81653.7686  0.34%   218 20269s
 96845 47078 81682.4549   43 1066 81931.0000 81653.9277  0.34%   218 20344s
 97233 47533 81712.0992   49 1041 81931.0000 81653.9277  0.34%   218 20422s
H97806 45338                    81922.000000 81655.0188  0.33%   218 20484s
 97815 45815 81868.4995   83  896 81922.0000 81655.0188  0.33%   218 20557s
 98401 46373 81797.7344   79  910 81922.0000 81655.7066  0.33%   218 20623s
 99032 46824 81872.6633   75  967 81922.0000 81655.7066  0.33%   217 20698s
 99581 47296 81822.4559   65  918 81922.0000 81655.7246  0.33%   217 20771s
 100146 47849 81761.0612   80  796 81922.0000 81655.7246  0.33%   217 20841s
 100778 48253 81880.9796  159  494 81922.0000 81656.9573  0.32%   217 20916s
 101313 48753 81812.4804   75  902 81922.0000 81657.5545  0.32%   217 20986s
 101890 49170 81887.3958   73 1067 81922.0000 81657.5545  0.32%   217 21056s
 102393 49681 81786.2696   61  982 81922.0000 81658.2492  0.32%   217 21178s
 102930 50163 81882.3331   95  679 81922.0000 81658.2858  0.32%   217 21250s
 103498 50547 81899.3860  115  610 81922.0000 81658.3901  0.32%   217 21316s
 104008 50993 81752.3390   53 1172 81922.0000 81658.7166  0.32%   217 21372s
 104502 51396 81827.4063   74  888 81922.0000 81658.7166  0.32%   217 21431s
 105032 51852 infeasible  110      81922.0000 81658.9729  0.32%   217 21490s
 105554 52252 81685.4050   42 1286 81922.0000 81658.9729  0.32%   217 21556s
 106073 52656 81818.8057   74 1105 81922.0000 81658.9729  0.32%   217 21623s
 106595 53010 81789.1885   67 1059 81922.0000 81660.1570  0.32%   217 21660s

Cutting planes:
  Gomory: 14
  Cover: 15
  Clique: 32
  MIR: 1
  Flow cover: 5
  Inf proof: 6
  Zero half: 79
  Mod-K: 53
  Relax-and-lift: 1

Explored 106981 nodes (23210007 simplex iterations) in 21660.39 seconds (35543.17 work units)
Thread count was 8 (of 96 available processors)

Solution count 10: 81922 81931 81975 ... 82004

Time limit reached
Best objective 8.192200000000e+04, best bound 8.166100000000e+04, gap 0.3186%

User-callback calls 4218990, time in user-callback 0.39 sec
LB for instance GAL40 with 30 = 81661, UB = 81922, gap = 0.00318596
