inst=BRA24
r=6
Compute TTP bound for BRA24_6 with TimeLimit 21660
Save file as Instances/TTP/Bound_BRA24_6.txt
Read TTP files
Instance: BRA24, Type: A, Contributor: Ribeiro and Urrutia
Date: 0/0/2003
NrTeams = 24, NrRounds =  6
Set parameter TokenServer to value "licgurobi.ugent.be"
Set parameter Threads to value 8
Set parameter TimeLimit to value 21660
Gurobi Optimizer version 12.0.0 build v12.0.0rc1 (linux64 - "Red Hat Enterprise Linux 9.6 (Plow)")

CPU model: AMD EPYC 7552 48-Core Processor, instruction set [SSE2|AVX|AVX2]
Thread count: 96 physical cores, 96 logical processors, using up to 8 threads

Non-default parameters:
TimeLimit  21660
Threads  8

Optimize a model with 924 rows, 134712 columns and 397536 nonzeros
Model fingerprint: 0x37c988d2
Variable types: 0 continuous, 134712 integer (134712 binary)
Coefficient statistics:
  Matrix range     [1e+00, 1e+00]
  Objective range  [3e+01, 1e+04]
  Bounds range     [1e+00, 1e+00]
  RHS range        [1e+00, 3e+00]
Found heuristic solution: objective 140864.00000
Presolve removed 68 rows and 90484 columns
Presolve time: 0.40s
Presolved: 856 rows, 44228 columns, 126562 nonzeros
Variable types: 0 continuous, 44228 integer (44228 binary)

Root relaxation: objective 3.493919e+04, 1088 iterations, 0.09 seconds (0.14 work units)

    Nodes    |    Current Node    |     Objective Bounds      |     Work
 Expl Unexpl |  Obj  Depth IntInf | Incumbent    BestBd   Gap | It/Node Time

     0     0 34939.1944    0  194 140864.000 34939.1944  75.2%     -    0s
H    0     0                    64517.000000 34939.1944  45.8%     -    0s
H    0     0                    57077.000000 34939.1944  38.8%     -    0s
H    0     0                    56159.000000 34939.1944  37.8%     -    0s
H    0     0                    53734.000000 34939.1944  35.0%     -    0s
H    0     0                    47789.000000 34939.1944  26.9%     -    0s
H    0     0                    47677.000000 34939.1944  26.7%     -    0s
H    0     0                    47064.000000 34939.1944  25.8%     -    0s
H    0     0                    47042.000000 34939.1944  25.7%     -    0s
H    0     0                    46709.000000 34939.1944  25.2%     -    0s
H    0     0                    43558.000000 34939.1944  19.8%     -    1s
H    0     0                    42445.000000 34939.1944  17.7%     -    1s
H    0     0                    42397.000000 34939.1944  17.6%     -    1s
H    0     0                    42209.000000 34939.1944  17.2%     -    1s
H    0     0                    40697.000000 34939.1944  14.1%     -    1s
H    0     0                    40691.000000 34939.1944  14.1%     -    1s
H    0     0                    39410.000000 34939.1944  11.3%     -    1s
H    0     0                    39323.000000 34939.1944  11.1%     -    1s
     0     0 35776.2338    0  193 39323.0000 35776.2338  9.02%     -    2s
H    0     0                    38869.000000 35776.2338  7.96%     -    4s
     0     0 35869.6389    0  200 38869.0000 35869.6389  7.72%     -    4s
     0     0 35886.9167    0  203 38869.0000 35886.9167  7.67%     -    4s
     0     0 35886.9167    0  202 38869.0000 35886.9167  7.67%     -    4s
     0     0 35907.2500    0  274 38869.0000 35907.2500  7.62%     -    4s
     0     0 35916.5000    0  282 38869.0000 35916.5000  7.60%     -    4s
     0     0 35944.4784    0  290 38869.0000 35944.4784  7.52%     -    5s
     0     0 35944.4784    0  290 38869.0000 35944.4784  7.52%     -    5s
     0     2 35944.4784    0  278 38869.0000 35944.4784  7.52%     -    5s
   987   815 38359.7619   90   76 38869.0000 36587.1118  5.87%  37.6   10s
H 1566  1140                    38769.000000 36794.9333  5.09%  34.8   12s
  1861  1310 38231.0556   29  290 38769.0000 36794.9333  5.09%  33.8   19s
H 1862  1245                    38745.000000 36794.9333  5.03%  33.7   21s
  1865  1247 38073.8594   14  253 38745.0000 36794.9333  5.03%  33.7   25s
  1875  1253 37674.0000   26  276 38745.0000 36794.9333  5.03%  33.5   30s
  1884  1260 38309.8302   28  192 38745.0000 36794.9333  5.03%  34.8   35s
  1892  1266 37524.7960   13  296 38745.0000 36794.9333  5.03%  34.7   40s
  1922  1299 38380.2837   32  255 38745.0000 37055.5439  4.36%  37.5   45s
  2704  1571 37552.3889   46  114 38745.0000 37364.4506  3.56%  39.5   50s
  3591  1721 38575.9491   56  139 38745.0000 37411.7779  3.44%  37.1   55s
  5789  2137 38724.5000   40   98 38745.0000 37563.9856  3.05%  34.9   60s
  7988  3190 38532.5000   47  113 38745.0000 37642.3108  2.85%  34.2   65s
 10170  4116 38628.8000   50  132 38745.0000 37709.4495  2.67%  33.9   70s
 12276  4985     cutoff   66      38745.0000 37750.5196  2.57%  34.2   75s
 14462  5833 38393.1863   40  149 38745.0000 37798.2813  2.44%  34.6   81s
 15924  6418 38564.9618   56  120 38745.0000 37823.9115  2.38%  34.6   85s
 19024  7399 38278.4365   36  138 38745.0000 37882.3825  2.23%  34.9   90s
 21461  8075 38128.3988   52  146 38745.0000 37920.2578  2.13%  35.0   95s
 24977  9037 38183.7703   42  210 38745.0000 37960.2295  2.03%  35.2  101s
 27579  9739 38482.4444   52   90 38745.0000 37987.9308  1.95%  35.2  105s
 29423 10112 38630.1250   52   54 38745.0000 38005.2571  1.91%  35.2  146s
 32065 10555     cutoff   59      38745.0000 38039.1323  1.82%  35.4  151s
 34771 10890 38323.6151   46  213 38745.0000 38067.6008  1.75%  35.9  155s
 38102 11315 38659.4167   52   73 38745.0000 38112.1111  1.63%  36.6  161s
 40628 11675     cutoff   57      38745.0000 38138.4467  1.57%  37.0  165s
 44056 11966 infeasible   49      38745.0000 38175.7117  1.47%  37.7  173s
 44983 12056 38434.7000   42  153 38745.0000 38182.8081  1.45%  37.8  175s
 48404 12167 infeasible   46      38745.0000 38222.6855  1.35%  38.4  181s
 50985 12306 38602.1500   51  179 38745.0000 38244.4246  1.29%  38.7  185s
 54447 12347     cutoff   47      38745.0000 38279.5330  1.20%  39.2  191s
 56397 12106     cutoff   46      38745.0000 38299.4286  1.15%  39.5  195s
 58974 11889 infeasible   44      38745.0000 38331.0556  1.07%  40.2  200s
 62513 11338 38651.6402   51  133 38745.0000 38368.2917  0.97%  40.8  206s
 65129 10758 38687.8703   49  193 38745.0000 38399.6543  0.89%  41.2  210s
 67851  9928 infeasible   54      38745.0000 38428.8444  0.82%  41.6  215s
 70002  9290     cutoff   56      38745.0000 38447.6667  0.77%  41.9  220s
 72053  8527 38652.5000   51   94 38745.0000 38479.3919  0.69%  42.0  225s
 73719  7281     cutoff   48      38745.0000 38498.8000  0.64%  42.1  230s
 78068  4654 infeasible   58      38745.0000 38566.0000  0.46%  42.0  235s
 82001   813     cutoff   58      38745.0000 38659.5000  0.22%  41.4  241s

Cutting planes:
  Gomory: 30
  Cover: 52
  Clique: 10
  MIR: 6
  Flow cover: 14
  Inf proof: 20
  Zero half: 105
  RLT: 1
  Relax-and-lift: 23

Explored 83888 nodes (3430836 simplex iterations) in 242.11 seconds (388.25 work units)
Thread count was 8 (of 96 available processors)

Solution count 10: 38745 38769 38869 ... 42445

Optimal solution found (tolerance 1.00e-04)
Best objective 3.874500000000e+04, best bound 3.874500000000e+04, gap 0.0000%

User-callback calls 198169, time in user-callback 0.01 sec
LB for instance BRA24 with 6 = 38745, UB = 38745, gap = 0
