inst=INCR40
r=20
Compute TTP bound for INCR40_20 with TimeLimit 21660
Save file as Instances/TTP/Bound_INCR40_20.txt
Read TTP files
Instance: INCR40, Type: A, Contributor: Hoshino, Kawarabayashi
Date: 0/4/2012
NrTeams = 40, NrRounds =  20
Set parameter TokenServer to value "licgurobi.ugent.be"
Set parameter Threads to value 8
Set parameter TimeLimit to value 21660
Gurobi Optimizer version 12.0.0 build v12.0.0rc1 (linux64 - "Red Hat Enterprise Linux 9.6 (Plow)")

CPU model: AMD EPYC 7552 48-Core Processor, instruction set [SSE2|AVX|AVX2]
Thread count: 96 physical cores, 96 logical processors, using up to 8 threads

Non-default parameters:
TimeLimit  21660
Threads  8

Optimize a model with 2500 rows, 1129480 columns and 3357280 nonzeros
Model fingerprint: 0x6cef4812
Variable types: 0 continuous, 1129480 integer (1129480 binary)
Coefficient statistics:
  Matrix range     [1e+00, 1e+00]
  Objective range  [2e+00, 3e+03]
  Bounds range     [1e+00, 1e+00]
  RHS range        [1e+00, 1e+01]
Found heuristic solution: objective 212504.00000
Presolve removed 80 rows and 731160 columns
Presolve time: 3.54s
Presolved: 2420 rows, 398320 columns, 1163760 nonzeros
Variable types: 0 continuous, 398320 integer (398320 binary)
Deterministic concurrent LP optimizer: primal simplex, dual simplex, and barrier
Showing barrier log only...

Root barrier log...

Ordering time: 0.12s

Barrier statistics:
 AA' NZ     : 3.900e+04
 Factor NZ  : 3.531e+05 (roughly 160 MB of memory)
 Factor Ops : 1.104e+08 (less than 1 second per iteration)
 Threads    : 6

                  Objective                Residual
Iter       Primal          Dual         Primal    Dual     Compl     Time
   0   6.32932199e+08 -5.77770805e+08  1.22e+03 1.69e+02  3.12e+03     5s
   1   1.65015674e+07 -2.26327798e+08  3.34e+01 1.59e-12  3.28e+02     5s
   2   5.59359205e+05 -1.10930536e+07  8.74e-01 1.14e-12  1.50e+01     5s
   3   1.04894331e+05 -1.57674194e+06  6.71e-04 9.09e-13  2.11e+00     5s
   4   9.58104937e+04 -7.59262649e+05  2.50e-04 6.82e-13  1.07e+00     5s
   5   9.12532066e+04 -4.97198444e+05  1.76e-04 6.82e-13  7.38e-01     5s
   6   8.43887449e+04 -3.30755099e+05  9.91e-05 4.55e-13  5.21e-01     5s
   7   8.12600155e+04 -2.25727818e+05  8.03e-05 4.55e-13  3.85e-01     5s
   8   7.63133476e+04 -1.94764090e+05  5.75e-05 4.55e-13  3.40e-01     6s
   9   7.29202056e+04 -1.54081100e+05  4.56e-05 4.55e-13  2.85e-01     6s
  10   7.06705536e+04 -1.42486457e+05  3.94e-05 6.82e-13  2.67e-01     6s
  11   6.95041574e+04 -9.49554571e+04  3.65e-05 4.55e-13  2.06e-01     6s
  12   6.75664441e+04 -8.57141774e+04  3.25e-05 4.55e-13  1.92e-01     6s
  13   6.26173061e+04 -6.22341443e+04  2.26e-05 4.55e-13  1.57e-01     7s
  14   5.92668587e+04 -3.84825672e+04  1.71e-05 4.55e-13  1.23e-01     7s
  15   5.68075908e+04 -3.12734607e+04  1.31e-05 6.82e-13  1.10e-01     7s
  16   5.58751054e+04 -2.38935141e+04  1.18e-05 6.82e-13  1.00e-01     7s
  17   5.41359647e+04 -1.53133490e+04  9.38e-06 4.55e-13  8.71e-02     7s
  18   5.32424335e+04 -2.32791124e+03  8.02e-06 4.55e-13  6.97e-02     8s
  19   5.20559095e+04  1.10575354e+04  6.42e-06 4.55e-13  5.14e-02     8s
  20   5.06723771e+04  1.75492920e+04  4.58e-06 4.55e-13  4.15e-02     8s
  21   4.98235803e+04  2.32036529e+04  3.34e-06 4.55e-13  3.34e-02     8s
  22   4.90725262e+04  3.02851169e+04  2.44e-06 4.55e-13  2.36e-02     8s
  23   4.81468348e+04  3.79286984e+04  1.48e-06 4.55e-13  1.28e-02     9s
  24   4.73033072e+04  4.15729868e+04  7.09e-07 4.55e-13  7.19e-03     9s
  25   4.69021415e+04  4.26931363e+04  3.81e-07 4.55e-13  5.28e-03     9s
  26   4.67766040e+04  4.36141634e+04  2.83e-07 4.55e-13  3.97e-03     9s
  27   4.67548906e+04  4.39979681e+04  2.67e-07 4.55e-13  3.46e-03     9s
  28   4.66100535e+04  4.49143042e+04  1.74e-07 4.55e-13  2.13e-03     9s
  29   4.64947276e+04  4.53546612e+04  1.02e-07 4.55e-13  1.43e-03     9s
  30   4.64251945e+04  4.57330876e+04  5.41e-08 4.55e-13  8.68e-04     9s
  31   4.64034785e+04  4.59974048e+04  3.94e-08 4.55e-13  5.09e-04     9s
  32   4.63660605e+04  4.60796728e+04  1.92e-08 4.55e-13  3.59e-04     9s
  33   4.63580298e+04  4.61884432e+04  1.51e-08 4.55e-13  2.13e-04     9s
  34   4.63406159e+04  4.62437240e+04  6.66e-09 4.55e-13  1.22e-04    10s
  35   4.63360465e+04  4.62706255e+04  4.78e-09 4.55e-13  8.20e-05    10s
  36   4.63310196e+04  4.62847799e+04  2.54e-09 4.55e-13  5.80e-05    10s
  37   4.63292350e+04  4.62963026e+04  1.86e-09 4.55e-13  4.13e-05    10s
  38   4.63259132e+04  4.63080857e+04  3.46e-10 4.55e-13  2.24e-05    10s
  39   4.63251522e+04  4.63110901e+04  1.87e-10 4.55e-13  1.76e-05    10s
  40   4.63248935e+04  4.63132961e+04  9.34e-11 4.55e-13  1.45e-05    10s
  41   4.63247472e+04  4.63214153e+04  5.88e-11 6.82e-13  4.18e-06    10s
  42   4.63245272e+04  4.63220421e+04  1.07e-10 4.55e-13  3.12e-06    10s
  43   4.63243231e+04  4.63239147e+04  8.10e-11 6.82e-13  5.12e-07    10s
  44   4.63243117e+04  4.63242610e+04  5.64e-11 6.82e-13  6.36e-08    10s
  45   4.63242996e+04  4.63242994e+04  1.81e-11 1.24e-11  2.66e-10    10s

Barrier solved model in 45 iterations and 10.37 seconds (12.30 work units)
Optimal objective 4.63242996e+04


Root crossover log...

    1134 DPushes remaining with DInf 1.2686231e-04                10s
       0 DPushes remaining with DInf 0.0000000e+00                10s

     147 PPushes remaining with PInf 0.0000000e+00                11s
       0 PPushes remaining with PInf 0.0000000e+00                11s

  Push phase complete: Pinf 0.0000000e+00, Dinf 4.4337867e-11     11s


Root simplex log...

Iteration    Objective       Primal Inf.    Dual Inf.      Time
    1281    4.6324299e+04   0.000000e+00   0.000000e+00     11s
Concurrent spin time: 0.86s (can be avoided by choosing Method=3)

Solved with barrier

Root relaxation: objective 4.632430e+04, 1281 iterations, 7.48 seconds (4.70 work units)

    Nodes    |    Current Node    |     Objective Bounds      |     Work
 Expl Unexpl |  Obj  Depth IntInf | Incumbent    BestBd   Gap | It/Node Time

     0     0 46324.2994    0  613 212504.000 46324.2994  78.2%     -   12s
H    0     0                    57682.000000 46324.2994  19.7%     -   13s
H    0     0                    56992.000000 46324.2994  18.7%     -   13s
H    0     0                    56902.000000 46324.2994  18.6%     -   13s
H    0     0                    56134.000000 46324.2994  17.5%     -   20s
H    0     0                    55934.000000 46324.2994  17.2%     -   23s
H    0     0                    54486.000000 46324.2994  15.0%     -   23s
H    0     0                    54444.000000 46324.2994  14.9%     -   26s
H    0     0                    54402.000000 46324.2994  14.8%     -   28s
     0     0 46328.2580    0  968 54402.0000 46328.2580  14.8%     -   33s
H    0     0                    54162.000000 46328.2580  14.5%     -   36s
H    0     0                    53890.000000 46328.2580  14.0%     -   37s
H    0     0                    53844.000000 46328.2580  14.0%     -   42s
H    0     0                    53584.000000 46328.2580  13.5%     -   46s
H    0     0                    53480.000000 46328.2580  13.4%     -   48s
H    0     0                    53444.000000 46328.2580  13.3%     -   50s
H    0     0                    53394.000000 46328.2580  13.2%     -   50s
H    0     0                    52838.000000 46328.2580  12.3%     -   59s
     0     0 46328.7825    0 1031 52838.0000 46328.7825  12.3%     -   66s
     0     0 46329.0215    0 1056 52838.0000 46329.0215  12.3%     -   67s
     0     0 46329.0215    0  981 52838.0000 46329.0215  12.3%     -   68s
     0     0 46329.2870    0 1086 52838.0000 46329.2870  12.3%     -   75s
     0     0 46329.2941    0 1083 52838.0000 46329.2941  12.3%     -   76s
     0     0 46329.3033    0 1126 52838.0000 46329.3033  12.3%     -   76s
     0     0 46329.3033    0 1125 52838.0000 46329.3033  12.3%     -   78s
     0     2 46330.0000    0 1120 52838.0000 46330.0000  12.3%     -  100s
     3     8 46330.0000    2 1125 52838.0000 46330.0000  12.3%   324  108s
     7    16 46330.0000    3 1125 52838.0000 46330.0000  12.3%   440  112s
    15    23 46330.0000    4 1126 52838.0000 46330.0000  12.3%   385  119s
    22    44 46330.0000    5 1126 52838.0000 46330.0000  12.3%   319  125s
H   32    44                    52174.000000 46330.0000  11.2%   269  125s
    61    77 46332.6520    9 1009 52174.0000 46330.0000  11.2%   267  132s
    76    85 46334.8007    9 1006 52174.0000 46330.0000  11.2%   274  138s
H   83    85                    51894.000000 46330.0000  10.7%   282  138s
    84   100 46332.6520   10 1010 51894.0000 46330.0000  10.7%   279  142s
    99   108 46334.0640   12 1151 51894.0000 46330.0000  10.7%   284  148s
H  102   108                    50422.000000 46330.0000  8.12%   288  148s
   107   116 46334.4108   13 1061 50422.0000 46330.0000  8.12%   298  153s
   115   124 46335.1989   13 1025 50422.0000 46330.0000  8.12%   325  160s
H  121   124                    50264.000000 46330.0000  7.83%   346  160s
H  122   124                    50072.000000 46330.0000  7.47%   343  160s
   123   142 46334.5693   14 1026 50072.0000 46330.0000  7.47%   342  165s
H  141   150                    50006.000000 46330.0000  7.35%   324  172s
H  142   150                    49952.000000 46330.0000  7.25%   323  172s
H  143   150                    49924.000000 46330.0000  7.20%   322  172s
H  144   150                    49902.000000 46330.0000  7.16%   321  172s
   149   158 46336.9355   17 1015 49902.0000 46330.0000  7.16%   324  178s
H  152   158                    49864.000000 46330.0000  7.09%   321  178s
H  153   158                    49160.000000 46330.0000  5.76%   319  178s
   157   169 46336.8768   17 1061 49160.0000 46330.0000  5.76%   317  182s
   168   181 46339.0987   19 1019 49160.0000 46330.0000  5.76%   323  192s
   180   189 46340.3374   20 1032 49160.0000 46330.0000  5.76%   342  197s
H  183   189                    48911.999935 46330.0000  5.28%   344  197s
H  186   189                    48872.000000 46330.0000  5.20%   342  197s
   188   203 46340.6076   21  990 48872.0000 46330.0000  5.20%   341  205s
   202   215 46342.7076   23  973 48872.0000 46330.0000  5.20%   356  212s
H  214   223                    48784.000000 46330.0000  5.03%   359  220s
   222   231 46345.1693   24  860 48784.0000 46330.0000  5.03%   366  235s
H  225   231                    48676.000000 46330.0000  4.82%   370  235s
H  228   231                    48644.000000 46330.0000  4.76%   370  235s
   230   246 46348.0030   25  847 48644.0000 46330.0000  4.76%   372  245s
   245   260 46349.3452   26  957 48644.0000 46330.0000  4.76%   389  250s
   259   278 46351.4498   26  859 48644.0000 46330.0000  4.76%   393  258s
H  261   278                    48628.000000 46330.0000  4.73%   393  258s
   277   286 46353.1218   27  877 48628.0000 46330.0000  4.73%   398  267s
H  278   286                    48562.000000 46330.0000  4.60%   397  267s
H  281   286                    48308.000000 46330.0000  4.09%   397  267s
   285   294 46353.8064   28  858 48308.0000 46330.0000  4.09%   396  274s
   293   307 46353.8089   29  858 48308.0000 46330.0000  4.09%   402  282s
   306   317 46497.1036   30  891 48308.0000 46330.0000  4.09%   407  293s
   316   325 46386.0037   30  929 48308.0000 46330.0000  4.09%   415  304s
H  317   325                    48254.000000 46330.0000  3.99%   414  304s
   324   347 46391.5128   31  892 48254.0000 46330.0000  3.99%   409  315s
   346   355 46422.4551   32 1039 48254.0000 46330.0000  3.99%   412  323s
H  348   355                    48166.000000 46330.0000  3.81%   411  323s
   354   378 46408.7365   32  929 48166.0000 46330.0000  3.81%   415  332s
   377   400 46414.7625   33  941 48166.0000 46330.0000  3.81%   412  342s
   399   408 46451.0544   35  988 48166.0000 46330.0000  3.81%   423  351s
H  400   408                    48094.000000 46330.0000  3.67%   422  351s
H  407   416                    47886.000000 46330.0000  3.25%   419  367s
H  413   416                    47884.000000 46330.0000  3.25%   425  367s
   415   444 46431.0733   36 1009 47884.0000 46330.0000  3.25%   426  377s
   443   473 46441.7704   38  916 47884.0000 46330.0000  3.25%   422  388s
H  472   481                    47878.000000 46330.0000  3.23%   424  397s
   480   507 46458.3815   42  965 47878.0000 46330.0000  3.23%   431  408s
   506   545 46481.8399   43  959 47878.0000 46330.0000  3.23%   432  423s
   544   553 46485.0443   46  990 47878.0000 46330.0000  3.23%   426  435s
H  545   553                    47840.000000 46330.0000  3.16%   426  435s
   552   579 46487.1553   47  984 47840.0000 46330.0000  3.16%   431  445s
   578   601 46512.8345   49  959 47840.0000 46330.0000  3.16%   438  456s
   600   636 46530.5666   51  935 47840.0000 46330.0000  3.16%   449  468s
   635   644 46545.7155   52  947 47840.0000 46330.0000  3.16%   449  480s
H  638   644                    47778.000000 46330.0000  3.03%   450  480s
   643   652 46528.7059   53  950 47778.0000 46330.0000  3.03%   451  499s
H  644   652                    47728.000000 46330.0000  2.93%   451  499s
H  645   652                    47720.000000 46330.0000  2.91%   451  499s
H  646   652                    47698.000000 46330.0000  2.87%   451  499s
   651   692 46527.1823   53  993 47698.0000 46330.0000  2.87%   457  514s
   691   746 46558.6213   56  963 47698.0000 46330.0000  2.87%   456  530s
   745   791 46576.7994   62  892 47698.0000 46330.0000  2.87%   448  551s
   790   799 46600.0145   68  998 47698.0000 46330.0000  2.87%   446  564s
H  793   799                    47664.000000 46330.0000  2.80%   445  564s
H  797   799                    47660.000000 46330.0000  2.79%   444  564s
   798   849 46592.7897   69  894 47660.0000 46330.0000  2.79%   444  584s
   848   865 46598.2918   73  850 47660.0000 46330.0000  2.79%   442  597s
   864   874 46601.0402   75  902 47660.0000 46330.0000  2.79%   440  612s
   873   899 46601.1251   76  820 47660.0000 46330.0000  2.79%   442  626s
   898   907 46603.5510   77  867 47660.0000 46330.0000  2.79%   446  650s
H  899   907                    47654.000000 46330.0000  2.78%   446  650s
H  901   907                    47606.000000 46330.0000  2.68%   447  650s
H  906   915                    47592.000000 46330.0000  2.65%   448  666s
H  911   915                    47576.000000 46330.0000  2.62%   448  666s
   914   987 46629.3653   78  978 47576.0000 46330.0000  2.62%   450  684s
   986  1073 46635.6522   82  852 47576.0000 46330.0000  2.62%   442  706s
  1072  1157 46631.3564   87  844 47576.0000 46330.0000  2.62%   427  725s
  1156  1261 46644.2976   93  831 47576.0000 46330.0000  2.62%   418  745s
  1260  1269 46660.1707   96  725 47576.0000 46330.0000  2.62%   405  762s
  1268  1277 46665.7696   97  782 47576.0000 46330.0000  2.62%   404  790s
H 1270  1277                    47568.000000 46330.0000  2.60%   404  790s
  1276  1402 46798.9174   97  813 47568.0000 46330.0000  2.60%   404  812s
  1401  1544 46730.2474  106  665 47568.0000 46330.0000  2.60%   390  833s
  1543  1709 46729.6182  111  673 47568.0000 46330.0000  2.60%   373  854s
  1708  1906 46738.7734  118  560 47568.0000 46330.0000  2.60%   355  878s
  1905  2148 46798.6856  122  587 47568.0000 46330.0000  2.60%   335  901s
  2147  2400 46817.6926  128  669 47568.0000 46330.0000  2.60%   312  924s
  2399  2408 46825.7065  142  580 47568.0000 46330.0000  2.60%   294  952s
H 2400  2408                    47552.000000 46330.0000  2.57%   294  952s
H 2403  2408                    47520.000000 46330.0000  2.50%   294  952s
  2407  2719 46830.9771  142  574 47520.0000 46330.0000  2.50%   294  976s
  2720  3114 46848.3129  157  559 47520.0000 46330.0000  2.50%   274  998s
  3117  3536 46879.8899  176  424 47520.0000 46330.0000  2.50%   252 1021s
  3550  3852 46917.0416  191  423 47520.0000 46330.0000  2.50%   231 1040s
  3900  4038 46952.0000  217  250 47520.0000 46330.0000  2.50%   217 1058s
  4101  4229 46984.8667  245  368 47520.0000 46330.0000  2.50%   214 1082s
  4308  4377 47110.5287  269  445 47520.0000 46330.0000  2.50%   210 1104s
  4456  4531 47155.5690  291  276 47520.0000 46330.0000  2.50%   209 1129s
  4614  4539 47411.3333  316  149 47520.0000 46330.0000  2.50%   209 1150s
H 4616  4536                    47498.000000 46330.0000  2.46%   209 1150s
  4622  4676 47269.3333  317  149 47498.0000 46330.0000  2.46%   209 1176s
  4770  4793 46335.7618   14  986 47498.0000 46330.0000  2.46%   209 1203s
  4891  4852 46342.1555   20 1018 47498.0000 46330.0000  2.46%   210 1233s
  4961  4924 46363.3482   23 1088 47498.0000 46332.6674  2.45%   212 1260s
  5034  4925 46893.8587  165 1125 47498.0000 46332.6674  2.45%   215 1297s
  5036  4926 47131.1175  281  613 47498.0000 46332.6674  2.45%   214 1351s
  5037  4927 46696.4069  163  948 47498.0000 46332.6674  2.45%   214 1397s
  5038  4928 46881.5326  272 1052 47498.0000 46332.6674  2.45%   214 1444s
  5039  4928 46675.4535  144 1050 47498.0000 46332.6674  2.45%   214 1462s
  5040  4929 46772.4041  198 1235 47498.0000 46332.6674  2.45%   214 1485s
  5044  4932 46814.5200  170 1250 47498.0000 46332.6674  2.45%   214 1504s
  5045  4932 46789.1957  204 1253 47498.0000 46332.6674  2.45%   214 1515s
  5048  4934 46649.2320  131 1265 47498.0000 46334.0906  2.45%   214 1520s
  5049  4935 46915.7291  207 1263 47498.0000 46334.0997  2.45%   214 1537s
  5050  4936 46520.5416   61 1219 47498.0000 46336.2171  2.45%   214 1554s
  5051  4936 46580.6693   46 1251 47498.0000 46336.2231  2.45%   214 1570s
  5052  4937 46519.1922   48 1228 47498.0000 46338.2828  2.44%   214 1586s
  5055  4939 46706.4579  134 1274 47498.0000 46338.7972  2.44%   214 1600s
  5056  4940 47295.0370  404 1263 47498.0000 46338.7973  2.44%   214 1608s
  5057  4940 46667.0594   99 1272 47498.0000 46338.8462  2.44%   214 1615s
  5058  4941 47248.1111  414 1267 47498.0000 46338.8462  2.44%   214 1622s
  5059  4942 46493.5262   39 1267 47498.0000 46338.8462  2.44%   213 1697s
  5060  4945 46340.9388   14 1272 47498.0000 46338.8462  2.44%   215 1703s
  5062  4949 46340.9388   15 1266 47498.0000 46339.6743  2.44%   215 1708s
  5066  4955 46341.2523   16 1271 47498.0000 46339.6784  2.44%   215 1711s
  5074  4961 46342.5313   17 1269 47498.0000 46339.8893  2.44%   215 1716s
  5082  4978 46345.5215   18 1178 47498.0000 46339.9079  2.44%   216 1722s
  5102  4979 46346.2646   19 1176 47498.0000 46339.9079  2.44%   216 1729s
  5110  4985 46355.1760   20 1227 47498.0000 46339.9079  2.44%   216 1743s
  5118  4990 46348.0235   20 1244 47498.0000 46339.9079  2.44%   216 1752s
  5126  4995 46355.8911   21 1155 47498.0000 46339.9079  2.44%   216 1755s
  5142  5006 46357.1600   22 1134 47498.0000 46339.9079  2.44%   216 1764s
  5150  5011 46382.3332   22 1216 47498.0000 46339.9079  2.44%   217 1769s
H 5153  4762                    47494.000000 46339.9079  2.43%   217 1769s
  5158  4781 46357.3292   23 1142 47494.0000 46339.9079  2.43%   217 1776s
  5178  4793 46357.6911   24 1101 47494.0000 46339.9079  2.43%   217 1784s
  5197  4807 46359.9884   25 1124 47494.0000 46339.9079  2.43%   218 1789s
  5217  4816 46359.6705   26 1129 47494.0000 46339.9079  2.43%   218 1795s
  5233  4826 46362.0056   27 1141 47494.0000 46339.9079  2.43%   218 1801s
  5248  4832 46362.4875   28 1145 47494.0000 46339.9079  2.43%   218 1809s
  5259  4836 46364.9897   29 1141 47494.0000 46339.9079  2.43%   219 1815s
  5267  4842 46363.7467   29 1146 47494.0000 46339.9079  2.43%   219 1822s
  5276  4848 46365.3368   30 1080 47494.0000 46339.9079  2.43%   219 1826s
  5285  4854 46366.0522   30 1099 47494.0000 46339.9079  2.43%   219 1830s
  5304  4867 46365.4029   31 1085 47494.0000 46339.9079  2.43%   219 1843s
  5313  4875 46367.1183   32 1130 47494.0000 46339.9079  2.43%   220 1848s
  5324  4881 46368.4042   32 1117 47494.0000 46339.9079  2.43%   220 1853s
  5334  4888 46369.5724   33 1103 47494.0000 46339.9079  2.43%   220 1860s
  5344  4895 46369.1992   33 1091 47494.0000 46339.9079  2.43%   220 1868s
  5354  4902 46369.1992   34 1091 47494.0000 46339.9079  2.43%   221 1878s
  5365  4909 46440.9263   34 1031 47494.0000 46339.9079  2.43%   221 1888s
  5375  4916 46369.6501   35 1068 47494.0000 46339.9079  2.43%   221 1893s
  5386  4922 46370.2742   35 1096 47494.0000 46339.9079  2.43%   221 1902s
  5395  4929 46369.9967   36 1060 47494.0000 46339.9079  2.43%   221 1908s
  5405  4935 46377.1574   36 1071 47494.0000 46339.9079  2.43%   222 1915s
  5415  4940 46370.6680   37 1066 47494.0000 46339.9079  2.43%   222 1923s
  5423  4945 46373.4033   37 1053 47494.0000 46339.9079  2.43%   222 1929s
  5431  4951 46374.0128   38  982 47494.0000 46339.9079  2.43%   222 1937s
  5439  4956 46379.1198   38 1078 47494.0000 46339.9079  2.43%   223 1949s
  5447  4961 46376.5631   39 1031 47494.0000 46339.9079  2.43%   223 1961s
  5455  4967 46378.4279   39 1038 47494.0000 46339.9079  2.43%   224 1968s
  5463  4972 46379.5987   40  983 47494.0000 46339.9079  2.43%   224 1977s
  5471  4977 46384.0179   40 1056 47494.0000 46339.9079  2.43%   224 1987s
  5479  4983 46380.6364   41 1007 47494.0000 46339.9079  2.43%   225 1996s
  5487  4988 46387.6081   41 1007 47494.0000 46339.9079  2.43%   225 2004s
  5495  4997 46381.2055   42  967 47494.0000 46339.9079  2.43%   225 2017s
  5507  5003 46380.8941   42 1004 47494.0000 46339.9079  2.43%   225 2027s
  5517  5008 46381.5582   43  975 47494.0000 46339.9079  2.43%   225 2048s
  5525  5014 46383.9138   44  932 47494.0000 46339.9079  2.43%   225 2065s
  5534  5026 46382.8956   44  925 47494.0000 46339.9079  2.43%   225 2077s
  5549  5043 46387.3216   45  978 47494.0000 46339.9079  2.43%   226 2095s
  5571  5059 46387.1158   45  983 47494.0000 46339.9079  2.43%   227 2116s
H 5573  4823                    47492.000000 46339.9079  2.43%   227 2116s
  5594  4855 46387.5907   46  921 47492.0000 46339.9079  2.43%   227 2133s
  5633  4887 46388.4914   48  946 47492.0000 46339.9079  2.43%   229 2152s
  5678  4914 46432.2626   52  866 47492.0000 46339.9079  2.43%   231 2166s
  5720  4949 46398.0429   55  814 47492.0000 46339.9079  2.43%   232 2181s
  5769  4984 46401.6624   57  854 47492.0000 46339.9079  2.43%   234 2197s
  5820  5020 46415.4666   60  771 47492.0000 46339.9079  2.43%   235 2219s
  5873  5055 46413.0648   63  837 47492.0000 46339.9079  2.43%   237 2237s
  5926  5091 46413.1759   66  849 47492.0000 46339.9079  2.43%   238 2259s
  5979  5112 46432.6533   69  806 47492.0000 46339.9079  2.43%   240 2286s
  6018  5150 46439.8391   71  855 47492.0000 46339.9079  2.43%   240 2307s
  6069  5141 46421.5644   76  769 47492.0000 46339.9079  2.43%   242 2327s
H 6075  4916                    47480.000000 46339.9079  2.40%   242 2327s
  6077  4981 46481.1273   76  722 47480.0000 46339.9079  2.40%   242 2355s
  6143  5032 46429.5233   80  796 47480.0000 46339.9079  2.40%   244 2375s
  6216  5086 46453.8723   83  782 47480.0000 46339.9079  2.40%   246 2403s
  6294  5138 46454.1504   89  770 47480.0000 46339.9079  2.40%   248 2433s
  6372  5203 46455.8411   91  769 47480.0000 46339.9079  2.40%   250 2456s
  6463  5181 46497.3234   95  761 47480.0000 46339.9079  2.40%   252 2478s
H 6465  4967                    47436.000000 46339.9079  2.31%   252 2478s
  6471  5066 46472.4694   96  737 47436.0000 46339.9079  2.31%   251 2513s
  6572  5143 46487.5730  101  654 47436.0000 46339.9079  2.31%   253 2549s
  6683  5226 46493.4864  105  774 47436.0000 46339.9079  2.31%   255 2588s
  6803  5339 46513.3580  111  645 47436.0000 46339.9079  2.31%   257 2616s
  6956  5455 46546.5498  119  580 47436.0000 46339.9079  2.31%   258 2654s
  7127  5579 46586.2441  129  573 47436.0000 46339.9079  2.31%   259 2690s
  7312  5526 46602.8898  138  469 47436.0000 46339.9079  2.31%   261 2718s
H 7317  5323                    47404.000000 46339.9079  2.24%   261 2718s
  7320  5435 46597.8215  139  462 47404.0000 46339.9079  2.24%   261 2897s
  7452  5608 46608.8611  150  517 47404.0000 46339.9079  2.24%   261 2929s
  7704  5727 46637.0741  162  500 47404.0000 46339.9079  2.24%   262 2975s
  7939  5906 46650.0044  174  476 47404.0000 46340.9746  2.24%   261 3020s
  8201  5826 46655.8930  189  302 47404.0000 46340.9746  2.24%   261 3048s
H 8206  5631                    47400.000000 46340.9746  2.23%   261 3048s
  8209  5868 46675.8181  189  381 47400.0000 46340.9746  2.23%   261 3092s
  8466  6007 46705.0000  205  280 47400.0000 46340.9746  2.23%   261 3134s
  8710  6163 46699.3290  220  261 47400.0000 46340.9746  2.23%   262 3181s
  8947  6283 46733.6214  233  273 47400.0000 46340.9746  2.23%   262 3230s
  9151  6482 46740.7680  238  415 47400.0000 46340.9746  2.23%   264 3272s
  9425  6663 46763.5559  258  330 47400.0000 46340.9746  2.23%   264 3316s
  9735  6568 46776.9043  282  276 47400.0000 46340.9746  2.23%   264 3349s
H 9740  6370                    47386.000000 46340.9746  2.21%   264 3349s
  9743  6619 46795.0357  282  296 47386.0000 46340.9746  2.21%   264 3393s
 10007  6746 46811.4844  307  271 47386.0000 46340.9746  2.21%   265 3443s
 10274  6794 46867.4370  342  216 47386.0000 46340.9746  2.21%   264 3489s
 10417  6920 46904.4194  360  240 47386.0000 46340.9746  2.21%   266 3542s
 10594  7044 47067.3993  392  213 47386.0000 46340.9746  2.21%   268 3602s
 10785  6988 47108.0247  431  184 47386.0000 46340.9746  2.21%   269 3643s
 10793  7022 47017.8333  432  130 47386.0000 46340.9746  2.21%   269 3686s
 10830  7079 47032.0952  447  189 47386.0000 46340.9746  2.21%   269 3732s
 10899  7208 47071.7222  447  138 47386.0000 46340.9746  2.21%   269 3801s
 11051  7165 47036.8036  448  186 47386.0000 46340.9746  2.21%   271 3855s
 11059  7171 47062.5000  448  183 47386.0000 46340.9746  2.21%   271 3900s
 11067  7176 47104.4167  449  186 47386.0000 46340.9746  2.21%   271 3950s
 11075  7192 47117.8720  449  191 47386.0000 46340.9746  2.21%   272 4013s
 11094  7345 47105.4167  450  188 47386.0000 46340.9746  2.21%   272 4070s
 11281  7466 46371.7930   27 1034 47386.0000 46340.9746  2.21%   271 4131s
 11464  7648 46377.7965   34 1045 47386.0000 46340.9746  2.21%   273 4195s
 11707  7865 46394.7911   43 1077 47386.0000 46340.9746  2.21%   275 4262s
 12005  8144 46479.9252   54  914 47386.0000 46340.9746  2.21%   276 4337s
 12384  8391 46535.6192   61  896 47386.0000 46340.9746  2.21%   276 4429s
 12759  8474 46579.8115   64  843 47386.0000 46340.9746  2.21%   277 4513s
 12981  8479 46626.3878   74  895 47386.0000 46340.9746  2.21%   278 4584s
 13095  8663 46781.2813   84  937 47386.0000 46340.9746  2.21%   279 4660s
 13317  9007 46844.5604   94  848 47386.0000 46340.9746  2.21%   280 4757s
 13743  9272 46952.8898  110  695 47386.0000 46340.9746  2.21%   281 4853s
 14193  9509 47053.7634  126  845 47386.0000 46341.2547  2.20%   280 4951s
 14627  9738 47088.8427  142  632 47386.0000 46341.2547  2.20%   282 5084s
 15021  9926 47234.0906  180  615 47386.0000 46341.2547  2.20%   284 5195s
 15418 10188 infeasible  212      47386.0000 46342.2020  2.20%   286 5313s
 15822 10442 46383.2236   31 1156 47386.0000 46342.2575  2.20%   287 5413s
 16087 10823 46431.7945   35 1122 47386.0000 46342.2575  2.20%   287 5549s
 16512 11272 46533.8783   43 1057 47386.0000 46342.2575  2.20%   289 5688s
 16961 11732 46623.3764   57 1054 47386.0000 46342.2575  2.20%   291 5809s
 17494 12171 46767.0893   68  940 47386.0000 46342.2575  2.20%   291 5937s
 17957 12561 47090.0494   86  914 47386.0000 46342.6271  2.20%   292 6068s
 18386 12991 47204.0614   99  874 47386.0000 46342.6271  2.20%   293 6212s
 18901 13396 46380.8628   22 1121 47386.0000 46342.6271  2.20%   293 6349s
 19338 13718 46516.8143   34 1155 47386.0000 46342.6271  2.20%   295 6483s
 19683 14178 46562.5615   42 1111 47386.0000 46342.6271  2.20%   297 6653s
 20165 14603 46633.8644   51 1084 47386.0000 46342.6271  2.20%   299 6799s
 20659 14971 47151.9341   64 1089 47386.0000 46342.6271  2.20%   298 6928s
 21088 15418 46404.4784   27 1093 47386.0000 46342.6271  2.20%   299 7068s
 21575 15781 46670.7067   77  965 47386.0000 46343.7365  2.20%   301 7213s
 21966 16060 47342.7993  135  750 47386.0000 46343.7365  2.20%   303 7342s
 22289 16477 46788.1342   72  978 47386.0000 46344.6326  2.20%   304 7496s
 22724 16531 46604.0788   45 1040 47386.0000 46344.6326  2.20%   306 7635s
 22778 16927 46679.6080   52 1123 47386.0000 46344.6326  2.20%   306 7801s
 23236 17288 infeasible  122      47386.0000 46344.7447  2.20%   309 7972s
 23632 17827 46723.2583   86  996 47386.0000 46344.7934  2.20%   310 8149s
 24206 17931 46453.7029   32 1060 47386.0000 46344.7934  2.20%   313 8320s
 24324 18429 46554.4926   49  973 47386.0000 46344.7934  2.20%   313 8465s
 24904 18705 47068.7460  127  789 47386.0000 46344.7934  2.20%   314 8625s
 25242 18955 46450.5634   35 1083 47386.0000 46344.7934  2.20%   315 8801s
 25528 19229 46518.1249   47 1040 47386.0000 46344.9151  2.20%   316 8969s
 25851 19493 46664.3774   62 1035 47386.0000 46344.9151  2.20%   319 9149s
 26156 19978 46738.3385   75  977 47386.0000 46344.9151  2.20%   322 9366s
 26675 20432 46870.5410  113  716 47386.0000 46344.9151  2.20%   325 9550s
 27168 20894 46932.3377  152  647 47386.0000 46344.9151  2.20%   326 9711s
 27640 21305 47019.2250  191  628 47386.0000 46344.9151  2.20%   326 9889s
 28129 21614 47148.4173  230  308 47386.0000 46345.2557  2.20%   326 10066s
 28479 21675 46409.7682   35 1113 47386.0000 46345.2557  2.20%   327 10256s
H28503 21666                    47382.000000 46345.2557  2.19%   327 10256s
 28540 22094 46601.4999   38 1042 47382.0000 46345.2557  2.19%   328 10440s
 28998 22526 46575.4784   56  961 47382.0000 46345.5167  2.19%   329 10628s
 29455 22527 47211.8095  124 1125 47382.0000 46345.5167  2.19%   330 11572s
 29457 22528 46778.5973  103  609 47382.0000 46345.5167  2.19%   330 11626s
 29458 22529 46979.1838  101 1191 47382.0000 46345.5167  2.19%   330 11680s
 29459 22530 46609.6188   40 1235 47382.0000 46345.5167  2.19%   330 11733s
 29460 22530 46767.7614   86 1192 47382.0000 46345.5167  2.19%   330 11737s
 29461 22531 46677.0359  102 1189 47382.0000 46361.5535  2.15%   330 11744s
 29462 22532 47339.8126  164 1266 47382.0000 46362.8999  2.15%   330 11747s
 29463 22532 47027.4218  176 1195 47382.0000 46365.1562  2.15%   330 11750s
 29466 22534 47282.7807   83 1272 47382.0000 46365.6241  2.15%   330 11776s
 29467 22535 47145.1684  257 1265 47382.0000 46365.6241  2.15%   330 11840s
 29468 22536 47156.6536  220 1282 47382.0000 46365.6241  2.15%   330 11915s
 29469 22536 47330.4687  362 1264 47382.0000 46365.8846  2.14%   330 11995s
 29472 22538 47248.3365  149 1331 47382.0000 46366.1118  2.14%   330 12063s
 29473 22539 47144.3393  275 1173 47382.0000 46369.6214  2.14%   330 12132s
 29476 22541 46818.1838   84 1270 47382.0000 46369.8894  2.14%   330 12181s
 29477 22542 46521.8025   63 1270 47382.0000 46369.8947  2.14%   330 12247s
 29478 22542 46651.1527   51 1294 47382.0000 46369.8947  2.14%   330 12317s
 29479 22543 47164.4724  238 1258 47382.0000 46369.9103  2.14%   330 12393s
 29480 22544 47251.8867  179 1264 47382.0000 46369.9103  2.14%   330 12466s
 29481 22544 46941.7925   95 1254 47382.0000 46369.9114  2.14%   330 12527s
 29482 22545 46369.9114   25 1254 47382.0000 46369.9114  2.14%   330 12681s
 29483 22549 46369.9474   23 1283 47382.0000 46369.9474  2.14%   330 12773s
 29485 22552 46370.0885   24 1271 47382.0000 46370.0885  2.14%   330 12781s
 29489 22559 46370.5620   25 1208 47382.0000 46370.0911  2.14%   330 12790s
 29497 22564 46380.2265   26 1226 47382.0000 46370.3184  2.14%   330 12797s
 29505 22579 46401.0532   27 1206 47382.0000 46370.4344  2.13%   330 12808s
 29523 22581 46402.8098   28 1182 47382.0000 46370.4344  2.13%   330 12817s
 29531 22587 46403.2996   28 1224 47382.0000 46370.4344  2.13%   330 12826s
 29539 22592 46403.3941   29 1192 47382.0000 46370.4344  2.13%   330 12837s
 29547 22597 46404.8882   29 1160 47382.0000 46370.4344  2.13%   330 12848s
 29555 22603 46408.1209   30 1128 47382.0000 46370.4344  2.13%   331 12857s
 29563 22608 46413.7137   30 1123 47382.0000 46370.4344  2.13%   331 12868s
 29571 22613 46409.5541   31 1174 47382.0000 46370.4344  2.13%   331 12880s
 29579 22619 46413.1794   31 1181 47382.0000 46370.4344  2.13%   331 12888s
 29587 22624 46411.9098   32 1115 47382.0000 46370.4344  2.13%   331 12898s
 29595 22629 46411.7254   32 1167 47382.0000 46370.4344  2.13%   331 12908s
 29603 22635 46415.7627   33 1124 47382.0000 46370.4344  2.13%   331 12916s
 29611 22640 46452.8377   33 1129 47382.0000 46370.4344  2.13%   331 12925s
 29619 22645 46453.6301   34 1127 47382.0000 46370.4344  2.13%   331 12933s
 29627 22651 46495.7376   34 1077 47382.0000 46370.4344  2.13%   331 12944s
 29635 22656 46454.8804   35 1118 47382.0000 46370.4344  2.13%   331 12960s
 29643 22661 46456.1810   35 1136 47382.0000 46370.4344  2.13%   331 12973s
 29651 22667 46459.9717   36 1115 47382.0000 46370.4344  2.13%   331 12984s
 29659 22672 46461.3834   36 1117 47382.0000 46370.4344  2.13%   331 12998s
 29667 22677 46463.1383   37 1089 47382.0000 46370.4344  2.13%   331 13015s
 29675 22684 46476.7527   37 1138 47382.0000 46370.4344  2.13%   331 13031s
 29684 22691 46464.8257   38 1117 47382.0000 46370.4344  2.13%   331 13044s
 29694 22699 46475.2512   38 1183 47382.0000 46370.4344  2.13%   331 13057s
 29706 22703 46464.8257   39 1111 47382.0000 46370.4344  2.13%   331 13066s
 29714 22716 46472.4989   39 1087 47382.0000 46370.4344  2.13%   331 13081s
 29729 22720 46471.0923   41 1147 47382.0000 46370.4344  2.13%   331 13093s
 29738 22731 46495.2648   41 1028 47382.0000 46370.4344  2.13%   331 13107s
 29752 22746 46472.1031   42 1019 47382.0000 46370.4344  2.13%   331 13122s
 29772 22748 46474.9368   43 1029 47382.0000 46370.4344  2.13%   331 13137s
 29781 22762 46477.2062   44 1051 47382.0000 46370.4344  2.13%   331 13169s
 29798 22784 46488.2410   45 1104 47382.0000 46370.4344  2.13%   332 13185s
 29825 22800 46488.6727   47 1061 47382.0000 46370.4344  2.13%   332 13201s
 29850 22820 46487.8373   49  987 47382.0000 46370.4344  2.13%   332 13220s
 29879 22840 46499.0101   51  931 47382.0000 46370.4344  2.13%   332 13240s
 29908 22858 46505.3124   53 1082 47382.0000 46370.4344  2.13%   332 13260s
 29936 22885 46498.4607   55  969 47382.0000 46370.4344  2.13%   332 13281s
 29972 22915 46499.4086   56 1025 47382.0000 46370.4344  2.13%   333 13303s
 30014 22935 46519.9192   60 1036 47382.0000 46370.4344  2.13%   333 13325s
 30048 22958 46558.5719   62 1106 47382.0000 46370.4344  2.13%   333 13352s
 30083 22989 46521.0931   64  960 47382.0000 46370.4344  2.13%   334 13375s
 30125 23017 46530.4150   66 1102 47382.0000 46370.4344  2.13%   334 13401s
 30167 23052 46543.0444   69 1061 47382.0000 46370.4344  2.13%   334 13428s
 30216 23094 46548.6643   72 1031 47382.0000 46370.4344  2.13%   335 13454s
 30275 23132 46555.8770   75 1092 47382.0000 46370.4344  2.13%   335 13485s
 30332 23174 46559.6086   78 1049 47382.0000 46370.4344  2.13%   335 13512s
 30393 23222 46578.5739   83 1056 47382.0000 46370.4344  2.13%   336 13544s
 30462 23271 46631.9461   87  902 47382.0000 46370.4344  2.13%   336 13575s
 30534 23325 46679.8097   90  913 47382.0000 46370.4344  2.13%   337 13608s
 30627 23370 46706.1473   94  759 47382.0000 46370.4344  2.13%   337 13641s
 30709 23432 46706.8701   97  713 47382.0000 46370.5677  2.13%   338 13677s
 30800 23494 46729.5078  102  852 47382.0000 46370.5677  2.13%   338 13715s
 30906 23466 46776.8449  106  841 47382.0000 46370.5677  2.13%   338 13752s
 30914 23472 46965.6106  106  934 47382.0000 46370.5677  2.13%   338 13777s
 30922 23477 46776.9943  107  833 47382.0000 46370.5677  2.13%   338 13810s
H30928 22347                    47378.000000 46370.5677  2.13%   339 13810s
 30930 22466 47002.1286  107  914 47378.0000 46370.5677  2.13%   339 13848s
 31052 22552 46823.0813  112  756 47378.0000 46370.5677  2.13%   339 13892s
 31185 22643 46830.2687  118  732 47378.0000 46370.5677  2.13%   339 13934s
 31347 22692 46836.0497  124  767 47378.0000 46370.5677  2.13%   339 13981s
 31474 22776 46942.7035  128  670 47378.0000 46380.5415  2.11%   340 14029s
 31624 22825 46867.0310  134  773 47378.0000 46380.5415  2.11%   340 14078s
 31773 22857 47225.5034  140  821 47378.0000 46380.5415  2.11%   340 14128s
 31855 22943 46896.0498  147  648 47378.0000 46380.5415  2.11%   341 14185s
 31972 23004 46932.3445  154  608 47378.0000 46380.5415  2.11%   341 14246s
 32114 23069 46989.8225  161  780 47378.0000 46380.5415  2.11%   342 14305s
 32230 23113 47128.7057  171  614 47378.0000 46380.5415  2.11%   342 14553s
 32321 23209 47163.6795  177  691 47378.0000 46380.5415  2.11%   343 14616s
 32455 23300 47177.5187  197  709 47378.0000 46381.4511  2.10%   343 14684s
 32601 23370 47255.1653  226  629 47378.0000 46381.4511  2.10%   344 14750s
 32740 23457 46513.4435   38 1124 47378.0000 46381.4511  2.10%   344 14823s
 32874 23606 46581.6061   41 1154 47378.0000 46381.4511  2.10%   345 14895s
 33072 23743 46702.1661   46 1112 47378.0000 46381.4511  2.10%   346 14972s
 33302 23945 46779.1543   51  963 47378.0000 46381.4511  2.10%   346 15048s
 33601 24057 46804.5351   59  983 47378.0000 46381.4511  2.10%   347 15126s
 33856 24211 46875.2800   78  862 47378.0000 46381.4511  2.10%   347 15202s
 34105 24352 46898.2816   87  895 47378.0000 46381.4511  2.10%   347 15283s
 34342 24536 47054.1296   93  923 47378.0000 46381.4511  2.10%   347 15375s
 34625 24761 46973.7074  108  779 47378.0000 46381.4511  2.10%   347 15476s
 34962 24884 47051.9629  132  681 47378.0000 46381.4511  2.10%   347 15564s
 35233 25021 47087.4179  149  560 47378.0000 46386.0294  2.09%   346 15651s
 35462 25262 47153.1801  190  499 47378.0000 46386.0294  2.09%   347 15741s
 35779 25463 47202.0892  239  468 47378.0000 46386.0294  2.09%   346 15821s
 36120 25565 47233.9276  287  462 47378.0000 46386.0294  2.09%   346 15903s
H36235 24293                    47334.000000 46386.0294  2.00%   346 15903s
 36340 24466 47289.7806  336  402 47334.0000 46386.0294  2.00%   346 15999s
 36614 24501 46466.1027   35 1097 47334.0000 46388.7731  2.00%   346 16075s
 36756 24676 46482.8054   36 1192 47334.0000 46388.7731  2.00%   347 16168s
 37012 24949 46937.3575   54 1092 47334.0000 46388.7731  2.00%   348 16284s
 37395 25184 46505.1896   38 1077 47334.0000 46388.7731  2.00%   348 16385s
 37785 25479 46615.8828   45 1128 47334.0000 46388.7731  2.00%   348 16512s
 38267 25566 46716.8151   55 1178 47334.0000 46390.1683  1.99%   347 16821s
 38556 25716 47053.1743   71  972 47334.0000 46390.1683  1.99%   347 16934s
 38824 25956 46468.1763   35 1151 47334.0000 46390.1683  1.99%   347 17076s
 39200 26106 46713.7684   71  995 47334.0000 46390.1683  1.99%   348 17212s
 39503 26402 46621.6732   37 1169 47334.0000 46391.1489  1.99%   349 17368s
 39936 26537 46780.9752   79 1091 47334.0000 46391.1489  1.99%   349 17517s
 40237 26817 47235.4056  101  997 47334.0000 46391.1489  1.99%   350 17678s
 40678 26956 46600.6935   45 1108 47334.0000 46391.1489  1.99%   351 17820s
 41007 27236 46668.6594   60 1006 47334.0000 46391.1489  1.99%   352 17990s
 41422 27449 46805.6237   79  932 47334.0000 46391.1489  1.99%   353 18167s
 41802 27821 46837.3808   93  880 47334.0000 46392.2001  1.99%   354 18365s
 42312 28119 46892.3005  115  796 47334.0000 46392.2001  1.99%   355 18544s
H42687 26960                    47332.000000 46392.2001  1.99%   355 18544s
 42843 27362 46970.7087  140  607 47332.0000 46392.2001  1.99%   356 18700s
 43367 27637 47048.5450  179  433 47332.0000 46393.8605  1.98%   356 18852s
 43869 27833 47082.9376  218  361 47332.0000 46395.0813  1.98%   356 18994s
 44280 28232 47093.8741  257  369 47332.0000 46395.0813  1.98%   355 19192s
 44862 28476 47100.2000  296  111 47332.0000 46396.6516  1.98%   355 19321s
 45367 28615 47122.8874  335  425 47332.0000 46397.0944  1.98%   355 19444s
 45692 28910 47133.3768  374  395 47332.0000 46397.0944  1.98%   355 19592s
 46136 29140 47138.4347  413  246 47332.0000 46397.0944  1.98%   355 19747s
 46610 29347 47163.4576  452  283 47332.0000 46397.3948  1.97%   356 19895s
 47014 29645 47172.6397  491  269 47332.0000 46397.3948  1.97%   355 20046s
 47587 29849 47195.1216  530  277 47332.0000 46399.3879  1.97%   355 20203s
 48112 30055 47250.5982  569  306 47332.0000 46399.3879  1.97%   355 20368s
 48550 30244 46513.6336   45 1023 47332.0000 46400.3290  1.97%   356 20508s
 48887 30498 46595.6997   64  972 47332.0000 46400.3290  1.97%   356 20662s
 49291 30735 46702.4283   82  769 47332.0000 46400.3350  1.97%   357 20821s
 49669 31143 46775.3667  106  808 47332.0000 46400.3350  1.97%   358 20982s
 50269 31281 46847.7331  135  648 47332.0000 46400.3350  1.97%   359 21134s
 50716 31279 47023.1110  165  514 47332.0000 46400.6339  1.97%   359 21261s
 50907 31570 47118.8428  165  685 47332.0000 46401.3146  1.97%   358 21423s
 51299 31871 47096.2155  204  497 47332.0000 46401.4314  1.97%   359 21584s
 51761 31998 47133.3750  243  398 47332.0000 46401.8530  1.97%   359 21660s

Cutting planes:
  Gomory: 3
  Cover: 16
  Clique: 8
  MIR: 1
  Flow cover: 8
  Inf proof: 2
  Zero half: 24
  Mod-K: 52

Explored 52079 nodes (18682175 simplex iterations) in 21660.39 seconds (34274.12 work units)
Thread count was 8 (of 96 available processors)

Solution count 10: 47332 47334 47378 ... 47492

Time limit reached
Best objective 4.733200000000e+04, best bound 4.640200000000e+04, gap 1.9648%

User-callback calls 4602622, time in user-callback 0.45 sec
LB for instance INCR40 with 20 = 46402, UB = 47332, gap = 0.0196484
