inst=LINE40
r=30
Compute TTP bound for LINE40_30 with TimeLimit 21660
Save file as Instances/TTP/Bound_LINE40_30.txt
Read TTP files
Instance: LINE40, Type: A, Contributor: Hoshino, Kawarabayashi
Date: 0/4/2012
NrTeams = 40, NrRounds =  30
Set parameter TokenServer to value "licgurobi.ugent.be"
Set parameter Threads to value 8
Set parameter TimeLimit to value 21660
Gurobi Optimizer version 12.0.0 build v12.0.0rc1 (linux64 - "Red Hat Enterprise Linux 9.6 (Plow)")

CPU model: AMD EPYC 7552 48-Core Processor, instruction set [SSE2|AVX|AVX2]
Thread count: 96 physical cores, 96 logical processors, using up to 8 threads

Non-default parameters:
TimeLimit  21660
Threads  8

Optimize a model with 2500 rows, 1129480 columns and 3357280 nonzeros
Model fingerprint: 0xd2f86b42
Variable types: 0 continuous, 1129480 integer (1129480 binary)
Coefficient statistics:
  Matrix range     [1e+00, 1e+00]
  Objective range  [2e+00, 2e+02]
  Bounds range     [1e+00, 1e+00]
  RHS range        [1e+00, 2e+01]
Presolve removed 80 rows and 731160 columns
Presolve time: 4.00s
Presolved: 2420 rows, 398320 columns, 1163760 nonzeros
Variable types: 0 continuous, 398320 integer (398320 binary)
Deterministic concurrent LP optimizer: primal simplex, dual simplex, and barrier
Showing barrier log only...

Root barrier log...

Ordering time: 0.01s

Barrier statistics:
 AA' NZ     : 1.906e+04
 Factor NZ  : 1.044e+05 (roughly 80 MB of memory)
 Factor Ops : 1.637e+07 (less than 1 second per iteration)
 Threads    : 6

                  Objective                Residual
Iter       Primal          Dual         Primal    Dual     Compl     Time
   0   5.68108385e+07 -2.79778843e+07  2.19e+03 6.65e+01  5.03e+02     6s
   1   9.67085199e+05 -1.59705671e+07  3.83e+01 1.71e-13  4.60e+01     6s
   2   3.88834432e+04 -6.59952346e+05  1.11e+00 1.28e-13  1.80e+00     6s
   3   8.87243011e+03 -4.93392394e+04  2.66e-14 8.53e-14  1.46e-01     6s
   4   8.20380752e+03 -1.64002780e+04  1.06e-12 8.53e-14  6.17e-02     6s
   5   7.99942826e+03 -9.52515739e+03  8.54e-13 5.68e-14  4.40e-02     6s
   6   7.49488634e+03 -6.23674616e+03  4.37e-13 5.68e-14  3.44e-02     6s
   7   7.26323634e+03 -4.27726590e+03  4.37e-13 5.68e-14  2.89e-02     6s
   8   6.76376639e+03 -1.37387658e+03  4.33e-13 5.68e-14  2.04e-02     6s
   9   6.36008996e+03  6.18405915e+02  2.75e-13 5.68e-14  1.44e-02     6s
  10   5.70874523e+03  2.04664228e+03  2.29e-13 5.68e-14  9.19e-03     6s
  11   5.19475575e+03  4.24544365e+03  1.80e-12 5.68e-14  2.38e-03     6s
  12   5.13356772e+03  4.81202231e+03  2.34e-13 8.53e-14  8.06e-04     6s
  13   5.12348475e+03  4.97215126e+03  6.84e-13 5.68e-14  3.80e-04     6s
  14   5.12183153e+03  5.01588057e+03  8.01e-13 5.68e-14  2.66e-04     6s
  15   5.12006948e+03  5.06726585e+03  4.12e-13 5.68e-14  1.32e-04     7s
  16   5.11961297e+03  5.07409597e+03  5.61e-13 5.68e-14  1.14e-04     7s
  17   5.11865445e+03  5.10067584e+03  4.44e-13 5.68e-14  4.51e-05     7s
  18   5.11834331e+03  5.11115295e+03  3.06e-13 5.68e-14  1.80e-05     7s
  19   5.11694835e+03  5.11530013e+03  5.61e-11 5.68e-14  4.13e-06     7s
  20   5.11674448e+03  5.11669456e+03  2.00e-11 8.53e-14  1.25e-07     7s
  21   5.11673333e+03  5.11673333e+03  2.34e-11 8.53e-14  3.62e-13     7s

Barrier solved model in 21 iterations and 6.73 seconds (9.76 work units)
Optimal objective 5.11673333e+03


Root crossover log...

      37 DPushes remaining with DInf 0.0000000e+00                 7s
       0 DPushes remaining with DInf 0.0000000e+00                 7s

     761 PPushes remaining with PInf 0.0000000e+00                 7s
       0 PPushes remaining with PInf 0.0000000e+00                 7s

  Push phase complete: Pinf 0.0000000e+00, Dinf 5.1811888e-12      7s


Root simplex log...

Iteration    Objective       Primal Inf.    Dual Inf.      Time
     800    5.1167333e+03   0.000000e+00   0.000000e+00      7s
Concurrent spin time: 0.39s (can be avoided by choosing Method=3)

Solved with barrier
     800    5.1167333e+03   0.000000e+00   0.000000e+00      7s

Use crossover to convert LP symmetric solution to basic solution...

Root crossover log...

       0 DPushes remaining with DInf 0.0000000e+00                 7s

     221 PPushes remaining with PInf 0.0000000e+00                 7s
       0 PPushes remaining with PInf 0.0000000e+00                 7s

  Push phase complete: Pinf 0.0000000e+00, Dinf 1.0489165e-11      7s


Root simplex log...

Iteration    Objective       Primal Inf.    Dual Inf.      Time
    1228    5.1167333e+03   0.000000e+00   0.000000e+00      7s

Root relaxation: objective 5.116733e+03, 1228 iterations, 2.35 seconds (1.73 work units)

    Nodes    |    Current Node    |     Objective Bounds      |     Work
 Expl Unexpl |  Obj  Depth IntInf | Incumbent    BestBd   Gap | It/Node Time

     0     0 5116.73333    0  855          - 5116.73333      -     -    9s
H    0     0                    13222.000000 5116.73333  61.3%     -    9s
H    0     0                    5446.0000000 5116.73333  6.05%     -   10s
H    0     0                    5432.0000000 5116.73333  5.80%     -   13s
H    0     0                    5348.0000000 5116.73333  4.32%     -   14s
H    0     0                    5276.0000000 5116.73333  3.02%     -   15s
H    0     0                    5274.0000000 5116.73333  2.98%     -   20s
H    0     0                    5268.0000000 5116.73333  2.87%     -   21s
H    0     0                    5260.0000000 5116.73333  2.72%     -   23s
H    0     0                    5256.0000000 5116.73333  2.65%     -   25s
H    0     0                    5252.0000000 5116.73333  2.58%     -   27s
     0     0 5116.73333    0  966 5252.00000 5116.73333  2.58%     -   39s
H    0     0                    5242.0000000 5116.73333  2.39%     -   54s
H    0     0                    5228.0000000 5116.73333  2.13%     -   76s
H    0     0                    5224.0000000 5116.73333  2.05%     -   76s
     0     0 5116.73333    0  774 5224.00000 5116.73333  2.05%     -   88s
     0     0 5116.73333    0  821 5224.00000 5116.73333  2.05%     -   99s
     0     0 5116.73333    0  882 5224.00000 5116.73333  2.05%     -  101s
     0     0 5116.73333    0  832 5224.00000 5116.73333  2.05%     -  104s
     0     0 5116.73333    0  891 5224.00000 5116.73333  2.05%     -  106s
     0     0 5116.73333    0  686 5224.00000 5116.73333  2.05%     -  109s
     0     0 5116.73333    0  769 5224.00000 5116.73333  2.05%     -  111s
     0     0 5116.73333    0  792 5224.00000 5116.73333  2.05%     -  115s
     0     0 5116.73333    0  868 5224.00000 5116.73333  2.05%     -  117s
     0     0 5116.73333    0  774 5224.00000 5116.73333  2.05%     -  121s
     0     0 5116.73333    0  774 5224.00000 5116.73333  2.05%     -  122s
     0     2 5118.00000    0  774 5224.00000 5118.00000  2.03%     -  157s
     3     8 5118.00000    2  963 5224.00000 5118.00000  2.03%  1543  162s
     7    16 5118.00000    3  969 5224.00000 5118.00000  2.03%   909  165s
    23    56 5118.00000    5 1095 5224.00000 5118.00000  2.03%   414  175s
    55   124 5118.00000    8 1053 5224.00000 5118.00000  2.03%   292  186s
   123   262 5118.00000   13 1020 5224.00000 5118.00000  2.03%   225  208s
H  135   262                    5210.0000000 5118.00000  1.77%   215  208s
H  186   262                    5208.0000000 5118.00000  1.73%   203  208s
   261   548 5118.00000   27  998 5208.00000 5118.00000  1.73%   197  252s
H  547   556                    5188.0000000 5118.00000  1.35%   183  353s
H  551   556                    5186.0000000 5118.00000  1.31%   182  353s
H  553   556                    5178.0000000 5118.00000  1.16%   182  353s
   555   674 5118.00000   50 1032 5178.00000 5118.00000  1.16%   182  427s
H  607   674                    5176.0000000 5118.00000  1.12%   180  427s
   673   824 5118.00000   59 1065 5176.00000 5118.00000  1.12%   178  521s
H  757   824                    5174.0000000 5118.00000  1.08%   179  521s
   823  1434 5118.00000   72 1081 5174.00000 5118.00000  1.08%   179  641s
  1433  1933 5118.48978  124 1308 5174.00000 5118.00000  1.08%   199  740s
  1932  2441 5119.73333  170 1057 5174.00000 5118.00000  1.08%   219  838s
H 2001  2441                    5170.0000000 5118.00000  1.01%   219  838s
  2440  2905 5120.81573  225  979 5170.00000 5118.00000  1.01%   222  928s
  2904  3349 5125.09017  270  943 5170.00000 5118.00000  1.01%   228 1009s
  3348  3847 5127.07579  335  896 5170.00000 5118.00000  1.01%   235 1099s
H 3572  3847                    5168.0000000 5118.00000  0.97%   235 1099s
  3846  4332 5128.61312  408  952 5168.00000 5118.00000  0.97%   233 1180s
  4331  4886 5129.67180  481  939 5168.00000 5118.00000  0.97%   234 1260s
  4885  5415 5131.95352  555  953 5168.00000 5118.00000  0.97%   229 1333s
  5414  5963 5132.76715  631  819 5168.00000 5118.00000  0.97%   225 1407s
  5962  6529 5134.67445  701  819 5168.00000 5118.00000  0.97%   221 1477s
  6528  7089 5135.48982  778  751 5168.00000 5118.00000  0.97%   213 1545s
  7088  7710 5137.69903  851  729 5168.00000 5118.00000  0.97%   207 1613s
  7710  7711 5118.00000  138  774 5168.00000 5118.00000  0.97%   199 1659s
  7712  7712 5119.40037  223  683 5168.00000 5118.00000  0.97%   199 1701s
H 7712  7326                    5164.0000000 5118.00000  0.89%   199 1719s
  7713  7327 5118.67307  116  807 5164.00000 5118.00000  0.89%   199 1727s
  7714  7328 5131.41288  407  784 5164.00000 5118.00000  0.89%   199 1758s
  7715  7328 5121.59993  344  637 5164.00000 5118.00000  0.89%   199 1776s
  7716  7329 5130.15356  557  734 5164.00000 5118.00000  0.89%   198 1816s
  7717  7330 5118.00000   80  777 5164.00000 5118.00000  0.89%   198 1821s
  7718  7330 5119.99866  270  831 5164.00000 5118.00000  0.89%   198 1837s
  7720  7332 5135.96279  799  795 5164.00000 5118.00000  0.89%   198 1855s
  7723  7334 5118.00000  119  747 5164.00000 5118.00000  0.89%   198 1861s
  7725  7335 5118.00000   33  757 5164.00000 5118.00000  0.89%   198 1865s
H 7726  6969                    5158.0000000 5118.00000  0.78%   198 1926s
  7727  6969 5125.05910  477  757 5158.00000 5118.00000  0.78%   198 1976s
  7728  6973 5118.00000   16  920 5158.00000 5118.00000  0.78%   209 2160s
  7734  6983 5118.00000   18 1013 5158.00000 5118.00000  0.78%   209 2166s
  7750  7015 5118.00000   20 1023 5158.00000 5118.00000  0.78%   209 2181s
  7779  7085 5118.00000   22 1070 5158.00000 5118.00000  0.78%   209 2200s
  7859  7093 5118.00000   26  973 5158.00000 5118.00000  0.78%   209 2237s
  7894  7217 5118.00000   32  888 5158.00000 5118.00000  0.78%   210 2277s
  8029  7593 5118.00000   44  897 5158.00000 5118.00000  0.78%   212 2369s
  8450  7844 5118.00000   75  750 5158.00000 5118.00000  0.78%   215 2476s
  8842  8117 5118.00000  103  650 5158.00000 5118.00000  0.78%   221 2589s
H 9245  7641                    5156.0000000 5118.00000  0.74%   228 2689s
H 9248  7309                    5142.0000000 5118.00000  0.47%   228 2689s
  9253  7812 5119.22806  127  638 5142.00000 5118.00000  0.47%   228 2833s
  9758  7645 5118.63889  112  774 5142.00000 5118.00000  0.47%   239 2867s
  9760  7646 5118.00000  100  755 5142.00000 5118.00000  0.47%   239 2894s
  9761  7647 5118.66667  125 1081 5142.00000 5118.00000  0.47%   239 2908s
  9762  7648 5118.00000   28 1146 5142.00000 5118.00000  0.47%   239 2934s
  9763  7648 5125.00000  156  815 5142.00000 5118.00000  0.47%   238 2941s
  9764  7649 5118.33333   98  828 5142.00000 5118.00000  0.47%   238 2960s
  9765  7650 5118.00000   83  926 5142.00000 5118.00000  0.47%   238 2965s
  9766  7650 5119.42484   91 1057 5142.00000 5118.00000  0.47%   238 2976s
  9768  7652 5119.70370  120  931 5142.00000 5118.00000  0.47%   238 2989s
  9769  7652 5118.00000   55  881 5142.00000 5118.00000  0.47%   238 2992s
  9771  7654 5119.97400  149  896 5142.00000 5118.00000  0.47%   238 2995s
  9773  7655 5118.00000   88  927 5142.00000 5118.00000  0.47%   238 3000s
  9777  7658 5118.00000   76  791 5142.00000 5118.00000  0.47%   238 3006s
H 9777  7274                    5140.0000000 5118.00000  0.43%   238 3024s
H 9777  6910                    5138.0000000 5118.00000  0.39%   238 3040s
H 9777  6564                    5136.0000000 5118.00000  0.35%   238 3085s
  9778  6564 5118.00000   28  791 5136.00000 5118.00000  0.35%   238 3098s
  9781  6567 5118.00000   34  721 5136.00000 5118.00000  0.35%   246 3118s
  9782  6568 5119.66667  156  915 5136.00000 5118.00000  0.35%   246 3128s
  9783  6569 5118.00000   70  992 5136.00000 5118.00000  0.35%   246 3140s
  9784  6569 5118.00000   39  849 5136.00000 5118.00000  0.35%   246 3146s
  9785  6570 5120.44444  132  938 5136.00000 5118.00000  0.35%   246 3161s
  9787  6571 5119.73477  119  930 5136.00000 5118.00000  0.35%   246 3170s
  9789  6573 5121.51852  140  940 5136.00000 5118.00000  0.35%   246 3178s
  9790  6573 5118.00000   44  934 5136.00000 5118.00000  0.35%   246 3180s
H 9792  6246                    5130.0000000 5118.00000  0.23%   245 3209s
  9793  6246 5118.00000   43  825 5130.00000 5118.00000  0.23%   245 3250s
  9796  6249 5118.00000   23  761 5130.00000 5118.00000  0.23%   251 3269s
  9797  6250 5118.00000   55 1013 5130.00000 5118.00000  0.23%   251 3280s
  9798  6251 5118.53509   76 1016 5130.00000 5118.00000  0.23%   251 3292s
  9800  6252 5118.00000  133  909 5130.00000 5118.00000  0.23%   251 3300s
  9801  6253 5118.65508   83  839 5130.00000 5118.00000  0.23%   250 3305s
  9803  6254 5120.87596  122  890 5130.00000 5118.00000  0.23%   250 3310s
  9805  6255 5118.00000   49  787 5130.00000 5118.00000  0.23%   250 3315s
  9810  6259 5120.54121   74  834 5130.00000 5118.00000  0.23%   250 3320s
  9815  6262 5118.00000   61  630 5130.00000 5118.00000  0.23%   250 3372s
  9816  6266 5118.00000   53  725 5130.00000 5118.00000  0.23%   259 3375s
  9838  6313 5118.00000   57  930 5130.00000 5118.00000  0.23%   259 3380s
  9873  6351 5118.00000   59  959 5130.00000 5118.00000  0.23%   259 3385s
  9922  6420 5118.00000   62  922 5130.00000 5118.00000  0.23%   259 3394s
 10008  6400 5118.00000   67 1056 5130.00000 5118.00000  0.23%   260 3423s
 10016  6405 5118.00000   68 1051 5130.00000 5118.00000  0.23%   260 3453s
 10024  6410 5118.00000   68  998 5130.00000 5118.00000  0.23%   260 3485s
 10032  6572 5118.00000   69  996 5130.00000 5118.00000  0.23%   260 3518s
 10196  6942 5118.00000   75 1084 5130.00000 5118.00000  0.23%   261 3566s
 10621  7299 5118.00000  100  984 5130.00000 5118.00000  0.23%   271 3626s
 11120  7586 5118.00000  124  978 5130.00000 5118.00000  0.23%   283 3687s
 11573  8100 5118.00000  148  906 5130.00000 5118.00000  0.23%   292 3755s
 12238  8749 5119.57113  186  576 5130.00000 5118.00000  0.23%   303 3816s
 13190  9168 5120.76151  228  493 5130.00000 5118.00000  0.23%   310 3864s
 14137  9552 5123.43333  276  533 5130.00000 5118.00000  0.23%   313 3904s
 15142  9574 5118.00000   76  716 5130.00000 5118.00000  0.23%   316 3938s
 15725  9499 5118.00000   94  718 5130.00000 5118.00000  0.23%   316 3973s
 15915  9488 5118.00000  103  592 5130.00000 5118.00000  0.23%   315 4012s
H15916  8356                    5128.0000000 5118.00000  0.20%   315 4012s
 15969  8912 5118.00000  104  603 5128.00000 5118.00000  0.20%   315 4044s
 16638  8687 5121.62534  200  774 5128.00000 5118.00000  0.20%   315 4053s
 16640  8688 5119.15152  178  740 5128.00000 5118.00000  0.20%   314 4066s
 16641  8689 5118.00000   77  824 5128.00000 5118.00000  0.20%   314 4075s
 16643  8690 5118.36111  179  850 5128.00000 5118.00000  0.20%   314 4082s
 16644  8691 5118.92272  152  847 5128.00000 5118.00000  0.20%   314 4086s
 16646  8692 5118.00000  104  900 5128.00000 5118.00000  0.20%   314 4092s
 16648  8694 5123.21359  259  900 5128.00000 5118.00000  0.20%   314 4096s
 16651  8696 5118.00000  129  822 5128.00000 5118.00000  0.20%   314 4110s
 16653  8697 5121.64198  215  762 5128.00000 5118.00000  0.20%   314 4115s
 16659  8701 5121.28889  181  778 5128.00000 5118.00000  0.20%   314 4157s
 16660  8705 5118.00000   64  919 5128.00000 5118.00000  0.20%   318 4211s
 16682  8744 5118.00000   68  926 5128.00000 5118.00000  0.20%   318 4216s
 16709  8798 5118.00000   70  958 5128.00000 5118.00000  0.20%   318 4220s
 16772  8897 5118.00000   75  918 5128.00000 5118.00000  0.20%   318 4228s
 16892  9071 5118.00000   82  892 5128.00000 5118.00000  0.20%   318 4245s
 17106  9364 5118.00000   94  895 5128.00000 5118.00000  0.20%   319 4275s
 17470  9679 5118.00000  112  787 5128.00000 5118.00000  0.20%   320 4313s
 17906  9949 5118.23865  138  697 5128.00000 5118.00000  0.20%   324 4352s
 18322 10408 5121.23050  164  785 5128.00000 5118.00000  0.20%   329 4391s
 18985 10801 5122.39413  208  471 5128.00000 5118.00000  0.20%   334 4427s
 19708 10568 5124.66667  291  215 5128.00000 5118.00000  0.20%   338 4457s
 19716 10850 5125.11111  291  181 5128.00000 5118.00000  0.20%   338 4488s
 20099 11274 5124.66667  320  215 5128.00000 5118.00000  0.20%   338 4519s
 20812 11500 5125.00000  445  241 5128.00000 5118.00000  0.20%   340 4546s
 21419 11590 5118.00000   88  955 5128.00000 5118.00000  0.20%   340 4573s
 21907 11960 5118.00000  103  835 5128.00000 5118.00000  0.20%   344 4599s
 22549 12186 5118.00000  123  654 5128.00000 5118.00000  0.20%   343 4624s
 23086 12425 5118.66667  145  317 5128.00000 5118.00000  0.20%   343 4647s
 23547 12999 5119.81481  180  308 5128.00000 5118.00000  0.20%   344 4677s
 24424 13157 5121.62963  314  214 5128.00000 5118.00000  0.20%   343 4691s
 24990 13442 5123.33333  435  214 5128.00000 5118.00000  0.20%   341 4703s
 25554 13847 5123.60327  571  414 5128.00000 5118.00000  0.20%   339 4714s
 26195 14128 5124.33333  735  209 5128.00000 5118.00000  0.20%   336 4724s
 26821 14234 5125.33333  946  265 5128.00000 5118.00000  0.20%   332 4733s
 27209 14373 5118.00000   83  797 5128.00000 5118.00000  0.20%   331 4742s
 27598 14542 5118.00000  104  917 5128.00000 5118.00000  0.20%   331 4753s
 27996 14837 5119.81969  115  823 5128.00000 5118.00000  0.20%   330 4763s
 28508 15100 5121.11111  135  655 5128.00000 5118.00000  0.20%   328 4774s
 28987 15359 5125.22222  194  531 5128.00000 5118.00000  0.20%   328 4791s
 29559 15176 5118.00000   94  834 5128.00000 5118.00000  0.20%   326 4803s
 29567 15205 5118.60421   95  848 5128.00000 5118.00000  0.20%   326 4814s
 29601 15272 5119.03152   96  764 5128.00000 5118.00000  0.20%   326 4826s
 29688 15318 5119.29796   97  803 5128.00000 5118.00000  0.20%   327 4839s
 29785 15448 5120.05125  101  840 5128.00000 5118.00000  0.20%   327 4851s
 30018 15640 5118.00000   80  870 5128.00000 5118.00000  0.20%   328 4864s
 30400 15683 5119.03413   98  689 5128.00000 5118.00000  0.20%   329 4939s
 30675 15965 5120.07989  110  693 5128.00000 5118.00000  0.20%   329 4954s
 31201 16210 5118.02800   84  859 5128.00000 5118.00000  0.20%   329 4970s
 31801 16599 5120.48315  105  746 5128.00000 5118.00000  0.20%   328 4987s
 32597 16815 5118.00000   82  940 5128.00000 5118.00000  0.20%   326 5002s
 33311 16948 5118.00000  101  713 5128.00000 5118.00000  0.20%   324 5018s
 33682 17299 5118.76190  125  419 5128.00000 5118.00000  0.20%   324 5035s
 34218 17837 5120.00000  148  408 5128.00000 5118.00000  0.20%   324 5053s
 34950 18150 5121.74603  178  460 5128.00000 5118.00000  0.20%   322 5071s
 35578 18622 5122.77813  212  516 5128.00000 5118.00000  0.20%   322 5091s
 36314 19090 5125.22222  269  280 5128.00000 5118.00000  0.20%   321 5112s
 37102 19439 5119.29697  150  472 5128.00000 5118.00000  0.20%   319 5132s
 37808 19571 5118.00000   92  857 5128.00000 5118.00000  0.20%   318 5152s
 38237 20150 5118.00000  110  795 5128.00000 5118.00000  0.20%   320 5641s
 39136 20496 5118.65468  141  561 5128.00000 5118.00000  0.20%   322 5670s
 39812 21196 5120.20396  174  530 5128.00000 5118.00000  0.20%   324 5702s
 40812 21771 5120.92315  214  659 5128.00000 5118.00000  0.20%   324 5733s
 42010 22218 5124.54321  250  421 5128.00000 5118.00000  0.20%   326 5762s
 43302 22821 5121.41020  282  623 5128.00000 5118.00000  0.20%   324 5787s
 44326 23754 5121.53725  306  490 5128.00000 5118.00000  0.20%   323 5812s
 45329 24553 5121.91053  335  481 5128.00000 5118.00000  0.20%   321 5833s
 46197 24658 5122.00000  379  230 5128.00000 5118.00000  0.20%   320 5863s
 46309 24666 5122.00000  386  186 5128.00000 5118.00000  0.20%   320 5884s
 46317 25230 5122.27087  386  353 5128.00000 5118.00000  0.20%   320 5906s
 46996 25806 5122.65569  415  393 5128.00000 5118.00000  0.20%   320 5931s
 47589 27095 5122.66667  474  229 5128.00000 5118.00000  0.20%   319 5956s
 48928 27194 5122.66667  541  196 5128.00000 5118.00000  0.20%   316 5979s
 49027 27929 5122.81126  541  390 5128.00000 5118.00000  0.20%   315 6000s
 49777 29217 5122.66667  569  174 5128.00000 5118.00000  0.20%   313 6024s
 51147 29911 5122.66667  633  157 5128.00000 5118.00000  0.20%   309 6046s
 51855 30639 5122.66667  689  197 5128.00000 5118.00000  0.20%   310 6068s
 52660 31333 5122.66667  744  221 5128.00000 5118.00000  0.20%   310 6091s
 53488 31885 5122.78630  804  462 5128.00000 5118.00000  0.20%   310 6124s
 54182 32788     cutoff  870      5128.00000 5118.00000  0.20%   311 6162s
 55329 33452 5123.40741  981  223 5128.00000 5118.00000  0.20%   313 6191s
 56237 34627 5118.00000   85  943 5128.00000 5118.00000  0.20%   314 6218s
 57673 35506 5118.00000  105  787 5128.00000 5118.00000  0.20%   313 6241s
 58615 36230 5118.66667  156  595 5128.00000 5118.00000  0.20%   312 6262s
 59481 36730 5118.00000   91  842 5128.00000 5118.00000  0.20%   312 6283s
 60283 37574 5118.00000  130  301 5128.00000 5118.00000  0.20%   311 6304s
 61161 38496 5119.78861  206  661 5128.00000 5118.00000  0.20%   310 6326s
 62129 39630 5121.07528  389  616 5128.00000 5118.00000  0.20%   309 6347s
 63312 40702 5124.55556  552  416 5128.00000 5118.00000  0.20%   306 6368s
 64473 41553 5120.74074  719  213 5128.00000 5118.00000  0.20%   303 6388s
 65425 42387 5122.97835  863  387 5128.00000 5118.00000  0.20%   302 6408s
 66402 43155 5118.41184   95  923 5128.00000 5118.00000  0.20%   300 6428s
 67231 43738 5118.00000   80  931 5128.00000 5118.00000  0.20%   300 6446s
 67898 44339 5119.01481  103  716 5128.00000 5118.00000  0.20%   300 6464s
 68568 45633 5123.90338  167  627 5128.00000 5118.00000  0.20%   299 6494s
 69900 46350 5118.00000  101  840 5128.00000 5118.00000  0.20%   297 6509s
 70675 47020 5118.00000  123  506 5128.00000 5118.00000  0.20%   296 6525s
 71360 47793 5119.23849  149  626 5128.00000 5118.00000  0.20%   295 6541s
 72211 48328 5119.16667  182  183 5128.00000 5118.00000  0.20%   294 6558s
 72790 49043 5121.68637  214  623 5128.00000 5118.00000  0.20%   294 6576s
 73603 49673 5118.00000   89  962 5128.00000 5118.00000  0.20%   293 6594s
 74272 50463 5118.06977  130  965 5128.00000 5118.00000  0.20%   293 6613s
 75141 51126 5121.03680  221  582 5128.00000 5118.00000  0.20%   292 6631s
 75847 51597 5118.00000   96  824 5128.00000 5118.00000  0.20%   292 6648s
 76378 52258 5118.16017   97  978 5128.00000 5118.00000  0.20%   292 6668s
 77060 53135 5119.99459  146  667 5128.00000 5118.00000  0.20%   292 6687s
 77995 53992 5123.59722  330  415 5128.00000 5118.00000  0.20%   291 6707s
 78921 54959 5118.00000  122  525 5128.00000 5118.00000  0.20%   290 6727s
 79927 55945 5121.51922  260  532 5128.00000 5118.00000  0.20%   288 6747s
 80950 56646 5118.96296  100  845 5128.00000 5118.00000  0.20%   287 6765s
 81717 57455 5121.00396  108  863 5128.00000 5118.00000  0.20%   286 6784s
 82658 57983 5118.00000  110  784 5128.00000 5118.00000  0.20%   286 6802s
 83195 59333 5119.45048  183  933 5128.00000 5118.00000  0.20%   286 6829s
 84624 59733 5118.00000  106  806 5128.00000 5118.00000  0.20%   284 6843s
 85085 60144 5121.78631  163  727 5128.00000 5118.00000  0.20%   284 6859s
 85540 60589 5118.00000   84  972 5128.00000 5118.00000  0.20%   285 6877s
 86011 61202 5118.00000  101  665 5128.00000 5118.00000  0.20%   285 6901s
 86692 61828 5118.00000  119  608 5128.00000 5118.00000  0.20%   285 6921s
 87364 62150 5118.12893  134  605 5128.00000 5118.00000  0.20%   285 6943s
 87785 63236 5118.24566  148  549 5128.00000 5118.00000  0.20%   286 6968s
 88928 64258 5119.59933  174  437 5128.00000 5118.00000  0.20%   285 6990s
 89990 64962 5119.84576  201  489 5128.00000 5118.00000  0.20%   284 7011s
 90750 65319 5119.92480  223  604 5128.00000 5118.00000  0.20%   284 7032s
 91129 65941 5120.00000  241  316 5128.00000 5118.00000  0.20%   285 7055s
 91880 66524 5120.49290  266  450 5128.00000 5118.00000  0.20%   286 7078s
 92532 67194 5120.90723  294  537 5128.00000 5118.00000  0.20%   287 7100s
 93273 67902 5121.79910  332  467 5128.00000 5118.00000  0.20%   287 7123s
 94067 68628 5122.43192  384  432 5128.00000 5118.00000  0.20%   287 7147s
 95012 69445 5123.81518  455  483 5128.00000 5118.00000  0.20%   287 7171s
 96168 70007 5118.00000   93  908 5128.00000 5118.00000  0.20%   287 7192s
 96756 71014 5120.80193  135  802 5128.00000 5118.00000  0.20%   287 7215s
 97877 71639 5118.00000  104  842 5128.00000 5118.00000  0.20%   286 7241s
 98574 72444 5119.67417  104  987 5128.00000 5118.00000  0.20%   287 7269s
 99542 73360 5118.00000  109  675 5128.00000 5118.00000  0.20%   287 7296s
 100458 74438 5118.21917  209  607 5128.00000 5118.00000  0.20%   286 7322s
 101615 75199 5125.59937  317  379 5128.00000 5118.00000  0.20%   285 7343s
 102427 76043 5125.51167  147  728 5128.00000 5118.00000  0.20%   285 7365s
 103347 76953 5118.32468  142  788 5128.00000 5118.00000  0.20%   285 7386s
 104286 77860 5122.60070  241  730 5128.00000 5118.00000  0.20%   284 7408s
 105281 78324 5118.29603  127  795 5128.00000 5118.00000  0.20%   283 7428s
 105757 79098 5123.77778  251  397 5128.00000 5118.00000  0.20%   283 7450s
 106599 79901 5125.96141   94  806 5128.00000 5118.00000  0.20%   283 7472s
 107504 80522 5118.76535  151  882 5128.00000 5118.00000  0.20%   283 7492s
 108161 81408 5122.86079  218  787 5128.00000 5118.00000  0.20%   283 7514s
 109130 82132 5124.34291  126  909 5128.00000 5118.00000  0.20%   283 7534s
 109936 82719 5119.30835  147  886 5128.00000 5118.00000  0.20%   283 7555s
 110562 83566 5122.69949  240  630 5128.00000 5118.00000  0.20%   283 7576s
 111535 84183 5118.00000  108 1036 5128.00000 5118.00000  0.20%   283 7598s
 112192 84683 5118.44444  149  734 5128.00000 5118.00000  0.20%   282 7619s
 112754 84977     cutoff  215      5128.00000 5118.00000  0.20%   283 7667s
 113102 86098 5118.00000  111  731 5128.00000 5118.00000  0.20%   283 7717s
 114271 88140 5120.82540  193  492 5128.00000 5118.00000  0.20%   284 7761s
 116507 88609 5121.42266  116  743 5128.00000 5118.00000  0.20%   283 7782s
 117074 89267 5119.68216  126  879 5128.00000 5118.00000  0.20%   284 7804s
 117794 90017 5124.40306  242  662 5128.00000 5118.00000  0.20%   284 7828s
 118684 90471 5121.84877  135  873 5128.00000 5118.00000  0.20%   285 7850s
 119214 90883 5122.04707  122  770 5128.00000 5118.00000  0.20%   286 7875s
 119653 91449 5125.47451  234  578 5128.00000 5118.00000  0.20%   286 7901s
 120239 92534 5118.60167  155  812 5128.00000 5118.00000  0.20%   286 7930s
 121329 93339 5120.95430  327  670 5128.00000 5118.00000  0.20%   286 7956s
 122282 94184 5118.00000  120  866 5128.00000 5118.00000  0.20%   286 7980s
 123236 94559 5125.53670  189  714 5128.00000 5118.00000  0.20%   286 8005s
 123657 95259 5118.00000  102  769 5128.00000 5118.00000  0.20%   286 8030s
 124406 95267 5121.27414  232  721 5128.00000 5118.00000  0.20%   287 8056s
 124414 95478 5121.32947  233  737 5128.00000 5118.00000  0.20%   287 8085s
 124669 96243 5118.00000  104  960 5128.00000 5118.00000  0.20%   287 8114s
 125623 97155 5118.53025  164  805 5128.00000 5118.00000  0.20%   286 8139s
 126564 98377 5120.64322  280  723 5128.00000 5118.00000  0.20%   286 8167s
 127869 99182 5118.00000   78  910 5128.00000 5118.00000  0.20%   285 8194s
 128721 99678 5119.19208  140 1060 5128.00000 5118.00000  0.20%   285 8219s
 129246 99780 5121.76295  202  743 5128.00000 5118.00000  0.20%   285 8253s
 129367 100314 5121.79327  203  721 5128.00000 5118.00000  0.20%   285 8284s
H129576 82299                    5126.0000000 5118.00000  0.16%   285 8284s
 129997 83402 5124.00229  267  816 5126.00000 5118.00000  0.16%   285 8319s
 131325 83403 5118.00000   98  774 5126.00000 5118.00000  0.16%   285 8331s
 131327 83404 5123.66667  108  695 5126.00000 5118.00000  0.16%   285 8340s
 131328 83405 5120.74528   98  930 5126.00000 5118.00000  0.16%   285 8345s
 131330 83406 5120.47972  174  912 5126.00000 5118.00000  0.16%   285 8350s
 131333 83408 5121.94611  350  722 5126.00000 5118.00000  0.16%   285 8356s
 131336 83410 5120.66722  329  888 5126.00000 5118.00000  0.16%   285 8361s
H131337 79240                    5123.9999981 5118.00000  0.12%   285 8368s
 131338 79241 5123.44734  164  747 5124.00000 5118.00000  0.12%   285 8386s
 131341 79244 5118.00000  105  676 5124.00000 5118.00000  0.12%   285 8391s
 131342 79245 5120.00000  133  806 5124.00000 5118.00000  0.12%   285 8395s
 131347 79248 5123.66667  613  939 5124.00000 5118.00000  0.12%   285 8400s
 131352 79252 5120.99631  175  719 5124.00000 5118.00000  0.12%   285 8423s
 131353 79255 5118.00000   90  620 5124.00000 5118.00000  0.12%   285 8425s
 131461 79416 5118.00000   99  792 5124.00000 5118.00000  0.12%   285 8431s
 131552 79619 5118.00000  105  749 5124.00000 5118.00000  0.12%   285 8437s
 131785 79956 5118.00000  119  787 5124.00000 5118.00000  0.12%   285 8449s
 132216 79820     cutoff  146      5124.00000 5118.00000  0.12%   285 8465s
 132225 79968 5118.87407  147  970 5124.00000 5118.00000  0.12%   285 8479s
 132376 80222 5118.00000  159  972 5124.00000 5118.00000  0.12%   285 8497s
 132683 80507 5118.17187  176  908 5124.00000 5118.00000  0.12%   286 8516s
 133090 80814 5118.97119  205  814 5124.00000 5118.00000  0.12%   286 8533s
 133572 81162 5119.39145  241  611 5124.00000 5118.00000  0.12%   287 8552s
 134221 81332 5120.77342  291  544 5124.00000 5118.00000  0.12%   288 8568s
 134791 81546 5118.00000  116  701 5124.00000 5118.00000  0.12%   288 8583s
 135294 81800 5118.00000  140  698 5124.00000 5118.00000  0.12%   288 8599s
 135717 82208 5118.99299  164  819 5124.00000 5118.00000  0.12%   288 8614s
 136293 82587 5120.25778  227  588 5124.00000 5118.00000  0.12%   288 8629s
 136924 82849 5118.00000  115  935 5124.00000 5118.00000  0.12%   288 8643s
 137486 82992 5118.04808  162  802 5124.00000 5118.00000  0.12%   287 8656s
 137848 83204 5121.04633  217  684 5124.00000 5118.00000  0.12%   287 8669s
 138236 83529 5118.00000  120  908 5124.00000 5118.00000  0.12%   288 8683s
 138709 83804 5119.48787  158  868 5124.00000 5118.00000  0.12%   288 8696s
 139175 84154 5118.00000  111  856 5124.00000 5118.00000  0.12%   288 8710s
 139791 84283 5118.00000  104  864 5124.00000 5118.00000  0.12%   288 8722s
 140180 84641 5118.00000  131  753 5124.00000 5118.00000  0.12%   288 8735s
 140743 84945 5118.57278  179  780 5124.00000 5118.00000  0.12%   288 8748s
 141365 85265 5121.27236  265  699 5124.00000 5118.00000  0.12%   288 8761s
 142026 85457 5118.00000  128  896 5124.00000 5118.00000  0.12%   288 8773s
 142557 85776 5119.09362  174  682 5124.00000 5118.00000  0.12%   288 8788s
 143165 85924 5118.00000  113  788 5124.00000 5118.00000  0.12%   288 8799s
 143576 86142 5121.62116  148  716 5124.00000 5118.00000  0.12%   288 8811s
 143983 86486 5118.00000  129  718 5124.00000 5118.00000  0.12%   288 8825s
 144527 86828 5118.69753  198  665 5124.00000 5118.00000  0.12%   288 8839s
 145139 86633 5119.56466  287  712 5124.00000 5118.00000  0.12%   288 8853s
 145148 86876 5119.61396  289  745 5124.00000 5118.00000  0.12%   288 8866s
 145440 87042 5119.65405  290  635 5124.00000 5118.00000  0.12%   288 8891s
 145743 87323 5118.00000  108  868 5124.00000 5118.00000  0.12%   288 8907s
 146182 87590 5118.00000  109  858 5124.00000 5118.00000  0.12%   288 8924s
 146676 88030 5118.57306  132  730 5124.00000 5118.00000  0.12%   289 8942s
 147288 88750 5119.97222  160  625 5124.00000 5118.00000  0.12%   289 8963s
 148312 89072 5118.06667  120  797 5124.00000 5118.00000  0.12%   289 8981s
 149119 89438 5118.00000  116  829 5124.00000 5118.00000  0.12%   289 9002s
 149769 90457 5118.74491  174  594 5124.00000 5118.00000  0.12%   289 9024s
 151094 90148 5120.80038  262  614 5124.00000 5118.00000  0.12%   289 9047s
 151289 90681 5120.80038  262  609 5124.00000 5118.00000  0.12%   289 9068s
 151973 91184 5120.38199  142  781 5124.00000 5118.00000  0.12%   289 9089s
 152861 91956 5120.66667  178  634 5124.00000 5118.00000  0.12%   290 9110s
 154091 92695 5120.73203  249  366 5124.00000 5118.00000  0.12%   290 9130s
 155354 93114 infeasible  233      5124.00000 5118.00000  0.12%   290 9149s
 156348 93755 5118.00000  132  863 5124.00000 5118.00000  0.12%   290 9168s
 157403 94161 5118.00000  107  861 5124.00000 5118.00000  0.12%   290 9189s
 158388 94955 5121.64305  141  856 5124.00000 5118.00000  0.12%   291 9209s
 159607 95040 5118.00000  142  683 5124.00000 5118.00000  0.12%   290 9223s
 160217 95005 5118.00000  112  684 5124.00000 5118.00000  0.12%   291 9240s
 160393 95026 5118.00000  123  631 5124.00000 5118.00000  0.12%   291 9256s
 160473 95733 5118.00000  123  719 5124.00000 5118.00000  0.12%   291 9274s
 161273 96106 5118.93091  171  693 5124.00000 5118.00000  0.12%   292 9293s
 162106 96525     cutoff  228      5124.00000 5118.00000  0.12%   293 9311s
 163065 96906 5118.66035  182  795 5124.00000 5118.00000  0.12%   293 9329s
 164035 97200 5118.00000  114  921 5124.00000 5118.00000  0.12%   294 9347s
 164818 97494 5118.68388  151  810 5124.00000 5118.00000  0.12%   295 9366s
 165634 97957 5119.34692  118  944 5124.00000 5118.00000  0.12%   296 9384s
 166616 98681 5119.13836  204  559 5124.00000 5118.00000  0.12%   296 9401s
 167809 99026 5118.00000  145  745 5124.00000 5118.00000  0.12%   296 9417s
 168711 99689 5119.13222  124  801 5124.00000 5118.00000  0.12%   297 9433s
 169815 100150 5118.79886  117  960 5124.00000 5118.00000  0.12%   296 9448s
 170708 100680 5118.00000  117  943 5124.00000 5118.00000  0.12%   296 9463s
 171673 101016 5121.88561  163  706 5124.00000 5118.00000  0.12%   296 9479s
 172476 101512 5121.11831  143  607 5124.00000 5118.00000  0.12%   297 9499s
 173435 102236 5118.99863  169  543 5124.00000 5118.00000  0.12%   297 9517s
 174553 102741 5118.00000  115  690 5124.00000 5118.00000  0.12%   297 9532s
 175567 103176 5118.00000  104  933 5124.00000 5118.00000  0.12%   297 9545s
 176486 103818 5118.00000  132  614 5124.00000 5118.00000  0.12%   297 9559s
 177519 104109 5118.63704  211  316 5124.00000 5118.00000  0.12%   297 9572s
 178253 104626 5119.33333  322  216 5124.00000 5118.00000  0.12%   297 9585s
 179160 105083 5121.02182  509  596 5124.00000 5118.00000  0.12%   296 9598s
 180048 105476 5118.00000  104  832 5124.00000 5118.00000  0.12%   296 9610s
 180740 106130 5119.45310  127  746 5124.00000 5118.00000  0.12%   296 9623s
 181769 106469 5119.50129  248  730 5124.00000 5118.00000  0.12%   296 9635s
 182531 106883 5120.66667  528  215 5124.00000 5118.00000  0.12%   296 9647s
 183296 107554 5118.00000  142  729 5124.00000 5118.00000  0.12%   296 9660s
 184278 107952 5120.27901  273  564 5124.00000 5118.00000  0.12%   295 9672s
 185080 108226 5118.77773  126  865 5124.00000 5118.00000  0.12%   295 9684s
 185644 108620 5121.14286  186  476 5124.00000 5118.00000  0.12%   295 9696s
 186271 109264 5118.16523  123  799 5124.00000 5118.00000  0.12%   295 9709s
 187204 110083 5118.00000  135  796 5124.00000 5118.00000  0.12%   295 9728s
 188537 110207 5118.00000  101  885 5124.00000 5118.00000  0.12%   295 9739s
 189182 110512 5118.12302  171  820 5124.00000 5118.00000  0.12%   295 9751s
 189789 110846 5118.00000  114  842 5124.00000 5118.00000  0.12%   295 9764s
 190356 111281 5118.00000  145  550 5124.00000 5118.00000  0.12%   296 9777s
 191089 111572 5118.23516  169  640 5124.00000 5118.00000  0.12%   296 9791s
 191710 111860 5118.22222  196  523 5124.00000 5118.00000  0.12%   296 9806s
 192372 112114 5118.44258  223  544 5124.00000 5118.00000  0.12%   297 9820s
 193026 112465 5119.83369  268  455 5124.00000 5118.00000  0.12%   298 9834s
 193807 112440 5118.00000  127  581 5124.00000 5118.00000  0.12%   298 9854s
 194056 113268 5118.00000  137  773 5124.00000 5118.00000  0.12%   298 9870s
 194993 113797 5118.19305  215  744 5124.00000 5118.00000  0.12%   298 9886s
 196016 114321 5118.71977  114  876 5124.00000 5118.00000  0.12%   298 9901s
 196963 114852 5118.00000  135  759 5124.00000 5118.00000  0.12%   298 9916s
 197923 115380 5118.00000  110 1002 5124.00000 5118.00000  0.12%   298 9932s
 198874 115709 5118.43890  223  786 5124.00000 5118.00000  0.12%   298 9947s
 199626 116155 5118.00000  111  887 5124.00000 5118.00000  0.12%   298 9962s
 200445 116808 5118.00000  104  884 5124.00000 5118.00000  0.12%   298 9975s
 201476 117450     cutoff  187      5124.00000 5118.00000  0.12%   298 9989s
 202543 118154 5118.00000  157  767 5124.00000 5118.00000  0.12%   298 10008s
 203633 118721 5120.17595  189  706 5124.00000 5118.00000  0.12%   297 10021s
 204639 118949 5120.38942  293  436 5124.00000 5118.00000  0.12%   297 10033s
 205310 119735 5118.00000  147  828 5124.00000 5118.00000  0.12%   297 10045s
 206378 120060 5121.63502  242  677 5124.00000 5118.00000  0.12%   297 10057s
 207151 120421 5118.66560  170  714 5124.00000 5118.00000  0.12%   297 10068s
 207830 120970 5118.00000  142  708 5124.00000 5118.00000  0.12%   297 10079s
 208709 121474 5118.00000  114  901 5124.00000 5118.00000  0.12%   296 10091s
 209567 121661 5119.21734  200  750 5124.00000 5118.00000  0.12%   296 10102s
 210110 122029 5119.81297  154  833 5124.00000 5118.00000  0.12%   296 10114s
 210796 122438 5119.24107  131  820 5124.00000 5118.00000  0.12%   297 10125s
 211579 122710 5118.00000  114  886 5124.00000 5118.00000  0.12%   297 10137s
 212187 123217 5122.00000  142  765 5124.00000 5118.00000  0.12%   297 10150s
 213022 123402     cutoff  185      5124.00000 5118.00000  0.12%   297 10161s
 213636 123950 5118.00000  106  875 5124.00000 5118.00000  0.12%   297 10173s
 214450 124781 5118.00000  135  787 5124.00000 5118.00000  0.12%   297 10186s
 215649 124891 5120.13601  184  777 5124.00000 5118.00000  0.12%   296 10197s
 216203 125349 5121.62611  120  815 5124.00000 5118.00000  0.12%   296 10210s
 216944 126078 5118.00000  144  766 5124.00000 5118.00000  0.12%   296 10222s
 218041 126637 5118.00000  109  824 5124.00000 5118.00000  0.12%   296 10240s
 219033 127305 5118.00000  154  573 5124.00000 5118.00000  0.12%   296 10254s
 220096 127550 5118.92048  231  787 5124.00000 5118.00000  0.12%   296 10266s
 220803 127837 5120.43414  291  642 5124.00000 5118.00000  0.12%   296 10278s
 221380 128098 5119.99917  139  745 5124.00000 5118.00000  0.12%   296 10291s
 221911 128402 5118.00000  106  870 5124.00000 5118.00000  0.12%   297 10305s
 222588 128874 5121.27562  119  698 5124.00000 5118.00000  0.12%   297 10320s
 223412 129124 5118.00000  105  975 5124.00000 5118.00000  0.12%   297 10334s
 224206 129357 5118.10760  106  996 5124.00000 5118.00000  0.12%   298 10347s
 224843 129799 5119.38889  122  859 5124.00000 5118.00000  0.12%   298 10361s
 225654 129926 5122.00000  158  563 5124.00000 5118.00000  0.12%   298 10382s
 226134 129774 5118.69883  158  827 5124.00000 5118.00000  0.12%   299 10398s
 226142 129963 5118.70100  159  840 5124.00000 5118.00000  0.12%   299 10413s
 226399 130700 5118.00000  125  750 5124.00000 5118.00000  0.12%   299 10427s
 227328 130893 5118.00000  118  782 5124.00000 5118.00000  0.12%   299 10442s
 227868 131328 5118.00000  153  695 5124.00000 5118.00000  0.12%   299 10458s
 228557 131652 5120.14711  193  752 5124.00000 5118.00000  0.12%   299 10474s
 229333 132142     cutoff  249      5124.00000 5118.00000  0.12%   300 10492s
 230290 132350 5118.00000  113  917 5124.00000 5118.00000  0.12%   300 10507s
 230968 132439 5120.51722  240  806 5124.00000 5118.00000  0.12%   301 10522s
 231344 132319 5121.25455  284  754 5124.00000 5118.00000  0.12%   301 10542s
 231355 132492 5121.30139  285  823 5124.00000 5118.00000  0.12%   301 10558s
 231604 133213 5118.00000  125  791 5124.00000 5118.00000  0.12%   301 10575s
 232561 133541 5118.00000  110  939 5124.00000 5118.00000  0.12%   301 10592s
 233373 134146 5120.71283  142  819 5124.00000 5118.00000  0.12%   302 10609s
 234465 134559 5118.90833  192  737 5124.00000 5118.00000  0.12%   302 10624s
 235456 134694 5118.00000  140  662 5124.00000 5118.00000  0.12%   302 10637s
 236066 135292 5118.00000  119  744 5124.00000 5118.00000  0.12%   302 10653s
 236990 136064 5118.00000  107  876 5124.00000 5118.00000  0.12%   303 10666s
 238149 136325 5119.19065  219  764 5124.00000 5118.00000  0.12%   302 10679s
 238943 136635 5122.00052  141  785 5124.00000 5118.00000  0.12%   302 10692s
 239624 136946 5121.63682  139  862 5124.00000 5118.00000  0.12%   302 10704s
 240260 137558 5118.81223  194  735 5124.00000 5118.00000  0.12%   303 10717s
 241167 138055 5118.00000  126  833 5124.00000 5118.00000  0.12%   302 10730s
 242068 138393 5120.14488  207  722 5124.00000 5118.00000  0.12%   302 10743s
 242845 138638 5119.87839  170  571 5124.00000 5118.00000  0.12%   303 10755s
 243464 139101 5118.00000  112  794 5124.00000 5118.00000  0.12%   303 10768s
 244163 139725 5118.21531  158  674 5124.00000 5118.00000  0.12%   303 10782s
 245159 140496 5121.50062  267  461 5124.00000 5118.00000  0.12%   303 10796s
 246387 140910 5118.00000  119  847 5124.00000 5118.00000  0.12%   302 10808s
 247347 141462 5118.00000  112  935 5124.00000 5118.00000  0.12%   302 10825s
 248335 142023 5118.00000  128  732 5124.00000 5118.00000  0.12%   302 10838s
 249403 142464 5119.93260  234  815 5124.00000 5118.00000  0.12%   302 10849s
 250262 142729 5118.97004  120  632 5124.00000 5118.00000  0.12%   302 10861s
 251020 143012 5118.00000  137  767 5124.00000 5118.00000  0.12%   302 10872s
 251640 143794 5118.00000  128  724 5124.00000 5118.00000  0.12%   302 10884s
 252718 144334 5120.62180  311  767 5124.00000 5118.00000  0.12%   302 10896s
 253671 144853 5118.23763  183  712 5124.00000 5118.00000  0.12%   301 10907s
 254610 145036 5118.26155  118  955 5124.00000 5118.00000  0.12%   301 10918s
 255211 145474 5118.00000  123  774 5124.00000 5118.00000  0.12%   301 10929s
 255978 145630 5118.74428  181  797 5124.00000 5118.00000  0.12%   301 10942s
 256485 145941 5118.00000  129  757 5124.00000 5118.00000  0.12%   302 10953s
 257076 146207 5120.17696  159  800 5124.00000 5118.00000  0.12%   302 10965s
 257682 146444 5118.00000  115  833 5124.00000 5118.00000  0.12%   302 10977s
 258168 146904 5118.36217  133  596 5124.00000 5118.00000  0.12%   302 10989s
 258952 147201 5118.00000  152  735 5124.00000 5118.00000  0.12%   302 11001s
 259675 147622 infeasible  306      5124.00000 5118.00000  0.12%   303 11014s
 260446 147915 5118.00000  132  867 5124.00000 5118.00000  0.12%   302 11026s
 261040 148508 5118.00000  202  640 5124.00000 5118.00000  0.12%   303 11039s
 261913 149511 5118.00000  333  519 5124.00000 5118.00000  0.12%   302 11056s
 263337 149588 5118.22769  607  644 5124.00000 5118.00000  0.12%   302 11065s
 264007 149839 5118.33333  765  174 5124.00000 5118.00000  0.12%   302 11076s
 264626 150122 5118.60741  879  360 5124.00000 5118.00000  0.12%   302 11086s
 265140 150772 5118.96394 1008  632 5124.00000 5118.00000  0.12%   302 11098s
 265996 151128 5119.12475 1220  482 5124.00000 5118.00000  0.12%   302 11111s
 266765 151591 5120.00000 1396  229 5124.00000 5118.00000  0.12%   302 11123s
 267586 151983 5118.44083  109  952 5124.00000 5118.00000  0.12%   302 11134s
 268321 152287 5118.00000  114  777 5124.00000 5118.00000  0.12%   301 11146s
 268918 152761 5118.35185  137  754 5124.00000 5118.00000  0.12%   302 11158s
 269743 153231 5119.09993  177  661 5124.00000 5118.00000  0.12%   302 11170s
 270589 153522 5118.00000  118  893 5124.00000 5118.00000  0.12%   302 11182s
 271264 153641     cutoff  198      5124.00000 5118.00000  0.12%   302 11200s
 271782 154053 5118.00000  137  596 5124.00000 5118.00000  0.12%   302 11211s
 272470 154684 5119.13515  153  747 5124.00000 5118.00000  0.12%   302 11223s
 273384 154838 5118.00000  120  679 5124.00000 5118.00000  0.12%   302 11235s
 273964 155340 5118.00000  118  840 5124.00000 5118.00000  0.12%   302 11248s
 274760 155890 5118.00000  119  737 5124.00000 5118.00000  0.12%   302 11261s
 275625 156179 5118.00000  120  821 5124.00000 5118.00000  0.12%   302 11273s
 276260 156971 5120.44444  194  482 5124.00000 5118.00000  0.12%   302 11287s
 277326 158025 5119.33707  207  736 5124.00000 5118.00000  0.12%   302 11305s
 278884 158176 5118.00000  111  906 5124.00000 5118.00000  0.12%   301 11314s
 279607 158637 5119.32975  171  687 5124.00000 5118.00000  0.12%   301 11323s
 280408 158710 5118.00000  115  915 5124.00000 5118.00000  0.12%   301 11332s
 280855 159026 5121.06134  162  760 5124.00000 5118.00000  0.12%   301 11341s
 281344 159588 5118.00000  138  721 5124.00000 5118.00000  0.12%   301 11352s
 282154 160072 5118.30976  157  793 5124.00000 5118.00000  0.12%   300 11362s
 282958 160572 5119.66667  279  278 5124.00000 5118.00000  0.12%   300 11372s
 283845 160809 5118.00000  117  762 5124.00000 5118.00000  0.12%   300 11382s
 284502 161127 5121.79784  175  632 5124.00000 5118.00000  0.12%   300 11392s
 285164 161344 5119.50000  160  444 5124.00000 5118.00000  0.12%   300 11403s
 285626 162045 5120.47859  207  525 5124.00000 5118.00000  0.12%   300 11414s
 286522 162553     cutoff  371      5124.00000 5118.00000  0.12%   300 11425s
 287444 162792 5120.71585  138  827 5124.00000 5118.00000  0.12%   300 11434s
 288096 163298 5118.00000  188  658 5124.00000 5118.00000  0.12%   300 11445s
 288880 163775 5118.00000  125  828 5124.00000 5118.00000  0.12%   300 11456s
 289661 163960 5119.46453  195  709 5124.00000 5118.00000  0.12%   300 11466s
 290200 164122 5120.47404  121  670 5124.00000 5118.00000  0.12%   300 11477s
 290641 164475 5118.45367  134  872 5124.00000 5118.00000  0.12%   300 11488s
 291281 164802 5120.37235  209  705 5124.00000 5118.00000  0.12%   300 11499s
 291919 165411 5119.06341  121  902 5124.00000 5118.00000  0.12%   300 11514s
 292840 165995 5119.16402  179  744 5124.00000 5118.00000  0.12%   300 11528s
 293901 166161 5118.00000  110  864 5124.00000 5118.00000  0.12%   300 11539s
 294574 166503 5118.00000  107  880 5124.00000 5118.00000  0.12%   300 11551s
 295249 166818 infeasible  198      5124.00000 5118.00000  0.12%   300 11565s
 295902 167062 5118.75238  126  661 5124.00000 5118.00000  0.12%   301 11579s
 296489 167469 infeasible  151      5124.00000 5118.00000  0.12%   301 11592s
 297238 167842 5118.00000  115  864 5124.00000 5118.00000  0.12%   301 11606s
 297965 168305 5120.50435  171  777 5124.00000 5118.00000  0.12%   301 11621s
 298752 169168 5118.90046  205  743 5124.00000 5118.00000  0.12%   301 11635s
 299939 170091 5118.00000  174  674 5124.00000 5118.00000  0.12%   301 11649s
 301397 170226 5119.21866  383  517 5124.00000 5118.00000  0.12%   300 11661s
 302122 170509 5118.00000  129  768 5124.00000 5118.00000  0.12%   301 11673s
 302734 170767 5118.67346  133  691 5124.00000 5118.00000  0.12%   301 11685s
 303262 171135 5120.39626  189  726 5124.00000 5118.00000  0.12%   301 11698s
 303946 171748 5118.31847  168  659 5124.00000 5118.00000  0.12%   301 11712s
 305019 171738 5121.08889  116  841 5124.00000 5118.00000  0.12%   301 11727s
 305484 172083 5118.00000  109  962 5124.00000 5118.00000  0.12%   302 11741s
 306128 172460 5118.00000  125  916 5124.00000 5118.00000  0.12%   302 11754s
 306874 172825 5118.00000  113  935 5124.00000 5118.00000  0.12%   302 11769s
 307586 173613 5119.87037  175  731 5124.00000 5118.00000  0.12%   302 11786s
 308641 174416 5118.74001  152  869 5124.00000 5118.00000  0.12%   302 11801s
 309984 174660 5118.00000  125  858 5124.00000 5118.00000  0.12%   302 11813s
 310728 175074 5121.29510  278  615 5124.00000 5118.00000  0.12%   302 11825s
 311520 175401 5119.09835  127  836 5124.00000 5118.00000  0.12%   302 11838s
 312184 175664 5118.55397  127  833 5124.00000 5118.00000  0.12%   302 11850s
 312786 176384 5118.23777  173  718 5124.00000 5118.00000  0.12%   302 11863s
 313760 177003 5118.00000  159  789 5124.00000 5118.00000  0.12%   302 11875s
 314793 177325 5121.06321  314  491 5124.00000 5118.00000  0.12%   302 11888s
 315589 177938 5118.19125  152  784 5124.00000 5118.00000  0.12%   302 11901s
 316528 177736 5118.00000  116  966 5124.00000 5118.00000  0.12%   302 11914s
 316651 177793 5118.00000  124  876 5124.00000 5118.00000  0.12%   302 11928s
 316751 177844 5118.00000  125  829 5124.00000 5118.00000  0.12%   302 11944s
 316851 178170 5118.00000  126  914 5124.00000 5118.00000  0.12%   302 11957s
 317298 178775 5118.00745  143  790 5124.00000 5118.00000  0.12%   302 11971s
 318135 179194 5121.23810  288  512 5124.00000 5118.00000  0.12%   302 11989s
 318891 179872 5118.50890  201  707 5124.00000 5118.00000  0.12%   302 12002s
 319990 180415 5118.00000  121  775 5124.00000 5118.00000  0.12%   301 12015s
 320978 180625 5121.44863  248  709 5124.00000 5118.00000  0.12%   301 12028s
 321711 181079     cutoff  171      5124.00000 5118.00000  0.12%   301 12043s
 322639 181336 5118.24486  119  872 5124.00000 5118.00000  0.12%   302 12056s
 323315 182001 5118.00000  144  709 5124.00000 5118.00000  0.12%   302 12071s
 324258 182511 5121.01657  300  772 5124.00000 5118.00000  0.12%   302 12084s
 325216 183144 5118.81228  182  748 5124.00000 5118.00000  0.12%   301 12096s
 326302 183453 5118.00000  135  843 5124.00000 5118.00000  0.12%   301 12108s
 327048 183838 5120.58191  233  727 5124.00000 5118.00000  0.12%   301 12120s
 327792 183976 5120.20312  145  753 5124.00000 5118.00000  0.12%   301 12131s
 328259 184201 5118.51852  117  692 5124.00000 5118.00000  0.12%   302 12144s
 328803 184155 5118.00000  106  871 5124.00000 5118.00000  0.12%   302 12159s
 328947 184201 5118.00000  124  801 5124.00000 5118.00000  0.12%   302 12172s
 329055 184881 5118.12685  125  764 5124.00000 5118.00000  0.12%   302 12186s
 329918 185143 5118.73401  125  734 5124.00000 5118.00000  0.12%   302 12202s
 330658 185482 5119.47778  114  855 5124.00000 5118.00000  0.12%   302 12216s
 331389 185889 5118.87128  136  937 5124.00000 5118.00000  0.12%   303 12231s
 332162 186212 5120.39274  113  858 5124.00000 5118.00000  0.12%   303 12246s
 332969 186622 5119.20264  117 1049 5124.00000 5118.00000  0.12%   303 12260s
 333813 187162 5120.16956  160  848 5124.00000 5118.00000  0.12%   303 12275s
 334888 187408 5121.04828  122  884 5124.00000 5118.00000  0.12%   303 12289s
 335800 187624 5119.05051  115  798 5124.00000 5118.00000  0.12%   303 12303s
 336545 187841 infeasible  161      5124.00000 5118.00000  0.12%   304 12326s
 337153 188670 5120.35671  184  721 5124.00000 5118.00000  0.12%   304 12346s
 338406 188905 5118.00000  135  761 5124.00000 5118.00000  0.12%   304 12361s
 339221 189352 5120.31928  149  760 5124.00000 5118.00000  0.12%   304 12376s
 340128 189600 5121.37196  119  813 5124.00000 5118.00000  0.12%   304 12390s
 340939 189823 5118.88679  112  942 5124.00000 5118.00000  0.12%   305 12405s
 341593 190217 5119.11373  128  741 5124.00000 5118.00000  0.12%   305 12420s
 342344 190454 5118.00000  110  878 5124.00000 5118.00000  0.12%   305 12436s
 343031 190845 5118.34272  133  806 5124.00000 5118.00000  0.12%   306 12453s
 343901 191471 5121.12860  163  696 5124.00000 5118.00000  0.12%   306 12469s
 344998 191684 5118.00000  116  988 5124.00000 5118.00000  0.12%   306 12486s
 345709 191949 5118.18589  108  894 5124.00000 5118.00000  0.12%   306 12502s
 346369 192349 5118.00000  120  873 5124.00000 5118.00000  0.12%   307 12518s
 347146 192699 5118.44444  158  343 5124.00000 5118.00000  0.12%   307 12535s
 347974 193068 5118.56657  193  351 5124.00000 5118.00000  0.12%   307 12552s
 348801 193367 5118.62700  226  582 5124.00000 5118.00000  0.12%   308 12568s
 349514 193715 5119.86667  249  232 5124.00000 5118.00000  0.12%   308 12585s
 350326 193452 5120.66667  334  212 5124.00000 5118.00000  0.12%   308 12603s
 350334 193501     cutoff  334      5124.00000 5118.00000  0.12%   308 12621s
 350503 193882 5120.66667  356  170 5124.00000 5118.00000  0.12%   308 12638s
 351173 193666 5119.97632  129  713 5124.00000 5118.00000  0.12%   309 12656s
 351182 200005 5120.06593  130  916 5124.00000 5118.00000  0.12%   309 12811s
 359182 198001 5121.85159  153  604 5124.00000 5118.00000  0.12%   311 12828s
 359965 198456 5118.56540  168  855 5124.00000 5118.00000  0.12%   311 12844s
 360846 198792 5118.00000  110  888 5124.00000 5118.00000  0.12%   311 12859s
 361633 199237 5119.07280  174  815 5124.00000 5118.00000  0.12%   311 12875s
 362427 199703 5118.88689  119  928 5124.00000 5118.00000  0.12%   311 12891s
 363411 200055 5121.17516  141  769 5124.00000 5118.00000  0.12%   312 12907s
 364282 200288 5120.66667  123  765 5124.00000 5118.00000  0.12%   312 12923s
 364993 200646 infeasible  171      5124.00000 5118.00000  0.12%   312 12939s
 365775 200889     cutoff  200      5124.00000 5118.00000  0.12%   312 12956s
 366515 201376 5119.82143  126  876 5124.00000 5118.00000  0.12%   313 12973s
 367401 201816 5118.00000  117  854 5124.00000 5118.00000  0.12%   313 12990s
 368318 202111 5119.94580  116  806 5124.00000 5118.00000  0.12%   313 13007s
 369135 202684 5119.94272  125  862 5124.00000 5118.00000  0.12%   313 13023s
 370050 203344 5118.19048  111  964 5124.00000 5118.00000  0.12%   314 13039s
 370961 203768 5118.59259  119  879 5124.00000 5118.00000  0.12%   314 13054s
 371528 204589 5118.00000  128  664 5124.00000 5118.00000  0.12%   314 13071s
 372488 205264 5118.29579  216  482 5124.00000 5118.00000  0.12%   314 13087s
 373303 205827 5120.10320  343  614 5124.00000 5118.00000  0.12%   314 13103s
 374063 206203 5119.94167  137  827 5124.00000 5118.00000  0.12%   315 13120s
 374660 206770 5118.00000  105  960 5124.00000 5118.00000  0.12%   315 13136s
 375319 207429 5118.76923  201  442 5124.00000 5118.00000  0.12%   315 13158s
 376180 208259 5121.55556  172  589 5124.00000 5118.00000  0.12%   315 13176s
 377163 208815 5120.46839  131  921 5124.00000 5118.00000  0.12%   316 13192s
 377903 209486 5118.00000  102  885 5124.00000 5118.00000  0.12%   316 13209s
 378645 210357 5118.99925  165  675 5124.00000 5118.00000  0.12%   316 13226s
 379576 211463     cutoff  252      5124.00000 5118.00000  0.12%   316 13242s
 380895 212264 5118.85714  105 1001 5124.00000 5118.00000  0.12%   316 13260s
 381789 212999 5120.33333  140  643 5124.00000 5118.00000  0.12%   316 13276s
 382753 213750 5118.09147  118  871 5124.00000 5118.00000  0.12%   316 13290s
 383653 214574 5120.42842  182  704 5124.00000 5118.00000  0.12%   316 13303s
 384583 215259 infeasible  139      5124.00000 5118.00000  0.12%   316 13316s
 385334 216060 5118.91358  123  753 5124.00000 5118.00000  0.12%   316 13329s
 386286 216720 5119.07752  120  760 5124.00000 5118.00000  0.12%   316 13342s
 387043 217389 5121.08496  147  813 5124.00000 5118.00000  0.12%   316 13355s
 387853 217789 5121.22140  139  815 5124.00000 5118.00000  0.12%   316 13368s
 388370 218299 5118.00000  110  780 5124.00000 5118.00000  0.12%   316 13382s
 389055 218893 5118.19048  108  851 5124.00000 5118.00000  0.12%   317 13395s
 389767 219605 5120.26039  227  833 5124.00000 5118.00000  0.12%   317 13409s
 390606 220186 5118.00000  108  880 5124.00000 5118.00000  0.12%   317 13423s
 391253 220836 5118.26185  139  820 5124.00000 5118.00000  0.12%   317 13437s
 392027 221287 5118.98502  107 1060 5124.00000 5118.00000  0.12%   317 13451s
 392643 221905 5120.29948  135  768 5124.00000 5118.00000  0.12%   317 13466s
 393470 222559 5120.65814  164  786 5124.00000 5118.00000  0.12%   317 13480s
 394277 223022 5120.04816  147  799 5124.00000 5118.00000  0.12%   318 13494s
 394894 223586 5120.00868  118  936 5124.00000 5118.00000  0.12%   318 13508s
 395640 224089 5118.00000  119  888 5124.00000 5118.00000  0.12%   318 13525s
 396276 225477 5118.60693  115  958 5124.00000 5118.00000  0.12%   318 13546s
 397705 226365 5119.78664  177  608 5124.00000 5118.00000  0.12%   318 13560s
 398814 227012 5118.00000  106  854 5124.00000 5118.00000  0.12%   318 13574s
 399568 227424 5118.08568  112  803 5124.00000 5118.00000  0.12%   318 13587s
 400175 228090 5118.00000  119  769 5124.00000 5118.00000  0.12%   318 13600s
 400988 228634 5118.21431  132  851 5124.00000 5118.00000  0.12%   319 13614s
 401636 228987 5119.34487  118  892 5124.00000 5118.00000  0.12%   319 13631s
 402048 229487 5118.04953  111  882 5124.00000 5118.00000  0.12%   319 13646s
 402568 229916 5121.45813  139  803 5124.00000 5118.00000  0.12%   319 13661s
 403158 230677 5119.63467  109  853 5124.00000 5118.00000  0.12%   319 13677s
 404032 231227 5118.08148  100  915 5124.00000 5118.00000  0.12%   319 13697s
 404676 231969 5118.70738  158  721 5124.00000 5118.00000  0.12%   319 13713s
 405524 232482 5118.78314  114  898 5124.00000 5118.00000  0.12%   319 13728s
 406224 232984 5118.66111  111  928 5124.00000 5118.00000  0.12%   319 13744s
 406901 233615 5120.47924  159  696 5124.00000 5118.00000  0.12%   320 13760s
 407711 234061 5118.00000  105 1035 5124.00000 5118.00000  0.12%   320 13776s
 408404 234069 5119.54754  156  877 5124.00000 5118.00000  0.12%   320 13793s
 408412 234167 5119.54754  157  877 5124.00000 5118.00000  0.12%   320 13808s
 408535 234855 5119.80797  164  759 5124.00000 5118.00000  0.12%   320 13825s
 409391 235646 infeasible  150      5124.00000 5118.00000  0.12%   320 13842s
 410305 236170 infeasible  124      5124.00000 5118.00000  0.12%   320 13859s
 411043 237049 5118.87095  140  779 5124.00000 5118.00000  0.12%   321 13877s
 412127 237832 5118.00000  129  766 5124.00000 5118.00000  0.12%   321 13892s
 412954 238633 5118.83333  184  556 5124.00000 5118.00000  0.12%   321 13907s
 413879 239387     cutoff  275      5124.00000 5118.00000  0.12%   321 13921s
 414735 240050 5118.41975  125  773 5124.00000 5118.00000  0.12%   321 13935s
 415495 240589 5119.09627  127  844 5124.00000 5118.00000  0.12%   321 13950s
 416193 241181 5121.60000  176  442 5124.00000 5118.00000  0.12%   321 13965s
 417029 241899 5119.23245  127  802 5124.00000 5118.00000  0.12%   321 13980s
 417820 242736 5119.33333  141  693 5124.00000 5118.00000  0.12%   321 13996s
 418741 243418 5119.88866  191  713 5124.00000 5118.00000  0.12%   321 14010s
 419610 244374 5119.33054  157  758 5124.00000 5118.00000  0.12%   322 14025s
 420793 244934 5118.12073  112  931 5124.00000 5118.00000  0.12%   322 14039s
 421470 245583 5120.12387  109  902 5124.00000 5118.00000  0.12%   322 14053s
 422235 246073 5118.20000  110  871 5124.00000 5118.00000  0.12%   322 14068s
 422875 246635 5118.89443  110  899 5124.00000 5118.00000  0.12%   322 14082s
 423589 247240 5121.25000  161  602 5124.00000 5118.00000  0.12%   322 14097s
 424330 247704 5118.04882  108  860 5124.00000 5118.00000  0.12%   322 14112s
 424962 248085 5118.00000  111  874 5124.00000 5118.00000  0.12%   323 14129s
 425467 249151 5118.00000  110  970 5124.00000 5118.00000  0.12%   323 14155s
 426763 249759 5120.80556  138  711 5124.00000 5118.00000  0.12%   323 14175s
 427566 250428 5118.96852  134  883 5124.00000 5118.00000  0.12%   324 14194s
 428404 251189 5118.00000  130  774 5124.00000 5118.00000  0.12%   324 14213s
 429303 252189 5118.00000  165  660 5124.00000 5118.00000  0.12%   324 14232s
 430474 252848 5120.58112  235  563 5124.00000 5118.00000  0.12%   324 14249s
 431317 253477 5119.13767  132  743 5124.00000 5118.00000  0.12%   324 14266s
 432068 254163 5118.19045  123  934 5124.00000 5118.00000  0.12%   324 14283s
 432910 255009 5118.99148  116  958 5124.00000 5118.00000  0.12%   325 14300s
 433915 255674 5118.00000  101  915 5124.00000 5118.00000  0.12%   325 14317s
 434702 256548 5119.43784  108  801 5124.00000 5118.00000  0.12%   325 14334s
 435698 257562     cutoff  155      5124.00000 5118.00000  0.12%   325 14350s
 436808 258470 5119.92834  243  545 5124.00000 5118.00000  0.12%   325 14366s
 437835 259313 5118.96296  132  819 5124.00000 5118.00000  0.12%   325 14382s
 438730 260381 5120.49233  234  570 5124.00000 5118.00000  0.12%   325 14398s
 439946 261320     cutoff  213      5124.00000 5118.00000  0.12%   325 14415s
 441001 261849 5120.20341  173  872 5124.00000 5118.00000  0.12%   325 14428s
 441605 262505 5119.07077  112  824 5124.00000 5118.00000  0.12%   325 14443s
 442355 262597 5118.99593  119  904 5124.00000 5118.00000  0.12%   325 14464s
 442473 262693     cutoff  123      5124.00000 5118.00000  0.12%   325 14483s
 442581 263348 5120.02596  122  773 5124.00000 5118.00000  0.12%   325 14500s
 443399 264237 5120.49608  138  873 5124.00000 5118.00000  0.12%   325 14518s
 444408 264967 5119.96257  155  787 5124.00000 5118.00000  0.12%   325 14534s
 445266 265712 5118.55741  111  874 5124.00000 5118.00000  0.12%   325 14551s
 446167 266038 5118.00000  106  961 5124.00000 5118.00000  0.12%   325 14572s
 446572 266721 5118.00000  134  790 5124.00000 5118.00000  0.12%   326 14591s
 447368 267142 5119.41817  115  955 5124.00000 5118.00000  0.12%   326 14608s
 447931 267848 5118.00006  135  847 5124.00000 5118.00000  0.12%   326 14625s
 448701 268729 5121.15580  181 1027 5124.00000 5118.00000  0.12%   326 14643s
 449650 269783 5118.19526  109  929 5124.00000 5118.00000  0.12%   326 14661s
 450772 270703 5118.87060  157  606 5124.00000 5118.00000  0.12%   326 14677s
 451838 271478 5118.85714  131 1026 5124.00000 5118.00000  0.12%   326 14694s
 452702 271992 5118.63358  111 1026 5124.00000 5118.00000  0.12%   327 14710s
 453291 272583 5119.82242  144  791 5124.00000 5118.00000  0.12%   327 14727s
 453973 273032 5118.00000  124  839 5124.00000 5118.00000  0.12%   327 14743s
 454503 273563 5118.97656  124  884 5124.00000 5118.00000  0.12%   327 14760s
 455139 274572 5118.65863  144  921 5124.00000 5118.00000  0.12%   328 14781s
 456264 275084 5118.00000  113 1022 5124.00000 5118.00000  0.12%   328 14798s
 456858 275919 5118.00000  129  782 5124.00000 5118.00000  0.12%   328 14817s
 457822 276303 5118.31944  135  901 5124.00000 5118.00000  0.12%   328 14834s
 458338 277097 5118.00000  103  983 5124.00000 5118.00000  0.12%   329 14853s
 459221 277851 5118.94444  133  692 5124.00000 5118.00000  0.12%   329 14872s
 460104 278488 5120.10155  125  972 5124.00000 5118.00000  0.12%   329 14890s
 460774 279407 5118.82755  160  893 5124.00000 5118.00000  0.12%   329 14908s
 461847 280230 5120.32035  210  546 5124.00000 5118.00000  0.12%   329 14926s
 462802 281052 5118.56266  139  922 5124.00000 5118.00000  0.12%   329 14944s
 463726 281859 5118.00000  109  947 5124.00000 5118.00000  0.12%   329 14961s
 464583 282662 5118.07584  134  759 5124.00000 5118.00000  0.12%   329 14979s
 465481 283259 5120.39303  205  530 5124.00000 5118.00000  0.12%   329 14996s
 466168 283789 5118.00000  175  930 5124.00000 5118.00000  0.12%   330 15014s
 466821 284353 5118.00000  121  981 5124.00000 5118.00000  0.12%   330 15031s
 467509 284872 5118.00000  120  897 5124.00000 5118.00000  0.12%   330 15049s
 468157 285501 5122.00000  178  465 5124.00000 5118.00000  0.12%   330 15066s
 468935 286390 5120.27551  177  823 5124.00000 5118.00000  0.12%   331 15083s
 469910 287225 5118.55741  112  840 5124.00000 5118.00000  0.12%   331 15097s
 470825 287733 5122.00000  284  154 5124.00000 5118.00000  0.12%   330 15110s
 471604 288152 5118.00000  104  864 5124.00000 5118.00000  0.12%   330 15123s
 472096 289044 5118.95778  229  768 5124.00000 5118.00000  0.12%   331 15137s
 473060 289443 5118.00000  143  902 5124.00000 5118.00000  0.12%   330 15150s
 473511 290194 5118.88889  211  787 5124.00000 5118.00000  0.12%   331 15165s
 474316 290866 5118.00000  148 1012 5124.00000 5118.00000  0.12%   331 15181s
 475065 291296 5121.09324  168  612 5124.00000 5118.00000  0.12%   331 15195s
 475645 291815 5118.00000  116  912 5124.00000 5118.00000  0.12%   331 15210s
 476262 292509 5118.00000  108 1034 5124.00000 5118.00000  0.12%   331 15227s
 477050 293099 5118.70000  154  731 5124.00000 5118.00000  0.12%   331 15244s
 477754 293506 5118.00000  144  871 5124.00000 5118.00000  0.12%   331 15260s
 478274 293854 5119.41216  148  909 5124.00000 5118.00000  0.12%   331 15275s
 478766 294586 5118.00000  122  962 5124.00000 5118.00000  0.12%   332 15291s
 479553 295194 5120.32464  236  587 5124.00000 5118.00000  0.12%   332 15308s
 480265 296294 5118.00000  136  955 5124.00000 5118.00000  0.12%   332 15325s
 481444 296871 5118.00000  110  903 5124.00000 5118.00000  0.12%   332 15341s
 482081 297702 5118.38376  170  727 5124.00000 5118.00000  0.12%   332 15358s
 483006 298041 5118.45509  160  945 5124.00000 5118.00000  0.12%   332 15381s
 483437 298442 5118.00000  143  906 5124.00000 5118.00000  0.12%   332 15398s
 483961 299087 5119.25729  164  746 5124.00000 5118.00000  0.12%   332 15422s
 484851 300443 5120.06600  164  800 5124.00000 5118.00000  0.12%   333 15445s
 486292 301141 5119.60700  271  581 5124.00000 5118.00000  0.12%   333 15463s
 487061 301782 5118.00000  146  945 5124.00000 5118.00000  0.12%   333 15482s
 487826 302309 5118.00000  112  922 5124.00000 5118.00000  0.12%   333 15502s
 488489 303336 5118.00000  155 1035 5124.00000 5118.00000  0.12%   333 15522s
 489595 304202 5119.38411  262  781 5124.00000 5118.00000  0.12%   333 15540s
 490572 305060 5118.94444  147  599 5124.00000 5118.00000  0.12%   333 15557s
 491501 305789 5118.00000  128  936 5124.00000 5118.00000  0.12%   333 15575s
 492288 306401 5119.76515  297  555 5124.00000 5118.00000  0.12%   334 15593s
 493015 306876 5118.00000  135  883 5124.00000 5118.00000  0.12%   334 15609s
 493499 307745 5119.79012  162  582 5124.00000 5118.00000  0.12%   334 15629s
 494438 308599 5118.00000  115  952 5124.00000 5118.00000  0.12%   334 15648s
 495455 309475 5118.74219  153  920 5124.00000 5118.00000  0.12%   334 15666s
 496474 310374 5118.85714  123  988 5124.00000 5118.00000  0.12%   334 15684s
 497495 311140 5118.00000  141  999 5124.00000 5118.00000  0.12%   334 15701s
 498317 311816 5121.66381  187  811 5124.00000 5118.00000  0.12%   334 15718s
 499177 312210 5118.00000  122 1027 5124.00000 5118.00000  0.12%   334 15733s
 499639 312704 infeasible  160      5124.00000 5118.00000  0.12%   335 15750s
 500228 313407 5118.00000  160  860 5124.00000 5118.00000  0.12%   335 15771s
 501067 313415 5120.35114  162  881 5124.00000 5118.00000  0.12%   335 15793s
 501075 313751 5120.43333  163  791 5124.00000 5118.00000  0.12%   335 15813s
 501433 314468 5119.24444  159  750 5124.00000 5118.00000  0.12%   335 15836s
 502322 315228 5118.00000  137  801 5124.00000 5118.00000  0.12%   336 15857s
 503174 315906 5119.80369  187  695 5124.00000 5118.00000  0.12%   336 15879s
 504131 316517 5118.00000  156  737 5124.00000 5118.00000  0.12%   336 15901s
 504866 317115 5118.03679  151  808 5124.00000 5118.00000  0.12%   336 15922s
 505579 317498 5118.00000  117 1002 5124.00000 5118.00000  0.12%   336 15947s
 506103 318150 infeasible  128      5124.00000 5118.00000  0.12%   337 15968s
 506870 318920 5119.52137  177  764 5124.00000 5118.00000  0.12%   337 15989s
 507764 319840 5121.50725  183  636 5124.00000 5118.00000  0.12%   337 16013s
 508808 320534 5120.59585  204  623 5124.00000 5118.00000  0.12%   337 16035s
 509583 321604 5118.00000  189  764 5124.00000 5118.00000  0.12%   338 16056s
 510748 322206 5121.01873  335  718 5124.00000 5118.00000  0.12%   338 16077s
 511485 323112 5118.04859  137  857 5124.00000 5118.00000  0.12%   338 16098s
 512506 323896 5118.00000  111  928 5124.00000 5118.00000  0.12%   338 16118s
 513406 324408 5118.28571  144  700 5124.00000 5118.00000  0.12%   338 16136s
 514025 324945 5118.00000  140  990 5124.00000 5118.00000  0.12%   339 16158s
 514761 325870 5118.00000  117 1051 5124.00000 5118.00000  0.12%   339 16181s
 515839 326444 5119.95048  257  778 5124.00000 5118.00000  0.12%   339 16201s
 516540 327145 5118.00000  139  909 5124.00000 5118.00000  0.12%   339 16222s
 517369 327974 5118.00000  121  922 5124.00000 5118.00000  0.12%   340 16243s
 518248 328674 5119.44444  198  456 5124.00000 5118.00000  0.12%   340 16263s
 519107 329212 5118.00000  125  914 5124.00000 5118.00000  0.12%   340 16284s
 519834 329807 5118.00000  127  933 5124.00000 5118.00000  0.12%   340 16305s
 520502 330530 5118.00000  131  866 5124.00000 5118.00000  0.12%   341 16326s
 521446 331318 5118.00000  129  798 5124.00000 5118.00000  0.12%   341 16347s
 522580 332219 5118.00000  135  954 5124.00000 5118.00000  0.12%   341 16368s
 523626 333051 5120.74685  315  762 5124.00000 5118.00000  0.12%   341 16387s
 524557 333812 5118.00000  114  876 5124.00000 5118.00000  0.12%   341 16407s
 525435 334404 5118.00000  117 1007 5124.00000 5118.00000  0.12%   341 16426s
 526136 335218 5121.47251  193  926 5124.00000 5118.00000  0.12%   342 16445s
 527002 336286 5118.00000  153  691 5124.00000 5118.00000  0.12%   342 16464s
 528295 336718 5119.19655  135  773 5124.00000 5118.00000  0.12%   342 16481s
 528859 337584 5118.00000  126  999 5124.00000 5118.00000  0.12%   342 16504s
 529898 338600 5121.86111  234  515 5124.00000 5118.00000  0.12%   342 16525s
 531056 339323 5120.44444  238  650 5124.00000 5118.00000  0.12%   342 16542s
 531864 340181 5118.00000  179  549 5124.00000 5118.00000  0.12%   342 16559s
 532819 340689 5118.00000  131  880 5124.00000 5118.00000  0.12%   342 16576s
 533481 341469 infeasible  172      5124.00000 5118.00000  0.12%   342 16594s
 534304 342224 5118.32299  194  768 5124.00000 5118.00000  0.12%   342 16612s
 535220 342952 5118.00000  118  833 5124.00000 5118.00000  0.12%   342 16628s
 536077 343465 5120.44444  216  423 5124.00000 5118.00000  0.12%   343 16645s
 536704 343655 5118.00000  144  595 5124.00000 5118.00000  0.12%   343 16663s
 536896 343663 5118.44444  155  417 5124.00000 5118.00000  0.12%   343 16681s
 536904 343725 5118.44444  156  442 5124.00000 5118.00000  0.12%   343 16699s
 536976 344223 5118.44444  157  427 5124.00000 5118.00000  0.12%   343 16722s
 537524 345143 5119.24883  209  474 5124.00000 5118.00000  0.12%   343 16741s
 538608 345922 5118.00000  141  935 5124.00000 5118.00000  0.12%   343 16759s
 539523 346459 5118.00000  143 1036 5124.00000 5118.00000  0.12%   343 16776s
 540218 346912 5121.92601  181  877 5124.00000 5118.00000  0.12%   343 16795s
 540781 347687 5118.63333  133  882 5124.00000 5118.00000  0.12%   344 16812s
 541648 348220 5120.12966  161  854 5124.00000 5118.00000  0.12%   344 16829s
 542350 348842 5118.89683  154  694 5124.00000 5118.00000  0.12%   344 16847s
 543047 349320 5119.56260  199  735 5124.00000 5118.00000  0.12%   344 16864s
 543630 349996 5118.00000  106  820 5124.00000 5118.00000  0.12%   344 16889s
 544376 350978 5119.19048  113  682 5124.00000 5118.00000  0.12%   344 16914s
 545642 351646 infeasible  167      5124.00000 5118.00000  0.12%   345 16934s
 546583 352579 5119.39315  198  839 5124.00000 5118.00000  0.12%   345 16954s
 547657 353225 5120.00875  151  978 5124.00000 5118.00000  0.12%   345 16971s
 548479 353970 5118.44300  133  882 5124.00000 5118.00000  0.12%   345 16988s
 549322 354651 5118.00000  143  976 5124.00000 5118.00000  0.12%   345 17005s
 550089 355245 5119.53147  239  667 5124.00000 5118.00000  0.12%   345 17023s
 550802 355760 5118.00000  128  804 5124.00000 5118.00000  0.12%   345 17042s
 551475 356344 5118.00000  154  964 5124.00000 5118.00000  0.12%   346 17060s
 552178 356723 5120.92235  201  912 5124.00000 5118.00000  0.12%   346 17078s
 552681 357312 5118.00000  115  757 5124.00000 5118.00000  0.12%   346 17098s
 553303 358154 5120.14277  162  788 5124.00000 5118.00000  0.12%   346 17117s
 554306 358799 5121.85185  253  424 5124.00000 5118.00000  0.12%   347 17136s
 555086 359385 5118.00000  115  943 5124.00000 5118.00000  0.12%   347 17155s
 555828 360113 5119.07872  231  641 5124.00000 5118.00000  0.12%   347 17173s
 556613 361127 5120.63509  194  868 5124.00000 5118.00000  0.12%   347 17193s
 557761 361703     cutoff  222      5124.00000 5118.00000  0.12%   347 17210s
 558455 362240 5121.28283  187  693 5124.00000 5118.00000  0.12%   347 17231s
 559150 363025 5120.28766  177  901 5124.00000 5118.00000  0.12%   348 17251s
 560018 363836 5118.77725  180  800 5124.00000 5118.00000  0.12%   348 17272s
 560954 364788 5118.00000  127 1022 5124.00000 5118.00000  0.12%   348 17293s
 561999 365351     cutoff  358      5124.00000 5118.00000  0.12%   348 17313s
 562687 365765 5118.28401  162 1040 5124.00000 5118.00000  0.12%   349 17335s
 563214 366233 5119.52789  191 1032 5124.00000 5118.00000  0.12%   349 17359s
 563821 366999 5119.44278  155  842 5124.00000 5118.00000  0.12%   349 17380s
 564730 368054 5118.64257  191  858 5124.00000 5118.00000  0.12%   349 17402s
 565947 368665 5121.51966  184  933 5124.00000 5118.00000  0.12%   349 17421s
 566709 369513 5119.73796  196  943 5124.00000 5118.00000  0.12%   350 17441s
 567676 370219 5119.03847  164 1033 5124.00000 5118.00000  0.12%   350 17461s
 568557 371080 5119.58152  166  989 5124.00000 5118.00000  0.12%   350 17480s
 569521 371921 5119.55556  192  869 5124.00000 5118.00000  0.12%   350 17500s
 570430 372762 5118.53491  161  975 5124.00000 5118.00000  0.12%   350 17518s
 571337 373607 5118.00000  143 1030 5124.00000 5118.00000  0.12%   350 17537s
 572269 374360 5118.12135  166  874 5124.00000 5118.00000  0.12%   350 17557s
 573137 375048 5118.93664  161  993 5124.00000 5118.00000  0.12%   350 17573s
 574011 375512     cutoff  167      5124.00000 5118.00000  0.12%   351 17589s
 574658 376024 5118.00000  131 1058 5124.00000 5118.00000  0.12%   351 17607s
 575274 376740 5118.00000  102  949 5124.00000 5118.00000  0.12%   351 17626s
 576050 377211 5119.47561  136  877 5124.00000 5118.00000  0.12%   351 17643s
 576664 377912 5118.00000  123  882 5124.00000 5118.00000  0.12%   351 17662s
 577461 378593 5118.00000  116  951 5124.00000 5118.00000  0.12%   351 17680s
 578182 379283 5118.11945  157  798 5124.00000 5118.00000  0.12%   352 17707s
 578988 379291 5118.00000  104 1021 5124.00000 5118.00000  0.12%   352 17726s
 578996 379661 5118.00000  105  989 5124.00000 5118.00000  0.12%   352 17745s
 579378 380411 5118.44060  154  881 5124.00000 5118.00000  0.12%   352 17766s
 580229 381452 5118.85714  141  921 5124.00000 5118.00000  0.12%   352 17785s
 581457 381460 5118.00000  129  850 5124.00000 5118.00000  0.12%   352 17805s
 581465 381610 5118.00000  130  838 5124.00000 5118.00000  0.12%   352 17824s
 581635 382165 5118.00000  135  858 5124.00000 5118.00000  0.12%   352 17844s
 582293 383031 5119.14366  162  826 5124.00000 5118.00000  0.12%   352 17865s
 583275 383574 5121.90222  256  499 5124.00000 5118.00000  0.12%   352 17885s
 583933 384213 5121.78164  155  725 5124.00000 5118.00000  0.12%   352 17905s
 584757 384758 5118.75548  166  971 5124.00000 5118.00000  0.12%   353 17925s
 585462 385574 5118.00000  132  954 5124.00000 5118.00000  0.12%   353 17945s
 586411 386381 5118.58536  202  702 5124.00000 5118.00000  0.12%   353 17963s
 587358 386947 5120.63141  155  876 5124.00000 5118.00000  0.12%   353 17981s
 588148 387621 5118.00000  141  988 5124.00000 5118.00000  0.12%   353 17999s
 588927 387629 5118.00000  112  948 5124.00000 5118.00000  0.12%   353 18020s
 588935 387637 5118.00000  113  900 5124.00000 5118.00000  0.12%   353 18038s
 588943 388010 5118.00000  114  940 5124.00000 5118.00000  0.12%   353 18058s
 589401 388554 5119.94484  149  849 5124.00000 5118.00000  0.12%   353 18079s
 590230 389600 5118.00000  114  844 5124.00000 5118.00000  0.12%   354 18100s
 591329 390437 5119.71074  274  652 5124.00000 5118.00000  0.12%   354 18120s
 592308 391274 5118.00000  120 1029 5124.00000 5118.00000  0.12%   354 18141s
 593264 391956 5118.06236  147  777 5124.00000 5118.00000  0.12%   354 18161s
 594050 392592 5119.00463  194  707 5124.00000 5118.00000  0.12%   354 18180s
 594758 393556 5120.66667  248  186 5124.00000 5118.00000  0.12%   354 18199s
 595859 394481 5118.90050  141  931 5124.00000 5118.00000  0.12%   354 18218s
 596966 395306 5118.00000  116  941 5124.00000 5118.00000  0.12%   354 18236s
 597861 395773 5121.30556  216  588 5124.00000 5118.00000  0.12%   354 18253s
 598535 396358 5118.00000  125 1008 5124.00000 5118.00000  0.12%   354 18270s
 599209 397129 5119.26060  229  861 5124.00000 5118.00000  0.12%   354 18288s
 600062 397659 5118.00000  117  847 5124.00000 5118.00000  0.12%   354 18311s
 600630 398489 5120.42796  160  906 5124.00000 5118.00000  0.12%   355 18329s
 601590 399145     cutoff  169      5124.00000 5118.00000  0.12%   355 18347s
 602356 399793 5118.00000  123  883 5124.00000 5118.00000  0.12%   355 18364s
 603107 400888 5118.22319  161  905 5124.00000 5118.00000  0.12%   355 18384s
 604292 401383 5118.57706  166  817 5124.00000 5118.00000  0.12%   355 18399s
 604869 402091     cutoff  142      5124.00000 5118.00000  0.12%   355 18416s
 605673 402830 5119.08655  192  837 5124.00000 5118.00000  0.12%   355 18434s
 606521 403267 5119.38272  114  902 5124.00000 5118.00000  0.12%   355 18450s
 607111 403949 5118.38310  110  918 5124.00000 5118.00000  0.12%   355 18468s
 607993 404724 5119.54770  135  928 5124.00000 5118.00000  0.12%   355 18485s
 608906 405478 5120.45997  152  714 5124.00000 5118.00000  0.12%   355 18502s
 609882 406077 5118.98531  113  852 5124.00000 5118.00000  0.12%   356 18518s
 610640 406843 5119.68994  188  870 5124.00000 5118.00000  0.12%   356 18535s
 611530 407426 5119.27355  112  895 5124.00000 5118.00000  0.12%   356 18551s
 612208 408187 5119.32603  143  793 5124.00000 5118.00000  0.12%   356 18569s
 613133 409117 5120.15125  184  759 5124.00000 5118.00000  0.12%   356 18585s
 614281 409797 5120.93638  143  662 5124.00000 5118.00000  0.12%   356 18602s
 615078 410084 5119.08003  176  781 5124.00000 5118.00000  0.12%   356 18620s
 615442 410380 5119.12089  177  772 5124.00000 5118.00000  0.12%   356 18636s
 615780 410774 5119.20400  178  721 5124.00000 5118.00000  0.12%   356 18654s
 616240 411610 5119.21968  179  737 5124.00000 5118.00000  0.12%   356 18671s
 617257 412526 5118.21800  146  747 5124.00000 5118.00000  0.12%   356 18689s
 618312 413174 5120.53406  187  770 5124.00000 5118.00000  0.12%   356 18704s
 619053 413759 5121.37908  135  725 5124.00000 5118.00000  0.12%   356 18718s
 619733 414541 5118.00318  153  879 5124.00000 5118.00000  0.12%   356 18733s
 620629 415316 5119.41854  238  759 5124.00000 5118.00000  0.12%   356 18747s
 621521 415897 5121.20910  160  802 5124.00000 5118.00000  0.12%   356 18762s
 622254 416372 5118.30000  110  907 5124.00000 5118.00000  0.12%   356 18777s
 622892 416828 5120.24786  129  832 5124.00000 5118.00000  0.12%   356 18792s
 623529 417320 5118.00000  126  711 5124.00000 5118.00000  0.12%   356 18808s
 624189 417930 5119.11111  168  441 5124.00000 5118.00000  0.12%   356 18823s
 625086 418884 5118.21636  123  918 5124.00000 5118.00000  0.12%   356 18839s
 626134 419540 5119.18599  142  747 5124.00000 5118.00000  0.12%   356 18854s
 626967 419978     cutoff  142      5124.00000 5118.00000  0.12%   356 18869s
 627635 420651 5118.61550  140  756 5124.00000 5118.00000  0.12%   356 18884s
 628394 421250 5119.37424  149  736 5124.00000 5118.00000  0.12%   356 18899s
 629156 421882 5120.03333  133  707 5124.00000 5118.00000  0.12%   356 18914s
 629931 422893 5118.99785  183  708 5124.00000 5118.00000  0.12%   357 18930s
 631037 423724 5121.69068  197  860 5124.00000 5118.00000  0.12%   356 18949s
 631981 424796 infeasible  184      5124.00000 5118.00000  0.12%   356 18967s
 633185 425386 5121.35472  196  823 5124.00000 5118.00000  0.12%   356 18979s
 633975 425795 5118.00000  105  802 5124.00000 5118.00000  0.12%   356 18992s
 634485 426352 5118.39160  138  791 5124.00000 5118.00000  0.12%   356 19005s
 635165 426864 5119.02965  112  942 5124.00000 5118.00000  0.12%   356 19019s
 635790 427486 5119.71717  130  823 5124.00000 5118.00000  0.12%   356 19035s
 636552 428102 5118.13117  137  838 5124.00000 5118.00000  0.12%   356 19051s
 637259 428934     cutoff  157      5124.00000 5118.00000  0.12%   356 19066s
 638251 429676 5120.55986  192  648 5124.00000 5118.00000  0.12%   356 19080s
 639172 430210 5119.18519  116  852 5124.00000 5118.00000  0.12%   356 19096s
 639847 430896     cutoff  131      5124.00000 5118.00000  0.12%   356 19110s
 640694 431742 5119.06173  124  839 5124.00000 5118.00000  0.12%   356 19125s
 641684 432227 5118.00000  112  862 5124.00000 5118.00000  0.12%   356 19139s
 642352 432704 5121.93025  149  680 5124.00000 5118.00000  0.12%   356 19154s
 642974 433260 5118.96220  127  849 5124.00000 5118.00000  0.12%   357 19169s
 643754 433763 5118.45445  123  776 5124.00000 5118.00000  0.12%   357 19183s
 644396 434561 5120.21609  160  772 5124.00000 5118.00000  0.12%   357 19199s
 645279 435219 5121.03232  168  647 5124.00000 5118.00000  0.12%   357 19213s
 646052 435772 5118.61127  128  850 5124.00000 5118.00000  0.12%   357 19228s
 646702 436525 5118.21693  119  923 5124.00000 5118.00000  0.12%   357 19246s
 647554 437275     cutoff  196      5124.00000 5118.00000  0.12%   357 19263s
 648499 438058 5118.22585  112  877 5124.00000 5118.00000  0.12%   357 19279s
 649365 438523 5119.77253  191  633 5124.00000 5118.00000  0.12%   357 19297s
 649987 439358 5120.57778  162  626 5124.00000 5118.00000  0.12%   357 19315s
 650970 440018 5119.04432  112  860 5124.00000 5118.00000  0.12%   357 19330s
 651807 440681 5118.00000  112  952 5124.00000 5118.00000  0.12%   357 19345s
 652562 441287 5118.45480  119  840 5124.00000 5118.00000  0.12%   357 19361s
 653372 441752 5118.11128  111  956 5124.00000 5118.00000  0.12%   357 19376s
 653965 442451 5120.78944  171  845 5124.00000 5118.00000  0.12%   358 19392s
 654768 443291 5119.94015  149  821 5124.00000 5118.00000  0.12%   358 19409s
 655847 444000 5118.19112  113  894 5124.00000 5118.00000  0.12%   358 19425s
 656817 444532 5120.49285  205  747 5124.00000 5118.00000  0.12%   358 19440s
 657553 445156 5118.65913  106 1053 5124.00000 5118.00000  0.12%   358 19455s
 658341 445799 5119.10325  121  873 5124.00000 5118.00000  0.12%   358 19470s
 659139 446269 5118.87701  119  971 5124.00000 5118.00000  0.12%   358 19485s
 659832 446687 5119.71312  126  812 5124.00000 5118.00000  0.12%   358 19500s
 660467 447197 5120.13889  124  750 5124.00000 5118.00000  0.12%   358 19517s
 661188 448128 5122.00000  147  689 5124.00000 5118.00000  0.12%   358 19535s
 662262 448670 5120.10256  143  724 5124.00000 5118.00000  0.12%   358 19554s
 662942 449366 5118.02207  117  931 5124.00000 5118.00000  0.12%   358 19568s
 663746 449906 5121.21566  287  647 5124.00000 5118.00000  0.12%   358 19584s
 664416 450478 5119.34714  132  733 5124.00000 5118.00000  0.12%   358 19600s
 665128 451116 5119.35973  132  778 5124.00000 5118.00000  0.12%   358 19615s
 665912 452174 5118.87945  111  875 5124.00000 5118.00000  0.12%   358 19631s
 667148 452900 5121.24300  128  836 5124.00000 5118.00000  0.12%   358 19645s
 668113 453402 infeasible  140      5124.00000 5118.00000  0.12%   358 19659s
 668796 453846 5118.88224  126  830 5124.00000 5118.00000  0.12%   358 19673s
 669391 454415 5119.04762  110 1028 5124.00000 5118.00000  0.12%   358 19688s
 670027 455172 5120.08601  154  863 5124.00000 5118.00000  0.12%   358 19703s
 670944 455805 5120.05253  145  818 5124.00000 5118.00000  0.12%   358 19717s
 671768 456374 5120.33341  120  937 5124.00000 5118.00000  0.12%   358 19732s
 672445 457133 5118.91132  138  851 5124.00000 5118.00000  0.12%   358 19747s
 673421 457672 5118.23986  107  895 5124.00000 5118.00000  0.12%   358 19761s
 674129 458434 5118.19071  117  935 5124.00000 5118.00000  0.12%   359 19776s
 675016 459077 5119.21189  122  788 5124.00000 5118.00000  0.12%   359 19790s
 675770 459851 5121.33333  138  698 5124.00000 5118.00000  0.12%   359 19808s
 676680 460548 5119.80741  187  559 5124.00000 5118.00000  0.12%   359 19824s
 677517 461133 5118.72013  135  703 5124.00000 5118.00000  0.12%   359 19839s
 678213 461701 5119.15982  160  679 5124.00000 5118.00000  0.12%   359 19855s
 678969 462379 5118.95628  123  871 5124.00000 5118.00000  0.12%   359 19871s
 679792 463052 5120.22222  184  460 5124.00000 5118.00000  0.12%   359 19887s
 680599 463780 5118.90705  161  877 5124.00000 5118.00000  0.12%   359 19903s
 681526 464566 5120.69444  119  764 5124.00000 5118.00000  0.12%   359 19919s
 682486 464574 5118.96483  134  745 5124.00000 5118.00000  0.12%   359 19942s
 682494 464794 5118.96483  135  741 5124.00000 5118.00000  0.12%   359 19957s
 682718 465620 5118.96483  136  771 5124.00000 5118.00000  0.12%   359 19973s
 683652 466493 5120.41787  259  362 5124.00000 5118.00000  0.12%   359 19990s
 684662 467544 infeasible  195      5124.00000 5118.00000  0.12%   359 20006s
 685814 468288 5121.10641  162  765 5124.00000 5118.00000  0.12%   359 20021s
 686845 469169 5118.99808  123  911 5124.00000 5118.00000  0.12%   359 20035s
 687834 469694 5121.25543  168  673 5124.00000 5118.00000  0.12%   359 20054s
 688464 470200 5120.26875  177  735 5124.00000 5118.00000  0.12%   359 20068s
 689196 470635 5120.01111  126  651 5124.00000 5118.00000  0.12%   359 20083s
 689894 471343 5119.06744  128  770 5124.00000 5118.00000  0.12%   359 20099s
 690677 472004 5119.07975  129  898 5124.00000 5118.00000  0.12%   359 20117s
 691553 472630 5118.00000  107  784 5124.00000 5118.00000  0.12%   359 20133s
 692284 473381 5119.36730  125  863 5124.00000 5118.00000  0.12%   359 20151s
 693217 474096 5120.18040  134  746 5124.00000 5118.00000  0.12%   359 20167s
 694053 474624 5119.33246  133  947 5124.00000 5118.00000  0.12%   359 20183s
 694678 475171 5120.05970  127  787 5124.00000 5118.00000  0.12%   360 20200s
 695538 475718     cutoff  131      5124.00000 5118.00000  0.12%   360 20216s
 696294 476717 5120.87021  165  776 5124.00000 5118.00000  0.12%   360 20233s
 697411 477253 5118.93989  123  864 5124.00000 5118.00000  0.12%   360 20250s
 698151 477836 5119.63898  125  873 5124.00000 5118.00000  0.12%   360 20266s
 698839 478408 5121.93235  200  592 5124.00000 5118.00000  0.12%   360 20283s
 699486 478549 5119.81458  118  924 5124.00000 5118.00000  0.12%   360 20299s
 699661 478788 5119.49537  146  613 5124.00000 5118.00000  0.12%   360 20316s
 699946 479188 5119.94757  126  905 5124.00000 5118.00000  0.12%   360 20336s
 700432 479971 5118.23337  111  866 5124.00000 5118.00000  0.12%   360 20354s
 701346 480595 infeasible  221      5124.00000 5118.00000  0.12%   360 20373s
 702133 481316 5121.55109  132  895 5124.00000 5118.00000  0.12%   360 20391s
 703094 482103 5119.28710  123  904 5124.00000 5118.00000  0.12%   360 20409s
 704074 483077 5120.28193  173  710 5124.00000 5118.00000  0.12%   360 20427s
 705205 483654 5118.23003  122  841 5124.00000 5118.00000  0.12%   360 20445s
 706045 484193 5119.62103  167  679 5124.00000 5118.00000  0.12%   360 20462s
 706782 484931 5120.17263  222  735 5124.00000 5118.00000  0.12%   360 20481s
 707683 485645 5118.08148  116  835 5124.00000 5118.00000  0.12%   361 20497s
 708576 486461 5118.87050  112  866 5124.00000 5118.00000  0.12%   361 20514s
 709513 487161     cutoff  148      5124.00000 5118.00000  0.12%   361 20530s
 710371 487796 5119.70915  129  854 5124.00000 5118.00000  0.12%   361 20546s
 711176 488290 5119.64855  120  917 5124.00000 5118.00000  0.12%   361 20563s
 711805 488947 5119.77778  152  618 5124.00000 5118.00000  0.12%   361 20580s
 712647 489819 5120.20669  163  778 5124.00000 5118.00000  0.12%   361 20596s
 713692 490498 5120.31809  143  792 5124.00000 5118.00000  0.12%   361 20612s
 714514 491181     cutoff  189      5124.00000 5118.00000  0.12%   361 20627s
 715403 491868 5119.16071  131  845 5124.00000 5118.00000  0.12%   361 20643s
 716186 492351 5120.11660  139  728 5124.00000 5118.00000  0.12%   361 20659s
 716844 492954 5119.59685  145  855 5124.00000 5118.00000  0.12%   361 20674s
 717597 493618 5120.59564  121  771 5124.00000 5118.00000  0.12%   361 20691s
 718547 494310 5119.53673  137  823 5124.00000 5118.00000  0.12%   361 20707s
 719561 494876 5121.47222  164  580 5124.00000 5118.00000  0.12%   361 20722s
 720310 495585 5119.04837  127  777 5124.00000 5118.00000  0.12%   361 20740s
 721246 496073 5119.03504  112  974 5124.00000 5118.00000  0.12%   361 20755s
 721829 496722 5118.80000  119  757 5124.00000 5118.00000  0.12%   361 20772s
 722679 497512 5119.11111  163  791 5124.00000 5118.00000  0.12%   361 20789s
 723648 498062 5121.24781  175  699 5124.00000 5118.00000  0.12%   361 20806s
 724388 498730 5119.15140  136  818 5124.00000 5118.00000  0.12%   362 20823s
 725243 499535 5119.63622  119  889 5124.00000 5118.00000  0.12%   362 20840s
 726175 500114     cutoff  177      5124.00000 5118.00000  0.12%   362 20857s
 726895 500569 5121.22273  158  801 5124.00000 5118.00000  0.12%   362 20873s
 727445 501228 5121.68991  156  826 5124.00000 5118.00000  0.12%   362 20891s
 728231 502061 5121.11633  176  800 5124.00000 5118.00000  0.12%   362 20908s
 729256 502840 5121.12778  156  648 5124.00000 5118.00000  0.12%   362 20924s
 730238 503128 infeasible  143      5124.00000 5118.00000  0.12%   362 20940s
 730797 503809 5118.11872  109  969 5124.00000 5118.00000  0.12%   362 20957s
 731717 504659 5119.40741  142  673 5124.00000 5118.00000  0.12%   362 20973s
 732804 505075 5119.64958  126  849 5124.00000 5118.00000  0.12%   362 20996s
 733452 505622 5119.03492  130  706 5124.00000 5118.00000  0.12%   362 21012s
 734314 506287 5119.52446  114  952 5124.00000 5118.00000  0.12%   362 21028s
 735245 506940 5118.00000  111  891 5124.00000 5118.00000  0.12%   362 21048s
 736079 507701 5118.00000  139  852 5124.00000 5118.00000  0.12%   363 21065s
 736993 508324 5121.78112  178  765 5124.00000 5118.00000  0.12%   363 21080s
 737772 508881 infeasible  131      5124.00000 5118.00000  0.12%   363 21096s
 738563 509505 5120.58333  130  666 5124.00000 5118.00000  0.12%   363 21112s
 739401 510032 5119.31358  117  939 5124.00000 5118.00000  0.12%   363 21128s
 740131 510582 5118.88333  109  926 5124.00000 5118.00000  0.12%   363 21145s
 740836 511329 5119.15890  125  850 5124.00000 5118.00000  0.12%   363 21161s
 741794 511992 5120.77778  125  646 5124.00000 5118.00000  0.12%   363 21179s
 742663 512627 5121.42104  114  893 5124.00000 5118.00000  0.12%   363 21196s
 743555 513028 5119.30221  155  755 5124.00000 5118.00000  0.12%   363 21212s
 744255 513785 5118.20648  119  816 5124.00000 5118.00000  0.12%   363 21228s
 745250 514557 5118.08148  111  813 5124.00000 5118.00000  0.12%   363 21244s
 746150 515448 5120.75115  209  623 5124.00000 5118.00000  0.12%   363 21260s
 747336 516065 5119.40921  142  756 5124.00000 5118.00000  0.12%   363 21275s
 748137 516833     cutoff  145      5124.00000 5118.00000  0.12%   363 21291s
 749008 517558 5119.95837  131  738 5124.00000 5118.00000  0.12%   363 21306s
 749904 518372 5118.00000  120  917 5124.00000 5118.00000  0.12%   363 21324s
 750872 519001 5119.99632  126  862 5124.00000 5118.00000  0.12%   363 21338s
 751695 519512 5118.19048  113  855 5124.00000 5118.00000  0.12%   363 21353s
 752352 520298 5120.33333  121  701 5124.00000 5118.00000  0.12%   363 21368s
 753302 520981 5119.77214  183  628 5124.00000 5118.00000  0.12%   363 21384s
 754091 521581 5119.64283  123  867 5124.00000 5118.00000  0.12%   363 21399s
 754924 522046 5118.00000  127  652 5124.00000 5118.00000  0.12%   363 21414s
 755567 522754 5120.58264  169  717 5124.00000 5118.00000  0.12%   363 21429s
 756392 523417 5118.99288  127  823 5124.00000 5118.00000  0.12%   363 21444s
 757289 524147 5120.88889  140  783 5124.00000 5118.00000  0.12%   363 21459s
 758211 524755 5119.51018  131  741 5124.00000 5118.00000  0.12%   363 21476s
 758976 525404 5118.19577  115  883 5124.00000 5118.00000  0.12%   363 21490s
 759711 526170 5118.91111  119  847 5124.00000 5118.00000  0.12%   363 21506s
 760618 526995 5118.75335  135  835 5124.00000 5118.00000  0.12%   363 21521s
 761642 527701 5118.55082  146  751 5124.00000 5118.00000  0.12%   363 21535s
 762457 528370 5118.06102  132  844 5124.00000 5118.00000  0.12%   363 21550s
 763251 528913 5120.30695  177  680 5124.00000 5118.00000  0.12%   363 21564s
 764004 529441 5120.95540  138  726 5124.00000 5118.00000  0.12%   363 21578s
 764678 530043 5120.83807  174  706 5124.00000 5118.00000  0.12%   363 21596s
 765480 530538 infeasible  135      5124.00000 5118.00000  0.12%   364 21614s
 766214 531206 infeasible  135      5124.00000 5118.00000  0.12%   364 21632s
 767068 531990 5119.10693  123  904 5124.00000 5118.00000  0.12%   364 21650s
 768078 532406 5118.68287  122  864 5124.00000 5118.00000  0.12%   364 21660s

Cutting planes:
  Gomory: 2
  Clique: 1
  Inf proof: 9

Explored 768577 nodes (279804623 simplex iterations) in 21660.38 seconds (39005.34 work units)
Thread count was 8 (of 96 available processors)

Solution count 10: 5124 5126 5128 ... 5158

Time limit reached
Best objective 5.124000000000e+03, best bound 5.118000000000e+03, gap 0.1171%

User-callback calls 4241046, time in user-callback 0.46 sec
LB for instance LINE40 with 30 = 5118, UB = 5124, gap = 0.00117096
