inst=LINE40
r=20
Compute TTP bound for LINE40_20 with TimeLimit 21660
Save file as Instances/TTP/Bound_LINE40_20.txt
Read TTP files
Instance: LINE40, Type: A, Contributor: Hoshino, Kawarabayashi
Date: 0/4/2012
NrTeams = 40, NrRounds =  20
Set parameter TokenServer to value "licgurobi.ugent.be"
Set parameter Threads to value 8
Set parameter TimeLimit to value 21660
Gurobi Optimizer version 12.0.0 build v12.0.0rc1 (linux64 - "Red Hat Enterprise Linux 9.6 (Plow)")

CPU model: AMD EPYC 7552 48-Core Processor, instruction set [SSE2|AVX|AVX2]
Thread count: 96 physical cores, 96 logical processors, using up to 8 threads

Non-default parameters:
TimeLimit  21660
Threads  8

Optimize a model with 2500 rows, 1129480 columns and 3357280 nonzeros
Model fingerprint: 0x2597d1d7
Variable types: 0 continuous, 1129480 integer (1129480 binary)
Coefficient statistics:
  Matrix range     [1e+00, 1e+00]
  Objective range  [2e+00, 2e+02]
  Bounds range     [1e+00, 1e+00]
  RHS range        [1e+00, 1e+01]
Found heuristic solution: objective 10604.000000
Presolve removed 80 rows and 731160 columns
Presolve time: 4.00s
Presolved: 2420 rows, 398320 columns, 1163760 nonzeros
Variable types: 0 continuous, 398320 integer (398320 binary)
Deterministic concurrent LP optimizer: primal simplex, dual simplex, and barrier
Showing barrier log only...

Root barrier log...

Ordering time: 0.01s

Barrier statistics:
 AA' NZ     : 1.906e+04
 Factor NZ  : 1.044e+05 (roughly 80 MB of memory)
 Factor Ops : 1.637e+07 (less than 1 second per iteration)
 Threads    : 6

                  Objective                Residual
Iter       Primal          Dual         Primal    Dual     Compl     Time
   0   6.11259236e+07 -2.79812032e+07  2.35e+03 6.65e+01  5.36e+02     5s
   1   9.84007596e+05 -1.65465969e+07  3.91e+01 1.99e-13  4.77e+01     5s
   2   3.92988842e+04 -6.91325369e+05  1.25e+00 1.14e-13  1.89e+00     6s
   3   6.01365145e+03 -1.42308822e+05  2.04e-02 1.01e-13  3.73e-01     6s
   4   4.90695850e+03 -4.57283728e+04  2.36e-03 9.79e-14  1.27e-01     6s
   5   4.69082466e+03 -3.24552532e+04  1.83e-03 9.15e-14  9.31e-02     6s
   6   4.41357981e+03 -2.36755209e+04  1.25e-03 1.43e-13  7.04e-02     6s
   7   4.21598627e+03 -1.80911980e+04  9.60e-04 1.20e-13  5.59e-02     6s
   8   3.92169553e+03 -1.22633833e+04  6.75e-04 1.18e-13  4.06e-02     6s
   9   3.68503743e+03 -8.81188808e+03  5.25e-04 1.25e-13  3.13e-02     6s
  10   3.56018186e+03 -7.30242148e+03  4.61e-04 1.08e-13  2.72e-02     6s
  11   3.33418062e+03 -4.27982898e+03  3.62e-04 1.50e-13  1.91e-02     6s
  12   3.02267389e+03 -1.96218385e+03  2.41e-04 9.71e-14  1.25e-02     6s
  13   2.88217952e+03 -4.26485896e+02  1.88e-04 1.15e-13  8.29e-03     6s
  14   2.75584182e+03 -4.75323666e+00  1.45e-04 1.21e-13  6.92e-03     6s
  15   2.70219651e+03  4.80777353e+02  1.23e-04 1.19e-13  5.57e-03     6s
  16   2.60015701e+03  8.06436903e+02  8.64e-05 1.16e-13  4.50e-03     6s

Barrier performed 16 iterations in 6.28 seconds (9.30 work units)
Barrier solve interrupted - model solved by another algorithm

Concurrent spin time: 0.49s (can be avoided by choosing Method=3)

Solved with dual simplex

Root simplex log...

Iteration    Objective       Primal Inf.    Dual Inf.      Time
    7383    2.3191111e+03   0.000000e+00   0.000000e+00      6s

Use crossover to convert LP symmetric solution to basic solution...

Root crossover log...

     294 DPushes remaining with DInf 0.0000000e+00                 7s
       0 DPushes remaining with DInf 0.0000000e+00                 7s

     174 PPushes remaining with PInf 0.0000000e+00                 7s
       0 PPushes remaining with PInf 0.0000000e+00                 7s

  Push phase complete: Pinf 0.0000000e+00, Dinf 2.2493118e-12      7s


Root simplex log...

Iteration    Objective       Primal Inf.    Dual Inf.      Time
    7853    2.3191111e+03   0.000000e+00   0.000000e+00      7s

Root relaxation: objective 2.319111e+03, 7853 iterations, 2.15 seconds (1.67 work units)

    Nodes    |    Current Node    |     Objective Bounds      |     Work
 Expl Unexpl |  Obj  Depth IntInf | Incumbent    BestBd   Gap | It/Node Time

     0     0 2319.11111    0  625 10604.0000 2319.11111  78.1%     -    8s
H    0     0                    2948.0000000 2319.11111  21.3%     -    9s
H    0     0                    2910.0000000 2319.11111  20.3%     -    9s
H    0     0                    2902.0000000 2319.11111  20.1%     -    9s
H    0     0                    2900.0000000 2319.11111  20.0%     -   10s
H    0     0                    2840.0000000 2319.11111  18.3%     -   18s
H    0     0                    2836.0000000 2319.11111  18.2%     -   19s
H    0     0                    2774.0000000 2319.11111  16.4%     -   21s
H    0     0                    2764.0000000 2319.11111  16.1%     -   25s
H    0     0                    2762.0000000 2319.11111  16.0%     -   25s
     0     0 2319.11111    0  978 2762.00000 2319.11111  16.0%     -   30s
H    0     0                    2736.0000000 2319.11111  15.2%     -   36s
H    0     0                    2726.0000000 2319.11111  14.9%     -   46s
H    0     0                    2720.0000000 2319.11111  14.7%     -   48s
H    0     0                    2688.0000000 2319.11111  13.7%     -   56s
H    0     0                    2680.0000000 2319.11111  13.5%     -   56s
     0     0 2319.11111    0  959 2680.00000 2319.11111  13.5%     -   56s
     0     0 2319.11111    0  610 2680.00000 2319.11111  13.5%     -   67s
H    0     0                    2676.0000000 2319.11111  13.3%     -   67s
     0     0 2319.11111    0  633 2676.00000 2319.11111  13.3%     -   68s
     0     0 2319.11111    0  610 2676.00000 2319.11111  13.3%     -   74s
     0     0 2319.11111    0  674 2676.00000 2319.11111  13.3%     -   76s
     0     0 2319.11111    0  645 2676.00000 2319.11111  13.3%     -   79s
     0     0 2319.11111    0  731 2676.00000 2319.11111  13.3%     -   81s
     0     0 2319.11111    0  617 2676.00000 2319.11111  13.3%     -   84s
     0     0 2319.11111    0  672 2676.00000 2319.11111  13.3%     -   85s
     0     0 2319.11111    0  574 2676.00000 2319.11111  13.3%     -   88s
     0     0 2319.11111    0  534 2676.00000 2319.11111  13.3%     -   89s
     0     2 2320.00000    0  534 2676.00000 2320.00000  13.3%     -  114s
     1     4 2320.00000    1  643 2676.00000 2320.00000  13.3%  3136  117s
     7    16 2320.00000    3  854 2676.00000 2320.00000  13.3%   720  122s
    23    47 2320.00000    5  841 2676.00000 2320.00000  13.3%   371  129s
    46    55 2320.00000    7  882 2676.00000 2320.00000  13.3%   247  132s
H   47    55                    2672.0000000 2320.00000  13.2%   242  132s
H   49    55                    2652.0000000 2320.00000  12.5%   246  132s
H   52    55                    2640.0000000 2320.00000  12.1%   244  133s
    54    70 2320.00000    8  887 2640.00000 2320.00000  12.1%   240  139s
    69    92 2320.00000   10  855 2640.00000 2320.00000  12.1%   244  142s
    91   100 2320.00000   12  913 2640.00000 2320.00000  12.1%   209  145s
H   93   100                    2616.0000000 2320.00000  11.3%   205  145s
H   97   100                    2602.0000000 2320.00000  10.8%   200  145s
   114   136 2320.00000   14  902 2602.00000 2320.00000  10.8%   194  152s
   135   144 2320.00000   16  824 2602.00000 2320.00000  10.8%   179  158s
H  136   144                    2585.9999977 2320.00000  10.3%   178  158s
   143   165 2320.00000   17  851 2586.00000 2320.00000  10.3%   176  160s
   164   186 2320.00000   19  831 2586.00000 2320.00000  10.3%   164  165s
   206   236 2320.00000   23  924 2586.00000 2320.00000  10.3%   149  171s
   235   244 2320.00000   26  880 2586.00000 2320.00000  10.3%   146  176s
H  236   244                    2580.0000000 2320.00000  10.1%   145  176s
H  238   244                    2566.0000000 2320.00000  9.59%   145  176s
   243   269 2320.00000   27  868 2566.00000 2320.00000  9.59%   144  183s
   268   298 2320.00000   29  784 2566.00000 2320.00000  9.59%   152  186s
H  297   306                    2562.0000000 2320.00000  9.45%   146  193s
H  298   306                    2558.0000000 2320.00000  9.30%   145  193s
   305   339 2320.00000   33  888 2558.00000 2320.00000  9.30%   145  198s
   338   378 2320.00000   37  891 2558.00000 2320.00000  9.30%   143  204s
   377   428 2320.00000   42  847 2558.00000 2320.00000  9.30%   142  210s
   427   488 2320.00000   45  870 2558.00000 2320.00000  9.30%   138  219s
   487   554 2320.00000   47  903 2558.00000 2320.00000  9.30%   139  228s
H  553   562                    2548.0000000 2320.00000  8.95%   134  239s
   561   620 2320.00000   52  882 2548.00000 2320.00000  8.95%   134  247s
   619   691 2320.00000   56  853 2548.00000 2320.00000  8.95%   131  253s
H  690   699                    2530.0000000 2320.00000  8.30%   127  262s
H  691   699                    2510.0000000 2320.00000  7.57%   127  262s
   698   755 2320.00000   61  876 2510.00000 2320.00000  7.57%   127  268s
   754   771 2320.00000   66  903 2510.00000 2320.00000  7.57%   126  276s
   770   782 2320.00000   68  887 2510.00000 2320.00000  7.57%   127  283s
   781   793 2320.00000   69  923 2510.00000 2320.00000  7.57%   128  288s
   792   807 2320.00000   70  876 2510.00000 2320.00000  7.57%   128  293s
   806   815 2320.00000   71  921 2510.00000 2320.00000  7.57%   127  299s
H  813   815                    2502.0000000 2320.00000  7.27%   128  299s
   814   874 2320.00000   72  916 2502.00000 2320.00000  7.27%   128  307s
H  873   882                    2500.0000000 2320.00000  7.20%   127  318s
H  875   882                    2494.0000000 2320.00000  6.98%   127  318s
   881   958 2320.00000   78  928 2494.00000 2320.00000  6.98%   127  326s
   957  1033 2320.00000   89  922 2494.00000 2320.00000  6.98%   124  332s
  1032  1116 2320.13540   97  909 2494.00000 2320.00000  6.98%   121  339s
  1115  1204 2320.44444  109  938 2494.00000 2320.00000  6.98%   118  345s
H 1203  1212                    2478.0000000 2320.00000  6.38%   114  357s
H 1209  1212                    2476.0000000 2320.00000  6.30%   114  358s
  1211  1304 2320.44444  120  926 2476.00000 2320.00000  6.30%   113  365s
H 1285  1304                    2474.0000000 2320.00000  6.22%   110  365s
  1303  1395 2320.44444  132  946 2474.00000 2320.00000  6.22%   110  372s
  1394  1500 2320.66667  143  923 2474.00000 2320.00000  6.22%   108  380s
  1499  1601 2320.66667  160  879 2474.00000 2320.00000  6.22%   105  387s
H 1600  1609                    2470.0000000 2320.00000  6.07%   103  398s
H 1607  1609                    2466.0000000 2320.00000  5.92%   103  399s
  1608  1742 2320.88889  174  871 2466.00000 2320.00000  5.92%   103  408s
  1741  1876 2320.88889  191  915 2466.00000 2320.00000  5.92%   100  417s
  1875  2013 2321.11111  215  866 2466.00000 2320.00000  5.92%  96.9  431s
  2012  2166 2321.11111  232  877 2466.00000 2320.00000  5.92%  96.6  441s
  2165  2334 2321.33333  249  862 2466.00000 2320.00000  5.92%  93.4  450s
  2333  2516 2321.55556  274  882 2466.00000 2320.00000  5.92%  90.6  461s
  2515  2707 2321.77778  308  858 2466.00000 2320.00000  5.92%  87.7  471s
  2706  2715 2322.00000  337  886 2466.00000 2320.00000  5.92%  84.9  483s
H 2712  2715                    2458.0000000 2320.00000  5.61%  85.0  483s
H 2714  2723                    2444.0000000 2320.00000  5.07%  85.0  499s
H 2719  2723                    2442.0000000 2320.00000  5.00%  84.9  499s
H 2721  2723                    2440.0000000 2320.00000  4.92%  84.9  499s
  2722  2901 2322.00000  339  884 2440.00000 2320.00000  4.92%  84.9  509s
  2900  3104 2322.00000  365  845 2440.00000 2320.00000  4.92%  82.8  521s
  3103  3301 2322.22222  392  835 2440.00000 2320.00000  4.92%  80.5  532s
  3300  3484 2322.44444  420  843 2440.00000 2320.00000  4.92%  79.1  544s
  3483  3674 2322.44444  437  732 2440.00000 2320.00000  4.92%  78.2  556s
H 3673  3682                    2436.0000000 2320.00000  4.76%  77.1  570s
  3681  3883 2322.53801  445  920 2436.00000 2320.00000  4.76%  77.1  582s
  3882  4102 2322.79012  478  875 2436.00000 2320.00000  4.76%  76.2  595s
  4101  4321 2323.03704  514  840 2436.00000 2320.00000  4.76%  75.1  608s
  4320  4584 2323.35043  547  906 2436.00000 2320.00000  4.76%  74.4  624s
  4583  4813 2323.44213  568  917 2436.00000 2320.00000  4.76%  73.2  639s
  4812  5015 2323.82429  600  902 2436.00000 2320.00000  4.76%  72.7  654s
H 5014  5023                    2434.0000000 2320.00000  4.68%  72.4  672s
H 5017  5023                    2432.0000000 2320.00000  4.61%  72.4  672s
  5022  5309 2324.07407  631  877 2432.00000 2320.00000  4.61%  72.5  688s
  5308  5540 2324.21164  658  864 2432.00000 2320.00000  4.61%  71.4  706s
  5539  5548 2324.81179  681  856 2432.00000 2320.00000  4.61%  71.3  737s
H 5544  5548                    2428.0000000 2320.00000  4.45%  71.2  737s
  5547  5880 2324.81179  682  869 2428.00000 2320.00000  4.45%  71.2  753s
  5879  6109 2325.16049  714  770 2428.00000 2320.00000  4.45%  70.0  773s
H 5907  6109                    2422.0000000 2320.00000  4.21%  69.8  773s
H 6108  6117                    2420.0000000 2320.00000  4.13%  69.6  806s
H 6114  6117                    2418.0000000 2320.00000  4.05%  69.7  806s
  6116  6474 2325.20165  744  799 2418.00000 2320.00000  4.05%  69.7  825s
  6473  6784 2325.31833  792  848 2418.00000 2320.00000  4.05%  68.5  845s
  6783  7152 2325.66667  823  894 2418.00000 2320.00000  4.05%  67.9  868s
  7151  7640 2325.96788  869  870 2418.00000 2320.00000  4.05%  67.2  889s
  7640  7641 2329.77778  644  534 2418.00000 2320.00000  4.05%  65.2  927s
  7642  7642 2333.88181  969  478 2418.00000 2320.00000  4.05%  65.2  964s
  7643  7643 2324.44444  187  764 2418.00000 2320.00000  4.05%  65.2  991s
H 7643  7260                    2416.0000000 2320.00000  3.97%  65.2  996s
H 7643  6897                    2414.0000000 2320.00000  3.89%  65.2  997s
  7644  6898 2329.55556  579  802 2414.00000 2320.00000  3.89%  65.2 1016s
  7645  6898 2331.77778  601  697 2414.00000 2320.00000  3.89%  65.1 1028s
  7646  6899 2325.11111  314  791 2414.00000 2320.00000  3.89%  65.1 1048s
  7647  6900 2324.66667  212  727 2414.00000 2320.00000  3.89%  65.1 1062s
  7648  6900 2328.20606  326  816 2414.00000 2320.00000  3.89%  65.1 1076s
  7649  6901 2324.44444   48  680 2414.00000 2320.00000  3.89%  65.1 1082s
  7650  6902 2333.11111  685  690 2414.00000 2320.00000  3.89%  65.1 1097s
  7651  6902 2331.77778  526  694 2414.00000 2320.00000  3.89%  65.1 1105s
  7653  6904 2328.24242  403  791 2414.00000 2320.00000  3.89%  65.1 1112s
  7655  6905 2328.44444  431 1059 2414.00000 2320.00000  3.89%  65.1 1118s
  7657  6906 2332.68930  509  834 2414.00000 2320.00000  3.89%  65.0 1123s
  7658  6907 2330.25000  715  962 2414.00000 2320.00000  3.89%  65.0 1125s
  7660  6908 2331.77778 1046  949 2414.00000 2320.00000  3.89%  65.0 1130s
  7661  6909 2329.89630  590  818 2414.00000 2320.00000  3.89%  65.0 1155s
  7664  6911 2324.44444  527  896 2414.00000 2320.00000  3.89%  65.0 1160s
H 7664  6565                    2412.0000000 2320.00000  3.81%  65.0 1223s
  7665  6566 2331.04005  880  896 2412.00000 2320.00000  3.81%  65.0 1225s
  7666  6569 2320.00000   14  911 2412.00000 2320.00000  3.81%  74.7 1288s
  7668  6573 2320.00000   15  916 2412.00000 2320.00000  3.81%  74.8 1293s
  7672  6579 2320.00000   16  922 2412.00000 2320.00000  3.81%  75.0 1297s
  7680  6585 2320.00000   17  948 2412.00000 2320.00000  3.81%  75.3 1300s
  7688  6599 2320.00000   18 1012 2412.00000 2320.00000  3.81%  75.3 1310s
  7705  6608 2320.00000   19 1033 2412.00000 2320.00000  3.81%  75.7 1316s
  7720  6614 2320.21613   19 1029 2412.00000 2320.00000  3.81%  76.5 1325s
  7731  6630 2320.00000   20 1032 2412.00000 2320.00000  3.81%  77.0 1331s
  7750  6639 2320.00000   21 1024 2412.00000 2320.00000  3.81%  77.6 1338s
  7766  6647 2322.55521   21  906 2412.00000 2320.00000  3.81%  78.3 1348s
  7779  6659 2320.00000   22  974 2412.00000 2320.00000  3.81%  78.9 1356s
  7795  6661 2320.00000   23 1039 2412.00000 2320.00000  3.81%  79.5 1364s
  7803  6669 2320.00000   23 1030 2412.00000 2320.00000  3.81%  79.6 1373s
  7813  6678 2320.00000   24 1019 2412.00000 2320.00000  3.81%  79.9 1382s
  7826  6686 2320.83333   24  959 2412.00000 2320.00000  3.81%  80.6 1392s
H 7828  6356                    2410.0000000 2320.00000  3.73%  80.6 1392s
  7838  6364 2320.58434   25  909 2410.00000 2320.00000  3.73%  81.0 1402s
  7849  6375 2320.19118   25  933 2410.00000 2320.00000  3.73%  81.6 1410s
  7864  6378 2320.19298   26  882 2410.00000 2320.00000  3.73%  82.4 1416s
  7872  6385 2320.63333   26 1015 2410.00000 2320.00000  3.73%  82.5 1425s
  7881  6391 2320.19298   27  914 2410.00000 2320.00000  3.73%  82.7 1432s
  7890  6397 2323.30266   27  923 2410.00000 2320.00000  3.73%  83.3 1439s
  7899  6403 2320.19298   28  917 2410.00000 2320.00000  3.73%  83.6 1450s
  7908  6408 2323.91204   28  834 2410.00000 2320.00000  3.73%  84.5 1461s
  7916  6414 2320.19298   29  896 2410.00000 2320.00000  3.73%  84.8 1470s
  7925  6419 2323.77778   29  866 2410.00000 2320.00000  3.73%  85.2 1476s
  7933  6424 2320.19298   30  941 2410.00000 2320.00000  3.73%  85.3 1485s
  7941  6430 2323.82222   30  911 2410.00000 2320.00000  3.73%  85.8 1492s
  7949  6435 2320.20000   31  928 2410.00000 2320.00000  3.73%  86.0 1497s
  7957  6440 2320.66667   31  951 2410.00000 2320.00000  3.73%  86.4 1507s
  7965  6446 2320.20000   32  915 2410.00000 2320.00000  3.73%  87.0 1515s
  7973  6451 2323.77778   32  904 2410.00000 2320.00000  3.73%  87.1 1525s
  7981  6456 2320.20000   33  909 2410.00000 2320.00000  3.73%  87.6 1535s
H 7986  6143                    2406.0000000 2320.00000  3.57%  88.1 1535s
  7989  6150 2321.22222   33  830 2406.00000 2320.00000  3.57%  88.3 1544s
H 7992  5853                    2402.0000000 2320.00000  3.41%  88.3 1544s
  7997  5881 2320.20000   34  907 2402.00000 2320.00000  3.41%  88.6 1555s
  8027  5879 2320.27572   37  965 2402.00000 2320.00000  3.41%  89.7 1563s
  8035  5884 2323.77778   37  930 2402.00000 2320.00000  3.41%  89.8 1573s
  8043  5890 2320.27572   38  918 2402.00000 2320.00000  3.41%  90.3 1583s
H 8047  5606                    2398.0000000 2320.00000  3.25%  90.6 1583s
  8051  5644 2320.28048   38  864 2398.00000 2320.00000  3.25%  90.7 1599s
  8090  5663 2320.28048   41  858 2398.00000 2320.00000  3.25%  92.4 1612s
  8122  5680 2320.68919   43  854 2398.00000 2320.00000  3.25%  94.0 1628s
  8150  5717 2320.34930   43  893 2398.00000 2320.00000  3.25%  95.6 1643s
  8196  5744 2320.88889   45  828 2398.00000 2320.00000  3.25%  97.1 1657s
  8238  5777 2320.66667   49  892 2398.00000 2320.00000  3.25%  98.7 1672s
  8285  5815 2320.68052   52  867 2398.00000 2320.00000  3.25%   100 1688s
  8339  5843 2322.12735   55  852 2398.00000 2320.00000  3.25%   102 1707s
  8385  5893 2321.11710   59  700 2398.00000 2320.00000  3.25%   104 1723s
  8450  5879 2321.33333   63  748 2398.00000 2320.00000  3.25%   105 1741s
  8458  5884 2321.57623   63  734 2398.00000 2320.00000  3.25%   105 1756s
  8466  5890 2321.33333   64  822 2398.00000 2320.00000  3.25%   106 1768s
  8474  5896 2321.33333   64  731 2398.00000 2320.00000  3.25%   106 1782s
  8483  5928 2321.33333   65  754 2398.00000 2320.00000  3.25%   107 1800s
  8518  5986 2324.85714   65  823 2398.00000 2320.00000  3.25%   107 1818s
  8588  6039 2321.33333   68  600 2398.00000 2320.00000  3.25%   109 1837s
  8664  6097 2321.33333   73  627 2398.00000 2320.00000  3.25%   111 1859s
  8747  6165 2322.60317   76  740 2398.00000 2320.00000  3.25%   114 1881s
  8843  6213 2321.33333   82  556 2398.00000 2320.00000  3.25%   115 1900s
  8923  6270 2329.47142   86  827 2398.00000 2320.00000  3.25%   117 1920s
  9007  6330 2321.66616   91  675 2398.00000 2320.00000  3.25%   119 1943s
  9095  6388 2322.05452   97  707 2398.00000 2320.00000  3.25%   121 1969s
  9182  6450 2322.22222  104  596 2398.00000 2320.00000  3.25%   123 1992s
  9277  6515 2322.61600  111  623 2398.00000 2320.00000  3.25%   125 2016s
  9374  6591 2323.03337  120  650 2398.00000 2320.00000  3.25%   126 2045s
  9482  6657 2324.14005  126  677 2398.00000 2320.00000  3.25%   129 2072s
  9584  6631 2324.75140  133  641 2398.00000 2320.00000  3.25%   131 2568s
  9592  6642 2325.07914  133  669 2398.00000 2320.00000  3.25%   131 2592s
H 9603  6371                    2396.0000000 2320.00000  3.17%   131 2592s
H 9605  6116                    2394.0000000 2320.00000  3.09%   131 2592s
  9606  6253 2325.10633  134  634 2394.00000 2320.00000  3.09%   131 2621s
  9743  6221 2326.67901  145  576 2394.00000 2320.00000  3.09%   133 2647s
  9757  6318 2326.67901  147  574 2394.00000 2320.00000  3.09%   133 2676s
  9859  6437 2328.31008  158  665 2394.00000 2320.00000  3.09%   135 2710s
 10014  6519 2330.92901  172  598 2394.00000 2320.00000  3.09%   137 2743s
 10149  6598 2333.26984  188  548 2394.00000 2320.00000  3.09%   140 2772s
 10273  6622 2354.06364  196  619 2394.00000 2320.00000  3.09%   142 2801s
 10339  6638 2336.43333  197  640 2394.00000 2320.00000  3.09%   142 2830s
 10377  6696 2365.24383  197  631 2394.00000 2320.00000  3.09%   143 2861s
 10447  6715 2336.43333  198  633 2394.00000 2320.00000  3.09%   145 2895s
 10490  6895 2336.67284  202  601 2394.00000 2320.00000  3.09%   145 2931s
 10688  7059 2340.16667  217  457 2394.00000 2320.00000  3.09%   148 2973s
 10930  7213 2373.11211  229  712 2394.00000 2320.00000  3.09%   151 3017s
 11167  7376 2340.00806  247  611 2394.00000 2320.00000  3.09%   154 3060s
 11413  7346 2340.58440  267  536 2394.00000 2320.00000  3.09%   157 3104s
 11467  7579 2346.11556  267  577 2394.00000 2320.00000  3.09%   157 3150s
 11718  7758 2341.46483  286  537 2394.00000 2320.00000  3.09%   160 3198s
 11980  7975 2343.33027  305  519 2394.00000 2320.00000  3.09%   163 3248s
 12291  8160 2345.73663  336  523 2394.00000 2320.00000  3.09%   166 3302s
 12583  8397 2346.11436  360  555 2394.00000 2320.00000  3.09%   170 3357s
 12926  8583 2347.36626  385  505 2394.00000 2320.00000  3.09%   173 3414s
 13232  8650 2347.85944  408  501 2394.00000 2320.00000  3.09%   176 3467s
 13413  8948 2348.73731  421  519 2394.00000 2320.00000  3.09%   177 3531s
 13838  9171 2350.01419  455  492 2394.00000 2320.00000  3.09%   181 3598s
 14284  9439 2353.89954  492  496 2394.00000 2320.00000  3.09%   184 3673s
 14805  9496 2357.66308  531  443 2394.00000 2320.00000  3.09%   189 3732s
 15158  9756 2358.76329  551  457 2394.00000 2320.00000  3.09%   190 3834s
 15733  9657 infeasible  590      2394.00000 2320.00000  3.09%   192 3867s
 15896  9699 infeasible  622      2394.00000 2320.00000  3.09%   192 3912s
 16051  9780 infeasible  661      2394.00000 2320.00000  3.09%   192 3964s
 16233  9771 2381.12099  700  431 2394.00000 2320.00000  3.09%   192 4013s
 16295  9953 2371.33333  701  381 2394.00000 2320.00000  3.09%   192 4075s
 16633 10092 2372.46731  740  429 2394.00000 2320.00000  3.09%   193 4136s
 17021 10203 infeasible  779      2394.00000 2320.00000  3.09%   194 4194s
 17341 10303 2381.47662  820  467 2394.00000 2320.00000  3.09%   195 4261s
 17672 10201 2382.92646  859  418 2394.00000 2320.00000  3.09%   196 4314s
 17680 10205     cutoff  859      2394.00000 2320.00000  3.09%   196 4367s
 17689 10272 infeasible  860      2394.00000 2320.00000  3.09%   196 4422s
 17841 10322     cutoff  899      2394.00000 2320.00000  3.09%   196 4493s
 18014 10500     cutoff  939      2394.00000 2320.00000  3.09%   196 4571s
 18254 10880 2320.00000   44  884 2394.00000 2320.00000  3.09%   196 4652s
 18714 11208 2320.67941   57  870 2394.00000 2320.00000  3.09%   197 4732s
 19195 11481 2322.39280   69  906 2394.00000 2320.00000  3.09%   198 4817s
 19633 11631 2323.18366   79  909 2394.00000 2320.00000  3.09%   197 4910s
 19929 11918 2326.19957   99  861 2394.00000 2320.00000  3.09%   197 4995s
 20316 12331 2326.24113  100  865 2394.00000 2320.00000  3.09%   196 5078s
 20858 12675 2329.05891  130  814 2394.00000 2320.00000  3.09%   197 5172s
 21387 13076 2330.96079  146  737 2394.00000 2320.00000  3.09%   196 5266s
 21993 13363 2336.70236  191  586 2394.00000 2320.00000  3.09%   195 5355s
 22529 13347 2338.60690  215  574 2394.00000 2320.00000  3.09%   194 5445s
 22578 13836 2340.21780  217  544 2394.00000 2320.00000  3.09%   194 5526s
 23114 14271 2345.27063  262  534 2394.00000 2320.00000  3.09%   193 5608s
 23657 14671 2349.70673  302  548 2394.00000 2320.00000  3.09%   192 5690s
 24132 14940 2352.78502  358  514 2394.00000 2320.00000  3.09%   193 5780s
 24436 15306 2365.90309  398  520 2394.00000 2320.00000  3.09%   194 5873s
 24814 15679 2359.79983  470  519 2394.00000 2320.00000  3.09%   195 5966s
 25191 16013 2364.36762  519  494 2394.00000 2320.00000  3.09%   196 6054s
 25554 16369 2367.58796  577  439 2394.00000 2320.00000  3.09%   196 6147s
 25977 16724 2375.95062  628  395 2394.00000 2320.00000  3.09%   197 6238s
 26349 16941     cutoff  691      2394.00000 2320.00000  3.09%   198 6332s
 26604 17289 2324.15336   47 1023 2394.00000 2320.00000  3.09%   199 6431s
 26952 17645 2330.14737   79  882 2394.00000 2320.00000  3.09%   201 6523s
 27308 18139 2341.57692  126  807 2394.00000 2320.00000  3.09%   202 6630s
 27815 18474     cutoff  199      2394.00000 2320.00000  3.09%   203 6731s
 28185 18913 2323.09225   55  920 2394.00000 2320.00000  3.09%   204 6827s
 28645 19237 2334.14980   86  828 2394.00000 2320.00000  3.09%   205 6922s
 28983 19663 2339.18796   99  856 2394.00000 2320.00000  3.09%   206 7019s
 29420 20096 2353.05355  134  852 2394.00000 2320.00000  3.09%   208 7124s
 29873 20566 2369.57429  196  724 2394.00000 2320.00000  3.09%   208 7433s
 30401 20984 2320.35331   35 1064 2394.00000 2320.00000  3.09%   209 7530s
 30884 21346 2323.06233   68  980 2394.00000 2320.00000  3.09%   209 7615s
 31299 21577 2327.72044  104  963 2394.00000 2320.00000  3.09%   209 7703s
H31623 21427                    2392.0000000 2320.00000  3.01%   208 7703s
H31643 21143                    2388.0000000 2320.00000  2.85%   208 7793s
 32000 21429 2331.68524  134  822 2388.00000 2320.00000  2.85%   208 7900s
 32379 21839 2339.82192  194  774 2388.00000 2320.00000  2.85%   209 8002s
 32849 22169 2346.38508  264  668 2388.00000 2320.00000  2.85%   210 8104s
 33238 22634 2350.17229  323  613 2388.00000 2320.00000  2.85%   211 8221s
H33722 22741                    2386.0000000 2320.00000  2.77%   212 8328s
 34182 23208 2368.78083  479  602 2386.00000 2320.00000  2.77%   213 8429s
 34701 23229 2320.18864   33 1086 2386.00000 2320.00000  2.77%   213 8561s
 34722 23652 2324.77778   42  968 2386.00000 2320.00000  2.77%   213 8680s
 35171 24079 2333.59054   87  849 2386.00000 2320.00000  2.77%   214 8787s
 35611 24538 2360.30585  129  810 2386.00000 2320.00000  2.77%   216 8889s
 36124 24943 2331.39202   61  960 2386.00000 2320.00000  2.77%   217 8985s
 36585 25397 2340.56776  102  779 2386.00000 2320.00000  2.77%   217 9093s
 37073 25820 2360.22396  164  696 2386.00000 2320.00000  2.77%   217 9202s
 37570 26338 2320.22765   45  991 2386.00000 2320.00000  2.77%   217 9315s
 38088 26893 2326.26083  112  787 2386.00000 2320.00000  2.77%   217 9412s
 38687 27424 2332.25346  190  717 2386.00000 2320.00000  2.77%   217 9503s
 39265 27847 2337.54464  268  668 2386.00000 2320.00000  2.77%   216 9595s
 39706 28338 2341.33951  333  690 2386.00000 2320.00000  2.77%   216 9693s
 40239 28771 2350.52949  411  607 2386.00000 2320.00000  2.77%   216 9789s
 40672 28780 2355.77099  485  600 2386.00000 2320.00000  2.77%   215 9892s
 40681 29045 2355.77099  486  598 2386.00000 2320.00000  2.77%   215 9992s
 40946 29614 2360.99954  542  548 2386.00000 2320.00000  2.77%   215 10094s
 41523 30086 2367.00658  620  576 2386.00000 2320.00000  2.77%   215 10185s
 42094 30581 2320.89912   33 1049 2386.00000 2320.00000  2.77%   215 10277s
 42636 31100 2326.38417   99  946 2386.00000 2320.00000  2.77%   215 10358s
 43190 31470 2335.98090  177  786 2386.00000 2320.00000  2.77%   215 10444s
 43646 31943 2347.74241  235  663 2386.00000 2320.00000  2.77%   215 10518s
 44183 32376 2362.94513  313  609 2386.00000 2320.00000  2.77%   215 10614s
 44684 32792 2367.47491  375  585 2386.00000 2320.00000  2.77%   214 10745s
 45139 33353 2370.18866  453  579 2386.00000 2320.00000  2.77%   214 10851s
 45747 33806 2373.85661  531  564 2386.00000 2320.00000  2.77%   213 10936s
 46228 34127 2382.44099  609  552 2386.00000 2320.00000  2.77%   213 11015s
 46616 34440 2331.27867   65  900 2386.00000 2320.00000  2.77%   214 11098s
 46929 34924 2348.48453   90  889 2386.00000 2320.00000  2.77%   214 11191s
 47456 35156 2381.82689  168  735 2386.00000 2320.00000  2.77%   215 11345s
 47769 35698 2321.74242   42 1063 2386.00000 2320.00000  2.77%   217 11448s
 48318 35988 2333.18590   98  962 2386.00000 2320.00000  2.77%   217 11566s
 48639 36403 2341.33200  114  898 2386.00000 2320.00000  2.77%   218 11691s
 49125 36664 2373.10049  171  845 2386.00000 2320.00000  2.77%   219 11840s
 49413 36672 2323.65186   36 1087 2386.00000 2320.00000  2.77%   220 11981s
H49414 36273                    2384.0000000 2320.00000  2.68%   220 11981s
 49421 36694 2324.37870   37 1093 2384.00000 2320.00000  2.68%   220 12178s
 49866 37083 2329.99595   63  926 2384.00000 2320.00000  2.68%   221 12339s
 50271 37660 2344.23804  100  921 2384.00000 2320.00000  2.68%   222 12461s
 50875 38075 2370.43488  178  661 2384.00000 2320.00000  2.68%   223 12626s
 51333 38504 2327.61829   50 1020 2384.00000 2320.00000  2.68%   224 12758s
 51762 39112 2346.65316  111  738 2384.00000 2320.00000  2.68%   224 12884s
 52370 39679 2376.18612  189  702 2384.00000 2320.00000  2.68%   224 12990s
 52976 40210 2323.44442   53  957 2384.00000 2320.00000  2.68%   223 13105s
 53523 40745 2329.17605  119  883 2384.00000 2320.00000  2.68%   223 13236s
 54086 41206 2333.52208  197  617 2384.00000 2320.00000  2.68%   223 13348s
 54558 41214 2338.86008  267  575 2384.00000 2320.00000  2.68%   223 13478s
 54566 41378 2338.95341  268  588 2384.00000 2320.00000  2.68%   223 13611s
 54730 41900 2342.41611  339  592 2384.00000 2320.00000  2.68%   223 13744s
 55276 42438 2350.34611  417  610 2384.00000 2320.00000  2.68%   223 13863s
 55852 42921 2357.78889  495  559 2384.00000 2320.00000  2.68%   223 13969s
 56406 43471 2372.62476  572  524 2384.00000 2320.00000  2.68%   223 14074s
 56999 43709 2326.04722   80  912 2384.00000 2320.00000  2.68%   223 14182s
 57308 44074 2327.57893  105  864 2384.00000 2320.00000  2.68%   223 14318s
 57707 44405 2335.03347  149  807 2384.00000 2320.00000  2.68%   223 14436s
 58038 44751 2341.54517  198  755 2384.00000 2320.00000  2.68%   223 14552s
 58394 45319 2348.46935  232  851 2384.00000 2320.00000  2.68%   224 14693s
 58985 45741 2355.23196  310  812 2384.00000 2320.00000  2.68%   224 14807s
 59423 46206 2361.34112  388  720 2384.00000 2320.00000  2.68%   224 14944s
 59892 46775 2368.57623  466  594 2384.00000 2320.00000  2.68%   224 15043s
 60489 47160 2380.23824  532  636 2384.00000 2320.00000  2.68%   224 15125s
 60929 47484 2329.53547   58  949 2384.00000 2320.00000  2.68%   224 15220s
 61269 47793 2343.25771   96  875 2384.00000 2320.00000  2.68%   224 15322s
 61578 48277 2351.58190  121  849 2384.00000 2320.00000  2.68%   225 15437s
 62100 48672 2323.20554   37 1050 2384.00000 2320.00000  2.68%   225 15551s
 62557 49156 2328.70605   76  969 2384.00000 2320.00000  2.68%   225 15665s
 63093 49472 2341.21010  149  867 2384.00000 2320.00000  2.68%   225 15778s
 63409 50033 2346.33696  176  864 2384.00000 2320.00000  2.68%   225 15880s
 63970 50568 2355.41164  238  753 2384.00000 2320.00000  2.68%   225 15987s
 64528 51114 2364.06593  316  724 2384.00000 2320.00000  2.68%   225 16063s
 65103 51503 2375.46280  394  741 2384.00000 2320.00000  2.68%   225 16153s
 65557 51965 2328.39703   51 1026 2384.00000 2320.00000  2.68%   224 16250s
 66033 52460 2339.20552  105  864 2384.00000 2320.00000  2.68%   225 16348s
 66552 52885 2361.35036  169  746 2384.00000 2320.00000  2.68%   225 16437s
 67020 53308 2326.73715   33 1109 2384.00000 2320.00000  2.68%   225 16519s
 67445 53308 2335.38701   68  826 2384.00000 2320.00000  2.68%   225 16520s
 67475 53705 2329.37755   70  834 2384.00000 2320.00000  2.68%   225 16599s
 67888 54129 2332.36364   91  796 2384.00000 2320.00000  2.68%   225 16690s
 68362 54137 2337.46333  129  678 2384.00000 2320.00501  2.68%   226 16811s
 68370 54145 2337.57410  130  682 2384.00000 2320.00501  2.68%   226 16896s
 68378 54206 2338.86253  128  699 2384.00000 2320.00501  2.68%   226 16989s
 68439 54483 2339.20123  141  734 2384.00000 2320.00501  2.68%   226 17142s
 68734 54777 2341.73272  176  810 2384.00000 2320.00501  2.68%   226 17264s
 69059 55252 2345.56672  185  729 2384.00000 2320.00501  2.68%   227 17407s
 69566 55615 2346.17763  218  658 2384.00000 2320.00501  2.68%   227 17560s
 69960 56180 2351.43275  236  496 2384.00000 2320.00501  2.68%   227 17675s
 70525 56622 2355.88889  262  428 2384.00000 2320.00501  2.68%   227 17783s
 71034 57082 2362.96314  294  621 2384.00000 2320.00501  2.68%   227 17890s
 71494 57533 2369.88142  325  491 2384.00000 2320.00501  2.68%   227 17988s
 71945 58024 2373.69444  368  362 2384.00000 2320.00501  2.68%   227 18088s
 72470 58548 2379.01111  408  382 2384.00000 2320.00501  2.68%   227 18192s
 73030 59078 2331.57054   72  998 2384.00000 2320.00501  2.68%   227 18291s
 73600 59616 2338.82706  113  966 2384.00000 2320.00501  2.68%   226 18374s
 74163 60039 2349.96617  171  868 2384.00000 2320.00501  2.68%   226 18512s
 74639 60484 2355.11982  214  901 2384.00000 2320.00501  2.68%   226 18650s
 75116 60925 2364.12002  292  821 2384.00000 2320.00501  2.68%   226 18776s
 75582 61362 2370.99970  370  693 2384.00000 2320.02630  2.68%   227 18937s
 76052 61678 infeasible  448      2384.00000 2320.02630  2.68%   227 19065s
 76432 62096 2333.48415   56  922 2384.00000 2320.02630  2.68%   228 19220s
 76876 62645 2344.54021  103  844 2384.00000 2320.02630  2.68%   229 19416s
 77427 63185 2367.94591  181  841 2384.00000 2320.02630  2.68%   229 19523s
 78015 63658 2324.35481   53  890 2384.00000 2320.02630  2.68%   230 19633s
 78528 64222 2327.88646   83  857 2384.00000 2320.02630  2.68%   230 19744s
 79092 64681 2331.97055  113  820 2384.00000 2320.02630  2.68%   230 19862s
 79593 65001 2334.06919  135  693 2384.00000 2320.02630  2.68%   230 19986s
 79951 65324 2337.20754  156  797 2384.00000 2320.02630  2.68%   230 20110s
 80290 65809 2338.96358  162  690 2384.00000 2320.02630  2.68%   231 20248s
 80805 66403 2342.25000  204  556 2384.00000 2320.02630  2.68%   231 20343s
 81403 66975 2347.67901  253  541 2384.00000 2320.02630  2.68%   230 20500s
 81977 67561 2352.18519  298  539 2384.00000 2320.02630  2.68%   230 20586s
 82580 68092 2355.43461  342  578 2384.00000 2320.02630  2.68%   230 20701s
 83111 68698 2358.41667  395  468 2384.00000 2320.02630  2.68%   230 20777s
 83735 69131 2362.58436  438  439 2384.00000 2320.02630  2.68%   229 20869s
 84271 69541 2369.48148  478  461 2384.00000 2320.02980  2.68%   228 21007s
 84723 69840 2373.06790  521  349 2384.00000 2320.03640  2.68%   228 21109s
 85046 70192 2375.97717  583  451 2384.00000 2320.03640  2.68%   228 21212s
 85426 70638 2378.20139  638  381 2384.00000 2320.03687  2.68%   228 21319s
 85887 71085 2334.07171   83  999 2384.00000 2320.03687  2.68%   228 21436s
 86354 71628 2349.95835  130  832 2384.00000 2320.03687  2.68%   228 21554s
 86915 72063 2368.75678  208  787 2384.00000 2320.03687  2.68%   229 21660s
H87115 71136                    2382.0000000 2320.03687  2.60%   229 21660s

Cutting planes:
  Gomory: 4
  Cover: 14
  Clique: 12
  Flow cover: 4
  Relax-and-lift: 2

Explored 87398 nodes (20060220 simplex iterations) in 21660.56 seconds (37422.74 work units)
Thread count was 8 (of 96 available processors)

Solution count 10: 2382 2384 2386 ... 2406

Time limit reached
Best objective 2.382000000000e+03, best bound 2.322000000000e+03, gap 2.5189%

User-callback calls 6495437, time in user-callback 0.74 sec
LB for instance LINE40 with 20 = 2322, UB = 2382, gap = 0.0251889
